2024-06-28 14:46:18.825 +03:00 [INF] The provided configuration is used.
2024-06-28 14:46:20.332 +03:00 [INF] Host started. Listening on: http://localhost:5000
2024-06-28 14:46:39.335 +03:00 [INF] The provided configuration is used.
2024-06-28 14:46:39.411 +03:00 [INF] Changing the configuration Notify Hub. Continue with the new configuration ... 
2024-06-28 14:47:12.220 +03:00 [INF] The provided configuration is used.
2024-06-28 14:47:12.296 +03:00 [INF] Changing the host configuration. Reboot ... 
2024-06-28 14:47:12.479 +03:00 [INF] The provided configuration is used.
2024-06-28 14:47:12.570 +03:00 [INF] Host started. Listening on: http://localhost:5000
2024-06-28 14:47:20.074 +03:00 [INF] New connection: C5eeOOLiDakGV8KCFY0_Ng
2024-06-28 14:47:23.290 +03:00 [INF] The file cache for the client 6142dfeb-00e2-43cb-a70f-f55ac8847757 was not detected.
2024-06-28 14:47:23.352 +03:00 [INF] The notification [ 53abd60c-4559-47a9-a860-e97d091e1a50 with message << Регулирующие клапаны успешно прошли тестирование на расхаживание. >> has been sent to client 6142dfeb-00e2-43cb-a70f-f55ac8847757 by server 6142dfeb-00e2-43cb-a70f-f55ac8847756. 
2024-06-28 14:47:23.355 +03:00 [INF] The notification [ 2a1c70a6-08db-4462-b314-b1877893567c with message << Выполнение анализа работы сбросного клапана прошло успешно. >> has been sent to client 6142dfeb-00e2-43cb-a70f-f55ac8847757 by server 6142dfeb-00e2-43cb-a70f-f55ac8847756. 
2024-06-28 14:47:23.357 +03:00 [INF] The notification [ 2a18df53-5995-4dab-afae-02544fc4b41f with message << Признак вынужденного состояния ЕГО. >> has been sent to client 6142dfeb-00e2-43cb-a70f-f55ac8847757 by server 6142dfeb-00e2-43cb-a70f-f55ac8847756. 
2024-06-28 14:47:23.360 +03:00 [INF] The notification [ 4039d900-1362-4a01-b137-0e43fce73367 with message << Нечувствительность регулирующего клапана на открытие увеличилась. >> has been sent to client 6142dfeb-00e2-43cb-a70f-f55ac8847757 by server 6142dfeb-00e2-43cb-a70f-f55ac8847756. 
2024-06-28 14:47:32.303 +03:00 [INF] The provided configuration is used.
2024-06-28 14:47:32.375 +03:00 [INF] Changing the host configuration. Reboot ... 
2024-06-28 14:47:32.397 +03:00 [INF] Disconnecting: C5eeOOLiDakGV8KCFY0_Ng
2024-06-28 14:47:32.537 +03:00 [INF] Host started. Listening on: http://localhost:5000
2024-06-28 14:47:37.817 +03:00 [INF] New connection: azghLI3fBFWw--nRklM0ow
2024-06-28 14:47:43.083 +03:00 [INF] Disconnecting: azghLI3fBFWw--nRklM0ow
2024-06-28 15:06:17.916 +03:00 [INF] Host started. Listening on: http://localhost:5000
2024-06-28 15:14:12.938 +03:00 [INF] Host started. Listening on: http://[::]:80, https://[::]:443
2024-06-28 15:20:03.350 +03:00 [INF] Host started. Listening on: http://[::]:80, https://[::]:443
2024-06-28 15:43:54.225 +03:00 [INF] Host started. Listening on: http://[::]:80, https://[::]:443
2024-06-28 15:43:58.442 +03:00 [INF] New connection: jvvFYv47EhJzcwuH5U0Apw
2024-06-28 15:44:08.786 +03:00 [INF] Disconnecting: jvvFYv47EhJzcwuH5U0Apw
2024-06-28 15:44:24.396 +03:00 [INF] New connection: Uj2vItjQAlTRa9q5Hn9csg
2024-06-28 15:44:26.154 +03:00 [INF] The file cache for the client 6142dfeb-00e2-43cb-a70f-f55ac8847757 was not detected.
2024-06-28 15:44:26.193 +03:00 [INF] The notification [ 53abd60c-4559-47a9-a860-e97d091e1a50 with message << Регулирующие клапаны успешно прошли тестирование на расхаживание. >> has been sent to client 6142dfeb-00e2-43cb-a70f-f55ac8847757 by server 6142dfeb-00e2-43cb-a70f-f55ac8847756. 
2024-06-28 15:44:26.195 +03:00 [INF] The notification [ 2a1c70a6-08db-4462-b314-b1877893567c with message << Выполнение анализа работы сбросного клапана прошло успешно. >> has been sent to client 6142dfeb-00e2-43cb-a70f-f55ac8847757 by server 6142dfeb-00e2-43cb-a70f-f55ac8847756. 
2024-06-28 15:44:26.197 +03:00 [INF] The notification [ 2a18df53-5995-4dab-afae-02544fc4b41f with message << Признак вынужденного состояния ЕГО. >> has been sent to client 6142dfeb-00e2-43cb-a70f-f55ac8847757 by server 6142dfeb-00e2-43cb-a70f-f55ac8847756. 
2024-06-28 15:44:26.199 +03:00 [INF] The notification [ 4039d900-1362-4a01-b137-0e43fce73367 with message << Нечувствительность регулирующего клапана на открытие увеличилась. >> has been sent to client 6142dfeb-00e2-43cb-a70f-f55ac8847757 by server 6142dfeb-00e2-43cb-a70f-f55ac8847756. 
2024-06-28 15:45:57.940 +03:00 [INF] Host started. Listening on: http://[::]:80, https://[::]:443
2024-06-28 15:46:04.626 +03:00 [INF] New connection: avLaOvJLS6Sy1nltF-KrGg
2024-06-28 15:46:06.012 +03:00 [INF] The file cache for the client 6142dfeb-00e2-43cb-a70f-f55ac8847757 was not detected.
2024-06-28 15:46:06.047 +03:00 [INF] The notification [ 53abd60c-4559-47a9-a860-e97d091e1a50 with message << Регулирующие клапаны успешно прошли тестирование на расхаживание. >> has been sent to client 6142dfeb-00e2-43cb-a70f-f55ac8847757 by server 6142dfeb-00e2-43cb-a70f-f55ac8847756. 
2024-06-28 15:46:06.049 +03:00 [INF] The notification [ 2a1c70a6-08db-4462-b314-b1877893567c with message << Выполнение анализа работы сбросного клапана прошло успешно. >> has been sent to client 6142dfeb-00e2-43cb-a70f-f55ac8847757 by server 6142dfeb-00e2-43cb-a70f-f55ac8847756. 
2024-06-28 15:46:06.051 +03:00 [INF] The notification [ 2a18df53-5995-4dab-afae-02544fc4b41f with message << Признак вынужденного состояния ЕГО. >> has been sent to client 6142dfeb-00e2-43cb-a70f-f55ac8847757 by server 6142dfeb-00e2-43cb-a70f-f55ac8847756. 
2024-06-28 15:46:06.052 +03:00 [INF] The notification [ 4039d900-1362-4a01-b137-0e43fce73367 with message << Нечувствительность регулирующего клапана на открытие увеличилась. >> has been sent to client 6142dfeb-00e2-43cb-a70f-f55ac8847757 by server 6142dfeb-00e2-43cb-a70f-f55ac8847756. 
2024-06-28 15:46:14.524 +03:00 [INF] Disconnecting: avLaOvJLS6Sy1nltF-KrGg
2024-06-28 15:46:32.828 +03:00 [INF] New connection: lVn8Bg_Y3myXdfZEDvwLug
