2024-07-01 13:41:46.941 +03:00 [INF] Host started. Listening on: http://[::]:80, https://[::]:443
2024-07-01 13:49:51.915 +03:00 [INF] Host started. Listening on: http://[::]:80, https://[::]:443
2024-07-01 13:50:00.911 +03:00 [INF] New connection: k3kAsAD_wgr99NOm67u8KQ
2024-07-01 13:50:26.043 +03:00 [INF] The file cache for the client f43a9789-35db-495d-b988-60a8e66609f4 was not detected.
2024-07-01 13:50:26.095 +03:00 [INF] The notification 53abd60c-4559-47a9-a860-e97d091e1a50 with message <<Регулирующие клапаны успешно прошли тестирование на расхаживание.>> has been sent to client f43a9789-35db-495d-b988-60a8e66609f4 by server 6142dfeb-00e2-43cb-a70f-f55ac8847756. 
2024-07-01 13:50:26.101 +03:00 [INF] The notification 2a1c70a6-08db-4462-b314-b1877893567c with message <<Выполнение анализа работы сбросного клапана прошло успешно.>> has been sent to client f43a9789-35db-495d-b988-60a8e66609f4 by server 6142dfeb-00e2-43cb-a70f-f55ac8847756. 
2024-07-01 13:50:26.112 +03:00 [INF] The notification 2a18df53-5995-4dab-afae-02544fc4b41f with message <<Признак вынужденного состояния ЕГО.>> has been sent to client f43a9789-35db-495d-b988-60a8e66609f4 by server 6142dfeb-00e2-43cb-a70f-f55ac8847756. 
2024-07-01 13:50:26.116 +03:00 [INF] The notification 4039d900-1362-4a01-b137-0e43fce73367 with message <<Нечувствительность регулирующего клапана на открытие увеличилась.>> has been sent to client f43a9789-35db-495d-b988-60a8e66609f4 by server 6142dfeb-00e2-43cb-a70f-f55ac8847756. 
2024-07-01 13:51:15.124 +03:00 [INF] New connection: sfXgzrFpApNsrZpuebdU0A
2024-07-01 13:51:15.976 +03:00 [INF] The file cache for the client 4801f4fa-050a-41e9-9b0a-9114f058798c was not detected.
2024-07-01 13:51:15.981 +03:00 [INF] The notification 53abd60c-4559-47a9-a860-e97d091e1a50 with message <<Регулирующие клапаны успешно прошли тестирование на расхаживание.>> has been sent to client 4801f4fa-050a-41e9-9b0a-9114f058798c by server 6142dfeb-00e2-43cb-a70f-f55ac8847756. 
2024-07-01 13:51:15.988 +03:00 [INF] The notification 2a1c70a6-08db-4462-b314-b1877893567c with message <<Выполнение анализа работы сбросного клапана прошло успешно.>> has been sent to client 4801f4fa-050a-41e9-9b0a-9114f058798c by server 6142dfeb-00e2-43cb-a70f-f55ac8847756. 
2024-07-01 13:51:15.992 +03:00 [INF] The notification 2a18df53-5995-4dab-afae-02544fc4b41f with message <<Признак вынужденного состояния ЕГО.>> has been sent to client 4801f4fa-050a-41e9-9b0a-9114f058798c by server 6142dfeb-00e2-43cb-a70f-f55ac8847756. 
2024-07-01 13:51:15.995 +03:00 [INF] The notification 4039d900-1362-4a01-b137-0e43fce73367 with message <<Нечувствительность регулирующего клапана на открытие увеличилась.>> has been sent to client 4801f4fa-050a-41e9-9b0a-9114f058798c by server 6142dfeb-00e2-43cb-a70f-f55ac8847756. 
2024-07-01 13:51:47.233 +03:00 [INF] Disconnecting: sfXgzrFpApNsrZpuebdU0A
2024-07-01 13:51:47.395 +03:00 [INF] New connection: L_3QUX1cbkfVX07T1YD9VA
2024-07-01 13:52:17.413 +03:00 [INF] Disconnecting: L_3QUX1cbkfVX07T1YD9VA
2024-07-01 13:52:17.464 +03:00 [INF] New connection: bYJTs5yIj2HdUBwwP_Xp1g
2024-07-01 13:52:40.593 +03:00 [INF] Disconnecting: bYJTs5yIj2HdUBwwP_Xp1g
2024-07-01 13:52:49.733 +03:00 [INF] New connection: dz3cvtSokCVwfpUVkcE2XQ
2024-07-01 13:52:50.005 +03:00 [INF] The file cache for the client ab4f6f34-8065-47d0-9755-fd00f90b9780 was not detected.
2024-07-01 13:52:50.009 +03:00 [INF] The notification 53abd60c-4559-47a9-a860-e97d091e1a50 with message <<Регулирующие клапаны успешно прошли тестирование на расхаживание.>> has been sent to client ab4f6f34-8065-47d0-9755-fd00f90b9780 by server 6142dfeb-00e2-43cb-a70f-f55ac8847756. 
2024-07-01 13:52:50.013 +03:00 [INF] The notification 2a1c70a6-08db-4462-b314-b1877893567c with message <<Выполнение анализа работы сбросного клапана прошло успешно.>> has been sent to client ab4f6f34-8065-47d0-9755-fd00f90b9780 by server 6142dfeb-00e2-43cb-a70f-f55ac8847756. 
2024-07-01 13:52:50.016 +03:00 [INF] The notification 2a18df53-5995-4dab-afae-02544fc4b41f with message <<Признак вынужденного состояния ЕГО.>> has been sent to client ab4f6f34-8065-47d0-9755-fd00f90b9780 by server 6142dfeb-00e2-43cb-a70f-f55ac8847756. 
2024-07-01 13:52:50.019 +03:00 [INF] The notification 4039d900-1362-4a01-b137-0e43fce73367 with message <<Нечувствительность регулирующего клапана на открытие увеличилась.>> has been sent to client ab4f6f34-8065-47d0-9755-fd00f90b9780 by server 6142dfeb-00e2-43cb-a70f-f55ac8847756. 
2024-07-01 13:52:57.221 +03:00 [INF] Disconnecting: dz3cvtSokCVwfpUVkcE2XQ
2024-07-01 14:21:39.107 +03:00 [INF] Host started. Listening on: http://[::]:80, https://[::]:443
2024-07-01 14:24:44.144 +03:00 [INF] New connection: rt65XQ5QODJTsZbfybhtpQ
2024-07-01 14:24:46.822 +03:00 [INF] Disconnecting: rt65XQ5QODJTsZbfybhtpQ
2024-07-01 14:32:32.130 +03:00 [INF] New connection: GofxhQE5DaAslFDHYvlZqA
2024-07-01 14:33:02.196 +03:00 [INF] Disconnecting: GofxhQE5DaAslFDHYvlZqA
2024-07-01 14:33:02.262 +03:00 [INF] New connection: 4lCzOMuoeYtTx03Von2b7g
2024-07-01 14:33:23.930 +03:00 [INF] Disconnecting: 4lCzOMuoeYtTx03Von2b7g
2024-07-01 14:33:40.223 +03:00 [INF] New connection: aGUU2FOgxw7wQkCj5jeBew
2024-07-01 14:34:08.581 +03:00 [INF] Disconnecting: aGUU2FOgxw7wQkCj5jeBew
2024-07-01 14:34:41.273 +03:00 [INF] New connection: 7ZhPsaFePIAR1KRoL54U_g
2024-07-01 14:34:41.397 +03:00 [INF] The file cache for the client 23adaeba-2b72-408c-bae1-57a1ece1ba04 was not detected.
2024-07-01 14:34:41.444 +03:00 [INF] The notification 53abd60c-4559-47a9-a860-e97d091e1a50 with message <<Регулирующие клапаны успешно прошли тестирование на расхаживание.>> has been sent to client 23adaeba-2b72-408c-bae1-57a1ece1ba04 by server 6142dfeb-00e2-43cb-a70f-f55ac8847756. 
2024-07-01 14:34:41.452 +03:00 [INF] The notification 2a1c70a6-08db-4462-b314-b1877893567c with message <<Выполнение анализа работы сбросного клапана прошло успешно.>> has been sent to client 23adaeba-2b72-408c-bae1-57a1ece1ba04 by server 6142dfeb-00e2-43cb-a70f-f55ac8847756. 
2024-07-01 14:34:41.456 +03:00 [INF] The notification 2a18df53-5995-4dab-afae-02544fc4b41f with message <<Признак вынужденного состояния ЕГО.>> has been sent to client 23adaeba-2b72-408c-bae1-57a1ece1ba04 by server 6142dfeb-00e2-43cb-a70f-f55ac8847756. 
2024-07-01 14:34:41.459 +03:00 [INF] The notification 4039d900-1362-4a01-b137-0e43fce73367 with message <<Нечувствительность регулирующего клапана на открытие увеличилась.>> has been sent to client 23adaeba-2b72-408c-bae1-57a1ece1ba04 by server 6142dfeb-00e2-43cb-a70f-f55ac8847756. 
2024-07-01 14:35:12.308 +03:00 [INF] Disconnecting: 7ZhPsaFePIAR1KRoL54U_g
2024-07-01 14:35:12.449 +03:00 [INF] New connection: cL4AuralB-hK4jtCnTSzKA
2024-07-01 14:35:43.471 +03:00 [INF] Disconnecting: cL4AuralB-hK4jtCnTSzKA
2024-07-01 14:35:43.534 +03:00 [INF] New connection: tyZNfbWVVpoT1bos6egBIA
2024-07-01 14:35:53.022 +03:00 [INF] Disconnecting: tyZNfbWVVpoT1bos6egBIA
2024-07-01 14:36:19.187 +03:00 [INF] New connection: DZ2cfwZm08vjUsRZeC6zEg
2024-07-01 14:36:19.287 +03:00 [INF] The file cache for the client 9bff5f2e-8eb2-427f-a4b6-f8cba55e6c43 was not detected.
2024-07-01 14:36:19.290 +03:00 [INF] The notification 53abd60c-4559-47a9-a860-e97d091e1a50 with message <<Регулирующие клапаны успешно прошли тестирование на расхаживание.>> has been sent to client 9bff5f2e-8eb2-427f-a4b6-f8cba55e6c43 by server 6142dfeb-00e2-43cb-a70f-f55ac8847756. 
2024-07-01 14:36:19.293 +03:00 [INF] The notification 2a1c70a6-08db-4462-b314-b1877893567c with message <<Выполнение анализа работы сбросного клапана прошло успешно.>> has been sent to client 9bff5f2e-8eb2-427f-a4b6-f8cba55e6c43 by server 6142dfeb-00e2-43cb-a70f-f55ac8847756. 
2024-07-01 14:36:19.297 +03:00 [INF] The notification 2a18df53-5995-4dab-afae-02544fc4b41f with message <<Признак вынужденного состояния ЕГО.>> has been sent to client 9bff5f2e-8eb2-427f-a4b6-f8cba55e6c43 by server 6142dfeb-00e2-43cb-a70f-f55ac8847756. 
2024-07-01 14:36:19.300 +03:00 [INF] The notification 4039d900-1362-4a01-b137-0e43fce73367 with message <<Нечувствительность регулирующего клапана на открытие увеличилась.>> has been sent to client 9bff5f2e-8eb2-427f-a4b6-f8cba55e6c43 by server 6142dfeb-00e2-43cb-a70f-f55ac8847756. 
2024-07-01 14:36:50.221 +03:00 [INF] Disconnecting: DZ2cfwZm08vjUsRZeC6zEg
2024-07-01 14:36:50.401 +03:00 [INF] New connection: Oz_SSVOZHGRtpX7LGNIKTA
2024-07-01 14:37:21.416 +03:00 [INF] Disconnecting: Oz_SSVOZHGRtpX7LGNIKTA
2024-07-01 14:37:21.473 +03:00 [INF] New connection: ACaAjMgPVEQhfwMPdccdGQ
2024-07-01 14:37:38.320 +03:00 [INF] Changing the configuration Notify Hub. Continue with the new configuration ... 
2024-07-01 14:37:38.990 +03:00 [INF] Changing the host configuration. Reboot ... 
2024-07-01 14:37:39.005 +03:00 [INF] Disconnecting: ACaAjMgPVEQhfwMPdccdGQ
2024-07-01 14:37:39.243 +03:00 [INF] Host started. Listening on: http://[::]:80, https://[::]:443
2024-07-01 14:37:39.600 +03:00 [INF] New connection: SlpNeuyj7bttL4OXT3DEVQ
2024-07-01 14:38:09.608 +03:00 [INF] Disconnecting: SlpNeuyj7bttL4OXT3DEVQ
2024-07-01 14:38:09.707 +03:00 [INF] New connection: yiFSFVP-de13OnskbwsPjw
2024-07-01 14:38:31.243 +03:00 [INF] Disconnecting: yiFSFVP-de13OnskbwsPjw
2024-07-01 14:39:03.021 +03:00 [INF] Host started. Listening on: http://[::]:80, https://[::]:443
2024-07-01 14:39:09.934 +03:00 [INF] Changing the configuration Notify Hub. Continue with the new configuration ... 
2024-07-01 14:39:15.392 +03:00 [INF] Changing the configuration Notify Hub. Continue with the new configuration ... 
2024-07-01 14:39:23.190 +03:00 [INF] Changing the host configuration. Reboot ... 
2024-07-01 14:39:23.505 +03:00 [INF] Host started. Listening on: http://[::]:80, https://[::]:443
2024-07-01 14:39:47.876 +03:00 [INF] Changing the host configuration. Reboot ... 
2024-07-01 14:39:47.966 +03:00 [INF] Host started. Listening on: http://[::]:80, https://[::]:443
2024-07-01 14:41:06.418 +03:00 [INF] Host started. Listening on: http://[::]:80, https://[::]:443
2024-07-01 14:41:11.067 +03:00 [INF] Changing the configuration Notify Hub. Continue with the new configuration ... 
2024-07-01 14:41:14.313 +03:00 [INF] Changing the configuration Notify Hub. Continue with the new configuration ... 
2024-07-01 14:41:16.640 +03:00 [INF] Changing the configuration Notify Hub. Continue with the new configuration ... 
2024-07-01 14:41:19.194 +03:00 [INF] Changing the configuration Notify Hub. Continue with the new configuration ... 
2024-07-01 14:41:24.367 +03:00 [INF] Changing the host configuration. Reboot ... 
2024-07-01 14:41:24.504 +03:00 [INF] Host started. Listening on: http://[::]:80, https://[::]:443
2024-07-01 14:41:28.616 +03:00 [INF] Changing the host configuration. Reboot ... 
2024-07-01 14:41:28.724 +03:00 [INF] Host started. Listening on: http://[::]:80, https://[::]:443
2024-07-01 14:43:58.053 +03:00 [ERR] The database is not defined.
2024-07-01 14:44:16.581 +03:00 [INF] Host started. Listening on: http://[::]:80, https://[::]:443
2024-07-01 14:44:28.713 +03:00 [INF] Changing the configuration Notify Hub. Continue with the new configuration ... 
2024-07-01 14:44:36.150 +03:00 [INF] Changing the configuration Notify Hub. Continue with the new configuration ... 
2024-07-01 14:44:42.532 +03:00 [INF] Changing the configuration Notify Hub. Continue with the new configuration ... 
2024-07-01 14:44:48.975 +03:00 [INF] Changing the configuration Notify Hub. Continue with the new configuration ... 
2024-07-01 14:44:57.355 +03:00 [INF] Changing the configuration Notify Hub. Continue with the new configuration ... 
2024-07-01 14:45:05.447 +03:00 [INF] Changing the host configuration. Reboot ... 
2024-07-01 14:45:05.576 +03:00 [INF] Host started. Listening on: http://[::]:80, https://[::]:443
2024-07-01 14:45:12.592 +03:00 [INF] Changing the host configuration. Reboot ... 
2024-07-01 14:45:12.683 +03:00 [INF] Host started. Listening on: http://[::]:80, https://[::]:443
2024-07-01 14:45:18.024 +03:00 [INF] Changing the host configuration. Reboot ... 
2024-07-01 14:45:18.111 +03:00 [INF] Host started. Listening on: http://[::]:80, https://[::]:443
2024-07-01 14:46:43.603 +03:00 [INF] Host started. Listening on: http://[::]:80, https://[::]:443
2024-07-01 14:55:33.724 +03:00 [INF] Host started. Listening on: http://[::]:80, https://[::]:443
2024-07-01 14:57:08.975 +03:00 [INF] Changing the configuration Notify Hub. Continue with the new configuration ... 
2024-07-01 14:57:33.242 +03:00 [INF] Changing the host configuration. Reboot ... 
2024-07-01 14:57:33.381 +03:00 [INF] Host started. Listening on: http://[::]:80, https://[::]:443
2024-07-01 14:57:49.923 +03:00 [INF] Changing the host configuration. Reboot ... 
2024-07-01 14:57:49.987 +03:00 [INF] Host started. Listening on: http://[::]:80, https://[::]:443
2024-07-01 14:58:08.351 +03:00 [INF] Changing the host configuration. Reboot ... 
2024-07-01 15:00:41.469 +03:00 [INF] Host started. Listening on: http://[::]:80, https://[::]:443
2024-07-01 15:03:42.804 +03:00 [INF] Host started. Listening on: http://[::]:80, https://[::]:443
2024-07-01 15:46:50.094 +03:00 [INF] Changing the configuration database & notify hub. Continue with the new configuration ... 
2024-07-01 15:46:50.705 +03:00 [INF] Changing the host configuration. Reboot ... 
2024-07-01 15:50:00.039 +03:00 [INF] Host started. Listening on: http://[::]:80, https://[::]:443
2024-07-01 15:56:21.584 +03:00 [INF] Changing the configuration database & notify hub. Continue with the new configuration ... 
2024-07-01 15:56:22.327 +03:00 [INF] Changing the host configuration. Reboot ... 
2024-07-01 16:00:56.106 +03:00 [INF] Host started. Listening on: http://[::]:80, https://[::]:443
2024-07-01 16:03:00.395 +03:00 [INF] Host started. Listening on: http://[::]:80, https://[::]:443
2024-07-01 16:03:03.516 +03:00 [INF] Changing the configuration Notify Hub. Continue with the new configuration ... 
2024-07-01 16:03:08.355 +03:00 [INF] Changing the configuration Notify Hub. Continue with the new configuration ... 
2024-07-01 16:03:11.072 +03:00 [INF] Changing the configuration Notify Hub. Continue with the new configuration ... 
2024-07-01 16:03:14.067 +03:00 [INF] Changing the configuration Notify Hub. Continue with the new configuration ... 
2024-07-01 16:03:20.920 +03:00 [INF] Changing the host configuration. Reboot ... 
2024-07-01 16:03:21.034 +03:00 [INF] Host started. Listening on: http://[::]:80, https://[::]:443
2024-07-01 16:03:26.171 +03:00 [INF] Changing the host configuration. Reboot ... 
2024-07-01 16:03:26.244 +03:00 [INF] Host started. Listening on: http://[::]:80, https://[::]:443
2024-07-01 16:05:42.559 +03:00 [INF] Host started. Listening on: http://[::]:80, https://[::]:443
2024-07-01 16:05:51.086 +03:00 [INF] Changing the configuration Notify Hub. Continue with the new configuration ... 
2024-07-01 16:07:24.621 +03:00 [INF] Changing the configuration Notify Hub. Continue with the new configuration ... 
2024-07-01 16:07:37.868 +03:00 [INF] Changing the host configuration. Reboot ... 
2024-07-01 16:07:37.999 +03:00 [INF] Host started. Listening on: http://[::]:80, https://[::]:443
2024-07-01 16:07:48.071 +03:00 [INF] Changing the host configuration. Reboot ... 
2024-07-01 16:07:49.583 +03:00 [INF] Host started. Listening on: http://[::]:80, https://[::]:443
2024-07-01 16:09:42.802 +03:00 [INF] Host started. Listening on: http://[::]:80, https://[::]:443
2024-07-01 16:09:56.445 +03:00 [INF] Changing the configuration Notify Hub. Continue with the new configuration ... 
2024-07-01 16:10:02.829 +03:00 [INF] Changing the configuration Notify Hub. Continue with the new configuration ... 
2024-07-01 16:10:13.164 +03:00 [INF] Changing the host configuration. Reboot ... 
2024-07-01 16:10:14.150 +03:00 [INF] Host started. Listening on: http://[::]:80, https://[::]:443
2024-07-01 16:10:20.979 +03:00 [INF] Changing the host configuration. Reboot ... 
2024-07-01 16:10:21.765 +03:00 [INF] Host started. Listening on: http://[::]:80, https://[::]:443
2024-07-01 16:10:29.254 +03:00 [INF] Changing the host configuration. Reboot ... 
2024-07-01 16:10:54.303 +03:00 [INF] Host started. Listening on: http://[::]:80, https://[::]:443
2024-07-01 16:11:00.974 +03:00 [INF] Changing the host configuration. Reboot ... 
2024-07-01 16:11:01.122 +03:00 [INF] Host started. Listening on: http://[::]:80, https://[::]:443
2024-07-01 16:11:56.486 +03:00 [INF] Host started. Listening on: http://[::]:80, https://[::]:443
2024-07-01 16:12:05.210 +03:00 [INF] Changing the host configuration. Reboot ... 
2024-07-01 16:12:05.350 +03:00 [INF] Host started. Listening on: http://[::]:80, https://[::]:443
2024-07-01 16:12:49.478 +03:00 [INF] Host started. Listening on: http://[::]:80, https://[::]:443
2024-07-01 16:12:55.740 +03:00 [INF] Changing the host configuration. Reboot ... 
2024-07-01 16:12:55.918 +03:00 [INF] Host started. Listening on: http://[::]:80, https://[::]:443
2024-07-01 16:14:57.064 +03:00 [INF] Host started. Listening on: http://[::]:80, https://[::]:443
2024-07-01 16:16:46.581 +03:00 [INF] Host started. Listening on: http://[::]:80, https://[::]:443
2024-07-01 16:18:30.052 +03:00 [INF] Host started. Listening on: http://[::]:80, https://[::]:443
2024-07-01 16:20:11.662 +03:00 [INF] Host started. Listening on: http://[::]:80, https://[::]:443
2024-07-01 16:21:06.129 +03:00 [INF] Host started. Listening on: http://[::]:80, https://[::]:443
2024-07-01 16:21:42.227 +03:00 [INF] Host started. Listening on: http://[::]:80, https://[::]:443
2024-07-01 16:21:49.006 +03:00 [INF] Changing the configuration Notify Hub. Continue with the new configuration ... 
2024-07-01 16:22:03.998 +03:00 [INF] Changing the configuration Notify Hub. Continue with the new configuration ... 
2024-07-01 16:22:09.812 +03:00 [INF] Changing the configuration Notify Hub. Continue with the new configuration ... 
2024-07-01 16:22:21.957 +03:00 [INF] Changing the configuration Notify Hub. Continue with the new configuration ... 
2024-07-01 16:22:28.816 +03:00 [INF] Changing the configuration Notify Hub. Continue with the new configuration ... 
2024-07-01 16:22:35.984 +03:00 [INF] Changing the configuration Notify Hub. Continue with the new configuration ... 
2024-07-01 16:22:45.407 +03:00 [INF] Changing the configuration Notify Hub. Continue with the new configuration ... 
2024-07-01 16:23:09.409 +03:00 [INF] Changing the host configuration. Reboot ... 
2024-07-01 16:23:10.751 +03:00 [INF] Host started. Listening on: http://[::]:80, https://[::]:443
2024-07-01 16:23:19.608 +03:00 [INF] Changing the host configuration. Reboot ... 
2024-07-01 16:23:20.460 +03:00 [INF] Host started. Listening on: http://[::]:80, https://[::]:443
2024-07-01 16:23:28.442 +03:00 [INF] Changing the host configuration. Reboot ... 
2024-07-01 16:23:29.289 +03:00 [INF] Host started. Listening on: http://[::]:80, https://[::]:443
2024-07-01 16:23:39.537 +03:00 [INF] Changing the host configuration. Reboot ... 
2024-07-01 16:23:40.299 +03:00 [INF] Host started. Listening on: http://[::]:80, https://[::]:443
2024-07-01 16:55:36.975 +03:00 [INF] Host started. Listening on: http://[::]:80, https://[::]:443
2024-07-01 16:55:48.487 +03:00 [INF] Changing the configuration Notify Hub. Continue with the new configuration ... 
2024-07-01 16:55:53.972 +03:00 [INF] Changing the configuration Notify Hub. Continue with the new configuration ... 
2024-07-01 16:56:00.611 +03:00 [INF] Changing the configuration Notify Hub. Continue with the new configuration ... 
2024-07-01 16:56:01.138 +03:00 [INF] Changing the host configuration. Reboot ... 
2024-07-01 16:56:01.270 +03:00 [INF] Host started. Listening on: http://[::]:80, https://[::]:443
2024-07-01 16:56:10.574 +03:00 [INF] Changing the configuration Notify Hub. Continue with the new configuration ... 
2024-07-01 16:56:11.252 +03:00 [INF] Changing the host configuration. Reboot ... 
2024-07-01 16:56:11.561 +03:00 [INF] Host started. Listening on: http://[::]:80, https://[::]:443
2024-07-01 16:56:18.221 +03:00 [INF] Changing the host configuration. Reboot ... 
2024-07-01 16:56:18.551 +03:00 [INF] Host started. Listening on: http://[::]:80, https://[::]:443
2024-07-01 16:57:33.533 +03:00 [INF] Host started. Listening on: http://[::]:80, https://[::]:443
2024-07-01 16:57:41.211 +03:00 [INF] Changing the configuration Notify Hub. Continue with the new configuration ... 
2024-07-01 16:57:41.408 +03:00 [INF] Changing the host configuration. Reboot ... 
2024-07-01 16:57:41.593 +03:00 [INF] Host started. Listening on: http://[::]:80, https://[::]:443
2024-07-01 16:58:40.528 +03:00 [INF] Host started. Listening on: http://[::]:80, https://[::]:443
2024-07-01 16:58:47.392 +03:00 [INF] Changing the configuration Notify Hub. Continue with the new configuration ... 
2024-07-01 16:58:52.089 +03:00 [INF] Changing the configuration Notify Hub. Continue with the new configuration ... 
2024-07-01 16:59:03.209 +03:00 [INF] Changing the configuration Notify Hub. Continue with the new configuration ... 
2024-07-01 16:59:14.008 +03:00 [INF] Changing the configuration Notify Hub. Continue with the new configuration ... 
2024-07-01 16:59:15.017 +03:00 [INF] Changing the host configuration. Reboot ... 
2024-07-01 16:59:15.178 +03:00 [INF] Host started. Listening on: http://[::]:80, https://[::]:443
2024-07-01 16:59:24.164 +03:00 [INF] Changing the host configuration. Reboot ... 
2024-07-01 16:59:26.921 +03:00 [INF] Host started. Listening on: http://[::]:80, https://[::]:443
2024-07-01 16:59:35.748 +03:00 [INF] Changing the host configuration. Reboot ... 
2024-07-01 16:59:35.828 +03:00 [INF] Host started. Listening on: http://[::]:80, https://[::]:443
2024-07-01 17:09:58.271 +03:00 [INF] Host started. Listening on: http://[::]:80, https://[::]:443
2024-07-01 17:10:02.765 +03:00 [INF] Changing the configuration Notify Hub. Continue with the new configuration ... 
2024-07-01 17:10:29.024 +03:00 [INF] Changing the configuration Notify Hub. Continue with the new configuration ... 
2024-07-01 17:10:42.104 +03:00 [INF] Changing the configuration Notify Hub. Continue with the new configuration ... 
2024-07-01 17:10:52.950 +03:00 [INF] Changing the host configuration. Reboot ... 
2024-07-01 17:11:14.413 +03:00 [INF] Host started. Listening on: http://[::]:80, https://[::]:443
2024-07-01 17:11:21.641 +03:00 [INF] Changing the host configuration. Reboot ... 
2024-07-01 17:11:25.968 +03:00 [INF] Host started. Listening on: http://[::]:80, https://[::]:443
2024-07-01 17:17:57.593 +03:00 [INF] Host started. Listening on: http://[::]:80, https://[::]:443
2024-07-01 17:18:16.020 +03:00 [INF] Changing the configuration Notify Hub. Continue with the new configuration ... 
2024-07-01 17:18:32.358 +03:00 [INF] Changing the host configuration. Reboot ... 
2024-07-01 17:18:59.260 +03:00 [INF] Host started. Listening on: http://[::]:80, https://[::]:443
2024-07-01 17:19:09.686 +03:00 [INF] Changing the host configuration. Reboot ... 
2024-07-01 17:19:26.445 +03:00 [INF] Host started. Listening on: http://[::]:80, https://[::]:443
2024-07-01 17:20:02.086 +03:00 [INF] Changing the host configuration. Reboot ... 
2024-07-01 17:20:05.563 +03:00 [INF] Host started. Listening on: http://[::]:80, https://[::]:443
2024-07-01 17:21:29.353 +03:00 [INF] Host started. Listening on: http://[::]:80, https://[::]:443
2024-07-01 17:21:38.675 +03:00 [INF] Changing the host configuration. Reboot ... 
2024-07-01 17:21:41.430 +03:00 [INF] Host started. Listening on: http://[::]:80, https://[::]:443
2024-07-01 17:22:52.653 +03:00 [INF] Host started. Listening on: http://[::]:80, https://[::]:443
2024-07-01 17:23:01.168 +03:00 [INF] Changing the host configuration. Reboot ... 
2024-07-01 17:23:05.897 +03:00 [INF] Host started. Listening on: http://[::]:80, https://[::]:443
2024-07-01 17:25:25.256 +03:00 [INF] Host started. Listening on: http://[::]:80, https://[::]:443
2024-07-01 17:25:31.078 +03:00 [INF] Changing the host configuration. Reboot ... 
2024-07-01 17:25:31.240 +03:00 [INF] Host started. Listening on: http://[::]:80, https://[::]:443
2024-07-01 17:25:58.177 +03:00 [INF] Host started. Listening on: http://[::]:80, https://[::]:443
2024-07-01 17:26:00.527 +03:00 [INF] Changing the host configuration. Reboot ... 
2024-07-01 17:26:00.697 +03:00 [INF] Host started. Listening on: http://[::]:80, https://[::]:443
2024-07-01 17:29:46.529 +03:00 [INF] Host started. Listening on: http://[::]:80, https://[::]:443
2024-07-01 17:29:51.038 +03:00 [INF] Changing the host configuration. Reboot ... 
2024-07-01 17:29:51.214 +03:00 [INF] Host started. Listening on: http://[::]:80, https://[::]:443
2024-07-01 17:30:30.183 +03:00 [INF] Host started. Listening on: http://[::]:80, https://[::]:443
2024-07-01 17:30:45.847 +03:00 [INF] Changing the configuration Notify Hub. Continue with the new configuration ... 
2024-07-01 17:31:01.569 +03:00 [INF] Changing the configuration Notify Hub. Continue with the new configuration ... 
2024-07-01 17:31:15.888 +03:00 [INF] Changing the configuration Notify Hub. Continue with the new configuration ... 
2024-07-01 17:31:26.294 +03:00 [INF] Changing the configuration Notify Hub. Continue with the new configuration ... 
2024-07-01 17:31:35.859 +03:00 [INF] Changing the configuration Notify Hub. Continue with the new configuration ... 
2024-07-01 17:31:48.681 +03:00 [INF] Changing the host configuration. Reboot ... 
2024-07-01 17:31:52.195 +03:00 [INF] Host started. Listening on: http://[::]:80, https://[::]:443
2024-07-01 17:32:03.996 +03:00 [INF] Changing the host configuration. Reboot ... 
2024-07-01 17:32:04.762 +03:00 [INF] Host started. Listening on: http://[::]:80, https://[::]:443
2024-07-01 17:32:16.354 +03:00 [INF] Changing the host configuration. Reboot ... 
2024-07-01 17:32:18.126 +03:00 [INF] Host started. Listening on: http://[::]:80, https://[::]:443
2024-07-01 17:33:43.142 +03:00 [INF] Host started. Listening on: http://[::]:80, https://[::]:443
2024-07-01 17:33:57.708 +03:00 [INF] Changing the host configuration. Reboot ... 
2024-07-01 17:33:57.876 +03:00 [INF] Host started. Listening on: http://[::]:80, https://[::]:443
2024-07-01 17:35:34.596 +03:00 [INF] Host started. Listening on: http://[::]:80, https://[::]:443
2024-07-01 17:36:50.043 +03:00 [INF] Host started. Listening on: http://[::]:80, https://[::]:443
2024-07-01 17:36:52.692 +03:00 [INF] Changing the host configuration. Reboot ... 
2024-07-01 17:36:52.845 +03:00 [INF] Host started. Listening on: http://[::]:80, https://[::]:443
2024-07-01 17:40:51.268 +03:00 [INF] Host started. Listening on: http://[::]:80, https://[::]:443
2024-07-01 17:40:57.662 +03:00 [INF] Changing the host configuration. Reboot ... 
2024-07-01 17:41:52.130 +03:00 [INF] Host started. Listening on: http://[::]:80, https://[::]:443
2024-07-01 17:41:57.808 +03:00 [INF] Changing the host configuration. Reboot ... 
2024-07-01 17:41:57.950 +03:00 [INF] Host started. Listening on: http://[::]:80, https://[::]:443
2024-07-01 17:42:04.180 +03:00 [INF] Changing the host configuration. Reboot ... 
2024-07-01 17:42:04.252 +03:00 [INF] Host started. Listening on: http://[::]:80, https://[::]:443
2024-07-01 17:42:10.575 +03:00 [INF] Changing the host configuration. Reboot ... 
2024-07-01 17:42:10.768 +03:00 [INF] Host started. Listening on: http://[::]:80, https://[::]:443
2024-07-01 17:42:16.525 +03:00 [INF] Changing the host configuration. Reboot ... 
2024-07-01 17:42:16.597 +03:00 [INF] Host started. Listening on: http://[::]:80, https://[::]:443
2024-07-01 17:42:23.321 +03:00 [INF] Changing the host configuration. Reboot ... 
2024-07-01 17:42:23.395 +03:00 [INF] Host started. Listening on: http://[::]:80, https://[::]:443
2024-07-01 17:42:32.323 +03:00 [INF] Changing the host configuration. Reboot ... 
2024-07-01 17:42:32.380 +03:00 [INF] Host started. Listening on: http://[::]:80, https://[::]:443
2024-07-01 17:42:37.264 +03:00 [INF] Changing the host configuration. Reboot ... 
2024-07-01 17:42:37.337 +03:00 [INF] Host started. Listening on: http://[::]:80, https://[::]:443
2024-07-01 17:44:03.742 +03:00 [INF] Host started. Listening on: http://[::]:80, https://[::]:443
2024-07-01 17:44:09.464 +03:00 [INF] New connection: jOft8n6B1eSNpVqY7Awvrw
2024-07-01 17:44:09.588 +03:00 [INF] The file cache for the client 3a4aac87-5876-4e26-8315-60cb83be6730 was not detected.
2024-07-01 17:44:09.647 +03:00 [INF] The notification 53abd60c-4559-47a9-a860-e97d091e1a50 with message <<Регулирующие клапаны успешно прошли тестирование на расхаживание.>> has been sent to client 3a4aac87-5876-4e26-8315-60cb83be6730 by server 6142dfeb-00e2-43cb-a70f-f55ac8847756. 
2024-07-01 17:44:09.650 +03:00 [INF] The notification 2a1c70a6-08db-4462-b314-b1877893567c with message <<Выполнение анализа работы сбросного клапана прошло успешно.>> has been sent to client 3a4aac87-5876-4e26-8315-60cb83be6730 by server 6142dfeb-00e2-43cb-a70f-f55ac8847756. 
2024-07-01 17:44:09.654 +03:00 [INF] The notification 2a18df53-5995-4dab-afae-02544fc4b41f with message <<Признак вынужденного состояния ЕГО.>> has been sent to client 3a4aac87-5876-4e26-8315-60cb83be6730 by server 6142dfeb-00e2-43cb-a70f-f55ac8847756. 
2024-07-01 17:44:09.657 +03:00 [INF] The notification 4039d900-1362-4a01-b137-0e43fce73367 with message <<Нечувствительность регулирующего клапана на открытие увеличилась.>> has been sent to client 3a4aac87-5876-4e26-8315-60cb83be6730 by server 6142dfeb-00e2-43cb-a70f-f55ac8847756. 
2024-07-01 17:44:40.494 +03:00 [INF] Disconnecting: jOft8n6B1eSNpVqY7Awvrw
2024-07-01 17:44:49.450 +03:00 [INF] New connection: E5PshWBzkeywkk4BDyo_kg
2024-07-01 17:45:19.464 +03:00 [INF] Disconnecting: E5PshWBzkeywkk4BDyo_kg
2024-07-01 17:45:20.834 +03:00 [INF] New connection: g2MLD1kj4UGrEXJRaP5gLQ
2024-07-01 17:45:50.847 +03:00 [INF] Disconnecting: g2MLD1kj4UGrEXJRaP5gLQ
2024-07-01 17:45:52.703 +03:00 [INF] New connection: YTFwntqFtBGCegq-CwaBXA
2024-07-01 17:46:04.444 +03:00 [INF] Disconnecting: YTFwntqFtBGCegq-CwaBXA
