2024-07-24 14:36:12.098 +03:00 [ERR] The required section was not found in the configuration file. The hash is undefined.
2024-07-24 14:36:17.493 +03:00 [ERR] The required section was not found in the configuration file. The hash is undefined.
2024-07-24 14:36:20.297 +03:00 [ERR] The required section was not found in the configuration file. The hash is undefined.
2024-07-24 14:36:23.252 +03:00 [ERR] The required section was not found in the configuration file. The hash is undefined.
2024-07-24 14:36:25.389 +03:00 [ERR] The required section was not found in the configuration file. The hash is undefined.
2024-07-24 14:36:28.828 +03:00 [ERR] The required section was not found in the configuration file. The hash is undefined.
2024-07-24 14:39:50.587 +03:00 [ERR] The required section was not found in the configuration file. The hash is undefined.
2024-07-24 14:39:57.511 +03:00 [ERR] The required section was not found in the configuration file. The hash is undefined.
2024-07-24 14:40:01.411 +03:00 [ERR] The required section was not found in the configuration file. The hash is undefined.
2024-07-24 14:40:03.215 +03:00 [ERR] The required section was not found in the configuration file. The hash is undefined.
2024-07-24 14:40:05.030 +03:00 [ERR] The required section was not found in the configuration file. The hash is undefined.
2024-07-24 14:40:08.097 +03:00 [ERR] The required section was not found in the configuration file. The hash is undefined.
2024-07-24 14:40:30.004 +03:00 [INF] Host started. Listening on: http://localhost:5050, https://localhost:8080
2024-07-24 14:42:11.084 +03:00 [ERR] The DbConnection:DataBase section was not found in the configuration file. The hash is undefined.
2024-07-24 14:42:22.089 +03:00 [ERR] The DbConnection:Alarm section was not found in the configuration file. The hash is undefined.
2024-07-24 14:42:28.235 +03:00 [ERR] The DbConnection:Notify section was not found in the configuration file. The hash is undefined.
2024-07-24 14:42:29.734 +03:00 [ERR] The HubSettings:ServerId section was not found in the configuration file. The hash is undefined.
2024-07-24 14:42:31.585 +03:00 [ERR] The HubSettings:Notify section was not found in the configuration file. The hash is undefined.
2024-07-24 14:42:43.206 +03:00 [ERR] The HubSettings:Alarm section was not found in the configuration file. The hash is undefined.
2024-07-24 14:42:49.149 +03:00 [INF] Host started. Listening on: http://localhost:5050, https://localhost:8080
2024-07-24 14:48:22.048 +03:00 [INF] Host started. Listening on: http://localhost:5050, https://localhost:8080
2024-07-24 16:22:31.487 +03:00 [INF] Host started. Listening on: http://localhost:5050, https://localhost:8080
2024-07-24 16:29:26.429 +03:00 [INF] Host started. Listening on: http://localhost:5050, https://localhost:8080
2024-07-24 16:31:11.316 +03:00 [INF] Host started. Listening on: http://localhost:5050, https://localhost:8080
2024-07-24 16:35:04.997 +03:00 [INF] Host started. Listening on: http://localhost:5050, https://localhost:8080
2024-07-24 16:37:42.759 +03:00 [INF] Host started. Listening on: http://localhost:5050, https://localhost:8080
2024-07-24 16:39:20.009 +03:00 [INF] Host started. Listening on: http://localhost:5050, https://localhost:8080
2024-07-24 16:42:49.447 +03:00 [INF] Host started. Listening on: http://localhost:5050, https://localhost:8080
2024-07-24 16:45:38.144 +03:00 [INF] Host started. Listening on: http://localhost:5050, https://localhost:8080
2024-07-24 16:45:58.618 +03:00 [INF] Changing the configuration NotifyHub. Continue with the new configuration ... 
2024-07-24 16:46:37.851 +03:00 [INF] Changing the configuration NotifyHub. Continue with the new configuration ... 
2024-07-24 16:47:22.451 +03:00 [INF] Changing the serverId. Continue with the new configuration ... 
2024-07-24 16:49:49.204 +03:00 [INF] Host started. Listening on: http://localhost:5050, https://localhost:8080
2024-07-24 16:50:09.724 +03:00 [INF] Changing the configuration NotifyHub. Continue with the new configuration ... 
2024-07-24 16:50:19.215 +03:00 [INF] Changing the configuration AlarmHub. Continue with the new configuration ... 
2024-07-24 16:50:34.439 +03:00 [INF] Changing the host configuration. Reboot ... 
2024-07-24 16:50:35.562 +03:00 [INF] Host started. Listening on: http://localhost:5050, https://localhost:8080
2024-07-24 16:51:27.320 +03:00 [INF] Host started. Listening on: http://localhost:5050, https://localhost:8080
2024-07-24 16:52:11.614 +03:00 [INF] New connection: gnSi0y8g6Y87yl6qi66Rrw
2024-07-24 16:52:14.245 +03:00 [INF] Disconnecting: gnSi0y8g6Y87yl6qi66Rrw
2024-07-24 16:52:20.748 +03:00 [INF] New connection: Cz-zPC1N2HrYfjzgy8DUpg
2024-07-24 16:54:26.250 +03:00 [INF] Host started. Listening on: http://localhost:5050, https://localhost:8080
2024-07-24 16:54:31.612 +03:00 [INF] New connection: e-FCVXdOYg2OTst302WYOA
2024-07-24 16:55:13.997 +03:00 [INF] Host started. Listening on: http://localhost:5050, https://localhost:8080
2024-07-24 16:55:18.033 +03:00 [INF] New connection: 1IpHT5vEy44fIarEdsrnbA
2024-07-24 16:55:22.416 +03:00 [INF] Notification 53abd60c-4559-47a9-a860-e97d091e1a50 has been sent.
Sender:	 Server - 6146dfeb-13f4-43cb-a70f-f55ac8847756
Recipient:	 Client - a43a9789-35db-495d-b988-60a8e66609f4
2024-07-24 16:55:30.380 +03:00 [INF] Notification 2a1c70a6-08db-4462-b314-b1877893567c has been sent.
Sender:	 Server - 6146dfeb-13f4-43cb-a70f-f55ac8847756
Recipient:	 Client - a43a9789-35db-495d-b988-60a8e66609f4
2024-07-24 16:55:32.603 +03:00 [INF] Notification 2a18df53-5995-4dab-afae-02544fc4b41f has been sent.
Sender:	 Server - 6146dfeb-13f4-43cb-a70f-f55ac8847756
Recipient:	 Client - a43a9789-35db-495d-b988-60a8e66609f4
2024-07-24 16:55:34.297 +03:00 [INF] Notification 4039d900-1362-4a01-b137-0e43fce73367 has been sent.
Sender:	 Server - 6146dfeb-13f4-43cb-a70f-f55ac8847756
Recipient:	 Client - a43a9789-35db-495d-b988-60a8e66609f4
2024-07-24 17:07:52.808 +03:00 [INF] Host started. Listening on: http://localhost:5050, https://localhost:8080
2024-07-24 17:07:59.604 +03:00 [INF] New connection: _pwAt9JvRpsdOQMkvS7feg
2024-07-24 17:08:01.307 +03:00 [INF] Notification 53abd60c-4559-47a9-a860-e97d091e1a50 has been sent.
Sender:	 Server - 6146dfeb-13f4-43cb-a70f-f55ac8847756
Recipient:	 Client - a43a9789-35db-495d-b988-60a8e66609f4
2024-07-24 17:08:01.309 +03:00 [INF] Notification 2a1c70a6-08db-4462-b314-b1877893567c has been sent.
Sender:	 Server - 6146dfeb-13f4-43cb-a70f-f55ac8847756
Recipient:	 Client - a43a9789-35db-495d-b988-60a8e66609f4
2024-07-24 17:08:01.311 +03:00 [INF] Notification 2a18df53-5995-4dab-afae-02544fc4b41f has been sent.
Sender:	 Server - 6146dfeb-13f4-43cb-a70f-f55ac8847756
Recipient:	 Client - a43a9789-35db-495d-b988-60a8e66609f4
2024-07-24 17:08:01.312 +03:00 [INF] Notification 4039d900-1362-4a01-b137-0e43fce73367 has been sent.
Sender:	 Server - 6146dfeb-13f4-43cb-a70f-f55ac8847756
Recipient:	 Client - a43a9789-35db-495d-b988-60a8e66609f4
2024-07-24 17:08:05.413 +03:00 [INF] Disconnecting: _pwAt9JvRpsdOQMkvS7feg
2024-07-24 17:09:04.596 +03:00 [INF] Changing the host configuration. Reboot ... 
2024-07-24 17:09:04.759 +03:00 [INF] Host started. Listening on: http://localhost:5050, https://localhost:8080
2024-07-24 17:11:58.739 +03:00 [INF] Host started. Listening on: http://localhost:5050, https://localhost:8080
2024-07-24 17:14:56.496 +03:00 [INF] New connection: 6BXkOnH82E3jPYPj-wQ7Ew
2024-07-24 17:14:59.557 +03:00 [INF] Notification 53abd60c-4559-47a9-a860-e97d091e1a50 has been sent.
Sender:	 Server - 6146dfeb-13f4-43cb-a70f-f55ac8847756
Recipient:	 Client - a43a9789-35db-495d-b988-60a8e66609f4
2024-07-24 17:14:59.562 +03:00 [INF] Notification 2a1c70a6-08db-4462-b314-b1877893567c has been sent.
Sender:	 Server - 6146dfeb-13f4-43cb-a70f-f55ac8847756
Recipient:	 Client - a43a9789-35db-495d-b988-60a8e66609f4
2024-07-24 17:14:59.564 +03:00 [INF] Notification 2a18df53-5995-4dab-afae-02544fc4b41f has been sent.
Sender:	 Server - 6146dfeb-13f4-43cb-a70f-f55ac8847756
Recipient:	 Client - a43a9789-35db-495d-b988-60a8e66609f4
2024-07-24 17:14:59.566 +03:00 [INF] Notification 4039d900-1362-4a01-b137-0e43fce73367 has been sent.
Sender:	 Server - 6146dfeb-13f4-43cb-a70f-f55ac8847756
Recipient:	 Client - a43a9789-35db-495d-b988-60a8e66609f4
2024-07-24 17:15:03.990 +03:00 [INF] Disconnecting: 6BXkOnH82E3jPYPj-wQ7Ew
2024-07-24 17:16:18.056 +03:00 [INF] Host started. Listening on: http://localhost:5050, https://localhost:8080
2024-07-24 17:16:25.105 +03:00 [INF] New connection: rEugid8UBfiovbTSXkTSUw
2024-07-24 17:16:35.781 +03:00 [INF] Alarm fb0fc1b0-e35f-4233-8c0e-724aa7f32d2d has been sent.
Sender:    Server - 6146dfeb-13f4-43cb-a70f-f55ac8847756
Recipient: Client - a43a9789-35db-495d-b988-60a8e66609f4
2024-07-24 17:16:35.784 +03:00 [INF] Alarm c53f8e53-36aa-4874-8f76-8864de4c1b58 has been sent.
Sender:    Server - 6146dfeb-13f4-43cb-a70f-f55ac8847756
Recipient: Client - a43a9789-35db-495d-b988-60a8e66609f4
2024-07-24 17:16:46.566 +03:00 [INF] Disconnecting: rEugid8UBfiovbTSXkTSUw
