2024-08-22 11:37:43.093 +03:00 [ERR] Exception with configuration: Failed to load configuration from file 'C:\All\NotificationsExchange\Server\Server\Communications\bin\Release\net8.0\configure.json'.
2024-08-22 11:37:45.558 +03:00 [INF] The default configuration is used.
2024-08-22 11:37:54.134 +03:00 [INF] Host started. Listening on: http://localhost:5050, https://localhost:8080
2024-08-22 11:40:06.895 +03:00 [INF] Host started. Listening on: http://localhost:5050, https://localhost:8080
2024-08-22 16:33:01.916 +03:00 [ERR] Exception with configuration: Failed to load configuration from file 'C:\All\NotificationsExchange\Server\Server\Communications\bin\Release\net8.0\configure.json'.
2024-08-22 16:33:03.619 +03:00 [INF] The default configuration is used.
2024-08-22 17:09:52.959 +03:00 [ERR] Error processing Kafka message: Object reference not set to an instance of an object.
2024-08-22 17:09:54.868 +03:00 [ERR] Error processing Kafka message: Object reference not set to an instance of an object.
2024-08-22 17:10:03.562 +03:00 [ERR] Error processing Kafka message: Object reference not set to an instance of an object.
2024-08-22 17:10:03.776 +03:00 [ERR] Error processing Kafka message: Object reference not set to an instance of an object.
2024-08-22 17:10:03.993 +03:00 [ERR] Error processing Kafka message: Object reference not set to an instance of an object.
2024-08-22 17:10:04.207 +03:00 [ERR] Error processing Kafka message: Object reference not set to an instance of an object.
2024-08-22 17:10:04.425 +03:00 [ERR] Error processing Kafka message: Object reference not set to an instance of an object.
2024-08-22 17:10:04.641 +03:00 [ERR] Error processing Kafka message: Object reference not set to an instance of an object.
2024-08-22 17:10:04.859 +03:00 [ERR] Error processing Kafka message: Object reference not set to an instance of an object.
2024-08-22 17:10:05.094 +03:00 [ERR] Error processing Kafka message: Object reference not set to an instance of an object.
2024-08-22 17:10:05.310 +03:00 [ERR] Error processing Kafka message: Object reference not set to an instance of an object.
2024-08-22 17:10:05.533 +03:00 [ERR] Error processing Kafka message: Object reference not set to an instance of an object.
2024-08-22 17:10:05.752 +03:00 [ERR] Error processing Kafka message: Object reference not set to an instance of an object.
2024-08-22 17:10:05.966 +03:00 [ERR] Error processing Kafka message: Object reference not set to an instance of an object.
2024-08-22 17:10:06.181 +03:00 [ERR] Error processing Kafka message: Object reference not set to an instance of an object.
2024-08-22 17:10:06.396 +03:00 [ERR] Error processing Kafka message: Object reference not set to an instance of an object.
2024-08-22 17:10:06.611 +03:00 [ERR] Error processing Kafka message: Object reference not set to an instance of an object.
2024-08-22 17:10:06.825 +03:00 [ERR] Error processing Kafka message: Object reference not set to an instance of an object.
2024-08-22 17:10:07.037 +03:00 [ERR] Error processing Kafka message: Object reference not set to an instance of an object.
2024-08-22 17:10:07.271 +03:00 [ERR] Error processing Kafka message: Object reference not set to an instance of an object.
2024-08-22 17:10:07.488 +03:00 [ERR] Error processing Kafka message: Object reference not set to an instance of an object.
2024-08-22 17:10:07.702 +03:00 [ERR] Error processing Kafka message: Object reference not set to an instance of an object.
2024-08-22 17:10:07.920 +03:00 [ERR] Error processing Kafka message: Object reference not set to an instance of an object.
2024-08-22 17:10:08.135 +03:00 [ERR] Error processing Kafka message: Object reference not set to an instance of an object.
2024-08-22 17:10:08.351 +03:00 [ERR] Error processing Kafka message: Object reference not set to an instance of an object.
2024-08-22 17:10:08.566 +03:00 [ERR] Error processing Kafka message: Object reference not set to an instance of an object.
2024-08-22 17:10:08.780 +03:00 [ERR] Error processing Kafka message: Object reference not set to an instance of an object.
2024-08-22 17:10:08.996 +03:00 [ERR] Error processing Kafka message: Object reference not set to an instance of an object.
2024-08-22 17:10:09.212 +03:00 [ERR] Error processing Kafka message: Object reference not set to an instance of an object.
2024-08-22 17:10:09.428 +03:00 [ERR] Error processing Kafka message: Object reference not set to an instance of an object.
2024-08-22 17:10:09.643 +03:00 [ERR] Error processing Kafka message: Object reference not set to an instance of an object.
2024-08-22 17:10:09.877 +03:00 [ERR] Error processing Kafka message: Object reference not set to an instance of an object.
2024-08-22 17:10:10.094 +03:00 [ERR] Error processing Kafka message: Object reference not set to an instance of an object.
2024-08-22 17:10:10.311 +03:00 [ERR] Error processing Kafka message: Object reference not set to an instance of an object.
2024-08-22 17:10:10.519 +03:00 [ERR] Error processing Kafka message: Object reference not set to an instance of an object.
2024-08-22 17:10:10.520 +03:00 [INF] Host started. Listening on: http://localhost:5050, https://localhost:8080
2024-08-22 17:10:10.742 +03:00 [ERR] Error processing Kafka message: Object reference not set to an instance of an object.
2024-08-22 17:10:10.962 +03:00 [ERR] Error processing Kafka message: Object reference not set to an instance of an object.
2024-08-22 17:10:11.178 +03:00 [ERR] Error processing Kafka message: Object reference not set to an instance of an object.
2024-08-22 17:10:11.391 +03:00 [ERR] Error processing Kafka message: Object reference not set to an instance of an object.
2024-08-22 17:10:11.608 +03:00 [ERR] Error processing Kafka message: Object reference not set to an instance of an object.
2024-08-22 17:10:11.827 +03:00 [ERR] Error processing Kafka message: Object reference not set to an instance of an object.
2024-08-22 17:10:12.045 +03:00 [ERR] Error processing Kafka message: Object reference not set to an instance of an object.
2024-08-22 17:10:12.259 +03:00 [ERR] Error processing Kafka message: Object reference not set to an instance of an object.
2024-08-22 17:10:12.475 +03:00 [ERR] Error processing Kafka message: Object reference not set to an instance of an object.
2024-08-22 17:10:12.690 +03:00 [ERR] Error processing Kafka message: Object reference not set to an instance of an object.
2024-08-22 17:10:12.906 +03:00 [ERR] Error processing Kafka message: Object reference not set to an instance of an object.
2024-08-22 17:10:13.121 +03:00 [ERR] Error processing Kafka message: Object reference not set to an instance of an object.
2024-08-22 17:10:13.337 +03:00 [ERR] Error processing Kafka message: Object reference not set to an instance of an object.
2024-08-22 17:10:13.551 +03:00 [ERR] Error processing Kafka message: Object reference not set to an instance of an object.
2024-08-22 17:10:13.766 +03:00 [ERR] Error processing Kafka message: Object reference not set to an instance of an object.
2024-08-22 17:10:13.982 +03:00 [ERR] Error processing Kafka message: Object reference not set to an instance of an object.
2024-08-22 17:10:14.199 +03:00 [ERR] Error processing Kafka message: Object reference not set to an instance of an object.
2024-08-22 17:10:14.416 +03:00 [ERR] Error processing Kafka message: Object reference not set to an instance of an object.
2024-08-22 17:10:14.632 +03:00 [ERR] Error processing Kafka message: Object reference not set to an instance of an object.
2024-08-22 17:11:31.378 +03:00 [INF] Host started. Listening on: http://localhost:5050, https://localhost:8080
2024-08-22 17:12:02.759 +03:00 [INF] Host started. Listening on: http://localhost:5050, https://localhost:8080
2024-08-22 17:21:20.018 +03:00 [ERR] Error processing Kafka message: Subscribed topic not available: new-server-config-topic: Broker: Unknown topic or partition
2024-08-22 17:21:25.121 +03:00 [INF] Message sent to current-server-config-topic [[0]] @0 with Key : config
2024-08-22 17:21:34.038 +03:00 [INF] Message sent to metric-topic [[0]] @0 with Key : server-metric
2024-08-22 17:21:34.168 +03:00 [INF] Message sent to metric-topic [[0]] @1 with Key : server-metric
2024-08-22 17:21:34.305 +03:00 [INF] Message sent to metric-topic [[0]] @2 with Key : server-metric
2024-08-22 17:21:34.431 +03:00 [INF] Message sent to metric-topic [[0]] @3 with Key : server-metric
2024-08-22 17:21:34.571 +03:00 [INF] Message sent to metric-topic [[0]] @4 with Key : server-metric
2024-08-22 17:21:34.699 +03:00 [INF] Message sent to metric-topic [[0]] @5 with Key : server-metric
2024-08-22 17:21:34.707 +03:00 [INF] Host started. Listening on: http://localhost:5050, https://localhost:8080
2024-08-22 17:21:34.829 +03:00 [INF] Message sent to metric-topic [[0]] @6 with Key : server-metric
2024-08-22 17:21:34.953 +03:00 [INF] Message sent to metric-topic [[0]] @7 with Key : server-metric
2024-08-22 17:21:35.076 +03:00 [INF] Message sent to metric-topic [[0]] @8 with Key : server-metric
2024-08-22 17:21:35.201 +03:00 [INF] Message sent to metric-topic [[0]] @9 with Key : server-metric
2024-08-22 17:21:35.340 +03:00 [INF] Message sent to metric-topic [[0]] @10 with Key : server-metric
2024-08-22 17:21:35.464 +03:00 [INF] Message sent to metric-topic [[0]] @11 with Key : server-metric
2024-08-22 17:21:35.590 +03:00 [INF] Message sent to metric-topic [[0]] @12 with Key : server-metric
2024-08-22 17:21:35.727 +03:00 [INF] Message sent to metric-topic [[0]] @13 with Key : server-metric
2024-08-22 17:21:35.850 +03:00 [INF] Message sent to metric-topic [[0]] @14 with Key : server-metric
2024-08-22 17:21:35.975 +03:00 [INF] Message sent to metric-topic [[0]] @15 with Key : server-metric
2024-08-22 17:21:36.098 +03:00 [INF] Message sent to metric-topic [[0]] @16 with Key : server-metric
2024-08-22 17:21:36.224 +03:00 [INF] Message sent to metric-topic [[0]] @17 with Key : server-metric
2024-08-22 17:21:36.347 +03:00 [INF] Message sent to metric-topic [[0]] @18 with Key : server-metric
2024-08-22 17:21:36.469 +03:00 [INF] Message sent to metric-topic [[0]] @19 with Key : server-metric
2024-08-22 17:21:36.593 +03:00 [INF] Message sent to metric-topic [[0]] @20 with Key : server-metric
2024-08-22 17:21:36.717 +03:00 [INF] Message sent to metric-topic [[0]] @21 with Key : server-metric
2024-08-22 17:21:36.841 +03:00 [INF] Message sent to metric-topic [[0]] @22 with Key : server-metric
2024-08-22 17:21:37.013 +03:00 [INF] Message sent to metric-topic [[0]] @23 with Key : server-metric
2024-08-22 17:21:37.136 +03:00 [INF] Message sent to metric-topic [[0]] @24 with Key : server-metric
2024-08-22 17:21:37.260 +03:00 [INF] Message sent to metric-topic [[0]] @25 with Key : server-metric
2024-08-22 17:21:37.385 +03:00 [INF] Message sent to metric-topic [[0]] @26 with Key : server-metric
2024-08-22 17:21:37.508 +03:00 [INF] Message sent to metric-topic [[0]] @27 with Key : server-metric
2024-08-22 17:21:37.633 +03:00 [INF] Message sent to metric-topic [[0]] @28 with Key : server-metric
2024-08-22 17:21:37.769 +03:00 [INF] Message sent to metric-topic [[0]] @29 with Key : server-metric
2024-08-22 17:21:37.890 +03:00 [INF] Message sent to metric-topic [[0]] @30 with Key : server-metric
2024-08-22 17:21:38.015 +03:00 [INF] Message sent to metric-topic [[0]] @31 with Key : server-metric
2024-08-22 17:21:38.139 +03:00 [INF] Message sent to metric-topic [[0]] @32 with Key : server-metric
2024-08-22 17:21:38.263 +03:00 [INF] Message sent to metric-topic [[0]] @33 with Key : server-metric
2024-08-22 17:21:38.388 +03:00 [INF] Message sent to metric-topic [[0]] @34 with Key : server-metric
2024-08-22 17:21:38.510 +03:00 [INF] Message sent to metric-topic [[0]] @35 with Key : server-metric
2024-08-22 17:21:38.635 +03:00 [INF] Message sent to metric-topic [[0]] @36 with Key : server-metric
2024-08-22 17:21:38.758 +03:00 [INF] Message sent to metric-topic [[0]] @37 with Key : server-metric
2024-08-22 17:21:38.883 +03:00 [INF] Message sent to metric-topic [[0]] @38 with Key : server-metric
2024-08-22 17:21:39.006 +03:00 [INF] Message sent to metric-topic [[0]] @39 with Key : server-metric
2024-08-22 17:21:39.130 +03:00 [INF] Message sent to metric-topic [[0]] @40 with Key : server-metric
2024-08-22 17:21:39.256 +03:00 [INF] Message sent to metric-topic [[0]] @41 with Key : server-metric
2024-08-22 17:21:39.392 +03:00 [INF] Message sent to metric-topic [[0]] @42 with Key : server-metric
2024-08-22 17:21:39.517 +03:00 [INF] Message sent to metric-topic [[0]] @43 with Key : server-metric
2024-08-22 17:21:39.656 +03:00 [INF] Message sent to metric-topic [[0]] @44 with Key : server-metric
2024-08-22 17:21:39.781 +03:00 [INF] Message sent to metric-topic [[0]] @45 with Key : server-metric
2024-08-22 17:21:39.904 +03:00 [INF] Message sent to metric-topic [[0]] @46 with Key : server-metric
2024-08-22 17:21:40.029 +03:00 [INF] Message sent to metric-topic [[0]] @47 with Key : server-metric
2024-08-22 17:21:40.152 +03:00 [INF] Message sent to metric-topic [[0]] @48 with Key : server-metric
2024-08-22 17:21:40.278 +03:00 [INF] Message sent to metric-topic [[0]] @49 with Key : server-metric
2024-08-22 17:21:40.402 +03:00 [INF] Message sent to metric-topic [[0]] @50 with Key : server-metric
2024-08-22 17:21:40.525 +03:00 [INF] Message sent to metric-topic [[0]] @51 with Key : server-metric
2024-08-22 17:21:40.653 +03:00 [INF] Message sent to metric-topic [[0]] @52 with Key : server-metric
2024-08-22 17:21:40.784 +03:00 [INF] Message sent to metric-topic [[0]] @53 with Key : server-metric
2024-08-22 17:21:40.907 +03:00 [INF] Message sent to metric-topic [[0]] @54 with Key : server-metric
2024-08-22 17:21:41.032 +03:00 [INF] Message sent to metric-topic [[0]] @55 with Key : server-metric
2024-08-22 17:21:41.154 +03:00 [INF] Message sent to metric-topic [[0]] @56 with Key : server-metric
2024-08-22 17:21:41.277 +03:00 [INF] Message sent to metric-topic [[0]] @57 with Key : server-metric
2024-08-22 17:21:41.401 +03:00 [INF] Message sent to metric-topic [[0]] @58 with Key : server-metric
2024-08-22 17:21:41.525 +03:00 [INF] Message sent to metric-topic [[0]] @59 with Key : server-metric
2024-08-22 17:21:41.650 +03:00 [INF] Message sent to metric-topic [[0]] @60 with Key : server-metric
2024-08-22 17:21:41.773 +03:00 [INF] Message sent to metric-topic [[0]] @61 with Key : server-metric
2024-08-22 17:21:41.898 +03:00 [INF] Message sent to metric-topic [[0]] @62 with Key : server-metric
2024-08-22 17:21:42.020 +03:00 [INF] Message sent to metric-topic [[0]] @63 with Key : server-metric
2024-08-22 17:21:42.146 +03:00 [INF] Message sent to metric-topic [[0]] @64 with Key : server-metric
2024-08-22 17:21:42.271 +03:00 [INF] Message sent to metric-topic [[0]] @65 with Key : server-metric
2024-08-22 17:21:42.395 +03:00 [INF] Message sent to metric-topic [[0]] @66 with Key : server-metric
2024-08-22 17:21:42.532 +03:00 [INF] Message sent to metric-topic [[0]] @67 with Key : server-metric
2024-08-22 17:21:42.657 +03:00 [INF] Message sent to metric-topic [[0]] @68 with Key : server-metric
2024-08-22 17:21:42.782 +03:00 [INF] Message sent to metric-topic [[0]] @69 with Key : server-metric
2024-08-22 17:21:42.903 +03:00 [INF] Message sent to metric-topic [[0]] @70 with Key : server-metric
2024-08-22 17:21:43.026 +03:00 [INF] Message sent to metric-topic [[0]] @71 with Key : server-metric
2024-08-22 17:21:43.149 +03:00 [INF] Message sent to metric-topic [[0]] @72 with Key : server-metric
2024-08-22 17:21:43.273 +03:00 [INF] Message sent to metric-topic [[0]] @73 with Key : server-metric
2024-08-22 17:21:43.396 +03:00 [INF] Message sent to metric-topic [[0]] @74 with Key : server-metric
2024-08-22 17:21:43.520 +03:00 [INF] Message sent to metric-topic [[0]] @75 with Key : server-metric
2024-08-22 17:21:43.643 +03:00 [INF] Message sent to metric-topic [[0]] @76 with Key : server-metric
2024-08-22 17:21:43.768 +03:00 [INF] Message sent to metric-topic [[0]] @77 with Key : server-metric
2024-08-22 17:21:43.891 +03:00 [INF] Message sent to metric-topic [[0]] @78 with Key : server-metric
2024-08-22 17:21:44.015 +03:00 [INF] Message sent to metric-topic [[0]] @79 with Key : server-metric
2024-08-22 17:21:44.138 +03:00 [INF] Message sent to metric-topic [[0]] @80 with Key : server-metric
2024-08-22 17:21:44.262 +03:00 [INF] Message sent to metric-topic [[0]] @81 with Key : server-metric
2024-08-22 17:21:44.385 +03:00 [INF] Message sent to metric-topic [[0]] @82 with Key : server-metric
2024-08-22 17:21:44.509 +03:00 [INF] Message sent to metric-topic [[0]] @83 with Key : server-metric
2024-08-22 17:21:44.633 +03:00 [INF] Message sent to metric-topic [[0]] @84 with Key : server-metric
2024-08-22 17:21:44.756 +03:00 [INF] Message sent to metric-topic [[0]] @85 with Key : server-metric
2024-08-22 17:21:44.880 +03:00 [INF] Message sent to metric-topic [[0]] @86 with Key : server-metric
2024-08-22 17:21:45.005 +03:00 [INF] Message sent to metric-topic [[0]] @87 with Key : server-metric
2024-08-22 17:21:45.128 +03:00 [INF] Message sent to metric-topic [[0]] @88 with Key : server-metric
2024-08-22 17:21:45.254 +03:00 [INF] Message sent to metric-topic [[0]] @89 with Key : server-metric
2024-08-22 17:21:45.377 +03:00 [INF] Message sent to metric-topic [[0]] @90 with Key : server-metric
2024-08-22 17:21:45.501 +03:00 [INF] Message sent to metric-topic [[0]] @91 with Key : server-metric
2024-08-22 17:21:45.624 +03:00 [INF] Message sent to metric-topic [[0]] @92 with Key : server-metric
2024-08-22 17:21:45.747 +03:00 [INF] Message sent to metric-topic [[0]] @93 with Key : server-metric
2024-08-22 17:21:45.871 +03:00 [INF] Message sent to metric-topic [[0]] @94 with Key : server-metric
2024-08-22 17:21:45.997 +03:00 [INF] Message sent to metric-topic [[0]] @95 with Key : server-metric
2024-08-22 17:21:46.124 +03:00 [INF] Message sent to metric-topic [[0]] @96 with Key : server-metric
2024-08-22 17:21:46.248 +03:00 [INF] Message sent to metric-topic [[0]] @97 with Key : server-metric
2024-08-22 17:21:46.372 +03:00 [INF] Message sent to metric-topic [[0]] @98 with Key : server-metric
2024-08-22 17:21:46.496 +03:00 [INF] Message sent to metric-topic [[0]] @99 with Key : server-metric
2024-08-22 17:21:46.622 +03:00 [INF] Message sent to metric-topic [[0]] @100 with Key : server-metric
2024-08-22 17:21:46.744 +03:00 [INF] Message sent to metric-topic [[0]] @101 with Key : server-metric
2024-08-22 17:21:46.867 +03:00 [INF] Message sent to metric-topic [[0]] @102 with Key : server-metric
2024-08-22 17:21:46.988 +03:00 [INF] Message sent to metric-topic [[0]] @103 with Key : server-metric
2024-08-22 17:21:47.115 +03:00 [INF] Message sent to metric-topic [[0]] @104 with Key : server-metric
2024-08-22 17:21:47.238 +03:00 [INF] Message sent to metric-topic [[0]] @105 with Key : server-metric
2024-08-22 17:21:47.364 +03:00 [INF] Message sent to metric-topic [[0]] @106 with Key : server-metric
2024-08-22 17:21:47.489 +03:00 [INF] Message sent to metric-topic [[0]] @107 with Key : server-metric
2024-08-22 17:21:47.612 +03:00 [INF] Message sent to metric-topic [[0]] @108 with Key : server-metric
2024-08-22 17:21:47.735 +03:00 [INF] Message sent to metric-topic [[0]] @109 with Key : server-metric
2024-08-22 17:21:47.859 +03:00 [INF] Message sent to metric-topic [[0]] @110 with Key : server-metric
2024-08-22 17:21:47.985 +03:00 [INF] Message sent to metric-topic [[0]] @111 with Key : server-metric
2024-08-22 17:21:48.105 +03:00 [INF] Message sent to metric-topic [[0]] @112 with Key : server-metric
2024-08-22 17:21:48.230 +03:00 [INF] Message sent to metric-topic [[0]] @113 with Key : server-metric
2024-08-22 17:21:48.355 +03:00 [INF] Message sent to metric-topic [[0]] @114 with Key : server-metric
2024-08-22 17:21:48.480 +03:00 [INF] Message sent to metric-topic [[0]] @115 with Key : server-metric
2024-08-22 17:21:48.601 +03:00 [INF] Message sent to metric-topic [[0]] @116 with Key : server-metric
2024-08-22 17:21:48.747 +03:00 [INF] Message sent to metric-topic [[0]] @117 with Key : server-metric
2024-08-22 17:21:48.880 +03:00 [INF] Message sent to metric-topic [[0]] @118 with Key : server-metric
2024-08-22 17:21:49.005 +03:00 [INF] Message sent to metric-topic [[0]] @119 with Key : server-metric
2024-08-22 17:21:49.141 +03:00 [INF] Message sent to metric-topic [[0]] @120 with Key : server-metric
2024-08-22 17:21:49.277 +03:00 [INF] Message sent to metric-topic [[0]] @121 with Key : server-metric
2024-08-22 17:21:49.414 +03:00 [INF] Message sent to metric-topic [[0]] @122 with Key : server-metric
2024-08-22 17:21:49.539 +03:00 [INF] Message sent to metric-topic [[0]] @123 with Key : server-metric
2024-08-22 17:21:49.664 +03:00 [INF] Message sent to metric-topic [[0]] @124 with Key : server-metric
2024-08-22 17:21:49.787 +03:00 [INF] Message sent to metric-topic [[0]] @125 with Key : server-metric
2024-08-22 17:21:49.909 +03:00 [INF] Message sent to metric-topic [[0]] @126 with Key : server-metric
2024-08-22 17:21:50.033 +03:00 [INF] Message sent to metric-topic [[0]] @127 with Key : server-metric
2024-08-22 17:21:50.157 +03:00 [INF] Message sent to metric-topic [[0]] @128 with Key : server-metric
2024-08-22 17:21:50.291 +03:00 [INF] Message sent to metric-topic [[0]] @129 with Key : server-metric
2024-08-22 17:21:50.449 +03:00 [INF] Message sent to metric-topic [[0]] @130 with Key : server-metric
2024-08-22 17:21:50.593 +03:00 [INF] Message sent to metric-topic [[0]] @131 with Key : server-metric
2024-08-22 17:21:50.741 +03:00 [INF] Message sent to metric-topic [[0]] @132 with Key : server-metric
2024-08-22 17:21:50.916 +03:00 [INF] Message sent to metric-topic [[0]] @133 with Key : server-metric
2024-08-22 17:21:51.084 +03:00 [INF] Message sent to metric-topic [[0]] @134 with Key : server-metric
2024-08-22 17:21:51.289 +03:00 [INF] Message sent to metric-topic [[0]] @135 with Key : server-metric
2024-08-22 17:21:51.433 +03:00 [INF] Message sent to metric-topic [[0]] @136 with Key : server-metric
2024-08-22 17:21:51.558 +03:00 [INF] Message sent to metric-topic [[0]] @137 with Key : server-metric
2024-08-22 17:21:51.695 +03:00 [INF] Message sent to metric-topic [[0]] @138 with Key : server-metric
2024-08-22 17:21:51.820 +03:00 [INF] Message sent to metric-topic [[0]] @139 with Key : server-metric
2024-08-22 17:21:51.957 +03:00 [INF] Message sent to metric-topic [[0]] @140 with Key : server-metric
2024-08-22 17:21:52.091 +03:00 [INF] Message sent to metric-topic [[0]] @141 with Key : server-metric
2024-08-22 17:21:52.223 +03:00 [INF] Message sent to metric-topic [[0]] @142 with Key : server-metric
2024-08-22 17:21:52.360 +03:00 [INF] Message sent to metric-topic [[0]] @143 with Key : server-metric
2024-08-22 17:21:52.484 +03:00 [INF] Message sent to metric-topic [[0]] @144 with Key : server-metric
2024-08-22 17:21:52.635 +03:00 [INF] Message sent to metric-topic [[0]] @145 with Key : server-metric
2024-08-22 17:21:52.765 +03:00 [INF] Message sent to metric-topic [[0]] @146 with Key : server-metric
2024-08-22 17:21:52.901 +03:00 [INF] Message sent to metric-topic [[0]] @147 with Key : server-metric
2024-08-22 17:21:53.023 +03:00 [INF] Message sent to metric-topic [[0]] @148 with Key : server-metric
2024-08-22 17:21:53.145 +03:00 [INF] Message sent to metric-topic [[0]] @149 with Key : server-metric
2024-08-22 17:21:53.269 +03:00 [INF] Message sent to metric-topic [[0]] @150 with Key : server-metric
2024-08-22 17:21:53.393 +03:00 [INF] Message sent to metric-topic [[0]] @151 with Key : server-metric
2024-08-22 17:21:53.517 +03:00 [INF] Message sent to metric-topic [[0]] @152 with Key : server-metric
2024-08-22 17:21:53.640 +03:00 [INF] Message sent to metric-topic [[0]] @153 with Key : server-metric
2024-08-22 17:21:53.768 +03:00 [INF] Message sent to metric-topic [[0]] @154 with Key : server-metric
2024-08-22 17:21:53.905 +03:00 [INF] Message sent to metric-topic [[0]] @155 with Key : server-metric
2024-08-22 17:21:54.030 +03:00 [INF] Message sent to metric-topic [[0]] @156 with Key : server-metric
2024-08-22 17:21:54.152 +03:00 [INF] Message sent to metric-topic [[0]] @157 with Key : server-metric
2024-08-22 17:21:54.277 +03:00 [INF] Message sent to metric-topic [[0]] @158 with Key : server-metric
2024-08-22 17:21:54.403 +03:00 [INF] Message sent to metric-topic [[0]] @159 with Key : server-metric
2024-08-22 17:21:54.526 +03:00 [INF] Message sent to metric-topic [[0]] @160 with Key : server-metric
2024-08-22 17:21:54.649 +03:00 [INF] Message sent to metric-topic [[0]] @161 with Key : server-metric
2024-08-22 17:21:54.777 +03:00 [INF] Message sent to metric-topic [[0]] @162 with Key : server-metric
2024-08-22 17:21:54.897 +03:00 [INF] Message sent to metric-topic [[0]] @163 with Key : server-metric
2024-08-22 17:21:55.022 +03:00 [INF] Message sent to metric-topic [[0]] @164 with Key : server-metric
2024-08-22 17:21:55.147 +03:00 [INF] Message sent to metric-topic [[0]] @165 with Key : server-metric
2024-08-22 17:21:55.270 +03:00 [INF] Message sent to metric-topic [[0]] @166 with Key : server-metric
2024-08-22 17:21:55.396 +03:00 [INF] Message sent to metric-topic [[0]] @167 with Key : server-metric
2024-08-22 17:21:55.520 +03:00 [INF] Message sent to metric-topic [[0]] @168 with Key : server-metric
2024-08-22 17:21:55.643 +03:00 [INF] Message sent to metric-topic [[0]] @169 with Key : server-metric
2024-08-22 17:21:55.765 +03:00 [INF] Message sent to metric-topic [[0]] @170 with Key : server-metric
2024-08-22 17:21:55.888 +03:00 [INF] Message sent to metric-topic [[0]] @171 with Key : server-metric
2024-08-22 17:21:56.013 +03:00 [INF] Message sent to metric-topic [[0]] @172 with Key : server-metric
2024-08-22 17:21:56.136 +03:00 [INF] Message sent to metric-topic [[0]] @173 with Key : server-metric
2024-08-22 17:21:56.258 +03:00 [INF] Message sent to metric-topic [[0]] @174 with Key : server-metric
2024-08-22 17:21:56.382 +03:00 [INF] Message sent to metric-topic [[0]] @175 with Key : server-metric
2024-08-22 17:21:56.506 +03:00 [INF] Message sent to metric-topic [[0]] @176 with Key : server-metric
2024-08-22 17:21:56.632 +03:00 [INF] Message sent to metric-topic [[0]] @177 with Key : server-metric
2024-08-22 17:21:56.755 +03:00 [INF] Message sent to metric-topic [[0]] @178 with Key : server-metric
2024-08-22 17:21:56.878 +03:00 [INF] Message sent to metric-topic [[0]] @179 with Key : server-metric
2024-08-22 17:21:57.002 +03:00 [INF] Message sent to metric-topic [[0]] @180 with Key : server-metric
2024-08-22 17:21:57.126 +03:00 [INF] Message sent to metric-topic [[0]] @181 with Key : server-metric
2024-08-22 17:21:57.252 +03:00 [INF] Message sent to metric-topic [[0]] @182 with Key : server-metric
2024-08-22 17:21:57.376 +03:00 [INF] Message sent to metric-topic [[0]] @183 with Key : server-metric
2024-08-22 17:21:57.499 +03:00 [INF] Message sent to metric-topic [[0]] @184 with Key : server-metric
2024-08-22 17:21:57.623 +03:00 [INF] Message sent to metric-topic [[0]] @185 with Key : server-metric
2024-08-22 17:21:57.747 +03:00 [INF] Message sent to metric-topic [[0]] @186 with Key : server-metric
2024-08-22 17:21:57.869 +03:00 [INF] Message sent to metric-topic [[0]] @187 with Key : server-metric
2024-08-22 17:21:57.996 +03:00 [INF] Message sent to metric-topic [[0]] @188 with Key : server-metric
2024-08-22 17:21:58.121 +03:00 [INF] Message sent to metric-topic [[0]] @189 with Key : server-metric
2024-08-22 17:21:58.244 +03:00 [INF] Message sent to metric-topic [[0]] @190 with Key : server-metric
2024-08-22 17:21:58.369 +03:00 [INF] Message sent to metric-topic [[0]] @191 with Key : server-metric
2024-08-22 17:21:58.495 +03:00 [INF] Message sent to metric-topic [[0]] @192 with Key : server-metric
2024-08-22 17:21:58.619 +03:00 [INF] Message sent to metric-topic [[0]] @193 with Key : server-metric
2024-08-22 17:21:58.741 +03:00 [INF] Message sent to metric-topic [[0]] @194 with Key : server-metric
2024-08-22 17:21:58.866 +03:00 [INF] Message sent to metric-topic [[0]] @195 with Key : server-metric
2024-08-22 17:21:58.992 +03:00 [INF] Message sent to metric-topic [[0]] @196 with Key : server-metric
2024-08-22 17:21:59.117 +03:00 [INF] Message sent to metric-topic [[0]] @197 with Key : server-metric
2024-08-22 17:21:59.241 +03:00 [INF] Message sent to metric-topic [[0]] @198 with Key : server-metric
2024-08-22 17:21:59.365 +03:00 [INF] Message sent to metric-topic [[0]] @199 with Key : server-metric
2024-08-22 17:21:59.489 +03:00 [INF] Message sent to metric-topic [[0]] @200 with Key : server-metric
2024-08-22 17:21:59.615 +03:00 [INF] Message sent to metric-topic [[0]] @201 with Key : server-metric
2024-08-22 17:21:59.740 +03:00 [INF] Message sent to metric-topic [[0]] @202 with Key : server-metric
2024-08-22 17:21:59.863 +03:00 [INF] Message sent to metric-topic [[0]] @203 with Key : server-metric
2024-08-22 17:21:59.988 +03:00 [INF] Message sent to metric-topic [[0]] @204 with Key : server-metric
2024-08-22 17:22:00.110 +03:00 [INF] Message sent to metric-topic [[0]] @205 with Key : server-metric
2024-08-22 17:22:00.234 +03:00 [INF] Message sent to metric-topic [[0]] @206 with Key : server-metric
2024-08-22 17:22:00.359 +03:00 [INF] Message sent to metric-topic [[0]] @207 with Key : server-metric
2024-08-22 17:22:00.485 +03:00 [INF] Message sent to metric-topic [[0]] @208 with Key : server-metric
2024-08-22 17:22:00.610 +03:00 [INF] Message sent to metric-topic [[0]] @209 with Key : server-metric
2024-08-22 17:22:00.735 +03:00 [INF] Message sent to metric-topic [[0]] @210 with Key : server-metric
2024-08-22 17:22:00.871 +03:00 [INF] Message sent to metric-topic [[0]] @211 with Key : server-metric
2024-08-22 17:22:00.994 +03:00 [INF] Message sent to metric-topic [[0]] @212 with Key : server-metric
2024-08-22 17:22:01.117 +03:00 [INF] Message sent to metric-topic [[0]] @213 with Key : server-metric
2024-08-22 17:22:01.242 +03:00 [INF] Message sent to metric-topic [[0]] @214 with Key : server-metric
2024-08-22 17:22:01.364 +03:00 [INF] Message sent to metric-topic [[0]] @215 with Key : server-metric
2024-08-22 17:22:01.488 +03:00 [INF] Message sent to metric-topic [[0]] @216 with Key : server-metric
2024-08-22 17:22:01.613 +03:00 [INF] Message sent to metric-topic [[0]] @217 with Key : server-metric
2024-08-22 17:22:01.736 +03:00 [INF] Message sent to metric-topic [[0]] @218 with Key : server-metric
2024-08-22 17:22:01.861 +03:00 [INF] Message sent to metric-topic [[0]] @219 with Key : server-metric
2024-08-22 17:22:01.984 +03:00 [INF] Message sent to metric-topic [[0]] @220 with Key : server-metric
2024-08-22 17:22:02.107 +03:00 [INF] Message sent to metric-topic [[0]] @221 with Key : server-metric
2024-08-22 17:22:02.230 +03:00 [INF] Message sent to metric-topic [[0]] @222 with Key : server-metric
2024-08-22 17:22:02.354 +03:00 [INF] Message sent to metric-topic [[0]] @223 with Key : server-metric
2024-08-22 17:22:02.478 +03:00 [INF] Message sent to metric-topic [[0]] @224 with Key : server-metric
2024-08-22 17:22:02.601 +03:00 [INF] Message sent to metric-topic [[0]] @225 with Key : server-metric
2024-08-22 17:22:02.725 +03:00 [INF] Message sent to metric-topic [[0]] @226 with Key : server-metric
2024-08-22 17:22:02.849 +03:00 [INF] Message sent to metric-topic [[0]] @227 with Key : server-metric
2024-08-22 17:22:02.972 +03:00 [INF] Message sent to metric-topic [[0]] @228 with Key : server-metric
2024-08-22 17:22:03.097 +03:00 [INF] Message sent to metric-topic [[0]] @229 with Key : server-metric
2024-08-22 17:22:03.221 +03:00 [INF] Message sent to metric-topic [[0]] @230 with Key : server-metric
2024-08-22 17:22:03.346 +03:00 [INF] Message sent to metric-topic [[0]] @231 with Key : server-metric
2024-08-22 17:22:03.469 +03:00 [INF] Message sent to metric-topic [[0]] @232 with Key : server-metric
2024-08-22 17:22:03.592 +03:00 [INF] Message sent to metric-topic [[0]] @233 with Key : server-metric
2024-08-22 17:22:03.715 +03:00 [INF] Message sent to metric-topic [[0]] @234 with Key : server-metric
2024-08-22 17:22:03.841 +03:00 [INF] Message sent to metric-topic [[0]] @235 with Key : server-metric
2024-08-22 17:22:03.963 +03:00 [INF] Message sent to metric-topic [[0]] @236 with Key : server-metric
2024-08-22 17:22:04.087 +03:00 [INF] Message sent to metric-topic [[0]] @237 with Key : server-metric
2024-08-22 17:22:04.210 +03:00 [INF] Message sent to metric-topic [[0]] @238 with Key : server-metric
2024-08-22 17:22:04.332 +03:00 [INF] Message sent to metric-topic [[0]] @239 with Key : server-metric
2024-08-22 17:22:04.458 +03:00 [INF] Message sent to metric-topic [[0]] @240 with Key : server-metric
2024-08-22 17:22:04.582 +03:00 [INF] Message sent to metric-topic [[0]] @241 with Key : server-metric
2024-08-22 17:22:04.705 +03:00 [INF] Message sent to metric-topic [[0]] @242 with Key : server-metric
2024-08-22 17:22:04.831 +03:00 [INF] Message sent to metric-topic [[0]] @243 with Key : server-metric
2024-08-22 17:22:04.956 +03:00 [INF] Message sent to metric-topic [[0]] @244 with Key : server-metric
2024-08-22 17:22:05.079 +03:00 [INF] Message sent to metric-topic [[0]] @245 with Key : server-metric
2024-08-22 17:22:05.204 +03:00 [INF] Message sent to metric-topic [[0]] @246 with Key : server-metric
2024-08-22 17:22:05.328 +03:00 [INF] Message sent to metric-topic [[0]] @247 with Key : server-metric
2024-08-22 17:22:05.451 +03:00 [INF] Message sent to metric-topic [[0]] @248 with Key : server-metric
2024-08-22 17:22:05.594 +03:00 [INF] Message sent to metric-topic [[0]] @249 with Key : server-metric
2024-08-22 17:22:05.728 +03:00 [INF] Message sent to metric-topic [[0]] @250 with Key : server-metric
2024-08-22 17:22:05.852 +03:00 [INF] Message sent to metric-topic [[0]] @251 with Key : server-metric
2024-08-22 17:22:05.974 +03:00 [INF] Message sent to metric-topic [[0]] @252 with Key : server-metric
2024-08-22 17:22:06.098 +03:00 [INF] Message sent to metric-topic [[0]] @253 with Key : server-metric
2024-08-22 17:22:06.219 +03:00 [INF] Message sent to metric-topic [[0]] @254 with Key : server-metric
2024-08-22 17:22:06.341 +03:00 [INF] Message sent to metric-topic [[0]] @255 with Key : server-metric
2024-08-22 17:22:06.463 +03:00 [INF] Message sent to metric-topic [[0]] @256 with Key : server-metric
2024-08-22 17:22:06.587 +03:00 [INF] Message sent to metric-topic [[0]] @257 with Key : server-metric
2024-08-22 17:22:06.710 +03:00 [INF] Message sent to metric-topic [[0]] @258 with Key : server-metric
2024-08-22 17:22:06.832 +03:00 [INF] Message sent to metric-topic [[0]] @259 with Key : server-metric
2024-08-22 17:22:06.958 +03:00 [INF] Message sent to metric-topic [[0]] @260 with Key : server-metric
2024-08-22 17:22:07.082 +03:00 [INF] Message sent to metric-topic [[0]] @261 with Key : server-metric
2024-08-22 17:22:07.206 +03:00 [INF] Message sent to metric-topic [[0]] @262 with Key : server-metric
2024-08-22 17:22:07.329 +03:00 [INF] Message sent to metric-topic [[0]] @263 with Key : server-metric
2024-08-22 17:22:07.452 +03:00 [INF] Message sent to metric-topic [[0]] @264 with Key : server-metric
2024-08-22 17:22:07.574 +03:00 [INF] Message sent to metric-topic [[0]] @265 with Key : server-metric
2024-08-22 17:22:07.698 +03:00 [INF] Message sent to metric-topic [[0]] @266 with Key : server-metric
2024-08-22 17:22:07.821 +03:00 [INF] Message sent to metric-topic [[0]] @267 with Key : server-metric
2024-08-22 17:22:07.946 +03:00 [INF] Message sent to metric-topic [[0]] @268 with Key : server-metric
2024-08-22 17:22:08.075 +03:00 [INF] Message sent to metric-topic [[0]] @269 with Key : server-metric
2024-08-22 17:22:08.240 +03:00 [INF] Message sent to metric-topic [[0]] @270 with Key : server-metric
2024-08-22 17:22:08.364 +03:00 [INF] Message sent to metric-topic [[0]] @271 with Key : server-metric
2024-08-22 17:22:08.490 +03:00 [INF] Message sent to metric-topic [[0]] @272 with Key : server-metric
2024-08-22 17:22:08.611 +03:00 [INF] Message sent to metric-topic [[0]] @273 with Key : server-metric
2024-08-22 17:22:08.734 +03:00 [INF] Message sent to metric-topic [[0]] @274 with Key : server-metric
2024-08-22 17:22:08.856 +03:00 [INF] Message sent to metric-topic [[0]] @275 with Key : server-metric
2024-08-22 17:22:08.980 +03:00 [INF] Message sent to metric-topic [[0]] @276 with Key : server-metric
2024-08-22 17:22:09.103 +03:00 [INF] Message sent to metric-topic [[0]] @277 with Key : server-metric
2024-08-22 17:22:09.227 +03:00 [INF] Message sent to metric-topic [[0]] @278 with Key : server-metric
2024-08-22 17:22:09.349 +03:00 [INF] Message sent to metric-topic [[0]] @279 with Key : server-metric
2024-08-22 17:22:09.471 +03:00 [INF] Message sent to metric-topic [[0]] @280 with Key : server-metric
2024-08-22 17:22:09.595 +03:00 [INF] Message sent to metric-topic [[0]] @281 with Key : server-metric
2024-08-22 17:22:09.719 +03:00 [INF] Message sent to metric-topic [[0]] @282 with Key : server-metric
2024-08-22 17:22:09.844 +03:00 [INF] Message sent to metric-topic [[0]] @283 with Key : server-metric
2024-08-22 17:22:09.966 +03:00 [INF] Message sent to metric-topic [[0]] @284 with Key : server-metric
2024-08-22 17:22:10.089 +03:00 [INF] Message sent to metric-topic [[0]] @285 with Key : server-metric
2024-08-22 17:22:10.214 +03:00 [INF] Message sent to metric-topic [[0]] @286 with Key : server-metric
2024-08-22 17:22:10.338 +03:00 [INF] Message sent to metric-topic [[0]] @287 with Key : server-metric
2024-08-22 17:22:10.461 +03:00 [INF] Message sent to metric-topic [[0]] @288 with Key : server-metric
2024-08-22 17:22:10.586 +03:00 [INF] Message sent to metric-topic [[0]] @289 with Key : server-metric
2024-08-22 17:22:10.722 +03:00 [INF] Message sent to metric-topic [[0]] @290 with Key : server-metric
2024-08-22 17:22:10.843 +03:00 [INF] Message sent to metric-topic [[0]] @291 with Key : server-metric
2024-08-22 17:22:10.965 +03:00 [INF] Message sent to metric-topic [[0]] @292 with Key : server-metric
2024-08-22 17:22:11.089 +03:00 [INF] Message sent to metric-topic [[0]] @293 with Key : server-metric
2024-08-22 17:22:11.212 +03:00 [INF] Message sent to metric-topic [[0]] @294 with Key : server-metric
2024-08-22 17:22:11.336 +03:00 [INF] Message sent to metric-topic [[0]] @295 with Key : server-metric
2024-08-22 17:22:11.460 +03:00 [INF] Message sent to metric-topic [[0]] @296 with Key : server-metric
2024-08-22 17:22:11.584 +03:00 [INF] Message sent to metric-topic [[0]] @297 with Key : server-metric
2024-08-22 17:22:11.709 +03:00 [INF] Message sent to metric-topic [[0]] @298 with Key : server-metric
2024-08-22 17:22:11.831 +03:00 [INF] Message sent to metric-topic [[0]] @299 with Key : server-metric
2024-08-22 17:22:11.955 +03:00 [INF] Message sent to metric-topic [[0]] @300 with Key : server-metric
2024-08-22 17:22:12.078 +03:00 [INF] Message sent to metric-topic [[0]] @301 with Key : server-metric
2024-08-22 17:22:12.201 +03:00 [INF] Message sent to metric-topic [[0]] @302 with Key : server-metric
2024-08-22 17:22:12.324 +03:00 [INF] Message sent to metric-topic [[0]] @303 with Key : server-metric
2024-08-22 17:22:12.449 +03:00 [INF] Message sent to metric-topic [[0]] @304 with Key : server-metric
2024-08-22 17:22:12.571 +03:00 [INF] Message sent to metric-topic [[0]] @305 with Key : server-metric
2024-08-22 17:22:12.694 +03:00 [INF] Message sent to metric-topic [[0]] @306 with Key : server-metric
2024-08-22 17:22:12.818 +03:00 [INF] Message sent to metric-topic [[0]] @307 with Key : server-metric
2024-08-22 17:22:12.944 +03:00 [INF] Message sent to metric-topic [[0]] @308 with Key : server-metric
2024-08-22 17:22:13.066 +03:00 [INF] Message sent to metric-topic [[0]] @309 with Key : server-metric
2024-08-22 17:22:13.188 +03:00 [INF] Message sent to metric-topic [[0]] @310 with Key : server-metric
2024-08-22 17:22:13.311 +03:00 [INF] Message sent to metric-topic [[0]] @311 with Key : server-metric
2024-08-22 17:22:13.434 +03:00 [INF] Message sent to metric-topic [[0]] @312 with Key : server-metric
2024-08-22 17:22:13.557 +03:00 [INF] Message sent to metric-topic [[0]] @313 with Key : server-metric
2024-08-22 17:22:13.682 +03:00 [INF] Message sent to metric-topic [[0]] @314 with Key : server-metric
2024-08-22 17:22:13.807 +03:00 [INF] Message sent to metric-topic [[0]] @315 with Key : server-metric
2024-08-22 17:22:13.930 +03:00 [INF] Message sent to metric-topic [[0]] @316 with Key : server-metric
2024-08-22 17:22:14.053 +03:00 [INF] Message sent to metric-topic [[0]] @317 with Key : server-metric
2024-08-22 17:22:14.177 +03:00 [INF] Message sent to metric-topic [[0]] @318 with Key : server-metric
2024-08-22 17:22:14.303 +03:00 [INF] Message sent to metric-topic [[0]] @319 with Key : server-metric
2024-08-22 17:22:14.427 +03:00 [INF] Message sent to metric-topic [[0]] @320 with Key : server-metric
2024-08-22 17:22:14.553 +03:00 [INF] Message sent to metric-topic [[0]] @321 with Key : server-metric
2024-08-22 17:22:14.678 +03:00 [INF] Message sent to metric-topic [[0]] @322 with Key : server-metric
2024-08-22 17:22:14.801 +03:00 [INF] Message sent to metric-topic [[0]] @323 with Key : server-metric
2024-08-22 17:22:14.924 +03:00 [INF] Message sent to metric-topic [[0]] @324 with Key : server-metric
2024-08-22 17:22:15.050 +03:00 [INF] Message sent to metric-topic [[0]] @325 with Key : server-metric
2024-08-22 17:22:15.173 +03:00 [INF] Message sent to metric-topic [[0]] @326 with Key : server-metric
2024-08-22 17:22:15.297 +03:00 [INF] Message sent to metric-topic [[0]] @327 with Key : server-metric
2024-08-22 17:22:15.420 +03:00 [INF] Message sent to metric-topic [[0]] @328 with Key : server-metric
2024-08-22 17:22:15.545 +03:00 [INF] Message sent to metric-topic [[0]] @329 with Key : server-metric
2024-08-22 17:22:15.666 +03:00 [INF] Message sent to metric-topic [[0]] @330 with Key : server-metric
2024-08-22 17:22:15.788 +03:00 [INF] Message sent to metric-topic [[0]] @331 with Key : server-metric
2024-08-22 17:22:15.928 +03:00 [INF] Message sent to metric-topic [[0]] @332 with Key : server-metric
2024-08-22 17:22:16.051 +03:00 [INF] Message sent to metric-topic [[0]] @333 with Key : server-metric
2024-08-22 17:22:16.175 +03:00 [INF] Message sent to metric-topic [[0]] @334 with Key : server-metric
2024-08-22 17:22:16.299 +03:00 [INF] Message sent to metric-topic [[0]] @335 with Key : server-metric
2024-08-22 17:22:16.423 +03:00 [INF] Message sent to metric-topic [[0]] @336 with Key : server-metric
2024-08-22 17:22:16.548 +03:00 [INF] Message sent to metric-topic [[0]] @337 with Key : server-metric
2024-08-22 17:22:16.682 +03:00 [INF] Message sent to metric-topic [[0]] @338 with Key : server-metric
2024-08-22 17:22:16.809 +03:00 [INF] Message sent to metric-topic [[0]] @339 with Key : server-metric
2024-08-22 17:22:16.931 +03:00 [INF] Message sent to metric-topic [[0]] @340 with Key : server-metric
2024-08-22 17:22:17.053 +03:00 [INF] Message sent to metric-topic [[0]] @341 with Key : server-metric
2024-08-22 17:22:17.177 +03:00 [INF] Message sent to metric-topic [[0]] @342 with Key : server-metric
2024-08-22 17:22:17.300 +03:00 [INF] Message sent to metric-topic [[0]] @343 with Key : server-metric
2024-08-22 17:22:17.424 +03:00 [INF] Message sent to metric-topic [[0]] @344 with Key : server-metric
2024-08-22 17:22:17.549 +03:00 [INF] Message sent to metric-topic [[0]] @345 with Key : server-metric
2024-08-22 17:22:17.673 +03:00 [INF] Message sent to metric-topic [[0]] @346 with Key : server-metric
2024-08-22 17:22:17.796 +03:00 [INF] Message sent to metric-topic [[0]] @347 with Key : server-metric
2024-08-22 17:22:17.919 +03:00 [INF] Message sent to metric-topic [[0]] @348 with Key : server-metric
2024-08-22 17:22:18.043 +03:00 [INF] Message sent to metric-topic [[0]] @349 with Key : server-metric
2024-08-22 17:22:18.167 +03:00 [INF] Message sent to metric-topic [[0]] @350 with Key : server-metric
2024-08-22 17:22:18.290 +03:00 [INF] Message sent to metric-topic [[0]] @351 with Key : server-metric
2024-08-22 17:22:18.412 +03:00 [INF] Message sent to metric-topic [[0]] @352 with Key : server-metric
2024-08-22 17:22:18.537 +03:00 [INF] Message sent to metric-topic [[0]] @353 with Key : server-metric
2024-08-22 17:22:18.660 +03:00 [INF] Message sent to metric-topic [[0]] @354 with Key : server-metric
2024-08-22 17:22:18.784 +03:00 [INF] Message sent to metric-topic [[0]] @355 with Key : server-metric
2024-08-22 17:22:18.907 +03:00 [INF] Message sent to metric-topic [[0]] @356 with Key : server-metric
2024-08-22 17:22:19.031 +03:00 [INF] Message sent to metric-topic [[0]] @357 with Key : server-metric
2024-08-22 17:22:19.154 +03:00 [INF] Message sent to metric-topic [[0]] @358 with Key : server-metric
2024-08-22 17:22:19.277 +03:00 [INF] Message sent to metric-topic [[0]] @359 with Key : server-metric
2024-08-22 17:22:19.400 +03:00 [INF] Message sent to metric-topic [[0]] @360 with Key : server-metric
2024-08-22 17:22:19.522 +03:00 [INF] Message sent to metric-topic [[0]] @361 with Key : server-metric
2024-08-22 17:22:19.645 +03:00 [INF] Message sent to metric-topic [[0]] @362 with Key : server-metric
2024-08-22 17:22:19.768 +03:00 [INF] Message sent to metric-topic [[0]] @363 with Key : server-metric
2024-08-22 17:22:19.891 +03:00 [INF] Message sent to metric-topic [[0]] @364 with Key : server-metric
2024-08-22 17:22:20.017 +03:00 [INF] Message sent to metric-topic [[0]] @365 with Key : server-metric
2024-08-22 17:22:20.139 +03:00 [INF] Message sent to metric-topic [[0]] @366 with Key : server-metric
2024-08-22 17:22:20.262 +03:00 [INF] Message sent to metric-topic [[0]] @367 with Key : server-metric
2024-08-22 17:22:20.386 +03:00 [INF] Message sent to metric-topic [[0]] @368 with Key : server-metric
2024-08-22 17:22:20.509 +03:00 [INF] Message sent to metric-topic [[0]] @369 with Key : server-metric
2024-08-22 17:22:20.632 +03:00 [INF] Message sent to metric-topic [[0]] @370 with Key : server-metric
2024-08-22 17:22:20.758 +03:00 [INF] Message sent to metric-topic [[0]] @371 with Key : server-metric
2024-08-22 17:22:20.912 +03:00 [INF] Message sent to metric-topic [[0]] @372 with Key : server-metric
2024-08-22 17:22:21.048 +03:00 [INF] Message sent to metric-topic [[0]] @373 with Key : server-metric
2024-08-22 17:22:21.169 +03:00 [INF] Message sent to metric-topic [[0]] @374 with Key : server-metric
2024-08-22 17:22:21.292 +03:00 [INF] Message sent to metric-topic [[0]] @375 with Key : server-metric
2024-08-22 17:22:21.416 +03:00 [INF] Message sent to metric-topic [[0]] @376 with Key : server-metric
2024-08-22 17:22:21.538 +03:00 [INF] Message sent to metric-topic [[0]] @377 with Key : server-metric
2024-08-22 17:22:21.662 +03:00 [INF] Message sent to metric-topic [[0]] @378 with Key : server-metric
2024-08-22 17:22:21.787 +03:00 [INF] Message sent to metric-topic [[0]] @379 with Key : server-metric
2024-08-22 17:22:21.911 +03:00 [INF] Message sent to metric-topic [[0]] @380 with Key : server-metric
2024-08-22 17:22:22.036 +03:00 [INF] Message sent to metric-topic [[0]] @381 with Key : server-metric
2024-08-22 17:22:22.160 +03:00 [INF] Message sent to metric-topic [[0]] @382 with Key : server-metric
2024-08-22 17:22:22.284 +03:00 [INF] Message sent to metric-topic [[0]] @383 with Key : server-metric
2024-08-22 17:22:22.407 +03:00 [INF] Message sent to metric-topic [[0]] @384 with Key : server-metric
2024-08-22 17:22:22.532 +03:00 [INF] Message sent to metric-topic [[0]] @385 with Key : server-metric
2024-08-22 17:22:22.655 +03:00 [INF] Message sent to metric-topic [[0]] @386 with Key : server-metric
2024-08-22 17:22:22.778 +03:00 [INF] Message sent to metric-topic [[0]] @387 with Key : server-metric
2024-08-22 17:22:22.901 +03:00 [INF] Message sent to metric-topic [[0]] @388 with Key : server-metric
2024-08-22 17:22:23.024 +03:00 [INF] Message sent to metric-topic [[0]] @389 with Key : server-metric
2024-08-22 17:22:23.149 +03:00 [INF] Message sent to metric-topic [[0]] @390 with Key : server-metric
2024-08-22 17:22:23.274 +03:00 [INF] Message sent to metric-topic [[0]] @391 with Key : server-metric
2024-08-22 17:22:23.403 +03:00 [INF] Message sent to metric-topic [[0]] @392 with Key : server-metric
2024-08-22 17:22:23.524 +03:00 [INF] Message sent to metric-topic [[0]] @393 with Key : server-metric
2024-08-22 17:22:23.647 +03:00 [INF] Message sent to metric-topic [[0]] @394 with Key : server-metric
2024-08-22 17:22:23.771 +03:00 [INF] Message sent to metric-topic [[0]] @395 with Key : server-metric
2024-08-22 17:22:23.895 +03:00 [INF] Message sent to metric-topic [[0]] @396 with Key : server-metric
2024-08-22 17:22:24.017 +03:00 [INF] Message sent to metric-topic [[0]] @397 with Key : server-metric
2024-08-22 17:22:24.141 +03:00 [INF] Message sent to metric-topic [[0]] @398 with Key : server-metric
2024-08-22 17:22:24.265 +03:00 [INF] Message sent to metric-topic [[0]] @399 with Key : server-metric
2024-08-22 17:22:24.391 +03:00 [INF] Message sent to metric-topic [[0]] @400 with Key : server-metric
2024-08-22 17:22:24.514 +03:00 [INF] Message sent to metric-topic [[0]] @401 with Key : server-metric
2024-08-22 17:22:24.638 +03:00 [INF] Message sent to metric-topic [[0]] @402 with Key : server-metric
2024-08-22 17:22:24.764 +03:00 [INF] Message sent to metric-topic [[0]] @403 with Key : server-metric
2024-08-22 17:22:24.888 +03:00 [INF] Message sent to metric-topic [[0]] @404 with Key : server-metric
2024-08-22 17:22:25.013 +03:00 [INF] Message sent to metric-topic [[0]] @405 with Key : server-metric
2024-08-22 17:22:25.137 +03:00 [INF] Message sent to metric-topic [[0]] @406 with Key : server-metric
2024-08-22 17:22:25.261 +03:00 [INF] Message sent to metric-topic [[0]] @407 with Key : server-metric
2024-08-22 17:22:25.385 +03:00 [INF] Message sent to metric-topic [[0]] @408 with Key : server-metric
2024-08-22 17:22:25.522 +03:00 [INF] Message sent to metric-topic [[0]] @409 with Key : server-metric
2024-08-22 17:22:25.647 +03:00 [INF] Message sent to metric-topic [[0]] @410 with Key : server-metric
2024-08-22 17:22:25.768 +03:00 [INF] Message sent to metric-topic [[0]] @411 with Key : server-metric
2024-08-22 17:22:25.915 +03:00 [INF] Message sent to metric-topic [[0]] @412 with Key : server-metric
2024-08-22 17:22:26.044 +03:00 [INF] Message sent to metric-topic [[0]] @413 with Key : server-metric
2024-08-22 17:22:26.168 +03:00 [INF] Message sent to metric-topic [[0]] @414 with Key : server-metric
2024-08-22 17:22:26.294 +03:00 [INF] Message sent to metric-topic [[0]] @415 with Key : server-metric
2024-08-22 17:22:26.430 +03:00 [INF] Message sent to metric-topic [[0]] @416 with Key : server-metric
2024-08-22 17:22:26.554 +03:00 [INF] Message sent to metric-topic [[0]] @417 with Key : server-metric
2024-08-22 17:22:26.678 +03:00 [INF] Message sent to metric-topic [[0]] @418 with Key : server-metric
2024-08-22 17:22:26.817 +03:00 [INF] Message sent to metric-topic [[0]] @419 with Key : server-metric
2024-08-22 17:22:26.940 +03:00 [INF] Message sent to metric-topic [[0]] @420 with Key : server-metric
2024-08-22 17:22:27.064 +03:00 [INF] Message sent to metric-topic [[0]] @421 with Key : server-metric
2024-08-22 17:22:27.190 +03:00 [INF] Message sent to metric-topic [[0]] @422 with Key : server-metric
2024-08-22 17:22:27.313 +03:00 [INF] Message sent to metric-topic [[0]] @423 with Key : server-metric
2024-08-22 17:22:27.435 +03:00 [INF] Message sent to metric-topic [[0]] @424 with Key : server-metric
2024-08-22 17:22:27.557 +03:00 [INF] Message sent to metric-topic [[0]] @425 with Key : server-metric
2024-08-22 17:22:27.680 +03:00 [INF] Message sent to metric-topic [[0]] @426 with Key : server-metric
2024-08-22 17:22:27.805 +03:00 [INF] Message sent to metric-topic [[0]] @427 with Key : server-metric
2024-08-22 17:22:27.927 +03:00 [INF] Message sent to metric-topic [[0]] @428 with Key : server-metric
2024-08-22 17:22:28.050 +03:00 [INF] Message sent to metric-topic [[0]] @429 with Key : server-metric
2024-08-22 17:22:28.173 +03:00 [INF] Message sent to metric-topic [[0]] @430 with Key : server-metric
2024-08-22 17:22:28.295 +03:00 [INF] Message sent to metric-topic [[0]] @431 with Key : server-metric
2024-08-22 17:22:28.419 +03:00 [INF] Message sent to metric-topic [[0]] @432 with Key : server-metric
2024-08-22 17:22:28.543 +03:00 [INF] Message sent to metric-topic [[0]] @433 with Key : server-metric
2024-08-22 17:22:28.665 +03:00 [INF] Message sent to metric-topic [[0]] @434 with Key : server-metric
2024-08-22 17:22:28.788 +03:00 [INF] Message sent to metric-topic [[0]] @435 with Key : server-metric
2024-08-22 17:22:28.912 +03:00 [INF] Message sent to metric-topic [[0]] @436 with Key : server-metric
2024-08-22 17:22:29.035 +03:00 [INF] Message sent to metric-topic [[0]] @437 with Key : server-metric
2024-08-22 17:22:29.160 +03:00 [INF] Message sent to metric-topic [[0]] @438 with Key : server-metric
2024-08-22 17:22:29.283 +03:00 [INF] Message sent to metric-topic [[0]] @439 with Key : server-metric
2024-08-22 17:22:29.408 +03:00 [INF] Message sent to metric-topic [[0]] @440 with Key : server-metric
2024-08-22 17:22:29.531 +03:00 [INF] Message sent to metric-topic [[0]] @441 with Key : server-metric
2024-08-22 17:22:29.653 +03:00 [INF] Message sent to metric-topic [[0]] @442 with Key : server-metric
2024-08-22 17:22:29.777 +03:00 [INF] Message sent to metric-topic [[0]] @443 with Key : server-metric
2024-08-22 17:22:29.900 +03:00 [INF] Message sent to metric-topic [[0]] @444 with Key : server-metric
2024-08-22 17:22:30.024 +03:00 [INF] Message sent to metric-topic [[0]] @445 with Key : server-metric
2024-08-22 17:22:30.149 +03:00 [INF] Message sent to metric-topic [[0]] @446 with Key : server-metric
2024-08-22 17:22:30.272 +03:00 [INF] Message sent to metric-topic [[0]] @447 with Key : server-metric
2024-08-22 17:22:30.397 +03:00 [INF] Message sent to metric-topic [[0]] @448 with Key : server-metric
2024-08-22 17:22:30.520 +03:00 [INF] Message sent to metric-topic [[0]] @449 with Key : server-metric
2024-08-22 17:22:30.643 +03:00 [INF] Message sent to metric-topic [[0]] @450 with Key : server-metric
2024-08-22 17:22:30.766 +03:00 [INF] Message sent to metric-topic [[0]] @451 with Key : server-metric
2024-08-22 17:22:30.887 +03:00 [INF] Message sent to metric-topic [[0]] @452 with Key : server-metric
2024-08-22 17:22:31.011 +03:00 [INF] Message sent to metric-topic [[0]] @453 with Key : server-metric
2024-08-22 17:22:31.136 +03:00 [INF] Message sent to metric-topic [[0]] @454 with Key : server-metric
2024-08-22 17:22:31.260 +03:00 [INF] Message sent to metric-topic [[0]] @455 with Key : server-metric
2024-08-22 17:22:31.383 +03:00 [INF] Message sent to metric-topic [[0]] @456 with Key : server-metric
2024-08-22 17:22:31.509 +03:00 [INF] Message sent to metric-topic [[0]] @457 with Key : server-metric
2024-08-22 17:22:31.633 +03:00 [INF] Message sent to metric-topic [[0]] @458 with Key : server-metric
2024-08-22 17:22:31.758 +03:00 [INF] Message sent to metric-topic [[0]] @459 with Key : server-metric
2024-08-22 17:22:31.881 +03:00 [INF] Message sent to metric-topic [[0]] @460 with Key : server-metric
2024-08-22 17:22:32.003 +03:00 [INF] Message sent to metric-topic [[0]] @461 with Key : server-metric
2024-08-22 17:22:32.130 +03:00 [INF] Message sent to metric-topic [[0]] @462 with Key : server-metric
2024-08-22 17:22:32.253 +03:00 [INF] Message sent to metric-topic [[0]] @463 with Key : server-metric
2024-08-22 17:22:32.374 +03:00 [INF] Message sent to metric-topic [[0]] @464 with Key : server-metric
2024-08-22 17:22:32.498 +03:00 [INF] Message sent to metric-topic [[0]] @465 with Key : server-metric
2024-08-22 17:22:32.622 +03:00 [INF] Message sent to metric-topic [[0]] @466 with Key : server-metric
2024-08-22 17:22:32.744 +03:00 [INF] Message sent to metric-topic [[0]] @467 with Key : server-metric
2024-08-22 17:22:32.867 +03:00 [INF] Message sent to metric-topic [[0]] @468 with Key : server-metric
2024-08-22 17:22:32.992 +03:00 [INF] Message sent to metric-topic [[0]] @469 with Key : server-metric
2024-08-22 17:22:33.116 +03:00 [INF] Message sent to metric-topic [[0]] @470 with Key : server-metric
2024-08-22 17:22:33.239 +03:00 [INF] Message sent to metric-topic [[0]] @471 with Key : server-metric
2024-08-22 17:22:33.363 +03:00 [INF] Message sent to metric-topic [[0]] @472 with Key : server-metric
2024-08-22 17:22:33.487 +03:00 [INF] Message sent to metric-topic [[0]] @473 with Key : server-metric
2024-08-22 17:22:33.609 +03:00 [INF] Message sent to metric-topic [[0]] @474 with Key : server-metric
2024-08-22 17:22:33.732 +03:00 [INF] Message sent to metric-topic [[0]] @475 with Key : server-metric
2024-08-22 17:22:33.857 +03:00 [INF] Message sent to metric-topic [[0]] @476 with Key : server-metric
2024-08-22 17:22:33.981 +03:00 [INF] Message sent to metric-topic [[0]] @477 with Key : server-metric
2024-08-22 17:22:34.104 +03:00 [INF] Message sent to metric-topic [[0]] @478 with Key : server-metric
2024-08-22 17:22:34.228 +03:00 [INF] Message sent to metric-topic [[0]] @479 with Key : server-metric
2024-08-22 17:22:34.354 +03:00 [INF] Message sent to metric-topic [[0]] @480 with Key : server-metric
2024-08-22 17:22:34.483 +03:00 [INF] Message sent to metric-topic [[0]] @481 with Key : server-metric
2024-08-22 17:22:34.614 +03:00 [INF] Message sent to metric-topic [[0]] @482 with Key : server-metric
2024-08-22 17:22:34.740 +03:00 [INF] Message sent to metric-topic [[0]] @483 with Key : server-metric
2024-08-22 17:22:34.864 +03:00 [INF] Message sent to metric-topic [[0]] @484 with Key : server-metric
2024-08-22 17:22:34.994 +03:00 [INF] Message sent to metric-topic [[0]] @485 with Key : server-metric
2024-08-22 17:22:35.125 +03:00 [INF] Message sent to metric-topic [[0]] @486 with Key : server-metric
2024-08-22 17:22:35.249 +03:00 [INF] Message sent to metric-topic [[0]] @487 with Key : server-metric
2024-08-22 17:22:35.374 +03:00 [INF] Message sent to metric-topic [[0]] @488 with Key : server-metric
2024-08-22 17:22:35.495 +03:00 [INF] Message sent to metric-topic [[0]] @489 with Key : server-metric
2024-08-22 17:22:35.618 +03:00 [INF] Message sent to metric-topic [[0]] @490 with Key : server-metric
2024-08-22 17:22:35.739 +03:00 [INF] Message sent to metric-topic [[0]] @491 with Key : server-metric
2024-08-22 17:22:35.865 +03:00 [INF] Message sent to metric-topic [[0]] @492 with Key : server-metric
2024-08-22 17:22:35.989 +03:00 [INF] Message sent to metric-topic [[0]] @493 with Key : server-metric
2024-08-22 17:22:36.114 +03:00 [INF] Message sent to metric-topic [[0]] @494 with Key : server-metric
2024-08-22 17:22:36.236 +03:00 [INF] Message sent to metric-topic [[0]] @495 with Key : server-metric
2024-08-22 17:22:36.358 +03:00 [INF] Message sent to metric-topic [[0]] @496 with Key : server-metric
2024-08-22 17:22:36.482 +03:00 [INF] Message sent to metric-topic [[0]] @497 with Key : server-metric
2024-08-22 17:22:36.608 +03:00 [INF] Message sent to metric-topic [[0]] @498 with Key : server-metric
2024-08-22 17:22:36.732 +03:00 [INF] Message sent to metric-topic [[0]] @499 with Key : server-metric
2024-08-22 17:22:36.856 +03:00 [INF] Message sent to metric-topic [[0]] @500 with Key : server-metric
2024-08-22 17:22:36.979 +03:00 [INF] Message sent to metric-topic [[0]] @501 with Key : server-metric
2024-08-22 17:22:37.103 +03:00 [INF] Message sent to metric-topic [[0]] @502 with Key : server-metric
2024-08-22 17:22:37.226 +03:00 [INF] Message sent to metric-topic [[0]] @503 with Key : server-metric
2024-08-22 17:22:37.349 +03:00 [INF] Message sent to metric-topic [[0]] @504 with Key : server-metric
2024-08-22 17:22:37.476 +03:00 [INF] Message sent to metric-topic [[0]] @505 with Key : server-metric
2024-08-22 17:22:37.598 +03:00 [INF] Message sent to metric-topic [[0]] @506 with Key : server-metric
2024-08-22 17:22:37.723 +03:00 [INF] Message sent to metric-topic [[0]] @507 with Key : server-metric
2024-08-22 17:22:37.846 +03:00 [INF] Message sent to metric-topic [[0]] @508 with Key : server-metric
2024-08-22 17:22:37.968 +03:00 [INF] Message sent to metric-topic [[0]] @509 with Key : server-metric
2024-08-22 17:22:38.093 +03:00 [INF] Message sent to metric-topic [[0]] @510 with Key : server-metric
2024-08-22 17:22:38.215 +03:00 [INF] Message sent to metric-topic [[0]] @511 with Key : server-metric
2024-08-22 17:22:38.337 +03:00 [INF] Message sent to metric-topic [[0]] @512 with Key : server-metric
2024-08-22 17:22:38.461 +03:00 [INF] Message sent to metric-topic [[0]] @513 with Key : server-metric
2024-08-22 17:22:38.585 +03:00 [INF] Message sent to metric-topic [[0]] @514 with Key : server-metric
2024-08-22 17:22:38.707 +03:00 [INF] Message sent to metric-topic [[0]] @515 with Key : server-metric
2024-08-22 17:22:38.832 +03:00 [INF] Message sent to metric-topic [[0]] @516 with Key : server-metric
2024-08-22 17:22:38.957 +03:00 [INF] Message sent to metric-topic [[0]] @517 with Key : server-metric
2024-08-22 17:22:39.081 +03:00 [INF] Message sent to metric-topic [[0]] @518 with Key : server-metric
2024-08-22 17:22:39.205 +03:00 [INF] Message sent to metric-topic [[0]] @519 with Key : server-metric
2024-08-22 17:22:39.328 +03:00 [INF] Message sent to metric-topic [[0]] @520 with Key : server-metric
2024-08-22 17:22:39.452 +03:00 [INF] Message sent to metric-topic [[0]] @521 with Key : server-metric
2024-08-22 17:22:39.577 +03:00 [INF] Message sent to metric-topic [[0]] @522 with Key : server-metric
2024-08-22 17:22:39.701 +03:00 [INF] Message sent to metric-topic [[0]] @523 with Key : server-metric
2024-08-22 17:22:39.826 +03:00 [INF] Message sent to metric-topic [[0]] @524 with Key : server-metric
2024-08-22 17:22:39.949 +03:00 [INF] Message sent to metric-topic [[0]] @525 with Key : server-metric
2024-08-22 17:22:40.072 +03:00 [INF] Message sent to metric-topic [[0]] @526 with Key : server-metric
2024-08-22 17:22:40.197 +03:00 [INF] Message sent to metric-topic [[0]] @527 with Key : server-metric
2024-08-22 17:22:40.320 +03:00 [INF] Message sent to metric-topic [[0]] @528 with Key : server-metric
2024-08-22 17:22:40.443 +03:00 [INF] Message sent to metric-topic [[0]] @529 with Key : server-metric
2024-08-22 17:22:40.568 +03:00 [INF] Message sent to metric-topic [[0]] @530 with Key : server-metric
2024-08-22 17:22:40.691 +03:00 [INF] Message sent to metric-topic [[0]] @531 with Key : server-metric
2024-08-22 17:22:40.815 +03:00 [INF] Message sent to metric-topic [[0]] @532 with Key : server-metric
2024-08-22 17:22:40.940 +03:00 [INF] Message sent to metric-topic [[0]] @533 with Key : server-metric
2024-08-22 17:22:41.061 +03:00 [INF] Message sent to metric-topic [[0]] @534 with Key : server-metric
2024-08-22 17:22:41.186 +03:00 [INF] Message sent to metric-topic [[0]] @535 with Key : server-metric
2024-08-22 17:22:41.307 +03:00 [INF] Message sent to metric-topic [[0]] @536 with Key : server-metric
2024-08-22 17:22:41.430 +03:00 [INF] Message sent to metric-topic [[0]] @537 with Key : server-metric
2024-08-22 17:22:41.553 +03:00 [INF] Message sent to metric-topic [[0]] @538 with Key : server-metric
2024-08-22 17:22:41.674 +03:00 [INF] Message sent to metric-topic [[0]] @539 with Key : server-metric
2024-08-22 17:22:41.798 +03:00 [INF] Message sent to metric-topic [[0]] @540 with Key : server-metric
2024-08-22 17:22:41.921 +03:00 [INF] Message sent to metric-topic [[0]] @541 with Key : server-metric
2024-08-22 17:22:42.049 +03:00 [INF] Message sent to metric-topic [[0]] @542 with Key : server-metric
2024-08-22 17:22:42.172 +03:00 [INF] Message sent to metric-topic [[0]] @543 with Key : server-metric
2024-08-22 17:22:42.295 +03:00 [INF] Message sent to metric-topic [[0]] @544 with Key : server-metric
2024-08-22 17:22:42.418 +03:00 [INF] Message sent to metric-topic [[0]] @545 with Key : server-metric
2024-08-22 17:22:42.542 +03:00 [INF] Message sent to metric-topic [[0]] @546 with Key : server-metric
2024-08-22 17:22:42.662 +03:00 [INF] Message sent to metric-topic [[0]] @547 with Key : server-metric
2024-08-22 17:22:42.786 +03:00 [INF] Message sent to metric-topic [[0]] @548 with Key : server-metric
2024-08-22 17:22:42.911 +03:00 [INF] Message sent to metric-topic [[0]] @549 with Key : server-metric
2024-08-22 17:22:43.035 +03:00 [INF] Message sent to metric-topic [[0]] @550 with Key : server-metric
2024-08-22 17:22:43.161 +03:00 [INF] Message sent to metric-topic [[0]] @551 with Key : server-metric
2024-08-22 17:22:43.296 +03:00 [INF] Message sent to metric-topic [[0]] @552 with Key : server-metric
2024-08-22 17:22:43.419 +03:00 [INF] Message sent to metric-topic [[0]] @553 with Key : server-metric
2024-08-22 17:22:43.543 +03:00 [INF] Message sent to metric-topic [[0]] @554 with Key : server-metric
2024-08-22 17:22:43.668 +03:00 [INF] Message sent to metric-topic [[0]] @555 with Key : server-metric
2024-08-22 17:22:43.793 +03:00 [INF] Message sent to metric-topic [[0]] @556 with Key : server-metric
2024-08-22 17:22:43.917 +03:00 [INF] Message sent to metric-topic [[0]] @557 with Key : server-metric
2024-08-22 17:22:44.038 +03:00 [INF] Message sent to metric-topic [[0]] @558 with Key : server-metric
2024-08-22 17:22:44.161 +03:00 [INF] Message sent to metric-topic [[0]] @559 with Key : server-metric
2024-08-22 17:22:44.285 +03:00 [INF] Message sent to metric-topic [[0]] @560 with Key : server-metric
2024-08-22 17:22:44.409 +03:00 [INF] Message sent to metric-topic [[0]] @561 with Key : server-metric
2024-08-22 17:22:44.532 +03:00 [INF] Message sent to metric-topic [[0]] @562 with Key : server-metric
2024-08-22 17:22:44.656 +03:00 [INF] Message sent to metric-topic [[0]] @563 with Key : server-metric
2024-08-22 17:22:44.780 +03:00 [INF] Message sent to metric-topic [[0]] @564 with Key : server-metric
2024-08-22 17:22:44.903 +03:00 [INF] Message sent to metric-topic [[0]] @565 with Key : server-metric
2024-08-22 17:22:45.025 +03:00 [INF] Message sent to metric-topic [[0]] @566 with Key : server-metric
2024-08-22 17:22:45.150 +03:00 [INF] Message sent to metric-topic [[0]] @567 with Key : server-metric
2024-08-22 17:22:45.276 +03:00 [INF] Message sent to metric-topic [[0]] @568 with Key : server-metric
2024-08-22 17:22:45.401 +03:00 [INF] Message sent to metric-topic [[0]] @569 with Key : server-metric
2024-08-22 17:22:45.524 +03:00 [INF] Message sent to metric-topic [[0]] @570 with Key : server-metric
2024-08-22 17:22:45.646 +03:00 [INF] Message sent to metric-topic [[0]] @571 with Key : server-metric
2024-08-22 17:22:45.772 +03:00 [INF] Message sent to metric-topic [[0]] @572 with Key : server-metric
2024-08-22 17:22:45.895 +03:00 [INF] Message sent to metric-topic [[0]] @573 with Key : server-metric
2024-08-22 17:22:46.020 +03:00 [INF] Message sent to metric-topic [[0]] @574 with Key : server-metric
2024-08-22 17:22:46.145 +03:00 [INF] Message sent to metric-topic [[0]] @575 with Key : server-metric
2024-08-22 17:22:46.269 +03:00 [INF] Message sent to metric-topic [[0]] @576 with Key : server-metric
2024-08-22 17:22:46.395 +03:00 [INF] Message sent to metric-topic [[0]] @577 with Key : server-metric
2024-08-22 17:22:46.517 +03:00 [INF] Message sent to metric-topic [[0]] @578 with Key : server-metric
2024-08-22 17:22:46.640 +03:00 [INF] Message sent to metric-topic [[0]] @579 with Key : server-metric
2024-08-22 17:22:46.764 +03:00 [INF] Message sent to metric-topic [[0]] @580 with Key : server-metric
2024-08-22 17:22:46.890 +03:00 [INF] Message sent to metric-topic [[0]] @581 with Key : server-metric
2024-08-22 17:22:47.014 +03:00 [INF] Message sent to metric-topic [[0]] @582 with Key : server-metric
2024-08-22 17:22:47.139 +03:00 [INF] Message sent to metric-topic [[0]] @583 with Key : server-metric
2024-08-22 17:22:47.263 +03:00 [INF] Message sent to metric-topic [[0]] @584 with Key : server-metric
2024-08-22 17:22:47.389 +03:00 [INF] Message sent to metric-topic [[0]] @585 with Key : server-metric
2024-08-22 17:22:47.513 +03:00 [INF] Message sent to metric-topic [[0]] @586 with Key : server-metric
2024-08-22 17:22:47.637 +03:00 [INF] Message sent to metric-topic [[0]] @587 with Key : server-metric
2024-08-22 17:22:47.761 +03:00 [INF] Message sent to metric-topic [[0]] @588 with Key : server-metric
2024-08-22 17:22:47.886 +03:00 [INF] Message sent to metric-topic [[0]] @589 with Key : server-metric
2024-08-22 17:22:48.012 +03:00 [INF] Message sent to metric-topic [[0]] @590 with Key : server-metric
2024-08-22 17:22:48.149 +03:00 [INF] Message sent to metric-topic [[0]] @591 with Key : server-metric
2024-08-22 17:22:48.274 +03:00 [INF] Message sent to metric-topic [[0]] @592 with Key : server-metric
2024-08-22 17:22:48.401 +03:00 [INF] Message sent to metric-topic [[0]] @593 with Key : server-metric
2024-08-22 17:22:48.527 +03:00 [INF] Message sent to metric-topic [[0]] @594 with Key : server-metric
2024-08-22 17:22:48.649 +03:00 [INF] Message sent to metric-topic [[0]] @595 with Key : server-metric
2024-08-22 17:22:48.772 +03:00 [INF] Message sent to metric-topic [[0]] @596 with Key : server-metric
2024-08-22 17:22:48.895 +03:00 [INF] Message sent to metric-topic [[0]] @597 with Key : server-metric
2024-08-22 17:22:49.019 +03:00 [INF] Message sent to metric-topic [[0]] @598 with Key : server-metric
2024-08-22 17:22:49.141 +03:00 [INF] Message sent to metric-topic [[0]] @599 with Key : server-metric
2024-08-22 17:22:49.263 +03:00 [INF] Message sent to metric-topic [[0]] @600 with Key : server-metric
2024-08-22 17:22:49.386 +03:00 [INF] Message sent to metric-topic [[0]] @601 with Key : server-metric
2024-08-22 17:22:49.510 +03:00 [INF] Message sent to metric-topic [[0]] @602 with Key : server-metric
2024-08-22 17:22:49.636 +03:00 [INF] Message sent to metric-topic [[0]] @603 with Key : server-metric
2024-08-22 17:22:49.759 +03:00 [INF] Message sent to metric-topic [[0]] @604 with Key : server-metric
2024-08-22 17:22:49.887 +03:00 [INF] Message sent to metric-topic [[0]] @605 with Key : server-metric
2024-08-22 17:22:50.011 +03:00 [INF] Message sent to metric-topic [[0]] @606 with Key : server-metric
2024-08-22 17:22:50.134 +03:00 [INF] Message sent to metric-topic [[0]] @607 with Key : server-metric
2024-08-22 17:22:50.259 +03:00 [INF] Message sent to metric-topic [[0]] @608 with Key : server-metric
2024-08-22 17:22:50.382 +03:00 [INF] Message sent to metric-topic [[0]] @609 with Key : server-metric
2024-08-22 17:22:50.506 +03:00 [INF] Message sent to metric-topic [[0]] @610 with Key : server-metric
2024-08-22 17:22:50.631 +03:00 [INF] Message sent to metric-topic [[0]] @611 with Key : server-metric
2024-08-22 17:22:50.753 +03:00 [INF] Message sent to metric-topic [[0]] @612 with Key : server-metric
2024-08-22 17:22:50.875 +03:00 [INF] Message sent to metric-topic [[0]] @613 with Key : server-metric
2024-08-22 17:22:50.999 +03:00 [INF] Message sent to metric-topic [[0]] @614 with Key : server-metric
2024-08-22 17:22:51.123 +03:00 [INF] Message sent to metric-topic [[0]] @615 with Key : server-metric
2024-08-22 17:22:51.246 +03:00 [INF] Message sent to metric-topic [[0]] @616 with Key : server-metric
2024-08-22 17:22:51.369 +03:00 [INF] Message sent to metric-topic [[0]] @617 with Key : server-metric
2024-08-22 17:22:51.493 +03:00 [INF] Message sent to metric-topic [[0]] @618 with Key : server-metric
2024-08-22 17:22:51.616 +03:00 [INF] Message sent to metric-topic [[0]] @619 with Key : server-metric
2024-08-22 17:22:51.740 +03:00 [INF] Message sent to metric-topic [[0]] @620 with Key : server-metric
2024-08-22 17:22:51.863 +03:00 [INF] Message sent to metric-topic [[0]] @621 with Key : server-metric
2024-08-22 17:22:51.987 +03:00 [INF] Message sent to metric-topic [[0]] @622 with Key : server-metric
2024-08-22 17:22:52.111 +03:00 [INF] Message sent to metric-topic [[0]] @623 with Key : server-metric
2024-08-22 17:22:52.236 +03:00 [INF] Message sent to metric-topic [[0]] @624 with Key : server-metric
2024-08-22 17:22:52.361 +03:00 [INF] Message sent to metric-topic [[0]] @625 with Key : server-metric
2024-08-22 17:22:52.485 +03:00 [INF] Message sent to metric-topic [[0]] @626 with Key : server-metric
2024-08-22 17:22:52.608 +03:00 [INF] Message sent to metric-topic [[0]] @627 with Key : server-metric
2024-08-22 17:22:52.732 +03:00 [INF] Message sent to metric-topic [[0]] @628 with Key : server-metric
2024-08-22 17:22:52.852 +03:00 [INF] Message sent to metric-topic [[0]] @629 with Key : server-metric
2024-08-22 17:22:52.976 +03:00 [INF] Message sent to metric-topic [[0]] @630 with Key : server-metric
2024-08-22 17:22:53.100 +03:00 [INF] Message sent to metric-topic [[0]] @631 with Key : server-metric
2024-08-22 17:22:53.225 +03:00 [INF] Message sent to metric-topic [[0]] @632 with Key : server-metric
2024-08-22 17:22:53.349 +03:00 [INF] Message sent to metric-topic [[0]] @633 with Key : server-metric
2024-08-22 17:22:53.473 +03:00 [INF] Message sent to metric-topic [[0]] @634 with Key : server-metric
2024-08-22 17:22:53.595 +03:00 [INF] Message sent to metric-topic [[0]] @635 with Key : server-metric
2024-08-22 17:22:53.719 +03:00 [INF] Message sent to metric-topic [[0]] @636 with Key : server-metric
2024-08-22 17:22:53.843 +03:00 [INF] Message sent to metric-topic [[0]] @637 with Key : server-metric
2024-08-22 17:22:53.968 +03:00 [INF] Message sent to metric-topic [[0]] @638 with Key : server-metric
2024-08-22 17:22:54.089 +03:00 [INF] Message sent to metric-topic [[0]] @639 with Key : server-metric
2024-08-22 17:22:54.214 +03:00 [INF] Message sent to metric-topic [[0]] @640 with Key : server-metric
2024-08-22 17:22:54.336 +03:00 [INF] Message sent to metric-topic [[0]] @641 with Key : server-metric
2024-08-22 17:22:54.460 +03:00 [INF] Message sent to metric-topic [[0]] @642 with Key : server-metric
2024-08-22 17:22:54.585 +03:00 [INF] Message sent to metric-topic [[0]] @643 with Key : server-metric
2024-08-22 17:22:54.710 +03:00 [INF] Message sent to metric-topic [[0]] @644 with Key : server-metric
2024-08-22 17:22:54.834 +03:00 [INF] Message sent to metric-topic [[0]] @645 with Key : server-metric
2024-08-22 17:22:54.958 +03:00 [INF] Message sent to metric-topic [[0]] @646 with Key : server-metric
2024-08-22 17:22:55.082 +03:00 [INF] Message sent to metric-topic [[0]] @647 with Key : server-metric
2024-08-22 17:22:55.205 +03:00 [INF] Message sent to metric-topic [[0]] @648 with Key : server-metric
2024-08-22 17:22:55.328 +03:00 [INF] Message sent to metric-topic [[0]] @649 with Key : server-metric
2024-08-22 17:22:55.453 +03:00 [INF] Message sent to metric-topic [[0]] @650 with Key : server-metric
2024-08-22 17:22:55.578 +03:00 [INF] Message sent to metric-topic [[0]] @651 with Key : server-metric
2024-08-22 17:22:55.702 +03:00 [INF] Message sent to metric-topic [[0]] @652 with Key : server-metric
2024-08-22 17:22:55.825 +03:00 [INF] Message sent to metric-topic [[0]] @653 with Key : server-metric
2024-08-22 17:22:55.950 +03:00 [INF] Message sent to metric-topic [[0]] @654 with Key : server-metric
2024-08-22 17:22:56.087 +03:00 [INF] Message sent to metric-topic [[0]] @655 with Key : server-metric
2024-08-22 17:22:56.213 +03:00 [INF] Message sent to metric-topic [[0]] @656 with Key : server-metric
2024-08-22 17:22:56.337 +03:00 [INF] Message sent to metric-topic [[0]] @657 with Key : server-metric
2024-08-22 17:22:56.461 +03:00 [INF] Message sent to metric-topic [[0]] @658 with Key : server-metric
2024-08-22 17:22:56.586 +03:00 [INF] Message sent to metric-topic [[0]] @659 with Key : server-metric
2024-08-22 17:22:56.710 +03:00 [INF] Message sent to metric-topic [[0]] @660 with Key : server-metric
2024-08-22 17:22:56.834 +03:00 [INF] Message sent to metric-topic [[0]] @661 with Key : server-metric
2024-08-22 17:22:56.959 +03:00 [INF] Message sent to metric-topic [[0]] @662 with Key : server-metric
2024-08-22 17:22:57.081 +03:00 [INF] Message sent to metric-topic [[0]] @663 with Key : server-metric
2024-08-22 17:22:57.204 +03:00 [INF] Message sent to metric-topic [[0]] @664 with Key : server-metric
2024-08-22 17:22:57.327 +03:00 [INF] Message sent to metric-topic [[0]] @665 with Key : server-metric
2024-08-22 17:22:57.451 +03:00 [INF] Message sent to metric-topic [[0]] @666 with Key : server-metric
2024-08-22 17:22:57.575 +03:00 [INF] Message sent to metric-topic [[0]] @667 with Key : server-metric
2024-08-22 17:22:57.701 +03:00 [INF] Message sent to metric-topic [[0]] @668 with Key : server-metric
2024-08-22 17:22:57.824 +03:00 [INF] Message sent to metric-topic [[0]] @669 with Key : server-metric
2024-08-22 17:22:57.949 +03:00 [INF] Message sent to metric-topic [[0]] @670 with Key : server-metric
2024-08-22 17:22:58.073 +03:00 [INF] Message sent to metric-topic [[0]] @671 with Key : server-metric
2024-08-22 17:22:58.198 +03:00 [INF] Message sent to metric-topic [[0]] @672 with Key : server-metric
2024-08-22 17:22:58.320 +03:00 [INF] Message sent to metric-topic [[0]] @673 with Key : server-metric
2024-08-22 17:22:58.443 +03:00 [INF] Message sent to metric-topic [[0]] @674 with Key : server-metric
2024-08-22 17:22:58.567 +03:00 [INF] Message sent to metric-topic [[0]] @675 with Key : server-metric
2024-08-22 17:22:58.692 +03:00 [INF] Message sent to metric-topic [[0]] @676 with Key : server-metric
2024-08-22 17:22:58.816 +03:00 [INF] Message sent to metric-topic [[0]] @677 with Key : server-metric
2024-08-22 17:22:58.938 +03:00 [INF] Message sent to metric-topic [[0]] @678 with Key : server-metric
2024-08-22 17:22:59.061 +03:00 [INF] Message sent to metric-topic [[0]] @679 with Key : server-metric
2024-08-22 17:22:59.187 +03:00 [INF] Message sent to metric-topic [[0]] @680 with Key : server-metric
2024-08-22 17:22:59.312 +03:00 [INF] Message sent to metric-topic [[0]] @681 with Key : server-metric
2024-08-22 17:22:59.434 +03:00 [INF] Message sent to metric-topic [[0]] @682 with Key : server-metric
2024-08-22 17:22:59.559 +03:00 [INF] Message sent to metric-topic [[0]] @683 with Key : server-metric
2024-08-22 17:22:59.684 +03:00 [INF] Message sent to metric-topic [[0]] @684 with Key : server-metric
2024-08-22 17:22:59.805 +03:00 [INF] Message sent to metric-topic [[0]] @685 with Key : server-metric
2024-08-22 17:22:59.929 +03:00 [INF] Message sent to metric-topic [[0]] @686 with Key : server-metric
2024-08-22 17:23:00.053 +03:00 [INF] Message sent to metric-topic [[0]] @687 with Key : server-metric
2024-08-22 17:23:00.177 +03:00 [INF] Message sent to metric-topic [[0]] @688 with Key : server-metric
2024-08-22 17:23:00.304 +03:00 [INF] Message sent to metric-topic [[0]] @689 with Key : server-metric
2024-08-22 17:23:00.428 +03:00 [INF] Message sent to metric-topic [[0]] @690 with Key : server-metric
2024-08-22 17:23:00.553 +03:00 [INF] Message sent to metric-topic [[0]] @691 with Key : server-metric
2024-08-22 17:23:00.674 +03:00 [INF] Message sent to metric-topic [[0]] @692 with Key : server-metric
2024-08-22 17:23:00.797 +03:00 [INF] Message sent to metric-topic [[0]] @693 with Key : server-metric
2024-08-22 17:23:00.920 +03:00 [INF] Message sent to metric-topic [[0]] @694 with Key : server-metric
2024-08-22 17:23:01.045 +03:00 [INF] Message sent to metric-topic [[0]] @695 with Key : server-metric
2024-08-22 17:23:01.867 +03:00 [INF] Message sent to metric-topic [[0]] @696 with Key : server-metric
2024-08-22 17:23:01.991 +03:00 [INF] Message sent to metric-topic [[0]] @697 with Key : server-metric
2024-08-22 17:23:02.114 +03:00 [INF] Message sent to metric-topic [[0]] @698 with Key : server-metric
2024-08-22 17:23:02.237 +03:00 [INF] Message sent to metric-topic [[0]] @699 with Key : server-metric
2024-08-22 17:23:02.361 +03:00 [INF] Message sent to metric-topic [[0]] @700 with Key : server-metric
2024-08-22 17:23:02.483 +03:00 [INF] Message sent to metric-topic [[0]] @701 with Key : server-metric
2024-08-22 17:23:02.609 +03:00 [INF] Message sent to metric-topic [[0]] @702 with Key : server-metric
2024-08-22 17:23:02.763 +03:00 [INF] Message sent to metric-topic [[0]] @703 with Key : server-metric
2024-08-22 17:23:02.887 +03:00 [INF] Message sent to metric-topic [[0]] @704 with Key : server-metric
2024-08-22 17:23:03.011 +03:00 [INF] Message sent to metric-topic [[0]] @705 with Key : server-metric
2024-08-22 17:23:03.135 +03:00 [INF] Message sent to metric-topic [[0]] @706 with Key : server-metric
2024-08-22 17:23:03.260 +03:00 [INF] Message sent to metric-topic [[0]] @707 with Key : server-metric
2024-08-22 17:23:03.384 +03:00 [INF] Message sent to metric-topic [[0]] @708 with Key : server-metric
2024-08-22 17:23:03.507 +03:00 [INF] Message sent to metric-topic [[0]] @709 with Key : server-metric
2024-08-22 17:23:03.632 +03:00 [INF] Message sent to metric-topic [[0]] @710 with Key : server-metric
2024-08-22 17:23:03.754 +03:00 [INF] Message sent to metric-topic [[0]] @711 with Key : server-metric
2024-08-22 17:23:03.880 +03:00 [INF] Message sent to metric-topic [[0]] @712 with Key : server-metric
2024-08-22 17:23:04.004 +03:00 [INF] Message sent to metric-topic [[0]] @713 with Key : server-metric
2024-08-22 17:23:04.128 +03:00 [INF] Message sent to metric-topic [[0]] @714 with Key : server-metric
2024-08-22 17:23:04.250 +03:00 [INF] Message sent to metric-topic [[0]] @715 with Key : server-metric
2024-08-22 17:23:04.374 +03:00 [INF] Message sent to metric-topic [[0]] @716 with Key : server-metric
2024-08-22 17:23:04.500 +03:00 [INF] Message sent to metric-topic [[0]] @717 with Key : server-metric
