2024-08-16 13:07:46.137 +03:00 [ERR] An exception occurred while iterating over the results of a query for context type 'Persistance.DbContexts.ClientConfigDbContext'.
System.InvalidCastException: Column 'system_id' is null.
   at Npgsql.ThrowHelper.ThrowInvalidCastException_NoValue(FieldDescription field)
   at Npgsql.NpgsqlDataReader.DbNullValueOrThrow[T](Int32 ordinal)
   at Npgsql.NpgsqlDataReader.GetFieldValueCore[T](Int32 ordinal)
   at Npgsql.NpgsqlDataReader.GetGuid(Int32 ordinal)
   at lambda_method29(Closure, QueryContext, DbDataReader, ResultContext, SingleQueryResultCoordinator)
   at Microsoft.EntityFrameworkCore.Query.Internal.SingleQueryingEnumerable`1.AsyncEnumerator.MoveNextAsync()
System.InvalidCastException: Column 'system_id' is null.
   at void Npgsql.ThrowHelper.ThrowInvalidCastException_NoValue(FieldDescription field)
   at T Npgsql.NpgsqlDataReader.DbNullValueOrThrow<T>(int ordinal)
   at T Npgsql.NpgsqlDataReader.GetFieldValueCore<T>(int ordinal)
   at Guid Npgsql.NpgsqlDataReader.GetGuid(int ordinal)
   at ClientSettings lambda_method29(Closure, QueryContext, DbDataReader, ResultContext, SingleQueryResultCoordinator)
   at async ValueTask<bool> Microsoft.EntityFrameworkCore.Query.Internal.SingleQueryingEnumerable<T>+AsyncEnumerator.MoveNextAsync()
2024-08-16 13:07:46.567 +03:00 [ERR] Column 'system_id' is null.
2024-08-16 13:07:46.580 +03:00 [ERR] HTTP GET /api/v1/client/configure/ClientConfig responded 500 in 1241.4938 ms
2024-08-16 13:07:57.133 +03:00 [ERR] An exception occurred while iterating over the results of a query for context type 'Persistance.DbContexts.ClientConfigDbContext'.
System.InvalidCastException: Column 'system_id' is null.
   at Npgsql.ThrowHelper.ThrowInvalidCastException_NoValue(FieldDescription field)
   at Npgsql.NpgsqlDataReader.DbNullValueOrThrow[T](Int32 ordinal)
   at Npgsql.NpgsqlDataReader.GetFieldValueCore[T](Int32 ordinal)
   at Npgsql.NpgsqlDataReader.GetGuid(Int32 ordinal)
   at lambda_method29(Closure, QueryContext, DbDataReader, ResultContext, SingleQueryResultCoordinator)
   at Microsoft.EntityFrameworkCore.Query.Internal.SingleQueryingEnumerable`1.AsyncEnumerator.MoveNextAsync()
System.InvalidCastException: Column 'system_id' is null.
   at void Npgsql.ThrowHelper.ThrowInvalidCastException_NoValue(FieldDescription field)
   at T Npgsql.NpgsqlDataReader.DbNullValueOrThrow<T>(int ordinal)
   at T Npgsql.NpgsqlDataReader.GetFieldValueCore<T>(int ordinal)
   at Guid Npgsql.NpgsqlDataReader.GetGuid(int ordinal)
   at ClientSettings lambda_method29(Closure, QueryContext, DbDataReader, ResultContext, SingleQueryResultCoordinator)
   at async ValueTask<bool> Microsoft.EntityFrameworkCore.Query.Internal.SingleQueryingEnumerable<T>+AsyncEnumerator.MoveNextAsync()
2024-08-16 13:07:57.601 +03:00 [ERR] Column 'system_id' is null.
2024-08-16 13:07:57.604 +03:00 [ERR] HTTP GET /api/v1/client/configure/ClientConfig responded 500 in 524.9961 ms
2024-08-16 13:08:11.122 +03:00 [ERR] An exception occurred while iterating over the results of a query for context type 'Persistance.DbContexts.ClientConfigDbContext'.
System.InvalidCastException: Column 'system_id' is null.
   at Npgsql.ThrowHelper.ThrowInvalidCastException_NoValue(FieldDescription field)
   at Npgsql.NpgsqlDataReader.DbNullValueOrThrow[T](Int32 ordinal)
   at Npgsql.NpgsqlDataReader.GetFieldValueCore[T](Int32 ordinal)
   at Npgsql.NpgsqlDataReader.GetGuid(Int32 ordinal)
   at lambda_method29(Closure, QueryContext, DbDataReader, ResultContext, SingleQueryResultCoordinator)
   at Microsoft.EntityFrameworkCore.Query.Internal.SingleQueryingEnumerable`1.AsyncEnumerator.MoveNextAsync()
System.InvalidCastException: Column 'system_id' is null.
   at void Npgsql.ThrowHelper.ThrowInvalidCastException_NoValue(FieldDescription field)
   at T Npgsql.NpgsqlDataReader.DbNullValueOrThrow<T>(int ordinal)
   at T Npgsql.NpgsqlDataReader.GetFieldValueCore<T>(int ordinal)
   at Guid Npgsql.NpgsqlDataReader.GetGuid(int ordinal)
   at ClientSettings lambda_method29(Closure, QueryContext, DbDataReader, ResultContext, SingleQueryResultCoordinator)
   at async ValueTask<bool> Microsoft.EntityFrameworkCore.Query.Internal.SingleQueryingEnumerable<T>+AsyncEnumerator.MoveNextAsync()
2024-08-16 13:08:11.386 +03:00 [ERR] Column 'system_id' is null.
2024-08-16 13:08:11.389 +03:00 [ERR] HTTP GET /api/v1/client/configure/ClientConfig responded 500 in 308.2028 ms
2024-08-16 13:10:53.426 +03:00 [ERR] An exception occurred while iterating over the results of a query for context type 'Persistance.DbContexts.ClientConfigDbContext'.
System.InvalidCastException: Column 'system_id' is null.
   at Npgsql.ThrowHelper.ThrowInvalidCastException_NoValue(FieldDescription field)
   at Npgsql.NpgsqlDataReader.DbNullValueOrThrow[T](Int32 ordinal)
   at Npgsql.NpgsqlDataReader.GetFieldValueCore[T](Int32 ordinal)
   at Npgsql.NpgsqlDataReader.GetGuid(Int32 ordinal)
   at lambda_method29(Closure, QueryContext, DbDataReader, ResultContext, SingleQueryResultCoordinator)
   at Microsoft.EntityFrameworkCore.Query.Internal.SingleQueryingEnumerable`1.AsyncEnumerator.MoveNextAsync()
System.InvalidCastException: Column 'system_id' is null.
   at void Npgsql.ThrowHelper.ThrowInvalidCastException_NoValue(FieldDescription field)
   at T Npgsql.NpgsqlDataReader.DbNullValueOrThrow<T>(int ordinal)
   at T Npgsql.NpgsqlDataReader.GetFieldValueCore<T>(int ordinal)
   at Guid Npgsql.NpgsqlDataReader.GetGuid(int ordinal)
   at ClientSettings lambda_method29(Closure, QueryContext, DbDataReader, ResultContext, SingleQueryResultCoordinator)
   at async ValueTask<bool> Microsoft.EntityFrameworkCore.Query.Internal.SingleQueryingEnumerable<T>+AsyncEnumerator.MoveNextAsync()
2024-08-16 13:10:53.754 +03:00 [ERR] Column 'system_id' is null.
2024-08-16 13:10:53.760 +03:00 [ERR] HTTP GET /api/v1/client/configure/ClientConfig responded 500 in 770.2501 ms
