2024-08-10 01:46:00.628 +03:00 [INF] Application startup services registration
2024-08-10 01:46:07.470 +03:00 [WRN] An error occurred starting the application
System.ArgumentException: Arity of open generic service type 'Application.Interfaces.IGenericRepositoryAsync`1[T]' does not equal arity of open generic implementation type 'Persistance.Repositories.GenericRepositoryAsync`2[T,TContext]'. (Parameter 'descriptors')
   at void Microsoft.Extensions.DependencyInjection.ServiceLookup.CallSiteFactory.Populate()
   at new Microsoft.Extensions.DependencyInjection.ServiceProvider(ICollection<ServiceDescriptor> serviceDescriptors, ServiceProviderOptions options)
   at ServiceProvider Microsoft.Extensions.DependencyInjection.ServiceCollectionContainerBuilderExtensions.BuildServiceProvider(IServiceCollection services, ServiceProviderOptions options)
   at void Microsoft.Extensions.Hosting.HostBuilder.InitializeServiceProvider()
   at IHost Microsoft.Extensions.Hosting.HostBuilder.Build()
   at void Program.<Main>$(?) in D:/Develop/App/WSService-DataModules/WebAPI/WebAPI.Backend/Presentation/WebAPI/Program.cs:line 104
2024-08-10 01:47:04.253 +03:00 [INF] Application startup services registration
2024-08-10 01:47:04.797 +03:00 [WRN] An error occurred starting the application
System.ArgumentException: Arity of open generic service type 'Application.Interfaces.IGenericRepositoryAsync`1[T]' does not equal arity of open generic implementation type 'Persistance.Repositories.GenericRepositoryAsync`2[T,TContext]'. (Parameter 'descriptors')
   at void Microsoft.Extensions.DependencyInjection.ServiceLookup.CallSiteFactory.Populate()
   at new Microsoft.Extensions.DependencyInjection.ServiceProvider(ICollection<ServiceDescriptor> serviceDescriptors, ServiceProviderOptions options)
   at ServiceProvider Microsoft.Extensions.DependencyInjection.ServiceCollectionContainerBuilderExtensions.BuildServiceProvider(IServiceCollection services, ServiceProviderOptions options)
   at void Microsoft.Extensions.Hosting.HostBuilder.InitializeServiceProvider()
   at IHost Microsoft.Extensions.Hosting.HostBuilder.Build()
   at void Program.<Main>$(?) in D:/Develop/App/WSService-DataModules/WebAPI/WebAPI.Backend/Presentation/WebAPI/Program.cs:line 104
2024-08-10 01:47:09.351 +03:00 [INF] Application startup services registration
2024-08-10 01:47:09.944 +03:00 [WRN] An error occurred starting the application
System.ArgumentException: Arity of open generic service type 'Application.Interfaces.IGenericRepositoryAsync`1[T]' does not equal arity of open generic implementation type 'Persistance.Repositories.GenericRepositoryAsync`2[T,TContext]'. (Parameter 'descriptors')
   at void Microsoft.Extensions.DependencyInjection.ServiceLookup.CallSiteFactory.Populate()
   at new Microsoft.Extensions.DependencyInjection.ServiceProvider(ICollection<ServiceDescriptor> serviceDescriptors, ServiceProviderOptions options)
   at ServiceProvider Microsoft.Extensions.DependencyInjection.ServiceCollectionContainerBuilderExtensions.BuildServiceProvider(IServiceCollection services, ServiceProviderOptions options)
   at void Microsoft.Extensions.Hosting.HostBuilder.InitializeServiceProvider()
   at IHost Microsoft.Extensions.Hosting.HostBuilder.Build()
   at void Program.<Main>$(?) in D:/Develop/App/WSService-DataModules/WebAPI/WebAPI.Backend/Presentation/WebAPI/Program.cs:line 104
2024-08-10 01:56:25.664 +03:00 [INF] Application startup services registration
2024-08-10 01:56:29.322 +03:00 [WRN] An error occurred starting the application
System.ArgumentException: Arity of open generic service type 'Application.Interfaces.IGenericRepositoryAsync`1[T]' does not equal arity of open generic implementation type 'Persistance.Repositories.GenericRepositoryAsync`2[T,TContext]'. (Parameter 'descriptors')
   at void Microsoft.Extensions.DependencyInjection.ServiceLookup.CallSiteFactory.Populate()
   at new Microsoft.Extensions.DependencyInjection.ServiceProvider(ICollection<ServiceDescriptor> serviceDescriptors, ServiceProviderOptions options)
   at ServiceProvider Microsoft.Extensions.DependencyInjection.ServiceCollectionContainerBuilderExtensions.BuildServiceProvider(IServiceCollection services, ServiceProviderOptions options)
   at void Microsoft.Extensions.Hosting.HostBuilder.InitializeServiceProvider()
   at IHost Microsoft.Extensions.Hosting.HostBuilder.Build()
   at void Program.<Main>$(?) in D:/Develop/App/WSService-DataModules/WebAPI/WebAPI.Backend/Presentation/WebAPI/Program.cs:line 105
2024-08-10 01:57:06.214 +03:00 [INF] Application startup services registration
2024-08-10 01:57:06.879 +03:00 [WRN] An error occurred starting the application
System.ArgumentException: Arity of open generic service type 'Application.Interfaces.IGenericRepositoryAsync`1[T]' does not equal arity of open generic implementation type 'Persistance.Repositories.GenericRepositoryAsync`2[T,TContext]'. (Parameter 'descriptors')
   at void Microsoft.Extensions.DependencyInjection.ServiceLookup.CallSiteFactory.Populate()
   at new Microsoft.Extensions.DependencyInjection.ServiceProvider(ICollection<ServiceDescriptor> serviceDescriptors, ServiceProviderOptions options)
   at ServiceProvider Microsoft.Extensions.DependencyInjection.ServiceCollectionContainerBuilderExtensions.BuildServiceProvider(IServiceCollection services, ServiceProviderOptions options)
   at void Microsoft.Extensions.Hosting.HostBuilder.InitializeServiceProvider()
   at IHost Microsoft.Extensions.Hosting.HostBuilder.Build()
   at void Program.<Main>$(?) in D:/Develop/App/WSService-DataModules/WebAPI/WebAPI.Backend/Presentation/WebAPI/Program.cs:line 105
2024-08-10 01:57:22.668 +03:00 [INF] Application startup services registration
2024-08-10 01:57:25.433 +03:00 [WRN] An error occurred starting the application
System.ArgumentException: Arity of open generic service type 'Application.Interfaces.IGenericRepositoryAsync`1[T]' does not equal arity of open generic implementation type 'Persistance.Repositories.GenericRepositoryAsync`2[T,TContext]'. (Parameter 'descriptors')
   at void Microsoft.Extensions.DependencyInjection.ServiceLookup.CallSiteFactory.Populate()
   at new Microsoft.Extensions.DependencyInjection.ServiceProvider(ICollection<ServiceDescriptor> serviceDescriptors, ServiceProviderOptions options)
   at ServiceProvider Microsoft.Extensions.DependencyInjection.ServiceCollectionContainerBuilderExtensions.BuildServiceProvider(IServiceCollection services, ServiceProviderOptions options)
   at void Microsoft.Extensions.Hosting.HostBuilder.InitializeServiceProvider()
   at IHost Microsoft.Extensions.Hosting.HostBuilder.Build()
   at void Program.<Main>$(?) in D:/Develop/App/WSService-DataModules/WebAPI/WebAPI.Backend/Presentation/WebAPI/Program.cs:line 105
2024-08-10 02:13:06.244 +03:00 [INF] Application startup services registration
2024-08-10 02:13:07.077 +03:00 [WRN] An error occurred starting the application
System.ArgumentException: Arity of open generic service type 'Application.Interfaces.IGenericRepositoryAsync`1[T]' does not equal arity of open generic implementation type 'Persistance.Repositories.GenericRepositoryAsync`2[T,TContext]'. (Parameter 'descriptors')
   at void Microsoft.Extensions.DependencyInjection.ServiceLookup.CallSiteFactory.Populate()
   at new Microsoft.Extensions.DependencyInjection.ServiceProvider(ICollection<ServiceDescriptor> serviceDescriptors, ServiceProviderOptions options)
   at ServiceProvider Microsoft.Extensions.DependencyInjection.ServiceCollectionContainerBuilderExtensions.BuildServiceProvider(IServiceCollection services, ServiceProviderOptions options)
   at void Microsoft.Extensions.Hosting.HostBuilder.InitializeServiceProvider()
   at IHost Microsoft.Extensions.Hosting.HostBuilder.Build()
   at void Program.<Main>$(?) in D:/Develop/App/WSService-DataModules/WebAPI/WebAPI.Backend/Presentation/WebAPI/Program.cs:line 105
2024-08-10 02:13:49.223 +03:00 [INF] Application startup services registration
2024-08-10 02:13:52.843 +03:00 [WRN] An error occurred starting the application
System.AggregateException: Some services are not able to be constructed (Error while validating the service descriptor 'ServiceType: MediatR.IRequestHandler`2[Application.Features.Connections.Queries.GetConnectionsList.GetConnectionsListQuery,Application.Wrappers.ConnectionResponse`1[System.Collections.Generic.IEnumerable`1[Domain.Entities.Entity]]] Lifetime: Transient ImplementationType: Application.Features.Connections.Queries.GetConnectionsList.GetConnectionsListQueryHandler': Unable to resolve service for type 'Application.Interfaces.Repositories.IConnectionRepositoryAsync' while attempting to activate 'Application.Features.Connections.Queries.GetConnectionsList.GetConnectionsListQueryHandler'.) (Error while validating the service descriptor 'ServiceType: MediatR.IRequestHandler`2[Application.Features.Connections.Queries.GetConnectionDetails.GetConnectionDetalisQuery,Application.Wrappers.Response`1[Application.Features.Connections.Queries.GetConnectionDetails.ConnectionDetailsViewModel]] Lifetime: Transient ImplementationType: Application.Features.Connections.Queries.GetConnectionDetails.GetConnectionDetailsQueryHandler': Unable to resolve service for type 'Application.Interfaces.Repositories.IConnectionRepositoryAsync' while attempting to activate 'Application.Features.Connections.Queries.GetConnectionDetails.GetConnectionDetailsQueryHandler'.) (Error while validating the service descriptor 'ServiceType: MediatR.IRequestHandler`2[Application.Features.Connections.Commands.UpdateConnection.UpdateConnectionCommand,Application.Wrappers.Response`1[System.String]] Lifetime: Transient ImplementationType: Application.Features.Connections.Commands.UpdateConnection.UpdateConnectionCommandHandler': Unable to resolve service for type 'Application.Interfaces.Repositories.IConnectionRepositoryAsync' while attempting to activate 'Application.Features.Connections.Commands.UpdateConnection.UpdateConnectionCommandHandler'.) (Error while validating the service descriptor 'ServiceType: MediatR.IRequestHandler`2[Application.Features.Connections.Commands.OpenConnection.OpenConnectionCommand,Application.Wrappers.Response`1[Domain.Enums.ConnectionCommand]] Lifetime: Transient ImplementationType: Application.Features.Connections.Commands.OpenConnection.OpenConnectionCommandHandler': Unable to resolve service for type 'Application.Interfaces.Repositories.IConnectionRepositoryAsync' while attempting to activate 'Application.Features.Connections.Commands.OpenConnection.OpenConnectionCommandHandler'.) (Error while validating the service descriptor 'ServiceType: MediatR.IRequestHandler`2[Application.Features.Connections.Commands.DeleteConnection.DeleteConnectionCommand,Application.Wrappers.Response`1[System.String]] Lifetime: Transient ImplementationType: Application.Features.Connections.Commands.DeleteConnection.DeleteConnectionCommandHandler': Unable to resolve service for type 'Application.Interfaces.Repositories.IConnectionRepositoryAsync' while attempting to activate 'Application.Features.Connections.Commands.DeleteConnection.DeleteConnectionCommandHandler'.) (Error while validating the service descriptor 'ServiceType: MediatR.IRequestHandler`2[Application.Features.Connections.Commands.CloseConnection.CloseConnectionCommand,Application.Wrappers.Response`1[Domain.Enums.ConnectionCommand]] Lifetime: Transient ImplementationType: Application.Features.Connections.Commands.CloseConnection.CloseConnectionCommandHandler': Unable to resolve service for type 'Application.Interfaces.Repositories.IConnectionRepositoryAsync' while attempting to activate 'Application.Features.Connections.Commands.CloseConnection.CloseConnectionCommandHandler'.) (Error while validating the service descriptor 'ServiceType: MediatR.IRequestHandler`2[Application.Features.Connections.Commands.AddConnection.AddConnectionCommand,Application.Wrappers.Response`1[System.String]] Lifetime: Transient ImplementationType: Application.Features.Connections.Commands.AddConnection.AddConnectionCommandHandler': Unable to resolve service for type 'Application.Interfaces.Repositories.IConnectionRepositoryAsync' while attempting to activate 'Application.Features.Connections.Commands.AddConnection.AddConnectionCommandHandler'.) (Error while validating the service descriptor 'ServiceType: MediatR.IRequestHandler`2[Application.Features.Configurations.Server.Commands.SendConfig.SendConfigServerCommand,Application.Wrappers.Response`1[System.Guid]] Lifetime: Transient ImplementationType: Application.Features.Configurations.Server.Commands.SendConfig.SendConfigServerCommandHandler': Unable to resolve service for type 'System.Threading.CancellationToken' while attempting to activate 'Application.Features.Configurations.Server.Commands.SendConfig.SendConfigServerCommandHandler'.) (Error while validating the service descriptor 'ServiceType: MediatR.IRequestHandler`2[Application.Features.Configurations.Client.Commands.SendConfig.SendConfigClientCommand,Application.Wrappers.Response`1[System.Guid]] Lifetime: Transient ImplementationType: Application.Features.Configurations.Client.Commands.SendConfig.SendConfigClientCommandHandler': Unable to resolve service for type 'System.Threading.CancellationToken' while attempting to activate 'Application.Features.Configurations.Client.Commands.SendConfig.SendConfigClientCommandHandler'.)
 ---> System.InvalidOperationException: Error while validating the service descriptor 'ServiceType: MediatR.IRequestHandler`2[Application.Features.Connections.Queries.GetConnectionsList.GetConnectionsListQuery,Application.Wrappers.ConnectionResponse`1[System.Collections.Generic.IEnumerable`1[Domain.Entities.Entity]]] Lifetime: Transient ImplementationType: Application.Features.Connections.Queries.GetConnectionsList.GetConnectionsListQueryHandler': Unable to resolve service for type 'Application.Interfaces.Repositories.IConnectionRepositoryAsync' while attempting to activate 'Application.Features.Connections.Queries.GetConnectionsList.GetConnectionsListQueryHandler'.
 ---> System.InvalidOperationException: Unable to resolve service for type 'Application.Interfaces.Repositories.IConnectionRepositoryAsync' while attempting to activate 'Application.Features.Connections.Queries.GetConnectionsList.GetConnectionsListQueryHandler'.
   at ServiceCallSite[] Microsoft.Extensions.DependencyInjection.ServiceLookup.CallSiteFactory.CreateArgumentCallSites(ServiceIdentifier serviceIdentifier, Type implementationType, CallSiteChain callSiteChain, ParameterInfo[] parameters, bool throwIfCallSiteNotFound)
   at ConstructorCallSite Microsoft.Extensions.DependencyInjection.ServiceLookup.CallSiteFactory.CreateConstructorCallSite(ResultCache lifetime, ServiceIdentifier serviceIdentifier, Type implementationType, CallSiteChain callSiteChain)
   at ServiceCallSite Microsoft.Extensions.DependencyInjection.ServiceLookup.CallSiteFactory.TryCreateExact(ServiceDescriptor descriptor, ServiceIdentifier serviceIdentifier, CallSiteChain callSiteChain, int slot)
   at ServiceCallSite Microsoft.Extensions.DependencyInjection.ServiceLookup.CallSiteFactory.GetCallSite(ServiceDescriptor serviceDescriptor, CallSiteChain callSiteChain)
   at void Microsoft.Extensions.DependencyInjection.ServiceProvider.ValidateService(ServiceDescriptor descriptor)
   --- End of inner exception stack trace ---
   at void Microsoft.Extensions.DependencyInjection.ServiceProvider.ValidateService(ServiceDescriptor descriptor)
   at new Microsoft.Extensions.DependencyInjection.ServiceProvider(ICollection<ServiceDescriptor> serviceDescriptors, ServiceProviderOptions options)
   --- End of inner exception stack trace ---
   at new Microsoft.Extensions.DependencyInjection.ServiceProvider(ICollection<ServiceDescriptor> serviceDescriptors, ServiceProviderOptions options)
   at ServiceProvider Microsoft.Extensions.DependencyInjection.ServiceCollectionContainerBuilderExtensions.BuildServiceProvider(IServiceCollection services, ServiceProviderOptions options)
   at void Microsoft.Extensions.Hosting.HostBuilder.InitializeServiceProvider()
   at IHost Microsoft.Extensions.Hosting.HostBuilder.Build()
   at void Program.<Main>$(?) in D:/Develop/App/WSService-DataModules/WebAPI/WebAPI.Backend/Presentation/WebAPI/Program.cs:line 105
 ---> (Inner Exception #1) System.InvalidOperationException: Error while validating the service descriptor 'ServiceType: MediatR.IRequestHandler`2[Application.Features.Connections.Queries.GetConnectionDetails.GetConnectionDetalisQuery,Application.Wrappers.Response`1[Application.Features.Connections.Queries.GetConnectionDetails.ConnectionDetailsViewModel]] Lifetime: Transient ImplementationType: Application.Features.Connections.Queries.GetConnectionDetails.GetConnectionDetailsQueryHandler': Unable to resolve service for type 'Application.Interfaces.Repositories.IConnectionRepositoryAsync' while attempting to activate 'Application.Features.Connections.Queries.GetConnectionDetails.GetConnectionDetailsQueryHandler'.
 ---> System.InvalidOperationException: Unable to resolve service for type 'Application.Interfaces.Repositories.IConnectionRepositoryAsync' while attempting to activate 'Application.Features.Connections.Queries.GetConnectionDetails.GetConnectionDetailsQueryHandler'.
   at ServiceCallSite[] Microsoft.Extensions.DependencyInjection.ServiceLookup.CallSiteFactory.CreateArgumentCallSites(ServiceIdentifier serviceIdentifier, Type implementationType, CallSiteChain callSiteChain, ParameterInfo[] parameters, bool throwIfCallSiteNotFound)
   at ConstructorCallSite Microsoft.Extensions.DependencyInjection.ServiceLookup.CallSiteFactory.CreateConstructorCallSite(ResultCache lifetime, ServiceIdentifier serviceIdentifier, Type implementationType, CallSiteChain callSiteChain)
   at ServiceCallSite Microsoft.Extensions.DependencyInjection.ServiceLookup.CallSiteFactory.TryCreateExact(ServiceDescriptor descriptor, ServiceIdentifier serviceIdentifier, CallSiteChain callSiteChain, int slot)
   at ServiceCallSite Microsoft.Extensions.DependencyInjection.ServiceLookup.CallSiteFactory.GetCallSite(ServiceDescriptor serviceDescriptor, CallSiteChain callSiteChain)
   at void Microsoft.Extensions.DependencyInjection.ServiceProvider.ValidateService(ServiceDescriptor descriptor)
   --- End of inner exception stack trace ---
   at void Microsoft.Extensions.DependencyInjection.ServiceProvider.ValidateService(ServiceDescriptor descriptor)
   at new Microsoft.Extensions.DependencyInjection.ServiceProvider(ICollection<ServiceDescriptor> serviceDescriptors, ServiceProviderOptions options)<---

 ---> (Inner Exception #2) System.InvalidOperationException: Error while validating the service descriptor 'ServiceType: MediatR.IRequestHandler`2[Application.Features.Connections.Commands.UpdateConnection.UpdateConnectionCommand,Application.Wrappers.Response`1[System.String]] Lifetime: Transient ImplementationType: Application.Features.Connections.Commands.UpdateConnection.UpdateConnectionCommandHandler': Unable to resolve service for type 'Application.Interfaces.Repositories.IConnectionRepositoryAsync' while attempting to activate 'Application.Features.Connections.Commands.UpdateConnection.UpdateConnectionCommandHandler'.
 ---> System.InvalidOperationException: Unable to resolve service for type 'Application.Interfaces.Repositories.IConnectionRepositoryAsync' while attempting to activate 'Application.Features.Connections.Commands.UpdateConnection.UpdateConnectionCommandHandler'.
   at ServiceCallSite[] Microsoft.Extensions.DependencyInjection.ServiceLookup.CallSiteFactory.CreateArgumentCallSites(ServiceIdentifier serviceIdentifier, Type implementationType, CallSiteChain callSiteChain, ParameterInfo[] parameters, bool throwIfCallSiteNotFound)
   at ConstructorCallSite Microsoft.Extensions.DependencyInjection.ServiceLookup.CallSiteFactory.CreateConstructorCallSite(ResultCache lifetime, ServiceIdentifier serviceIdentifier, Type implementationType, CallSiteChain callSiteChain)
   at ServiceCallSite Microsoft.Extensions.DependencyInjection.ServiceLookup.CallSiteFactory.TryCreateExact(ServiceDescriptor descriptor, ServiceIdentifier serviceIdentifier, CallSiteChain callSiteChain, int slot)
   at ServiceCallSite Microsoft.Extensions.DependencyInjection.ServiceLookup.CallSiteFactory.GetCallSite(ServiceDescriptor serviceDescriptor, CallSiteChain callSiteChain)
   at void Microsoft.Extensions.DependencyInjection.ServiceProvider.ValidateService(ServiceDescriptor descriptor)
   --- End of inner exception stack trace ---
   at void Microsoft.Extensions.DependencyInjection.ServiceProvider.ValidateService(ServiceDescriptor descriptor)
   at new Microsoft.Extensions.DependencyInjection.ServiceProvider(ICollection<ServiceDescriptor> serviceDescriptors, ServiceProviderOptions options)<---

 ---> (Inner Exception #3) System.InvalidOperationException: Error while validating the service descriptor 'ServiceType: MediatR.IRequestHandler`2[Application.Features.Connections.Commands.OpenConnection.OpenConnectionCommand,Application.Wrappers.Response`1[Domain.Enums.ConnectionCommand]] Lifetime: Transient ImplementationType: Application.Features.Connections.Commands.OpenConnection.OpenConnectionCommandHandler': Unable to resolve service for type 'Application.Interfaces.Repositories.IConnectionRepositoryAsync' while attempting to activate 'Application.Features.Connections.Commands.OpenConnection.OpenConnectionCommandHandler'.
 ---> System.InvalidOperationException: Unable to resolve service for type 'Application.Interfaces.Repositories.IConnectionRepositoryAsync' while attempting to activate 'Application.Features.Connections.Commands.OpenConnection.OpenConnectionCommandHandler'.
   at ServiceCallSite[] Microsoft.Extensions.DependencyInjection.ServiceLookup.CallSiteFactory.CreateArgumentCallSites(ServiceIdentifier serviceIdentifier, Type implementationType, CallSiteChain callSiteChain, ParameterInfo[] parameters, bool throwIfCallSiteNotFound)
   at ConstructorCallSite Microsoft.Extensions.DependencyInjection.ServiceLookup.CallSiteFactory.CreateConstructorCallSite(ResultCache lifetime, ServiceIdentifier serviceIdentifier, Type implementationType, CallSiteChain callSiteChain)
   at ServiceCallSite Microsoft.Extensions.DependencyInjection.ServiceLookup.CallSiteFactory.TryCreateExact(ServiceDescriptor descriptor, ServiceIdentifier serviceIdentifier, CallSiteChain callSiteChain, int slot)
   at ServiceCallSite Microsoft.Extensions.DependencyInjection.ServiceLookup.CallSiteFactory.GetCallSite(ServiceDescriptor serviceDescriptor, CallSiteChain callSiteChain)
   at void Microsoft.Extensions.DependencyInjection.ServiceProvider.ValidateService(ServiceDescriptor descriptor)
   --- End of inner exception stack trace ---
   at void Microsoft.Extensions.DependencyInjection.ServiceProvider.ValidateService(ServiceDescriptor descriptor)
   at new Microsoft.Extensions.DependencyInjection.ServiceProvider(ICollection<ServiceDescriptor> serviceDescriptors, ServiceProviderOptions options)<---

 ---> (Inner Exception #4) System.InvalidOperationException: Error while validating the service descriptor 'ServiceType: MediatR.IRequestHandler`2[Application.Features.Connections.Commands.DeleteConnection.DeleteConnectionCommand,Application.Wrappers.Response`1[System.String]] Lifetime: Transient ImplementationType: Application.Features.Connections.Commands.DeleteConnection.DeleteConnectionCommandHandler': Unable to resolve service for type 'Application.Interfaces.Repositories.IConnectionRepositoryAsync' while attempting to activate 'Application.Features.Connections.Commands.DeleteConnection.DeleteConnectionCommandHandler'.
 ---> System.InvalidOperationException: Unable to resolve service for type 'Application.Interfaces.Repositories.IConnectionRepositoryAsync' while attempting to activate 'Application.Features.Connections.Commands.DeleteConnection.DeleteConnectionCommandHandler'.
   at ServiceCallSite[] Microsoft.Extensions.DependencyInjection.ServiceLookup.CallSiteFactory.CreateArgumentCallSites(ServiceIdentifier serviceIdentifier, Type implementationType, CallSiteChain callSiteChain, ParameterInfo[] parameters, bool throwIfCallSiteNotFound)
   at ConstructorCallSite Microsoft.Extensions.DependencyInjection.ServiceLookup.CallSiteFactory.CreateConstructorCallSite(ResultCache lifetime, ServiceIdentifier serviceIdentifier, Type implementationType, CallSiteChain callSiteChain)
   at ServiceCallSite Microsoft.Extensions.DependencyInjection.ServiceLookup.CallSiteFactory.TryCreateExact(ServiceDescriptor descriptor, ServiceIdentifier serviceIdentifier, CallSiteChain callSiteChain, int slot)
   at ServiceCallSite Microsoft.Extensions.DependencyInjection.ServiceLookup.CallSiteFactory.GetCallSite(ServiceDescriptor serviceDescriptor, CallSiteChain callSiteChain)
   at void Microsoft.Extensions.DependencyInjection.ServiceProvider.ValidateService(ServiceDescriptor descriptor)
   --- End of inner exception stack trace ---
   at void Microsoft.Extensions.DependencyInjection.ServiceProvider.ValidateService(ServiceDescriptor descriptor)
   at new Microsoft.Extensions.DependencyInjection.ServiceProvider(ICollection<ServiceDescriptor> serviceDescriptors, ServiceProviderOptions options)<---

 ---> (Inner Exception #5) System.InvalidOperationException: Error while validating the service descriptor 'ServiceType: MediatR.IRequestHandler`2[Application.Features.Connections.Commands.CloseConnection.CloseConnectionCommand,Application.Wrappers.Response`1[Domain.Enums.ConnectionCommand]] Lifetime: Transient ImplementationType: Application.Features.Connections.Commands.CloseConnection.CloseConnectionCommandHandler': Unable to resolve service for type 'Application.Interfaces.Repositories.IConnectionRepositoryAsync' while attempting to activate 'Application.Features.Connections.Commands.CloseConnection.CloseConnectionCommandHandler'.
 ---> System.InvalidOperationException: Unable to resolve service for type 'Application.Interfaces.Repositories.IConnectionRepositoryAsync' while attempting to activate 'Application.Features.Connections.Commands.CloseConnection.CloseConnectionCommandHandler'.
   at ServiceCallSite[] Microsoft.Extensions.DependencyInjection.ServiceLookup.CallSiteFactory.CreateArgumentCallSites(ServiceIdentifier serviceIdentifier, Type implementationType, CallSiteChain callSiteChain, ParameterInfo[] parameters, bool throwIfCallSiteNotFound)
   at ConstructorCallSite Microsoft.Extensions.DependencyInjection.ServiceLookup.CallSiteFactory.CreateConstructorCallSite(ResultCache lifetime, ServiceIdentifier serviceIdentifier, Type implementationType, CallSiteChain callSiteChain)
   at ServiceCallSite Microsoft.Extensions.DependencyInjection.ServiceLookup.CallSiteFactory.TryCreateExact(ServiceDescriptor descriptor, ServiceIdentifier serviceIdentifier, CallSiteChain callSiteChain, int slot)
   at ServiceCallSite Microsoft.Extensions.DependencyInjection.ServiceLookup.CallSiteFactory.GetCallSite(ServiceDescriptor serviceDescriptor, CallSiteChain callSiteChain)
   at void Microsoft.Extensions.DependencyInjection.ServiceProvider.ValidateService(ServiceDescriptor descriptor)
   --- End of inner exception stack trace ---
   at void Microsoft.Extensions.DependencyInjection.ServiceProvider.ValidateService(ServiceDescriptor descriptor)
   at new Microsoft.Extensions.DependencyInjection.ServiceProvider(ICollection<ServiceDescriptor> serviceDescriptors, ServiceProviderOptions options)<---

 ---> (Inner Exception #6) System.InvalidOperationException: Error while validating the service descriptor 'ServiceType: MediatR.IRequestHandler`2[Application.Features.Connections.Commands.AddConnection.AddConnectionCommand,Application.Wrappers.Response`1[System.String]] Lifetime: Transient ImplementationType: Application.Features.Connections.Commands.AddConnection.AddConnectionCommandHandler': Unable to resolve service for type 'Application.Interfaces.Repositories.IConnectionRepositoryAsync' while attempting to activate 'Application.Features.Connections.Commands.AddConnection.AddConnectionCommandHandler'.
 ---> System.InvalidOperationException: Unable to resolve service for type 'Application.Interfaces.Repositories.IConnectionRepositoryAsync' while attempting to activate 'Application.Features.Connections.Commands.AddConnection.AddConnectionCommandHandler'.
   at ServiceCallSite[] Microsoft.Extensions.DependencyInjection.ServiceLookup.CallSiteFactory.CreateArgumentCallSites(ServiceIdentifier serviceIdentifier, Type implementationType, CallSiteChain callSiteChain, ParameterInfo[] parameters, bool throwIfCallSiteNotFound)
   at ConstructorCallSite Microsoft.Extensions.DependencyInjection.ServiceLookup.CallSiteFactory.CreateConstructorCallSite(ResultCache lifetime, ServiceIdentifier serviceIdentifier, Type implementationType, CallSiteChain callSiteChain)
   at ServiceCallSite Microsoft.Extensions.DependencyInjection.ServiceLookup.CallSiteFactory.TryCreateExact(ServiceDescriptor descriptor, ServiceIdentifier serviceIdentifier, CallSiteChain callSiteChain, int slot)
   at ServiceCallSite Microsoft.Extensions.DependencyInjection.ServiceLookup.CallSiteFactory.GetCallSite(ServiceDescriptor serviceDescriptor, CallSiteChain callSiteChain)
   at void Microsoft.Extensions.DependencyInjection.ServiceProvider.ValidateService(ServiceDescriptor descriptor)
   --- End of inner exception stack trace ---
   at void Microsoft.Extensions.DependencyInjection.ServiceProvider.ValidateService(ServiceDescriptor descriptor)
   at new Microsoft.Extensions.DependencyInjection.ServiceProvider(ICollection<ServiceDescriptor> serviceDescriptors, ServiceProviderOptions options)<---

 ---> (Inner Exception #7) System.InvalidOperationException: Error while validating the service descriptor 'ServiceType: MediatR.IRequestHandler`2[Application.Features.Configurations.Server.Commands.SendConfig.SendConfigServerCommand,Application.Wrappers.Response`1[System.Guid]] Lifetime: Transient ImplementationType: Application.Features.Configurations.Server.Commands.SendConfig.SendConfigServerCommandHandler': Unable to resolve service for type 'System.Threading.CancellationToken' while attempting to activate 'Application.Features.Configurations.Server.Commands.SendConfig.SendConfigServerCommandHandler'.
 ---> System.InvalidOperationException: Unable to resolve service for type 'System.Threading.CancellationToken' while attempting to activate 'Application.Features.Configurations.Server.Commands.SendConfig.SendConfigServerCommandHandler'.
   at ServiceCallSite[] Microsoft.Extensions.DependencyInjection.ServiceLookup.CallSiteFactory.CreateArgumentCallSites(ServiceIdentifier serviceIdentifier, Type implementationType, CallSiteChain callSiteChain, ParameterInfo[] parameters, bool throwIfCallSiteNotFound)
   at ConstructorCallSite Microsoft.Extensions.DependencyInjection.ServiceLookup.CallSiteFactory.CreateConstructorCallSite(ResultCache lifetime, ServiceIdentifier serviceIdentifier, Type implementationType, CallSiteChain callSiteChain)
   at ServiceCallSite Microsoft.Extensions.DependencyInjection.ServiceLookup.CallSiteFactory.TryCreateExact(ServiceDescriptor descriptor, ServiceIdentifier serviceIdentifier, CallSiteChain callSiteChain, int slot)
   at ServiceCallSite Microsoft.Extensions.DependencyInjection.ServiceLookup.CallSiteFactory.GetCallSite(ServiceDescriptor serviceDescriptor, CallSiteChain callSiteChain)
   at void Microsoft.Extensions.DependencyInjection.ServiceProvider.ValidateService(ServiceDescriptor descriptor)
   --- End of inner exception stack trace ---
   at void Microsoft.Extensions.DependencyInjection.ServiceProvider.ValidateService(ServiceDescriptor descriptor)
   at new Microsoft.Extensions.DependencyInjection.ServiceProvider(ICollection<ServiceDescriptor> serviceDescriptors, ServiceProviderOptions options)<---

 ---> (Inner Exception #8) System.InvalidOperationException: Error while validating the service descriptor 'ServiceType: MediatR.IRequestHandler`2[Application.Features.Configurations.Client.Commands.SendConfig.SendConfigClientCommand,Application.Wrappers.Response`1[System.Guid]] Lifetime: Transient ImplementationType: Application.Features.Configurations.Client.Commands.SendConfig.SendConfigClientCommandHandler': Unable to resolve service for type 'System.Threading.CancellationToken' while attempting to activate 'Application.Features.Configurations.Client.Commands.SendConfig.SendConfigClientCommandHandler'.
 ---> System.InvalidOperationException: Unable to resolve service for type 'System.Threading.CancellationToken' while attempting to activate 'Application.Features.Configurations.Client.Commands.SendConfig.SendConfigClientCommandHandler'.
   at ServiceCallSite[] Microsoft.Extensions.DependencyInjection.ServiceLookup.CallSiteFactory.CreateArgumentCallSites(ServiceIdentifier serviceIdentifier, Type implementationType, CallSiteChain callSiteChain, ParameterInfo[] parameters, bool throwIfCallSiteNotFound)
   at ConstructorCallSite Microsoft.Extensions.DependencyInjection.ServiceLookup.CallSiteFactory.CreateConstructorCallSite(ResultCache lifetime, ServiceIdentifier serviceIdentifier, Type implementationType, CallSiteChain callSiteChain)
   at ServiceCallSite Microsoft.Extensions.DependencyInjection.ServiceLookup.CallSiteFactory.TryCreateExact(ServiceDescriptor descriptor, ServiceIdentifier serviceIdentifier, CallSiteChain callSiteChain, int slot)
   at ServiceCallSite Microsoft.Extensions.DependencyInjection.ServiceLookup.CallSiteFactory.GetCallSite(ServiceDescriptor serviceDescriptor, CallSiteChain callSiteChain)
   at void Microsoft.Extensions.DependencyInjection.ServiceProvider.ValidateService(ServiceDescriptor descriptor)
   --- End of inner exception stack trace ---
   at void Microsoft.Extensions.DependencyInjection.ServiceProvider.ValidateService(ServiceDescriptor descriptor)
   at new Microsoft.Extensions.DependencyInjection.ServiceProvider(ICollection<ServiceDescriptor> serviceDescriptors, ServiceProviderOptions options)<---

2024-08-10 02:15:52.866 +03:00 [INF] Application startup services registration
2024-08-10 02:15:56.203 +03:00 [WRN] An error occurred starting the application
System.AggregateException: Some services are not able to be constructed (Error while validating the service descriptor 'ServiceType: MediatR.IRequestHandler`2[Application.Features.Connections.Commands.OpenConnection.OpenConnectionCommand,Application.Wrappers.Response`1[Domain.Enums.ConnectionCommand]] Lifetime: Transient ImplementationType: Application.Features.Connections.Commands.OpenConnection.OpenConnectionCommandHandler': Unable to resolve service for type 'System.Threading.CancellationToken' while attempting to activate 'Application.Features.Connections.Commands.OpenConnection.OpenConnectionCommandHandler'.) (Error while validating the service descriptor 'ServiceType: MediatR.IRequestHandler`2[Application.Features.Connections.Commands.CloseConnection.CloseConnectionCommand,Application.Wrappers.Response`1[Domain.Enums.ConnectionCommand]] Lifetime: Transient ImplementationType: Application.Features.Connections.Commands.CloseConnection.CloseConnectionCommandHandler': Unable to resolve service for type 'System.Threading.CancellationToken' while attempting to activate 'Application.Features.Connections.Commands.CloseConnection.CloseConnectionCommandHandler'.) (Error while validating the service descriptor 'ServiceType: MediatR.IRequestHandler`2[Application.Features.Configurations.Server.Commands.SendConfig.SendConfigServerCommand,Application.Wrappers.Response`1[System.Guid]] Lifetime: Transient ImplementationType: Application.Features.Configurations.Server.Commands.SendConfig.SendConfigServerCommandHandler': Unable to resolve service for type 'System.Threading.CancellationToken' while attempting to activate 'Application.Features.Configurations.Server.Commands.SendConfig.SendConfigServerCommandHandler'.) (Error while validating the service descriptor 'ServiceType: MediatR.IRequestHandler`2[Application.Features.Configurations.Client.Commands.SendConfig.SendConfigClientCommand,Application.Wrappers.Response`1[System.Guid]] Lifetime: Transient ImplementationType: Application.Features.Configurations.Client.Commands.SendConfig.SendConfigClientCommandHandler': Unable to resolve service for type 'System.Threading.CancellationToken' while attempting to activate 'Application.Features.Configurations.Client.Commands.SendConfig.SendConfigClientCommandHandler'.)
 ---> System.InvalidOperationException: Error while validating the service descriptor 'ServiceType: MediatR.IRequestHandler`2[Application.Features.Connections.Commands.OpenConnection.OpenConnectionCommand,Application.Wrappers.Response`1[Domain.Enums.ConnectionCommand]] Lifetime: Transient ImplementationType: Application.Features.Connections.Commands.OpenConnection.OpenConnectionCommandHandler': Unable to resolve service for type 'System.Threading.CancellationToken' while attempting to activate 'Application.Features.Connections.Commands.OpenConnection.OpenConnectionCommandHandler'.
 ---> System.InvalidOperationException: Unable to resolve service for type 'System.Threading.CancellationToken' while attempting to activate 'Application.Features.Connections.Commands.OpenConnection.OpenConnectionCommandHandler'.
   at ServiceCallSite[] Microsoft.Extensions.DependencyInjection.ServiceLookup.CallSiteFactory.CreateArgumentCallSites(ServiceIdentifier serviceIdentifier, Type implementationType, CallSiteChain callSiteChain, ParameterInfo[] parameters, bool throwIfCallSiteNotFound)
   at ConstructorCallSite Microsoft.Extensions.DependencyInjection.ServiceLookup.CallSiteFactory.CreateConstructorCallSite(ResultCache lifetime, ServiceIdentifier serviceIdentifier, Type implementationType, CallSiteChain callSiteChain)
   at ServiceCallSite Microsoft.Extensions.DependencyInjection.ServiceLookup.CallSiteFactory.TryCreateExact(ServiceDescriptor descriptor, ServiceIdentifier serviceIdentifier, CallSiteChain callSiteChain, int slot)
   at ServiceCallSite Microsoft.Extensions.DependencyInjection.ServiceLookup.CallSiteFactory.GetCallSite(ServiceDescriptor serviceDescriptor, CallSiteChain callSiteChain)
   at void Microsoft.Extensions.DependencyInjection.ServiceProvider.ValidateService(ServiceDescriptor descriptor)
   --- End of inner exception stack trace ---
   at void Microsoft.Extensions.DependencyInjection.ServiceProvider.ValidateService(ServiceDescriptor descriptor)
   at new Microsoft.Extensions.DependencyInjection.ServiceProvider(ICollection<ServiceDescriptor> serviceDescriptors, ServiceProviderOptions options)
   --- End of inner exception stack trace ---
   at new Microsoft.Extensions.DependencyInjection.ServiceProvider(ICollection<ServiceDescriptor> serviceDescriptors, ServiceProviderOptions options)
   at ServiceProvider Microsoft.Extensions.DependencyInjection.ServiceCollectionContainerBuilderExtensions.BuildServiceProvider(IServiceCollection services, ServiceProviderOptions options)
   at void Microsoft.Extensions.Hosting.HostBuilder.InitializeServiceProvider()
   at IHost Microsoft.Extensions.Hosting.HostBuilder.Build()
   at void Program.<Main>$(?) in D:/Develop/App/WSService-DataModules/WebAPI/WebAPI.Backend/Presentation/WebAPI/Program.cs:line 105
 ---> (Inner Exception #1) System.InvalidOperationException: Error while validating the service descriptor 'ServiceType: MediatR.IRequestHandler`2[Application.Features.Connections.Commands.CloseConnection.CloseConnectionCommand,Application.Wrappers.Response`1[Domain.Enums.ConnectionCommand]] Lifetime: Transient ImplementationType: Application.Features.Connections.Commands.CloseConnection.CloseConnectionCommandHandler': Unable to resolve service for type 'System.Threading.CancellationToken' while attempting to activate 'Application.Features.Connections.Commands.CloseConnection.CloseConnectionCommandHandler'.
 ---> System.InvalidOperationException: Unable to resolve service for type 'System.Threading.CancellationToken' while attempting to activate 'Application.Features.Connections.Commands.CloseConnection.CloseConnectionCommandHandler'.
   at ServiceCallSite[] Microsoft.Extensions.DependencyInjection.ServiceLookup.CallSiteFactory.CreateArgumentCallSites(ServiceIdentifier serviceIdentifier, Type implementationType, CallSiteChain callSiteChain, ParameterInfo[] parameters, bool throwIfCallSiteNotFound)
   at ConstructorCallSite Microsoft.Extensions.DependencyInjection.ServiceLookup.CallSiteFactory.CreateConstructorCallSite(ResultCache lifetime, ServiceIdentifier serviceIdentifier, Type implementationType, CallSiteChain callSiteChain)
   at ServiceCallSite Microsoft.Extensions.DependencyInjection.ServiceLookup.CallSiteFactory.TryCreateExact(ServiceDescriptor descriptor, ServiceIdentifier serviceIdentifier, CallSiteChain callSiteChain, int slot)
   at ServiceCallSite Microsoft.Extensions.DependencyInjection.ServiceLookup.CallSiteFactory.GetCallSite(ServiceDescriptor serviceDescriptor, CallSiteChain callSiteChain)
   at void Microsoft.Extensions.DependencyInjection.ServiceProvider.ValidateService(ServiceDescriptor descriptor)
   --- End of inner exception stack trace ---
   at void Microsoft.Extensions.DependencyInjection.ServiceProvider.ValidateService(ServiceDescriptor descriptor)
   at new Microsoft.Extensions.DependencyInjection.ServiceProvider(ICollection<ServiceDescriptor> serviceDescriptors, ServiceProviderOptions options)<---

 ---> (Inner Exception #2) System.InvalidOperationException: Error while validating the service descriptor 'ServiceType: MediatR.IRequestHandler`2[Application.Features.Configurations.Server.Commands.SendConfig.SendConfigServerCommand,Application.Wrappers.Response`1[System.Guid]] Lifetime: Transient ImplementationType: Application.Features.Configurations.Server.Commands.SendConfig.SendConfigServerCommandHandler': Unable to resolve service for type 'System.Threading.CancellationToken' while attempting to activate 'Application.Features.Configurations.Server.Commands.SendConfig.SendConfigServerCommandHandler'.
 ---> System.InvalidOperationException: Unable to resolve service for type 'System.Threading.CancellationToken' while attempting to activate 'Application.Features.Configurations.Server.Commands.SendConfig.SendConfigServerCommandHandler'.
   at ServiceCallSite[] Microsoft.Extensions.DependencyInjection.ServiceLookup.CallSiteFactory.CreateArgumentCallSites(ServiceIdentifier serviceIdentifier, Type implementationType, CallSiteChain callSiteChain, ParameterInfo[] parameters, bool throwIfCallSiteNotFound)
   at ConstructorCallSite Microsoft.Extensions.DependencyInjection.ServiceLookup.CallSiteFactory.CreateConstructorCallSite(ResultCache lifetime, ServiceIdentifier serviceIdentifier, Type implementationType, CallSiteChain callSiteChain)
   at ServiceCallSite Microsoft.Extensions.DependencyInjection.ServiceLookup.CallSiteFactory.TryCreateExact(ServiceDescriptor descriptor, ServiceIdentifier serviceIdentifier, CallSiteChain callSiteChain, int slot)
   at ServiceCallSite Microsoft.Extensions.DependencyInjection.ServiceLookup.CallSiteFactory.GetCallSite(ServiceDescriptor serviceDescriptor, CallSiteChain callSiteChain)
   at void Microsoft.Extensions.DependencyInjection.ServiceProvider.ValidateService(ServiceDescriptor descriptor)
   --- End of inner exception stack trace ---
   at void Microsoft.Extensions.DependencyInjection.ServiceProvider.ValidateService(ServiceDescriptor descriptor)
   at new Microsoft.Extensions.DependencyInjection.ServiceProvider(ICollection<ServiceDescriptor> serviceDescriptors, ServiceProviderOptions options)<---

 ---> (Inner Exception #3) System.InvalidOperationException: Error while validating the service descriptor 'ServiceType: MediatR.IRequestHandler`2[Application.Features.Configurations.Client.Commands.SendConfig.SendConfigClientCommand,Application.Wrappers.Response`1[System.Guid]] Lifetime: Transient ImplementationType: Application.Features.Configurations.Client.Commands.SendConfig.SendConfigClientCommandHandler': Unable to resolve service for type 'System.Threading.CancellationToken' while attempting to activate 'Application.Features.Configurations.Client.Commands.SendConfig.SendConfigClientCommandHandler'.
 ---> System.InvalidOperationException: Unable to resolve service for type 'System.Threading.CancellationToken' while attempting to activate 'Application.Features.Configurations.Client.Commands.SendConfig.SendConfigClientCommandHandler'.
   at ServiceCallSite[] Microsoft.Extensions.DependencyInjection.ServiceLookup.CallSiteFactory.CreateArgumentCallSites(ServiceIdentifier serviceIdentifier, Type implementationType, CallSiteChain callSiteChain, ParameterInfo[] parameters, bool throwIfCallSiteNotFound)
   at ConstructorCallSite Microsoft.Extensions.DependencyInjection.ServiceLookup.CallSiteFactory.CreateConstructorCallSite(ResultCache lifetime, ServiceIdentifier serviceIdentifier, Type implementationType, CallSiteChain callSiteChain)
   at ServiceCallSite Microsoft.Extensions.DependencyInjection.ServiceLookup.CallSiteFactory.TryCreateExact(ServiceDescriptor descriptor, ServiceIdentifier serviceIdentifier, CallSiteChain callSiteChain, int slot)
   at ServiceCallSite Microsoft.Extensions.DependencyInjection.ServiceLookup.CallSiteFactory.GetCallSite(ServiceDescriptor serviceDescriptor, CallSiteChain callSiteChain)
   at void Microsoft.Extensions.DependencyInjection.ServiceProvider.ValidateService(ServiceDescriptor descriptor)
   --- End of inner exception stack trace ---
   at void Microsoft.Extensions.DependencyInjection.ServiceProvider.ValidateService(ServiceDescriptor descriptor)
   at new Microsoft.Extensions.DependencyInjection.ServiceProvider(ICollection<ServiceDescriptor> serviceDescriptors, ServiceProviderOptions options)<---

2024-08-10 02:17:56.683 +03:00 [INF] Application startup services registration
2024-08-10 02:18:00.150 +03:00 [WRN] An error occurred starting the application
System.AggregateException: Some services are not able to be constructed (Error while validating the service descriptor 'ServiceType: MediatR.IRequestHandler`2[Application.Features.Connections.Commands.OpenConnection.OpenConnectionCommand,Application.Wrappers.Response`1[Domain.Enums.ConnectionCommand]] Lifetime: Transient ImplementationType: Application.Features.Connections.Commands.OpenConnection.OpenConnectionCommandHandler': Unable to resolve service for type 'System.Threading.CancellationToken' while attempting to activate 'Application.Features.Connections.Commands.OpenConnection.OpenConnectionCommandHandler'.) (Error while validating the service descriptor 'ServiceType: MediatR.IRequestHandler`2[Application.Features.Connections.Commands.CloseConnection.CloseConnectionCommand,Application.Wrappers.Response`1[Domain.Enums.ConnectionCommand]] Lifetime: Transient ImplementationType: Application.Features.Connections.Commands.CloseConnection.CloseConnectionCommandHandler': Unable to resolve service for type 'System.Threading.CancellationToken' while attempting to activate 'Application.Features.Connections.Commands.CloseConnection.CloseConnectionCommandHandler'.) (Error while validating the service descriptor 'ServiceType: MediatR.IRequestHandler`2[Application.Features.Configurations.Server.Commands.SendConfig.SendConfigServerCommand,Application.Wrappers.Response`1[System.Guid]] Lifetime: Transient ImplementationType: Application.Features.Configurations.Server.Commands.SendConfig.SendConfigServerCommandHandler': Unable to resolve service for type 'System.Threading.CancellationToken' while attempting to activate 'Application.Features.Configurations.Server.Commands.SendConfig.SendConfigServerCommandHandler'.) (Error while validating the service descriptor 'ServiceType: MediatR.IRequestHandler`2[Application.Features.Configurations.Client.Commands.SendConfig.SendConfigClientCommand,Application.Wrappers.Response`1[System.Guid]] Lifetime: Transient ImplementationType: Application.Features.Configurations.Client.Commands.SendConfig.SendConfigClientCommandHandler': Unable to resolve service for type 'System.Threading.CancellationToken' while attempting to activate 'Application.Features.Configurations.Client.Commands.SendConfig.SendConfigClientCommandHandler'.)
 ---> System.InvalidOperationException: Error while validating the service descriptor 'ServiceType: MediatR.IRequestHandler`2[Application.Features.Connections.Commands.OpenConnection.OpenConnectionCommand,Application.Wrappers.Response`1[Domain.Enums.ConnectionCommand]] Lifetime: Transient ImplementationType: Application.Features.Connections.Commands.OpenConnection.OpenConnectionCommandHandler': Unable to resolve service for type 'System.Threading.CancellationToken' while attempting to activate 'Application.Features.Connections.Commands.OpenConnection.OpenConnectionCommandHandler'.
 ---> System.InvalidOperationException: Unable to resolve service for type 'System.Threading.CancellationToken' while attempting to activate 'Application.Features.Connections.Commands.OpenConnection.OpenConnectionCommandHandler'.
   at ServiceCallSite[] Microsoft.Extensions.DependencyInjection.ServiceLookup.CallSiteFactory.CreateArgumentCallSites(ServiceIdentifier serviceIdentifier, Type implementationType, CallSiteChain callSiteChain, ParameterInfo[] parameters, bool throwIfCallSiteNotFound)
   at ConstructorCallSite Microsoft.Extensions.DependencyInjection.ServiceLookup.CallSiteFactory.CreateConstructorCallSite(ResultCache lifetime, ServiceIdentifier serviceIdentifier, Type implementationType, CallSiteChain callSiteChain)
   at ServiceCallSite Microsoft.Extensions.DependencyInjection.ServiceLookup.CallSiteFactory.TryCreateExact(ServiceDescriptor descriptor, ServiceIdentifier serviceIdentifier, CallSiteChain callSiteChain, int slot)
   at ServiceCallSite Microsoft.Extensions.DependencyInjection.ServiceLookup.CallSiteFactory.GetCallSite(ServiceDescriptor serviceDescriptor, CallSiteChain callSiteChain)
   at void Microsoft.Extensions.DependencyInjection.ServiceProvider.ValidateService(ServiceDescriptor descriptor)
   --- End of inner exception stack trace ---
   at void Microsoft.Extensions.DependencyInjection.ServiceProvider.ValidateService(ServiceDescriptor descriptor)
   at new Microsoft.Extensions.DependencyInjection.ServiceProvider(ICollection<ServiceDescriptor> serviceDescriptors, ServiceProviderOptions options)
   --- End of inner exception stack trace ---
   at new Microsoft.Extensions.DependencyInjection.ServiceProvider(ICollection<ServiceDescriptor> serviceDescriptors, ServiceProviderOptions options)
   at ServiceProvider Microsoft.Extensions.DependencyInjection.ServiceCollectionContainerBuilderExtensions.BuildServiceProvider(IServiceCollection services, ServiceProviderOptions options)
   at void Microsoft.Extensions.Hosting.HostBuilder.InitializeServiceProvider()
   at IHost Microsoft.Extensions.Hosting.HostBuilder.Build()
   at void Program.<Main>$(?) in D:/Develop/App/WSService-DataModules/WebAPI/WebAPI.Backend/Presentation/WebAPI/Program.cs:line 105
 ---> (Inner Exception #1) System.InvalidOperationException: Error while validating the service descriptor 'ServiceType: MediatR.IRequestHandler`2[Application.Features.Connections.Commands.CloseConnection.CloseConnectionCommand,Application.Wrappers.Response`1[Domain.Enums.ConnectionCommand]] Lifetime: Transient ImplementationType: Application.Features.Connections.Commands.CloseConnection.CloseConnectionCommandHandler': Unable to resolve service for type 'System.Threading.CancellationToken' while attempting to activate 'Application.Features.Connections.Commands.CloseConnection.CloseConnectionCommandHandler'.
 ---> System.InvalidOperationException: Unable to resolve service for type 'System.Threading.CancellationToken' while attempting to activate 'Application.Features.Connections.Commands.CloseConnection.CloseConnectionCommandHandler'.
   at ServiceCallSite[] Microsoft.Extensions.DependencyInjection.ServiceLookup.CallSiteFactory.CreateArgumentCallSites(ServiceIdentifier serviceIdentifier, Type implementationType, CallSiteChain callSiteChain, ParameterInfo[] parameters, bool throwIfCallSiteNotFound)
   at ConstructorCallSite Microsoft.Extensions.DependencyInjection.ServiceLookup.CallSiteFactory.CreateConstructorCallSite(ResultCache lifetime, ServiceIdentifier serviceIdentifier, Type implementationType, CallSiteChain callSiteChain)
   at ServiceCallSite Microsoft.Extensions.DependencyInjection.ServiceLookup.CallSiteFactory.TryCreateExact(ServiceDescriptor descriptor, ServiceIdentifier serviceIdentifier, CallSiteChain callSiteChain, int slot)
   at ServiceCallSite Microsoft.Extensions.DependencyInjection.ServiceLookup.CallSiteFactory.GetCallSite(ServiceDescriptor serviceDescriptor, CallSiteChain callSiteChain)
   at void Microsoft.Extensions.DependencyInjection.ServiceProvider.ValidateService(ServiceDescriptor descriptor)
   --- End of inner exception stack trace ---
   at void Microsoft.Extensions.DependencyInjection.ServiceProvider.ValidateService(ServiceDescriptor descriptor)
   at new Microsoft.Extensions.DependencyInjection.ServiceProvider(ICollection<ServiceDescriptor> serviceDescriptors, ServiceProviderOptions options)<---

 ---> (Inner Exception #2) System.InvalidOperationException: Error while validating the service descriptor 'ServiceType: MediatR.IRequestHandler`2[Application.Features.Configurations.Server.Commands.SendConfig.SendConfigServerCommand,Application.Wrappers.Response`1[System.Guid]] Lifetime: Transient ImplementationType: Application.Features.Configurations.Server.Commands.SendConfig.SendConfigServerCommandHandler': Unable to resolve service for type 'System.Threading.CancellationToken' while attempting to activate 'Application.Features.Configurations.Server.Commands.SendConfig.SendConfigServerCommandHandler'.
 ---> System.InvalidOperationException: Unable to resolve service for type 'System.Threading.CancellationToken' while attempting to activate 'Application.Features.Configurations.Server.Commands.SendConfig.SendConfigServerCommandHandler'.
   at ServiceCallSite[] Microsoft.Extensions.DependencyInjection.ServiceLookup.CallSiteFactory.CreateArgumentCallSites(ServiceIdentifier serviceIdentifier, Type implementationType, CallSiteChain callSiteChain, ParameterInfo[] parameters, bool throwIfCallSiteNotFound)
   at ConstructorCallSite Microsoft.Extensions.DependencyInjection.ServiceLookup.CallSiteFactory.CreateConstructorCallSite(ResultCache lifetime, ServiceIdentifier serviceIdentifier, Type implementationType, CallSiteChain callSiteChain)
   at ServiceCallSite Microsoft.Extensions.DependencyInjection.ServiceLookup.CallSiteFactory.TryCreateExact(ServiceDescriptor descriptor, ServiceIdentifier serviceIdentifier, CallSiteChain callSiteChain, int slot)
   at ServiceCallSite Microsoft.Extensions.DependencyInjection.ServiceLookup.CallSiteFactory.GetCallSite(ServiceDescriptor serviceDescriptor, CallSiteChain callSiteChain)
   at void Microsoft.Extensions.DependencyInjection.ServiceProvider.ValidateService(ServiceDescriptor descriptor)
   --- End of inner exception stack trace ---
   at void Microsoft.Extensions.DependencyInjection.ServiceProvider.ValidateService(ServiceDescriptor descriptor)
   at new Microsoft.Extensions.DependencyInjection.ServiceProvider(ICollection<ServiceDescriptor> serviceDescriptors, ServiceProviderOptions options)<---

 ---> (Inner Exception #3) System.InvalidOperationException: Error while validating the service descriptor 'ServiceType: MediatR.IRequestHandler`2[Application.Features.Configurations.Client.Commands.SendConfig.SendConfigClientCommand,Application.Wrappers.Response`1[System.Guid]] Lifetime: Transient ImplementationType: Application.Features.Configurations.Client.Commands.SendConfig.SendConfigClientCommandHandler': Unable to resolve service for type 'System.Threading.CancellationToken' while attempting to activate 'Application.Features.Configurations.Client.Commands.SendConfig.SendConfigClientCommandHandler'.
 ---> System.InvalidOperationException: Unable to resolve service for type 'System.Threading.CancellationToken' while attempting to activate 'Application.Features.Configurations.Client.Commands.SendConfig.SendConfigClientCommandHandler'.
   at ServiceCallSite[] Microsoft.Extensions.DependencyInjection.ServiceLookup.CallSiteFactory.CreateArgumentCallSites(ServiceIdentifier serviceIdentifier, Type implementationType, CallSiteChain callSiteChain, ParameterInfo[] parameters, bool throwIfCallSiteNotFound)
   at ConstructorCallSite Microsoft.Extensions.DependencyInjection.ServiceLookup.CallSiteFactory.CreateConstructorCallSite(ResultCache lifetime, ServiceIdentifier serviceIdentifier, Type implementationType, CallSiteChain callSiteChain)
   at ServiceCallSite Microsoft.Extensions.DependencyInjection.ServiceLookup.CallSiteFactory.TryCreateExact(ServiceDescriptor descriptor, ServiceIdentifier serviceIdentifier, CallSiteChain callSiteChain, int slot)
   at ServiceCallSite Microsoft.Extensions.DependencyInjection.ServiceLookup.CallSiteFactory.GetCallSite(ServiceDescriptor serviceDescriptor, CallSiteChain callSiteChain)
   at void Microsoft.Extensions.DependencyInjection.ServiceProvider.ValidateService(ServiceDescriptor descriptor)
   --- End of inner exception stack trace ---
   at void Microsoft.Extensions.DependencyInjection.ServiceProvider.ValidateService(ServiceDescriptor descriptor)
   at new Microsoft.Extensions.DependencyInjection.ServiceProvider(ICollection<ServiceDescriptor> serviceDescriptors, ServiceProviderOptions options)<---

2024-08-10 02:25:45.516 +03:00 [INF] Application startup services registration
2024-08-10 02:25:48.819 +03:00 [INF] User profile is available. Using 'C:\Users\\AppData\Local\ASP.NET\DataProtection-Keys' as key repository and Windows DPAPI to encrypt keys at rest.
2024-08-10 02:25:49.023 +03:00 [INF] Creating key {8c7a4670-0c2a-4669-a306-cd103a65102a} with creation date 2024-08-09 23:25:49Z, activation date 2024-08-09 23:25:49Z, and expiration date 2024-11-07 23:25:49Z.
2024-08-10 02:25:49.082 +03:00 [INF] Writing data to file 'C:\Users\\AppData\Local\ASP.NET\DataProtection-Keys\key-8c7a4670-0c2a-4669-a306-cd103a65102a.xml'.
2024-08-10 02:25:49.546 +03:00 [INF] Application startup middleware registration
2024-08-10 21:28:46.016 +03:00 [INF] Application startup services registration
2024-08-10 21:28:53.389 +03:00 [INF] User profile is available. Using 'C:\Users\\AppData\Local\ASP.NET\DataProtection-Keys' as key repository and Windows DPAPI to encrypt keys at rest.
2024-08-10 21:28:53.975 +03:00 [INF] Application startup middleware registration
2024-08-10 21:32:46.730 +03:00 [INF] Application startup services registration
2024-08-10 21:32:49.819 +03:00 [INF] User profile is available. Using 'C:\Users\\AppData\Local\ASP.NET\DataProtection-Keys' as key repository and Windows DPAPI to encrypt keys at rest.
2024-08-10 21:32:49.986 +03:00 [INF] Application startup middleware registration
2024-08-10 22:01:37.882 +03:00 [INF] Application startup services registration
2024-08-10 22:01:41.013 +03:00 [INF] User profile is available. Using 'C:\Users\\AppData\Local\ASP.NET\DataProtection-Keys' as key repository and Windows DPAPI to encrypt keys at rest.
2024-08-10 22:01:41.165 +03:00 [INF] Application startup middleware registration
2024-08-10 22:04:14.348 +03:00 [INF] Application startup services registration
2024-08-10 22:04:15.002 +03:00 [INF] User profile is available. Using 'C:\Users\\AppData\Local\ASP.NET\DataProtection-Keys' as key repository and Windows DPAPI to encrypt keys at rest.
2024-08-10 22:04:15.142 +03:00 [INF] Application startup middleware registration
2024-08-10 22:05:56.259 +03:00 [INF] Application startup services registration
2024-08-10 22:05:56.834 +03:00 [INF] User profile is available. Using 'C:\Users\\AppData\Local\ASP.NET\DataProtection-Keys' as key repository and Windows DPAPI to encrypt keys at rest.
2024-08-10 22:05:56.929 +03:00 [INF] Application startup middleware registration
2024-08-10 22:05:57.424 +03:00 [INF] Application Starting
2024-08-10 22:05:57.940 +03:00 [INF] Now listening on: https://localhost:7098
2024-08-10 22:05:57.941 +03:00 [INF] Now listening on: http://localhost:5139
2024-08-10 22:05:57.943 +03:00 [INF] Application started. Press Ctrl+C to shut down.
2024-08-10 22:05:57.944 +03:00 [INF] Hosting environment: Development
2024-08-10 22:05:57.945 +03:00 [INF] Content root path: D:\Develop\App\WSService-DataModules\WebAPI\WebAPI.Backend\Presentation\WebAPI
2024-08-10 22:05:58.907 +03:00 [INF] Request starting HTTP/2 GET https://localhost:7098/swagger - null null
2024-08-10 22:06:00.795 +03:00 [INF] HTTP GET /swagger responded 301 in 1638.1205 ms
2024-08-10 22:06:00.809 +03:00 [INF] Request finished HTTP/2 GET https://localhost:7098/swagger - 301 0 null 1909.5316ms
2024-08-10 22:06:00.816 +03:00 [INF] Request starting HTTP/2 GET https://localhost:7098/swagger/index.html - null null
2024-08-10 22:06:00.895 +03:00 [INF] Request starting HTTP/2 GET https://localhost:7098/swagger/swagger-ui.css - null null
2024-08-10 22:06:00.898 +03:00 [INF] Request starting HTTP/2 GET https://localhost:7098/_framework/aspnetcore-browser-refresh.js - null null
2024-08-10 22:06:00.897 +03:00 [INF] Request starting HTTP/2 GET https://localhost:7098/swagger/swagger-ui-bundle.js - null null
2024-08-10 22:06:00.897 +03:00 [INF] Request starting HTTP/2 GET https://localhost:7098/swagger/swagger-ui-standalone-preset.js - null null
2024-08-10 22:06:00.896 +03:00 [INF] HTTP GET /swagger/index.html responded 200 in 75.8684 ms
2024-08-10 22:06:00.916 +03:00 [INF] Request finished HTTP/2 GET https://localhost:7098/_framework/aspnetcore-browser-refresh.js - 200 13748 application/javascript; charset=utf-8 18.6844ms
2024-08-10 22:06:00.926 +03:00 [INF] Request finished HTTP/2 GET https://localhost:7098/swagger/index.html - 200 null text/html;charset=utf-8 108.7209ms
2024-08-10 22:06:00.948 +03:00 [INF] Sending file. Request path: '/swagger-ui.css'. Physical path: 'N/A'
2024-08-10 22:06:00.952 +03:00 [INF] HTTP GET /swagger/swagger-ui.css responded 200 in 47.7274 ms
2024-08-10 22:06:00.957 +03:00 [INF] Request finished HTTP/2 GET https://localhost:7098/swagger/swagger-ui.css - 200 143943 text/css 61.2155ms
2024-08-10 22:06:00.960 +03:00 [INF] Request starting HTTP/2 GET https://localhost:7098/_vs/browserLink - null null
2024-08-10 22:06:00.957 +03:00 [INF] Sending file. Request path: '/swagger-ui-standalone-preset.js'. Physical path: 'N/A'
2024-08-10 22:06:00.970 +03:00 [INF] HTTP GET /swagger/swagger-ui-standalone-preset.js responded 200 in 51.4162 ms
2024-08-10 22:06:00.973 +03:00 [INF] Request finished HTTP/2 GET https://localhost:7098/swagger/swagger-ui-standalone-preset.js - 200 339486 text/javascript 76.4958ms
2024-08-10 22:06:00.975 +03:00 [INF] Sending file. Request path: '/swagger-ui-bundle.js'. Physical path: 'N/A'
2024-08-10 22:06:00.983 +03:00 [INF] HTTP GET /swagger/swagger-ui-bundle.js responded 200 in 69.3805 ms
2024-08-10 22:06:00.985 +03:00 [INF] Request finished HTTP/2 GET https://localhost:7098/swagger/swagger-ui-bundle.js - 200 1096145 text/javascript 88.0619ms
2024-08-10 22:06:01.019 +03:00 [INF] Request finished HTTP/2 GET https://localhost:7098/_vs/browserLink - 200 null text/javascript; charset=UTF-8 59.139ms
2024-08-10 22:06:01.110 +03:00 [INF] Request starting HTTP/2 GET https://localhost:7098/swagger/v1/swagger.json - null null
2024-08-10 22:06:01.135 +03:00 [INF] Request starting HTTP/2 GET https://localhost:7098/swagger/favicon-32x32.png - null null
2024-08-10 22:06:01.139 +03:00 [INF] Sending file. Request path: '/favicon-32x32.png'. Physical path: 'N/A'
2024-08-10 22:06:01.140 +03:00 [INF] HTTP GET /swagger/favicon-32x32.png responded 200 in 1.8539 ms
2024-08-10 22:06:01.143 +03:00 [INF] Request finished HTTP/2 GET https://localhost:7098/swagger/favicon-32x32.png - 200 628 image/png 7.4037ms
2024-08-10 22:06:01.219 +03:00 [INF] HTTP GET /swagger/v1/swagger.json responded 200 in 100.5492 ms
2024-08-10 22:06:01.222 +03:00 [INF] Request finished HTTP/2 GET https://localhost:7098/swagger/v1/swagger.json - 200 null application/json;charset=utf-8 112.6167ms
