2024-08-18 00:21:18.383 +03:00 [INF] Application startup services registration
2024-08-18 00:21:19.237 +03:00 [INF] User profile is available. Using 'C:\Users\Даниил\AppData\Local\ASP.NET\DataProtection-Keys' as key repository and Windows DPAPI to encrypt keys at rest.
2024-08-18 00:21:19.376 +03:00 [INF] Application startup middleware registration
2024-08-18 00:21:20.591 +03:00 [INF] Executed DbCommand (61ms) [Parameters=[], CommandType='"Text"', CommandTimeout='30']
SELECT CASE WHEN COUNT(*) = 0 THEN FALSE ELSE TRUE END
FROM pg_class AS cls
JOIN pg_namespace AS ns ON ns.oid = cls.relnamespace
WHERE
        cls.relkind IN ('r', 'v', 'm', 'f', 'p') AND
        ns.nspname NOT IN ('pg_catalog', 'information_schema') AND
        -- Exclude tables which are members of PG extensions
        NOT EXISTS (
            SELECT 1 FROM pg_depend WHERE
                classid=(
                    SELECT cls.oid
                    FROM pg_class AS cls
                             JOIN pg_namespace AS ns ON ns.oid = cls.relnamespace
                    WHERE relname='pg_class' AND ns.nspname='pg_catalog'
                ) AND
                objid=cls.oid AND
                deptype IN ('e', 'x')
        )
2024-08-18 00:22:19.618 +03:00 [INF] Application startup services registration
2024-08-18 00:22:20.428 +03:00 [INF] User profile is available. Using 'C:\Users\Даниил\AppData\Local\ASP.NET\DataProtection-Keys' as key repository and Windows DPAPI to encrypt keys at rest.
2024-08-18 00:22:20.592 +03:00 [INF] Application startup middleware registration
2024-08-18 00:22:21.508 +03:00 [INF] Executed DbCommand (37ms) [Parameters=[], CommandType='"Text"', CommandTimeout='30']
SELECT CASE WHEN COUNT(*) = 0 THEN FALSE ELSE TRUE END
FROM pg_class AS cls
JOIN pg_namespace AS ns ON ns.oid = cls.relnamespace
WHERE
        cls.relkind IN ('r', 'v', 'm', 'f', 'p') AND
        ns.nspname NOT IN ('pg_catalog', 'information_schema') AND
        -- Exclude tables which are members of PG extensions
        NOT EXISTS (
            SELECT 1 FROM pg_depend WHERE
                classid=(
                    SELECT cls.oid
                    FROM pg_class AS cls
                             JOIN pg_namespace AS ns ON ns.oid = cls.relnamespace
                    WHERE relname='pg_class' AND ns.nspname='pg_catalog'
                ) AND
                objid=cls.oid AND
                deptype IN ('e', 'x')
        )
2024-08-18 00:24:07.798 +03:00 [INF] Application startup services registration
2024-08-18 00:24:08.709 +03:00 [INF] User profile is available. Using 'C:\Users\Даниил\AppData\Local\ASP.NET\DataProtection-Keys' as key repository and Windows DPAPI to encrypt keys at rest.
2024-08-18 00:24:08.857 +03:00 [INF] Application startup middleware registration
2024-08-18 00:24:09.835 +03:00 [INF] Executed DbCommand (48ms) [Parameters=[], CommandType='"Text"', CommandTimeout='30']
SELECT CASE WHEN COUNT(*) = 0 THEN FALSE ELSE TRUE END
FROM pg_class AS cls
JOIN pg_namespace AS ns ON ns.oid = cls.relnamespace
WHERE
        cls.relkind IN ('r', 'v', 'm', 'f', 'p') AND
        ns.nspname NOT IN ('pg_catalog', 'information_schema') AND
        -- Exclude tables which are members of PG extensions
        NOT EXISTS (
            SELECT 1 FROM pg_depend WHERE
                classid=(
                    SELECT cls.oid
                    FROM pg_class AS cls
                             JOIN pg_namespace AS ns ON ns.oid = cls.relnamespace
                    WHERE relname='pg_class' AND ns.nspname='pg_catalog'
                ) AND
                objid=cls.oid AND
                deptype IN ('e', 'x')
        )
2024-08-18 00:25:12.030 +03:00 [INF] Application startup services registration
2024-08-18 00:25:12.788 +03:00 [INF] User profile is available. Using 'C:\Users\Даниил\AppData\Local\ASP.NET\DataProtection-Keys' as key repository and Windows DPAPI to encrypt keys at rest.
2024-08-18 00:25:12.948 +03:00 [INF] Application startup middleware registration
2024-08-18 00:25:13.896 +03:00 [INF] Executed DbCommand (69ms) [Parameters=[], CommandType='"Text"', CommandTimeout='30']
SELECT CASE WHEN COUNT(*) = 0 THEN FALSE ELSE TRUE END
FROM pg_class AS cls
JOIN pg_namespace AS ns ON ns.oid = cls.relnamespace
WHERE
        cls.relkind IN ('r', 'v', 'm', 'f', 'p') AND
        ns.nspname NOT IN ('pg_catalog', 'information_schema') AND
        -- Exclude tables which are members of PG extensions
        NOT EXISTS (
            SELECT 1 FROM pg_depend WHERE
                classid=(
                    SELECT cls.oid
                    FROM pg_class AS cls
                             JOIN pg_namespace AS ns ON ns.oid = cls.relnamespace
                    WHERE relname='pg_class' AND ns.nspname='pg_catalog'
                ) AND
                objid=cls.oid AND
                deptype IN ('e', 'x')
        )
2024-08-18 00:25:14.134 +03:00 [INF] Executed DbCommand (14ms) [Parameters=[], CommandType='"Text"', CommandTimeout='30']
SELECT CASE WHEN COUNT(*) = 0 THEN FALSE ELSE TRUE END
FROM pg_class AS cls
JOIN pg_namespace AS ns ON ns.oid = cls.relnamespace
WHERE
        cls.relkind IN ('r', 'v', 'm', 'f', 'p') AND
        ns.nspname NOT IN ('pg_catalog', 'information_schema') AND
        -- Exclude tables which are members of PG extensions
        NOT EXISTS (
            SELECT 1 FROM pg_depend WHERE
                classid=(
                    SELECT cls.oid
                    FROM pg_class AS cls
                             JOIN pg_namespace AS ns ON ns.oid = cls.relnamespace
                    WHERE relname='pg_class' AND ns.nspname='pg_catalog'
                ) AND
                objid=cls.oid AND
                deptype IN ('e', 'x')
        )
2024-08-18 00:25:14.214 +03:00 [WRN] The foreign key {'SystemId'} on entity type 'DBSettings' targets itself. Consider removing it since it serves no purpose.
2024-08-18 00:25:14.217 +03:00 [WRN] The foreign key {'SystemId'} on entity type 'HostSettings' targets itself. Consider removing it since it serves no purpose.
2024-08-18 00:25:14.223 +03:00 [WRN] The foreign key {'SystemId'} on entity type 'HubSettings' targets itself. Consider removing it since it serves no purpose.
2024-08-18 00:25:14.227 +03:00 [WRN] The foreign key {'SystemId'} on entity type 'KafkaSettings' targets itself. Consider removing it since it serves no purpose.
2024-08-18 00:25:14.498 +03:00 [INF] Executed DbCommand (3ms) [Parameters=[], CommandType='"Text"', CommandTimeout='30']
SELECT CASE WHEN COUNT(*) = 0 THEN FALSE ELSE TRUE END
FROM pg_class AS cls
JOIN pg_namespace AS ns ON ns.oid = cls.relnamespace
WHERE
        cls.relkind IN ('r', 'v', 'm', 'f', 'p') AND
        ns.nspname NOT IN ('pg_catalog', 'information_schema') AND
        -- Exclude tables which are members of PG extensions
        NOT EXISTS (
            SELECT 1 FROM pg_depend WHERE
                classid=(
                    SELECT cls.oid
                    FROM pg_class AS cls
                             JOIN pg_namespace AS ns ON ns.oid = cls.relnamespace
                    WHERE relname='pg_class' AND ns.nspname='pg_catalog'
                ) AND
                objid=cls.oid AND
                deptype IN ('e', 'x')
        )
2024-08-18 00:25:14.660 +03:00 [INF] Application Starting
2024-08-18 00:25:14.852 +03:00 [INF] Now listening on: https://localhost:7098
2024-08-18 00:25:14.858 +03:00 [INF] Now listening on: http://localhost:5139
2024-08-18 00:25:14.862 +03:00 [INF] Application started. Press Ctrl+C to shut down.
2024-08-18 00:25:14.865 +03:00 [INF] Hosting environment: Development
2024-08-18 00:25:14.867 +03:00 [INF] Content root path: D:\Develop\App\WSService-DataModules\WebAPI\WebAPI.Backend\Presentation\WebAPI
2024-08-18 00:25:15.341 +03:00 [INF] Request starting HTTP/2 GET https://localhost:7098/swagger/index.html - null null
2024-08-18 00:25:15.602 +03:00 [INF] HTTP GET /swagger/index.html responded 200 in 155.8581 ms
2024-08-18 00:25:15.607 +03:00 [INF] Request finished HTTP/2 GET https://localhost:7098/swagger/index.html - 200 null text/html;charset=utf-8 278.4198ms
2024-08-18 00:25:15.608 +03:00 [INF] Request starting HTTP/2 GET https://localhost:7098/_framework/aspnetcore-browser-refresh.js - null null
2024-08-18 00:25:15.608 +03:00 [INF] Request starting HTTP/2 GET https://localhost:7098/_vs/browserLink - null null
2024-08-18 00:25:15.623 +03:00 [INF] Request finished HTTP/2 GET https://localhost:7098/_framework/aspnetcore-browser-refresh.js - 200 13748 application/javascript; charset=utf-8 15.4928ms
2024-08-18 00:25:15.650 +03:00 [INF] Request finished HTTP/2 GET https://localhost:7098/_vs/browserLink - 200 null text/javascript; charset=UTF-8 43.2034ms
2024-08-18 00:25:15.693 +03:00 [INF] Request starting HTTP/2 GET https://localhost:7098/swagger/v1/swagger.json - null null
2024-08-18 00:25:15.820 +03:00 [INF] HTTP GET /swagger/v1/swagger.json responded 200 in 124.5008 ms
2024-08-18 00:25:15.823 +03:00 [INF] Request finished HTTP/2 GET https://localhost:7098/swagger/v1/swagger.json - 200 null application/json;charset=utf-8 129.8348ms
2024-08-18 00:25:18.545 +03:00 [INF] Request starting HTTP/2 GET https://localhost:7098/api/v1/client/configure/ClientConfig - null null
2024-08-18 00:25:18.565 +03:00 [INF] Executing endpoint 'WebAPI.Controllers.ClientConfigController.GetAll (WebAPI)'
2024-08-18 00:25:18.578 +03:00 [INF] Route matched with {action = "GetAll", controller = "ClientConfig"}. Executing controller action with signature System.Threading.Tasks.Task`1[Microsoft.AspNetCore.Mvc.ActionResult`1[Application.Features.Configurations.Client.Queries.GetConfigClientList.ConfigClientListViewModel]] GetAll() on controller WebAPI.Controllers.ClientConfigController (WebAPI).
2024-08-18 00:25:18.691 +03:00 [INF] Executing action method WebAPI.Controllers.ClientConfigController.GetAll (WebAPI) - Validation state: "Valid"
2024-08-18 00:25:18.992 +03:00 [INF] Executed DbCommand (8ms) [Parameters=[], CommandType='"Text"', CommandTimeout='30']
SELECT c.client_id, c.address_to_alarm, c.address_to_notify, c.database_type, c.alarm_connection_string, c.notify_connection_string, c.consumer_bootstrap_server, c.producer_bootstrap_server, c.system_id, c.mode, c.caching
FROM client_configuration AS c
2024-08-18 00:25:19.111 +03:00 [INF] Executed action WebAPI.Controllers.ClientConfigController.GetAll (WebAPI) in 525.002ms
2024-08-18 00:25:19.113 +03:00 [INF] Executed endpoint 'WebAPI.Controllers.ClientConfigController.GetAll (WebAPI)'
2024-08-18 00:25:19.250 +03:00 [ERR] Configs Clients Not Found.
2024-08-18 00:25:19.268 +03:00 [INF] HTTP GET /api/v1/client/configure/ClientConfig responded 400 in 718.8149 ms
2024-08-18 00:25:19.283 +03:00 [INF] Request finished HTTP/2 GET https://localhost:7098/api/v1/client/configure/ClientConfig - 400 null application/json 738.722ms
2024-08-18 00:25:52.679 +03:00 [INF] Request starting HTTP/2 GET https://localhost:7098/swagger/v1/swagger.json - null null
2024-08-18 00:25:52.778 +03:00 [INF] HTTP GET /swagger/v1/swagger.json responded 200 in 72.6202 ms
2024-08-18 00:25:52.783 +03:00 [INF] Request finished HTTP/2 GET https://localhost:7098/swagger/v1/swagger.json - 200 null application/json;charset=utf-8 107.4217ms
2024-08-18 00:43:25.326 +03:00 [INF] Application startup services registration
2024-08-18 00:43:26.115 +03:00 [INF] User profile is available. Using 'C:\Users\Даниил\AppData\Local\ASP.NET\DataProtection-Keys' as key repository and Windows DPAPI to encrypt keys at rest.
2024-08-18 00:43:26.269 +03:00 [INF] Application startup middleware registration
2024-08-18 00:43:27.169 +03:00 [INF] Executed DbCommand (49ms) [Parameters=[], CommandType='"Text"', CommandTimeout='30']
SELECT CASE WHEN COUNT(*) = 0 THEN FALSE ELSE TRUE END
FROM pg_class AS cls
JOIN pg_namespace AS ns ON ns.oid = cls.relnamespace
WHERE
        cls.relkind IN ('r', 'v', 'm', 'f', 'p') AND
        ns.nspname NOT IN ('pg_catalog', 'information_schema') AND
        -- Exclude tables which are members of PG extensions
        NOT EXISTS (
            SELECT 1 FROM pg_depend WHERE
                classid=(
                    SELECT cls.oid
                    FROM pg_class AS cls
                             JOIN pg_namespace AS ns ON ns.oid = cls.relnamespace
                    WHERE relname='pg_class' AND ns.nspname='pg_catalog'
                ) AND
                objid=cls.oid AND
                deptype IN ('e', 'x')
        )
2024-08-18 00:43:27.438 +03:00 [INF] Executed DbCommand (18ms) [Parameters=[], CommandType='"Text"', CommandTimeout='30']
SELECT CASE WHEN COUNT(*) = 0 THEN FALSE ELSE TRUE END
FROM pg_class AS cls
JOIN pg_namespace AS ns ON ns.oid = cls.relnamespace
WHERE
        cls.relkind IN ('r', 'v', 'm', 'f', 'p') AND
        ns.nspname NOT IN ('pg_catalog', 'information_schema') AND
        -- Exclude tables which are members of PG extensions
        NOT EXISTS (
            SELECT 1 FROM pg_depend WHERE
                classid=(
                    SELECT cls.oid
                    FROM pg_class AS cls
                             JOIN pg_namespace AS ns ON ns.oid = cls.relnamespace
                    WHERE relname='pg_class' AND ns.nspname='pg_catalog'
                ) AND
                objid=cls.oid AND
                deptype IN ('e', 'x')
        )
2024-08-18 00:43:27.492 +03:00 [WRN] The foreign key {'SystemId'} on entity type 'DBSettings' targets itself. Consider removing it since it serves no purpose.
2024-08-18 00:43:27.496 +03:00 [WRN] The foreign key {'SystemId'} on entity type 'HostSettings' targets itself. Consider removing it since it serves no purpose.
2024-08-18 00:43:27.498 +03:00 [WRN] The foreign key {'SystemId'} on entity type 'HubSettings' targets itself. Consider removing it since it serves no purpose.
2024-08-18 00:43:27.499 +03:00 [WRN] The foreign key {'SystemId'} on entity type 'KafkaSettings' targets itself. Consider removing it since it serves no purpose.
2024-08-18 00:43:27.747 +03:00 [INF] Executed DbCommand (2ms) [Parameters=[], CommandType='"Text"', CommandTimeout='30']
SELECT CASE WHEN COUNT(*) = 0 THEN FALSE ELSE TRUE END
FROM pg_class AS cls
JOIN pg_namespace AS ns ON ns.oid = cls.relnamespace
WHERE
        cls.relkind IN ('r', 'v', 'm', 'f', 'p') AND
        ns.nspname NOT IN ('pg_catalog', 'information_schema') AND
        -- Exclude tables which are members of PG extensions
        NOT EXISTS (
            SELECT 1 FROM pg_depend WHERE
                classid=(
                    SELECT cls.oid
                    FROM pg_class AS cls
                             JOIN pg_namespace AS ns ON ns.oid = cls.relnamespace
                    WHERE relname='pg_class' AND ns.nspname='pg_catalog'
                ) AND
                objid=cls.oid AND
                deptype IN ('e', 'x')
        )
2024-08-18 00:43:27.886 +03:00 [INF] Application Starting
2024-08-18 00:43:28.065 +03:00 [INF] Now listening on: https://localhost:7098
2024-08-18 00:43:28.068 +03:00 [INF] Now listening on: http://localhost:5139
2024-08-18 00:43:28.071 +03:00 [INF] Application started. Press Ctrl+C to shut down.
2024-08-18 00:43:28.073 +03:00 [INF] Hosting environment: Development
2024-08-18 00:43:28.075 +03:00 [INF] Content root path: D:\Develop\App\WSService-DataModules\WebAPI\WebAPI.Backend\Presentation\WebAPI
2024-08-18 00:43:28.460 +03:00 [INF] Request starting HTTP/2 GET https://localhost:7098/swagger/index.html - null null
2024-08-18 00:43:28.754 +03:00 [INF] HTTP GET /swagger/index.html responded 200 in 191.2378 ms
2024-08-18 00:43:28.760 +03:00 [INF] Request starting HTTP/2 GET https://localhost:7098/_framework/aspnetcore-browser-refresh.js - null null
2024-08-18 00:43:28.760 +03:00 [INF] Request starting HTTP/2 GET https://localhost:7098/_vs/browserLink - null null
2024-08-18 00:43:28.766 +03:00 [INF] Request finished HTTP/2 GET https://localhost:7098/swagger/index.html - 200 null text/html;charset=utf-8 318.0003ms
2024-08-18 00:43:28.776 +03:00 [INF] Request finished HTTP/2 GET https://localhost:7098/_framework/aspnetcore-browser-refresh.js - 200 13748 application/javascript; charset=utf-8 16.733ms
2024-08-18 00:43:28.811 +03:00 [INF] Request finished HTTP/2 GET https://localhost:7098/_vs/browserLink - 200 null text/javascript; charset=UTF-8 51.4559ms
2024-08-18 00:43:28.859 +03:00 [INF] Request starting HTTP/2 GET https://localhost:7098/swagger/v1/swagger.json - null null
2024-08-18 00:43:28.979 +03:00 [INF] HTTP GET /swagger/v1/swagger.json responded 200 in 117.0295 ms
2024-08-18 00:43:28.981 +03:00 [INF] Request finished HTTP/2 GET https://localhost:7098/swagger/v1/swagger.json - 200 null application/json;charset=utf-8 122.9172ms
2024-08-18 00:43:34.845 +03:00 [INF] Request starting HTTP/2 GET https://localhost:7098/api/v1/client/configure/ClientConfig - null null
2024-08-18 00:43:34.876 +03:00 [INF] Executing endpoint 'WebAPI.Controllers.ClientConfigController.GetAll (WebAPI)'
2024-08-18 00:43:34.890 +03:00 [INF] Route matched with {action = "GetAll", controller = "ClientConfig"}. Executing controller action with signature System.Threading.Tasks.Task`1[Microsoft.AspNetCore.Mvc.ActionResult`1[Application.Features.Configurations.Client.Queries.GetConfigClientList.ConfigClientListViewModel]] GetAll() on controller WebAPI.Controllers.ClientConfigController (WebAPI).
2024-08-18 00:43:34.985 +03:00 [INF] Executing action method WebAPI.Controllers.ClientConfigController.GetAll (WebAPI) - Validation state: "Valid"
2024-08-18 00:43:35.251 +03:00 [INF] Executed DbCommand (10ms) [Parameters=[], CommandType='"Text"', CommandTimeout='30']
SELECT c.client_id, c.address_to_alarm, c.address_to_notify, c.database_type, c.alarm_connection_string, c.notify_connection_string, c.consumer_bootstrap_server, c.producer_bootstrap_server, c.system_id, c.mode, c.caching
FROM client_configuration AS c
2024-08-18 00:43:35.335 +03:00 [INF] Executed action WebAPI.Controllers.ClientConfigController.GetAll (WebAPI) in 436.7189ms
2024-08-18 00:43:35.337 +03:00 [INF] Executed endpoint 'WebAPI.Controllers.ClientConfigController.GetAll (WebAPI)'
2024-08-18 00:43:35.383 +03:00 [ERR] Configs Clients Not Found.
2024-08-18 00:43:35.391 +03:00 [INF] HTTP GET /api/v1/client/configure/ClientConfig responded 400 in 531.0400 ms
2024-08-18 00:43:35.400 +03:00 [INF] Request finished HTTP/2 GET https://localhost:7098/api/v1/client/configure/ClientConfig - 400 null application/json 555.685ms
2024-08-18 00:43:51.730 +03:00 [INF] Request starting HTTP/2 POST https://localhost:7098/api/v1/client/configure/ClientConfig - application/json 297
2024-08-18 00:43:51.744 +03:00 [INF] CORS policy execution successful.
2024-08-18 00:43:51.751 +03:00 [INF] Executing endpoint 'WebAPI.Controllers.ClientConfigController.Create (WebAPI)'
2024-08-18 00:43:51.765 +03:00 [INF] Route matched with {action = "Create", controller = "ClientConfig"}. Executing controller action with signature System.Threading.Tasks.Task`1[Microsoft.AspNetCore.Mvc.ActionResult`1[System.Guid]] Create(Shared.Models.Config.CreateClientConfigDTO) on controller WebAPI.Controllers.ClientConfigController (WebAPI).
2024-08-18 00:43:52.045 +03:00 [INF] Executing action method WebAPI.Controllers.ClientConfigController.Create (WebAPI) - Validation state: "Valid"
2024-08-18 00:43:52.231 +03:00 [INF] Executed DbCommand (18ms) [Parameters=[@__get_Item_0='?' (DbType = Guid)], CommandType='"Text"', CommandTimeout='30']
SELECT c.client_id, c.address_to_alarm, c.address_to_notify, c.database_type, c.alarm_connection_string, c.notify_connection_string, c.consumer_bootstrap_server, c.producer_bootstrap_server, c.system_id, c.mode, c.caching
FROM client_configuration AS c
WHERE c.client_id = @__get_Item_0
LIMIT 1
2024-08-18 00:43:52.501 +03:00 [INF] Executed DbCommand (8ms) [Parameters=[@p0='?' (DbType = Guid), @p1='?', @p2='?', @p3='?', @p4='?', @p5='?' (DbType = Guid), @p6='?', @p7='?' (DbType = Boolean), @p8='?', @p9='?', @p10='?'], CommandType='"Text"', CommandTimeout='30']
INSERT INTO client_configuration (client_id, address_to_alarm, alarm_connection_string, consumer_bootstrap_server, database_type, system_id, mode, caching, address_to_notify, notify_connection_string, producer_bootstrap_server)
VALUES (@p0, @p1, @p2, @p3, @p4, @p5, @p6, @p7, @p8, @p9, @p10);
2024-08-18 00:43:52.521 +03:00 [INF] Executed action method WebAPI.Controllers.ClientConfigController.Create (WebAPI), returned result Microsoft.AspNetCore.Mvc.OkObjectResult in 471.6951ms.
2024-08-18 00:43:52.532 +03:00 [INF] Executing OkObjectResult, writing value of type 'Application.Wrappers.Response`1[[System.Guid, System.Private.CoreLib, Version=8.0.0.0, Culture=neutral, PublicKeyToken=7cec85d7bea7798e]]'.
2024-08-18 00:43:52.539 +03:00 [INF] Executed action WebAPI.Controllers.ClientConfigController.Create (WebAPI) in 765.8148ms
2024-08-18 00:43:52.543 +03:00 [INF] Executed endpoint 'WebAPI.Controllers.ClientConfigController.Create (WebAPI)'
2024-08-18 00:43:52.544 +03:00 [INF] HTTP POST /api/v1/client/configure/ClientConfig responded 200 in 803.8127 ms
2024-08-18 00:43:52.548 +03:00 [INF] Request finished HTTP/2 POST https://localhost:7098/api/v1/client/configure/ClientConfig - 200 null application/json; charset=utf-8 818.3541ms
2024-08-18 00:43:59.318 +03:00 [INF] Request starting HTTP/2 GET https://localhost:7098/api/v1/client/configure/ClientConfig - null null
2024-08-18 00:43:59.323 +03:00 [INF] Executing endpoint 'WebAPI.Controllers.ClientConfigController.GetAll (WebAPI)'
2024-08-18 00:43:59.324 +03:00 [INF] Route matched with {action = "GetAll", controller = "ClientConfig"}. Executing controller action with signature System.Threading.Tasks.Task`1[Microsoft.AspNetCore.Mvc.ActionResult`1[Application.Features.Configurations.Client.Queries.GetConfigClientList.ConfigClientListViewModel]] GetAll() on controller WebAPI.Controllers.ClientConfigController (WebAPI).
2024-08-18 00:43:59.330 +03:00 [INF] Executing action method WebAPI.Controllers.ClientConfigController.GetAll (WebAPI) - Validation state: "Valid"
2024-08-18 00:43:59.339 +03:00 [INF] Executed DbCommand (3ms) [Parameters=[], CommandType='"Text"', CommandTimeout='30']
SELECT c.client_id, c.address_to_alarm, c.address_to_notify, c.database_type, c.alarm_connection_string, c.notify_connection_string, c.consumer_bootstrap_server, c.producer_bootstrap_server, c.system_id, c.mode, c.caching
FROM client_configuration AS c
2024-08-18 00:43:59.376 +03:00 [INF] Executed action method WebAPI.Controllers.ClientConfigController.GetAll (WebAPI), returned result Microsoft.AspNetCore.Mvc.OkObjectResult in 43.7855ms.
2024-08-18 00:43:59.379 +03:00 [INF] Executing OkObjectResult, writing value of type 'Application.Wrappers.Response`1[[System.Collections.Generic.IEnumerable`1[[Application.Features.Configurations.Client.Queries.GetConfigClientList.ConfigClientLookupDTO, Application, Version=1.0.0.0, Culture=neutral, PublicKeyToken=null]], System.Private.CoreLib, Version=8.0.0.0, Culture=neutral, PublicKeyToken=7cec85d7bea7798e]]'.
2024-08-18 00:43:59.382 +03:00 [INF] Executed action WebAPI.Controllers.ClientConfigController.GetAll (WebAPI) in 53.3912ms
2024-08-18 00:43:59.384 +03:00 [INF] Executed endpoint 'WebAPI.Controllers.ClientConfigController.GetAll (WebAPI)'
2024-08-18 00:43:59.385 +03:00 [INF] HTTP GET /api/v1/client/configure/ClientConfig responded 200 in 63.7113 ms
2024-08-18 00:43:59.387 +03:00 [INF] Request finished HTTP/2 GET https://localhost:7098/api/v1/client/configure/ClientConfig - 200 null application/json; charset=utf-8 70.0263ms
2024-08-18 00:44:09.220 +03:00 [INF] Request starting HTTP/2 POST https://localhost:7098/api/v1/client/configure/ClientConfig - application/json 297
2024-08-18 00:44:09.242 +03:00 [INF] CORS policy execution successful.
2024-08-18 00:44:09.244 +03:00 [INF] Executing endpoint 'WebAPI.Controllers.ClientConfigController.Create (WebAPI)'
2024-08-18 00:44:09.245 +03:00 [INF] Route matched with {action = "Create", controller = "ClientConfig"}. Executing controller action with signature System.Threading.Tasks.Task`1[Microsoft.AspNetCore.Mvc.ActionResult`1[System.Guid]] Create(Shared.Models.Config.CreateClientConfigDTO) on controller WebAPI.Controllers.ClientConfigController (WebAPI).
2024-08-18 00:44:09.252 +03:00 [INF] Executing action method WebAPI.Controllers.ClientConfigController.Create (WebAPI) - Validation state: "Valid"
2024-08-18 00:44:09.263 +03:00 [INF] Executed DbCommand (3ms) [Parameters=[@__get_Item_0='?' (DbType = Guid)], CommandType='"Text"', CommandTimeout='30']
SELECT c.client_id, c.address_to_alarm, c.address_to_notify, c.database_type, c.alarm_connection_string, c.notify_connection_string, c.consumer_bootstrap_server, c.producer_bootstrap_server, c.system_id, c.mode, c.caching
FROM client_configuration AS c
WHERE c.client_id = @__get_Item_0
LIMIT 1
2024-08-18 00:44:09.277 +03:00 [INF] Executed DbCommand (6ms) [Parameters=[@p0='?' (DbType = Guid), @p1='?', @p2='?', @p3='?', @p4='?', @p5='?' (DbType = Guid), @p6='?', @p7='?' (DbType = Boolean), @p8='?', @p9='?', @p10='?'], CommandType='"Text"', CommandTimeout='30']
INSERT INTO client_configuration (client_id, address_to_alarm, alarm_connection_string, consumer_bootstrap_server, database_type, system_id, mode, caching, address_to_notify, notify_connection_string, producer_bootstrap_server)
VALUES (@p0, @p1, @p2, @p3, @p4, @p5, @p6, @p7, @p8, @p9, @p10);
2024-08-18 00:44:09.281 +03:00 [INF] Executed action method WebAPI.Controllers.ClientConfigController.Create (WebAPI), returned result Microsoft.AspNetCore.Mvc.OkObjectResult in 26.4666ms.
2024-08-18 00:44:09.284 +03:00 [INF] Executing OkObjectResult, writing value of type 'Application.Wrappers.Response`1[[System.Guid, System.Private.CoreLib, Version=8.0.0.0, Culture=neutral, PublicKeyToken=7cec85d7bea7798e]]'.
2024-08-18 00:44:09.285 +03:00 [INF] Executed action WebAPI.Controllers.ClientConfigController.Create (WebAPI) in 34.5508ms
2024-08-18 00:44:09.287 +03:00 [INF] Executed endpoint 'WebAPI.Controllers.ClientConfigController.Create (WebAPI)'
2024-08-18 00:44:09.288 +03:00 [INF] HTTP POST /api/v1/client/configure/ClientConfig responded 200 in 46.2198 ms
2024-08-18 00:44:09.290 +03:00 [INF] Request finished HTTP/2 POST https://localhost:7098/api/v1/client/configure/ClientConfig - 200 null application/json; charset=utf-8 71.1264ms
2024-08-18 00:44:12.815 +03:00 [INF] Request starting HTTP/2 GET https://localhost:7098/api/v1/client/configure/ClientConfig - null null
2024-08-18 00:44:12.824 +03:00 [INF] Executing endpoint 'WebAPI.Controllers.ClientConfigController.GetAll (WebAPI)'
2024-08-18 00:44:12.828 +03:00 [INF] Route matched with {action = "GetAll", controller = "ClientConfig"}. Executing controller action with signature System.Threading.Tasks.Task`1[Microsoft.AspNetCore.Mvc.ActionResult`1[Application.Features.Configurations.Client.Queries.GetConfigClientList.ConfigClientListViewModel]] GetAll() on controller WebAPI.Controllers.ClientConfigController (WebAPI).
2024-08-18 00:44:12.841 +03:00 [INF] Executing action method WebAPI.Controllers.ClientConfigController.GetAll (WebAPI) - Validation state: "Valid"
2024-08-18 00:44:12.858 +03:00 [INF] Executed DbCommand (7ms) [Parameters=[], CommandType='"Text"', CommandTimeout='30']
SELECT c.client_id, c.address_to_alarm, c.address_to_notify, c.database_type, c.alarm_connection_string, c.notify_connection_string, c.consumer_bootstrap_server, c.producer_bootstrap_server, c.system_id, c.mode, c.caching
FROM client_configuration AS c
2024-08-18 00:44:12.873 +03:00 [INF] Executed action method WebAPI.Controllers.ClientConfigController.GetAll (WebAPI), returned result Microsoft.AspNetCore.Mvc.OkObjectResult in 26.4126ms.
2024-08-18 00:44:12.880 +03:00 [INF] Executing OkObjectResult, writing value of type 'Application.Wrappers.Response`1[[System.Collections.Generic.IEnumerable`1[[Application.Features.Configurations.Client.Queries.GetConfigClientList.ConfigClientLookupDTO, Application, Version=1.0.0.0, Culture=neutral, PublicKeyToken=null]], System.Private.CoreLib, Version=8.0.0.0, Culture=neutral, PublicKeyToken=7cec85d7bea7798e]]'.
2024-08-18 00:44:12.884 +03:00 [INF] Executed action WebAPI.Controllers.ClientConfigController.GetAll (WebAPI) in 43.5852ms
2024-08-18 00:44:12.887 +03:00 [INF] Executed endpoint 'WebAPI.Controllers.ClientConfigController.GetAll (WebAPI)'
2024-08-18 00:44:12.890 +03:00 [INF] HTTP GET /api/v1/client/configure/ClientConfig responded 200 in 66.0648 ms
2024-08-18 00:44:12.897 +03:00 [INF] Request finished HTTP/2 GET https://localhost:7098/api/v1/client/configure/ClientConfig - 200 null application/json; charset=utf-8 81.3867ms
