2024-08-15 00:25:13.472 +03:00 [INF] Application startup services registration
2024-08-15 00:25:19.339 +03:00 [INF] User profile is available. Using 'C:\Users\Даниил\AppData\Local\ASP.NET\DataProtection-Keys' as key repository and Windows DPAPI to encrypt keys at rest.
2024-08-15 00:25:19.808 +03:00 [INF] Application startup middleware registration
2024-08-15 00:25:21.716 +03:00 [INF] Executed DbCommand (78ms) [Parameters=[], CommandType='"Text"', CommandTimeout='30']
SELECT CASE WHEN COUNT(*) = 0 THEN FALSE ELSE TRUE END
FROM pg_class AS cls
JOIN pg_namespace AS ns ON ns.oid = cls.relnamespace
WHERE
        cls.relkind IN ('r', 'v', 'm', 'f', 'p') AND
        ns.nspname NOT IN ('pg_catalog', 'information_schema') AND
        -- Exclude tables which are members of PG extensions
        NOT EXISTS (
            SELECT 1 FROM pg_depend WHERE
                classid=(
                    SELECT cls.oid
                    FROM pg_class AS cls
                             JOIN pg_namespace AS ns ON ns.oid = cls.relnamespace
                    WHERE relname='pg_class' AND ns.nspname='pg_catalog'
                ) AND
                objid=cls.oid AND
                deptype IN ('e', 'x')
        )
2024-08-15 00:25:22.040 +03:00 [INF] Executed DbCommand (3ms) [Parameters=[], CommandType='"Text"', CommandTimeout='30']
SELECT CASE WHEN COUNT(*) = 0 THEN FALSE ELSE TRUE END
FROM pg_class AS cls
JOIN pg_namespace AS ns ON ns.oid = cls.relnamespace
WHERE
        cls.relkind IN ('r', 'v', 'm', 'f', 'p') AND
        ns.nspname NOT IN ('pg_catalog', 'information_schema') AND
        -- Exclude tables which are members of PG extensions
        NOT EXISTS (
            SELECT 1 FROM pg_depend WHERE
                classid=(
                    SELECT cls.oid
                    FROM pg_class AS cls
                             JOIN pg_namespace AS ns ON ns.oid = cls.relnamespace
                    WHERE relname='pg_class' AND ns.nspname='pg_catalog'
                ) AND
                objid=cls.oid AND
                deptype IN ('e', 'x')
        )
2024-08-15 00:25:22.090 +03:00 [WRN] The foreign key {'SystemId'} on entity type 'DBSettings' targets itself. Consider removing it since it serves no purpose.
2024-08-15 00:25:22.092 +03:00 [WRN] The foreign key {'SystemId'} on entity type 'HostSettings' targets itself. Consider removing it since it serves no purpose.
2024-08-15 00:25:22.094 +03:00 [WRN] The foreign key {'SystemId'} on entity type 'HubSettings' targets itself. Consider removing it since it serves no purpose.
2024-08-15 00:25:22.098 +03:00 [WRN] The foreign key {'SystemId'} on entity type 'KafkaSettings' targets itself. Consider removing it since it serves no purpose.
2024-08-15 00:25:22.287 +03:00 [INF] Executed DbCommand (4ms) [Parameters=[], CommandType='"Text"', CommandTimeout='30']
SELECT CASE WHEN COUNT(*) = 0 THEN FALSE ELSE TRUE END
FROM pg_class AS cls
JOIN pg_namespace AS ns ON ns.oid = cls.relnamespace
WHERE
        cls.relkind IN ('r', 'v', 'm', 'f', 'p') AND
        ns.nspname NOT IN ('pg_catalog', 'information_schema') AND
        -- Exclude tables which are members of PG extensions
        NOT EXISTS (
            SELECT 1 FROM pg_depend WHERE
                classid=(
                    SELECT cls.oid
                    FROM pg_class AS cls
                             JOIN pg_namespace AS ns ON ns.oid = cls.relnamespace
                    WHERE relname='pg_class' AND ns.nspname='pg_catalog'
                ) AND
                objid=cls.oid AND
                deptype IN ('e', 'x')
        )
2024-08-15 00:25:22.713 +03:00 [INF] Application Starting
2024-08-15 00:25:23.385 +03:00 [INF] Now listening on: https://localhost:7098
2024-08-15 00:25:23.386 +03:00 [INF] Now listening on: http://localhost:5139
2024-08-15 00:25:23.388 +03:00 [INF] Application started. Press Ctrl+C to shut down.
2024-08-15 00:25:23.389 +03:00 [INF] Hosting environment: Development
2024-08-15 00:25:23.389 +03:00 [INF] Content root path: D:\Develop\App\WSService-DataModules\WebAPI\WebAPI.Backend\Presentation\WebAPI
2024-08-15 00:25:24.172 +03:00 [INF] Request starting HTTP/2 GET https://localhost:7098/swagger/index.html - null null
2024-08-15 00:25:24.493 +03:00 [INF] HTTP GET /swagger/index.html responded 200 in 186.7133 ms
2024-08-15 00:25:24.500 +03:00 [INF] Request finished HTTP/2 GET https://localhost:7098/swagger/index.html - 200 null text/html;charset=utf-8 332.4702ms
2024-08-15 00:25:24.506 +03:00 [INF] Request starting HTTP/2 GET https://localhost:7098/_framework/aspnetcore-browser-refresh.js - null null
2024-08-15 00:25:24.506 +03:00 [INF] Request starting HTTP/2 GET https://localhost:7098/_vs/browserLink - null null
2024-08-15 00:25:24.522 +03:00 [INF] Request finished HTTP/2 GET https://localhost:7098/_framework/aspnetcore-browser-refresh.js - 200 13748 application/javascript; charset=utf-8 16.9335ms
2024-08-15 00:25:24.553 +03:00 [INF] Request finished HTTP/2 GET https://localhost:7098/_vs/browserLink - 200 null text/javascript; charset=UTF-8 46.6783ms
2024-08-15 00:25:24.596 +03:00 [INF] Request starting HTTP/2 GET https://localhost:7098/swagger/v1/swagger.json - null null
2024-08-15 00:25:24.745 +03:00 [INF] HTTP GET /swagger/v1/swagger.json responded 200 in 145.8655 ms
2024-08-15 00:25:24.747 +03:00 [INF] Request finished HTTP/2 GET https://localhost:7098/swagger/v1/swagger.json - 200 null application/json;charset=utf-8 151.2581ms
2024-08-15 00:31:45.422 +03:00 [INF] Application startup services registration
2024-08-15 00:31:46.246 +03:00 [INF] User profile is available. Using 'C:\Users\Даниил\AppData\Local\ASP.NET\DataProtection-Keys' as key repository and Windows DPAPI to encrypt keys at rest.
2024-08-15 00:31:46.333 +03:00 [INF] Application startup middleware registration
2024-08-15 00:31:47.235 +03:00 [INF] Executed DbCommand (52ms) [Parameters=[], CommandType='"Text"', CommandTimeout='30']
SELECT CASE WHEN COUNT(*) = 0 THEN FALSE ELSE TRUE END
FROM pg_class AS cls
JOIN pg_namespace AS ns ON ns.oid = cls.relnamespace
WHERE
        cls.relkind IN ('r', 'v', 'm', 'f', 'p') AND
        ns.nspname NOT IN ('pg_catalog', 'information_schema') AND
        -- Exclude tables which are members of PG extensions
        NOT EXISTS (
            SELECT 1 FROM pg_depend WHERE
                classid=(
                    SELECT cls.oid
                    FROM pg_class AS cls
                             JOIN pg_namespace AS ns ON ns.oid = cls.relnamespace
                    WHERE relname='pg_class' AND ns.nspname='pg_catalog'
                ) AND
                objid=cls.oid AND
                deptype IN ('e', 'x')
        )
2024-08-15 00:31:47.640 +03:00 [INF] Executed DbCommand (3ms) [Parameters=[], CommandType='"Text"', CommandTimeout='30']
SELECT CASE WHEN COUNT(*) = 0 THEN FALSE ELSE TRUE END
FROM pg_class AS cls
JOIN pg_namespace AS ns ON ns.oid = cls.relnamespace
WHERE
        cls.relkind IN ('r', 'v', 'm', 'f', 'p') AND
        ns.nspname NOT IN ('pg_catalog', 'information_schema') AND
        -- Exclude tables which are members of PG extensions
        NOT EXISTS (
            SELECT 1 FROM pg_depend WHERE
                classid=(
                    SELECT cls.oid
                    FROM pg_class AS cls
                             JOIN pg_namespace AS ns ON ns.oid = cls.relnamespace
                    WHERE relname='pg_class' AND ns.nspname='pg_catalog'
                ) AND
                objid=cls.oid AND
                deptype IN ('e', 'x')
        )
2024-08-15 00:31:47.693 +03:00 [WRN] The foreign key {'SystemId'} on entity type 'DBSettings' targets itself. Consider removing it since it serves no purpose.
2024-08-15 00:31:47.695 +03:00 [WRN] The foreign key {'SystemId'} on entity type 'HostSettings' targets itself. Consider removing it since it serves no purpose.
2024-08-15 00:31:47.698 +03:00 [WRN] The foreign key {'SystemId'} on entity type 'HubSettings' targets itself. Consider removing it since it serves no purpose.
2024-08-15 00:31:47.699 +03:00 [WRN] The foreign key {'SystemId'} on entity type 'KafkaSettings' targets itself. Consider removing it since it serves no purpose.
2024-08-15 00:31:48.004 +03:00 [INF] Executed DbCommand (2ms) [Parameters=[], CommandType='"Text"', CommandTimeout='30']
SELECT CASE WHEN COUNT(*) = 0 THEN FALSE ELSE TRUE END
FROM pg_class AS cls
JOIN pg_namespace AS ns ON ns.oid = cls.relnamespace
WHERE
        cls.relkind IN ('r', 'v', 'm', 'f', 'p') AND
        ns.nspname NOT IN ('pg_catalog', 'information_schema') AND
        -- Exclude tables which are members of PG extensions
        NOT EXISTS (
            SELECT 1 FROM pg_depend WHERE
                classid=(
                    SELECT cls.oid
                    FROM pg_class AS cls
                             JOIN pg_namespace AS ns ON ns.oid = cls.relnamespace
                    WHERE relname='pg_class' AND ns.nspname='pg_catalog'
                ) AND
                objid=cls.oid AND
                deptype IN ('e', 'x')
        )
2024-08-15 00:31:48.161 +03:00 [INF] Application Starting
2024-08-15 00:31:48.376 +03:00 [INF] Now listening on: https://localhost:7098
2024-08-15 00:31:48.378 +03:00 [INF] Now listening on: http://localhost:5139
2024-08-15 00:31:48.380 +03:00 [INF] Application started. Press Ctrl+C to shut down.
2024-08-15 00:31:48.381 +03:00 [INF] Hosting environment: Development
2024-08-15 00:31:48.382 +03:00 [INF] Content root path: D:\Develop\App\WSService-DataModules\WebAPI\WebAPI.Backend\Presentation\WebAPI
2024-08-15 00:31:48.991 +03:00 [INF] Request starting HTTP/2 GET https://localhost:7098/swagger/index.html - null null
2024-08-15 00:31:49.256 +03:00 [INF] HTTP GET /swagger/index.html responded 200 in 139.3569 ms
2024-08-15 00:31:49.272 +03:00 [INF] Request starting HTTP/2 GET https://localhost:7098/_framework/aspnetcore-browser-refresh.js - null null
2024-08-15 00:31:49.273 +03:00 [INF] Request finished HTTP/2 GET https://localhost:7098/swagger/index.html - 200 null text/html;charset=utf-8 280.3392ms
2024-08-15 00:31:49.274 +03:00 [INF] Request starting HTTP/2 GET https://localhost:7098/_vs/browserLink - null null
2024-08-15 00:31:49.282 +03:00 [INF] Request finished HTTP/2 GET https://localhost:7098/_framework/aspnetcore-browser-refresh.js - 200 13748 application/javascript; charset=utf-8 17.2821ms
2024-08-15 00:31:49.329 +03:00 [INF] Request finished HTTP/2 GET https://localhost:7098/_vs/browserLink - 200 null text/javascript; charset=UTF-8 63.9929ms
2024-08-15 00:31:49.383 +03:00 [INF] Request starting HTTP/2 GET https://localhost:7098/swagger/v1/swagger.json - null null
2024-08-15 00:31:49.533 +03:00 [INF] HTTP GET /swagger/v1/swagger.json responded 200 in 147.3032 ms
2024-08-15 00:31:49.537 +03:00 [INF] Request finished HTTP/2 GET https://localhost:7098/swagger/v1/swagger.json - 200 null application/json;charset=utf-8 154.0793ms
2024-08-15 16:16:53.126 +03:00 [INF] Application startup services registration
2024-08-15 16:16:59.695 +03:00 [INF] User profile is available. Using 'C:\Users\Даниил\AppData\Local\ASP.NET\DataProtection-Keys' as key repository and Windows DPAPI to encrypt keys at rest.
2024-08-15 16:17:00.400 +03:00 [INF] Application startup middleware registration
2024-08-15 16:17:05.390 +03:00 [INF] Executed DbCommand (196ms) [Parameters=[], CommandType='"Text"', CommandTimeout='30']
SELECT CASE WHEN COUNT(*) = 0 THEN FALSE ELSE TRUE END
FROM pg_class AS cls
JOIN pg_namespace AS ns ON ns.oid = cls.relnamespace
WHERE
        cls.relkind IN ('r', 'v', 'm', 'f', 'p') AND
        ns.nspname NOT IN ('pg_catalog', 'information_schema') AND
        -- Exclude tables which are members of PG extensions
        NOT EXISTS (
            SELECT 1 FROM pg_depend WHERE
                classid=(
                    SELECT cls.oid
                    FROM pg_class AS cls
                             JOIN pg_namespace AS ns ON ns.oid = cls.relnamespace
                    WHERE relname='pg_class' AND ns.nspname='pg_catalog'
                ) AND
                objid=cls.oid AND
                deptype IN ('e', 'x')
        )
2024-08-15 16:17:06.484 +03:00 [INF] Executed DbCommand (14ms) [Parameters=[], CommandType='"Text"', CommandTimeout='30']
SELECT CASE WHEN COUNT(*) = 0 THEN FALSE ELSE TRUE END
FROM pg_class AS cls
JOIN pg_namespace AS ns ON ns.oid = cls.relnamespace
WHERE
        cls.relkind IN ('r', 'v', 'm', 'f', 'p') AND
        ns.nspname NOT IN ('pg_catalog', 'information_schema') AND
        -- Exclude tables which are members of PG extensions
        NOT EXISTS (
            SELECT 1 FROM pg_depend WHERE
                classid=(
                    SELECT cls.oid
                    FROM pg_class AS cls
                             JOIN pg_namespace AS ns ON ns.oid = cls.relnamespace
                    WHERE relname='pg_class' AND ns.nspname='pg_catalog'
                ) AND
                objid=cls.oid AND
                deptype IN ('e', 'x')
        )
2024-08-15 16:17:06.583 +03:00 [WRN] The foreign key {'SystemId'} on entity type 'DBSettings' targets itself. Consider removing it since it serves no purpose.
2024-08-15 16:17:06.586 +03:00 [WRN] The foreign key {'SystemId'} on entity type 'HostSettings' targets itself. Consider removing it since it serves no purpose.
2024-08-15 16:17:06.587 +03:00 [WRN] The foreign key {'SystemId'} on entity type 'HubSettings' targets itself. Consider removing it since it serves no purpose.
2024-08-15 16:17:06.589 +03:00 [WRN] The foreign key {'SystemId'} on entity type 'KafkaSettings' targets itself. Consider removing it since it serves no purpose.
2024-08-15 16:17:06.932 +03:00 [INF] Executed DbCommand (11ms) [Parameters=[], CommandType='"Text"', CommandTimeout='30']
SELECT CASE WHEN COUNT(*) = 0 THEN FALSE ELSE TRUE END
FROM pg_class AS cls
JOIN pg_namespace AS ns ON ns.oid = cls.relnamespace
WHERE
        cls.relkind IN ('r', 'v', 'm', 'f', 'p') AND
        ns.nspname NOT IN ('pg_catalog', 'information_schema') AND
        -- Exclude tables which are members of PG extensions
        NOT EXISTS (
            SELECT 1 FROM pg_depend WHERE
                classid=(
                    SELECT cls.oid
                    FROM pg_class AS cls
                             JOIN pg_namespace AS ns ON ns.oid = cls.relnamespace
                    WHERE relname='pg_class' AND ns.nspname='pg_catalog'
                ) AND
                objid=cls.oid AND
                deptype IN ('e', 'x')
        )
2024-08-15 16:17:07.490 +03:00 [INF] Application Starting
2024-08-15 16:17:08.279 +03:00 [INF] Now listening on: https://localhost:7098
2024-08-15 16:17:08.312 +03:00 [INF] Now listening on: http://localhost:5139
2024-08-15 16:17:08.314 +03:00 [INF] Application started. Press Ctrl+C to shut down.
2024-08-15 16:17:08.315 +03:00 [INF] Hosting environment: Development
2024-08-15 16:17:08.316 +03:00 [INF] Content root path: D:\Develop\App\WSService-DataModules\WebAPI\WebAPI.Backend\Presentation\WebAPI
2024-08-15 16:17:08.806 +03:00 [INF] Request starting HTTP/2 GET https://localhost:7098/swagger/index.html - null null
2024-08-15 16:17:10.784 +03:00 [INF] HTTP GET /swagger/index.html responded 200 in 1569.9467 ms
2024-08-15 16:17:10.792 +03:00 [INF] Request finished HTTP/2 GET https://localhost:7098/swagger/index.html - 200 null text/html;charset=utf-8 1998.6601ms
2024-08-15 16:17:10.794 +03:00 [INF] Request starting HTTP/2 GET https://localhost:7098/_vs/browserLink - null null
2024-08-15 16:17:10.794 +03:00 [INF] Request starting HTTP/2 GET https://localhost:7098/_framework/aspnetcore-browser-refresh.js - null null
2024-08-15 16:17:10.821 +03:00 [INF] Request finished HTTP/2 GET https://localhost:7098/_framework/aspnetcore-browser-refresh.js - 200 13748 application/javascript; charset=utf-8 26.857ms
2024-08-15 16:17:10.903 +03:00 [INF] Request finished HTTP/2 GET https://localhost:7098/_vs/browserLink - 200 null text/javascript; charset=UTF-8 108.862ms
2024-08-15 16:17:10.951 +03:00 [INF] Request starting HTTP/2 GET https://localhost:7098/swagger/v1/swagger.json - null null
2024-08-15 16:17:11.297 +03:00 [INF] HTTP GET /swagger/v1/swagger.json responded 200 in 340.2123 ms
2024-08-15 16:17:11.305 +03:00 [INF] Request finished HTTP/2 GET https://localhost:7098/swagger/v1/swagger.json - 200 null application/json;charset=utf-8 354.7345ms
2024-08-15 16:17:21.884 +03:00 [INF] Request starting HTTP/2 GET https://localhost:7098/swagger/index.html/health - null null
2024-08-15 16:17:21.914 +03:00 [INF] HTTP GET /swagger/index.html/health responded 404 in 16.9284 ms
2024-08-15 16:17:21.919 +03:00 [INF] Request finished HTTP/2 GET https://localhost:7098/swagger/index.html/health - 404 0 null 35.896ms
2024-08-15 16:17:21.929 +03:00 [INF] Request reached the end of the middleware pipeline without being handled by application code. Request path: GET https://localhost:7098/swagger/index.html/health, Response status code: 404
2024-08-15 16:17:29.552 +03:00 [INF] Request starting HTTP/2 GET https://localhost:7098/health - null null
2024-08-15 16:17:29.585 +03:00 [INF] HTTP GET /health responded 200 in 21.2952 ms
2024-08-15 16:17:29.591 +03:00 [INF] Request finished HTTP/2 GET https://localhost:7098/health - 200 null text/plain 39.8097ms
2024-08-15 16:17:29.667 +03:00 [INF] Request starting HTTP/2 GET https://localhost:7098/favicon.ico - null null
2024-08-15 16:17:29.670 +03:00 [INF] HTTP GET /favicon.ico responded 404 in 0.8009 ms
2024-08-15 16:17:29.673 +03:00 [INF] Request finished HTTP/2 GET https://localhost:7098/favicon.ico - 404 0 null 6.6474ms
2024-08-15 16:17:29.676 +03:00 [INF] Request reached the end of the middleware pipeline without being handled by application code. Request path: GET https://localhost:7098/favicon.ico, Response status code: 404
2024-08-15 16:17:45.606 +03:00 [INF] Request starting HTTP/2 GET https://localhost:7098/_framework/aspnetcore-browser-refresh.js - null null
2024-08-15 16:17:45.615 +03:00 [INF] Request finished HTTP/2 GET https://localhost:7098/_framework/aspnetcore-browser-refresh.js - 200 13748 application/javascript; charset=utf-8 8.4206ms
