2024-08-17 22:25:54.718 +03:00 [INF] Application startup services registration
2024-08-17 22:26:04.248 +03:00 [INF] User profile is available. Using 'C:\Users\Даниил\AppData\Local\ASP.NET\DataProtection-Keys' as key repository and Windows DPAPI to encrypt keys at rest.
2024-08-17 22:26:05.070 +03:00 [INF] Application startup middleware registration
2024-08-17 22:26:08.616 +03:00 [INF] Executed DbCommand (155ms) [Parameters=[], CommandType='"Text"', CommandTimeout='30']
SELECT CASE WHEN COUNT(*) = 0 THEN FALSE ELSE TRUE END
FROM pg_class AS cls
JOIN pg_namespace AS ns ON ns.oid = cls.relnamespace
WHERE
        cls.relkind IN ('r', 'v', 'm', 'f', 'p') AND
        ns.nspname NOT IN ('pg_catalog', 'information_schema') AND
        -- Exclude tables which are members of PG extensions
        NOT EXISTS (
            SELECT 1 FROM pg_depend WHERE
                classid=(
                    SELECT cls.oid
                    FROM pg_class AS cls
                             JOIN pg_namespace AS ns ON ns.oid = cls.relnamespace
                    WHERE relname='pg_class' AND ns.nspname='pg_catalog'
                ) AND
                objid=cls.oid AND
                deptype IN ('e', 'x')
        )
2024-08-17 22:33:38.227 +03:00 [INF] Application startup services registration
2024-08-17 22:33:39.103 +03:00 [INF] User profile is available. Using 'C:\Users\Даниил\AppData\Local\ASP.NET\DataProtection-Keys' as key repository and Windows DPAPI to encrypt keys at rest.
2024-08-17 22:33:39.258 +03:00 [INF] Application startup middleware registration
2024-08-17 22:33:40.172 +03:00 [INF] Executed DbCommand (57ms) [Parameters=[], CommandType='"Text"', CommandTimeout='30']
SELECT CASE WHEN COUNT(*) = 0 THEN FALSE ELSE TRUE END
FROM pg_class AS cls
JOIN pg_namespace AS ns ON ns.oid = cls.relnamespace
WHERE
        cls.relkind IN ('r', 'v', 'm', 'f', 'p') AND
        ns.nspname NOT IN ('pg_catalog', 'information_schema') AND
        -- Exclude tables which are members of PG extensions
        NOT EXISTS (
            SELECT 1 FROM pg_depend WHERE
                classid=(
                    SELECT cls.oid
                    FROM pg_class AS cls
                             JOIN pg_namespace AS ns ON ns.oid = cls.relnamespace
                    WHERE relname='pg_class' AND ns.nspname='pg_catalog'
                ) AND
                objid=cls.oid AND
                deptype IN ('e', 'x')
        )
2024-08-17 22:33:40.486 +03:00 [INF] Executed DbCommand (10ms) [Parameters=[], CommandType='"Text"', CommandTimeout='30']
SELECT CASE WHEN COUNT(*) = 0 THEN FALSE ELSE TRUE END
FROM pg_class AS cls
JOIN pg_namespace AS ns ON ns.oid = cls.relnamespace
WHERE
        cls.relkind IN ('r', 'v', 'm', 'f', 'p') AND
        ns.nspname NOT IN ('pg_catalog', 'information_schema') AND
        -- Exclude tables which are members of PG extensions
        NOT EXISTS (
            SELECT 1 FROM pg_depend WHERE
                classid=(
                    SELECT cls.oid
                    FROM pg_class AS cls
                             JOIN pg_namespace AS ns ON ns.oid = cls.relnamespace
                    WHERE relname='pg_class' AND ns.nspname='pg_catalog'
                ) AND
                objid=cls.oid AND
                deptype IN ('e', 'x')
        )
2024-08-17 22:33:40.645 +03:00 [INF] Executed DbCommand (26ms) [Parameters=[], CommandType='"Text"', CommandTimeout='30']
CREATE TABLE client_configuration (
    client_id uuid NOT NULL,
    address_to_notify text NOT NULL,
    address_to_alarm text NOT NULL,
    database_type varchar(20) NOT NULL,
    alarm_connection_string text NOT NULL,
    notify_connection_string text NOT NULL,
    system_id uuid NOT NULL,
    caching boolean NOT NULL,
    mode varchar(20) NOT NULL,
    consumer_bootstrap_server varchar(255) NOT NULL,
    producer_bootstrap_server varchar(255) NOT NULL,
    CONSTRAINT "PK_client_configuration" PRIMARY KEY (client_id)
);
2024-08-17 22:33:40.749 +03:00 [WRN] The foreign key {'SystemId'} on entity type 'DBSettings' targets itself. Consider removing it since it serves no purpose.
2024-08-17 22:33:40.752 +03:00 [WRN] The foreign key {'SystemId'} on entity type 'HostSettings' targets itself. Consider removing it since it serves no purpose.
2024-08-17 22:33:40.754 +03:00 [WRN] The foreign key {'SystemId'} on entity type 'HubSettings' targets itself. Consider removing it since it serves no purpose.
2024-08-17 22:33:40.756 +03:00 [WRN] The foreign key {'SystemId'} on entity type 'KafkaSettings' targets itself. Consider removing it since it serves no purpose.
2024-08-17 22:33:41.016 +03:00 [INF] Executed DbCommand (11ms) [Parameters=[], CommandType='"Text"', CommandTimeout='30']
SELECT CASE WHEN COUNT(*) = 0 THEN FALSE ELSE TRUE END
FROM pg_class AS cls
JOIN pg_namespace AS ns ON ns.oid = cls.relnamespace
WHERE
        cls.relkind IN ('r', 'v', 'm', 'f', 'p') AND
        ns.nspname NOT IN ('pg_catalog', 'information_schema') AND
        -- Exclude tables which are members of PG extensions
        NOT EXISTS (
            SELECT 1 FROM pg_depend WHERE
                classid=(
                    SELECT cls.oid
                    FROM pg_class AS cls
                             JOIN pg_namespace AS ns ON ns.oid = cls.relnamespace
                    WHERE relname='pg_class' AND ns.nspname='pg_catalog'
                ) AND
                objid=cls.oid AND
                deptype IN ('e', 'x')
        )
2024-08-17 22:33:41.537 +03:00 [INF] Application Starting
2024-08-17 22:33:41.925 +03:00 [INF] Now listening on: https://localhost:7098
2024-08-17 22:33:41.928 +03:00 [INF] Now listening on: http://localhost:5139
2024-08-17 22:33:41.930 +03:00 [INF] Application started. Press Ctrl+C to shut down.
2024-08-17 22:33:41.932 +03:00 [INF] Hosting environment: Development
2024-08-17 22:33:41.934 +03:00 [INF] Content root path: D:\Develop\App\WSService-DataModules\WebAPI\WebAPI.Backend\Presentation\WebAPI
2024-08-17 22:33:42.703 +03:00 [INF] Request starting HTTP/2 GET https://localhost:7098/swagger - null null
2024-08-17 22:33:44.740 +03:00 [INF] HTTP GET /swagger responded 301 in 1845.2825 ms
2024-08-17 22:33:44.748 +03:00 [INF] Request finished HTTP/2 GET https://localhost:7098/swagger - 301 0 null 2060.0609ms
2024-08-17 22:33:44.754 +03:00 [INF] Request starting HTTP/2 GET https://localhost:7098/swagger/index.html - null null
2024-08-17 22:33:44.836 +03:00 [INF] HTTP GET /swagger/index.html responded 200 in 76.8737 ms
2024-08-17 22:33:44.843 +03:00 [INF] Request starting HTTP/2 GET https://localhost:7098/swagger/swagger-ui.css - null null
2024-08-17 22:33:44.843 +03:00 [INF] Request finished HTTP/2 GET https://localhost:7098/swagger/index.html - 200 null text/html;charset=utf-8 87.4608ms
2024-08-17 22:33:44.845 +03:00 [INF] Request starting HTTP/2 GET https://localhost:7098/swagger/swagger-ui-bundle.js - null null
2024-08-17 22:33:44.846 +03:00 [INF] Request starting HTTP/2 GET https://localhost:7098/swagger/swagger-ui-standalone-preset.js - null null
2024-08-17 22:33:44.856 +03:00 [INF] Request starting HTTP/2 GET https://localhost:7098/_framework/aspnetcore-browser-refresh.js - null null
2024-08-17 22:33:44.856 +03:00 [INF] Request starting HTTP/2 GET https://localhost:7098/_vs/browserLink - null null
2024-08-17 22:33:44.893 +03:00 [INF] Request finished HTTP/2 GET https://localhost:7098/_framework/aspnetcore-browser-refresh.js - 200 13748 application/javascript; charset=utf-8 37.8793ms
2024-08-17 22:33:44.906 +03:00 [INF] Sending file. Request path: '/swagger-ui.css'. Physical path: 'N/A'
2024-08-17 22:33:44.911 +03:00 [INF] Sending file. Request path: '/swagger-ui-standalone-preset.js'. Physical path: 'N/A'
2024-08-17 22:33:44.912 +03:00 [INF] HTTP GET /swagger/swagger-ui.css responded 200 in 63.0546 ms
2024-08-17 22:33:44.913 +03:00 [INF] HTTP GET /swagger/swagger-ui-standalone-preset.js responded 200 in 51.7334 ms
2024-08-17 22:33:44.916 +03:00 [INF] Request finished HTTP/2 GET https://localhost:7098/swagger/swagger-ui.css - 200 143943 text/css 73.6977ms
2024-08-17 22:33:44.918 +03:00 [INF] Request finished HTTP/2 GET https://localhost:7098/swagger/swagger-ui-standalone-preset.js - 200 339486 text/javascript 72.7485ms
2024-08-17 22:33:44.944 +03:00 [INF] Sending file. Request path: '/swagger-ui-bundle.js'. Physical path: 'N/A'
2024-08-17 22:33:44.946 +03:00 [INF] HTTP GET /swagger/swagger-ui-bundle.js responded 200 in 87.6812 ms
2024-08-17 22:33:44.949 +03:00 [INF] Request finished HTTP/2 GET https://localhost:7098/swagger/swagger-ui-bundle.js - 200 1096145 text/javascript 103.4552ms
2024-08-17 22:33:44.964 +03:00 [INF] Request finished HTTP/2 GET https://localhost:7098/_vs/browserLink - 200 null text/javascript; charset=UTF-8 108.5682ms
2024-08-17 22:33:45.068 +03:00 [INF] Request starting HTTP/2 GET https://localhost:7098/swagger/v1/swagger.json - null null
2024-08-17 22:33:45.092 +03:00 [INF] Request starting HTTP/2 GET https://localhost:7098/swagger/favicon-32x32.png - null null
2024-08-17 22:33:45.098 +03:00 [INF] Sending file. Request path: '/favicon-32x32.png'. Physical path: 'N/A'
2024-08-17 22:33:45.100 +03:00 [INF] HTTP GET /swagger/favicon-32x32.png responded 200 in 2.4169 ms
2024-08-17 22:33:45.102 +03:00 [INF] Request finished HTTP/2 GET https://localhost:7098/swagger/favicon-32x32.png - 200 628 image/png 10.8352ms
2024-08-17 22:33:45.245 +03:00 [INF] HTTP GET /swagger/v1/swagger.json responded 200 in 170.9766 ms
2024-08-17 22:33:45.247 +03:00 [INF] Request finished HTTP/2 GET https://localhost:7098/swagger/v1/swagger.json - 200 null application/json;charset=utf-8 179.1484ms
2024-08-17 22:33:51.855 +03:00 [INF] Request starting HTTP/2 GET https://localhost:7098/api/v1/client/configure/ClientConfig - null null
2024-08-17 22:33:51.882 +03:00 [INF] Executing endpoint 'WebAPI.Controllers.ClientConfigController.GetAll (WebAPI)'
2024-08-17 22:33:51.904 +03:00 [INF] Route matched with {action = "GetAll", controller = "ClientConfig"}. Executing controller action with signature System.Threading.Tasks.Task`1[Microsoft.AspNetCore.Mvc.ActionResult`1[Application.Features.Configurations.Client.Queries.GetConfigClientList.ConfigClientListViewModel]] GetAll() on controller WebAPI.Controllers.ClientConfigController (WebAPI).
2024-08-17 22:33:52.067 +03:00 [INF] Executing action method WebAPI.Controllers.ClientConfigController.GetAll (WebAPI) - Validation state: "Valid"
2024-08-17 22:33:52.544 +03:00 [INF] Executed DbCommand (9ms) [Parameters=[], CommandType='"Text"', CommandTimeout='30']
SELECT c.client_id, c.address_to_alarm, c.address_to_notify, c.database_type, c.alarm_connection_string, c.notify_connection_string, c.consumer_bootstrap_server, c.producer_bootstrap_server, c.system_id, c.mode, c.caching
FROM client_configuration AS c
2024-08-17 22:33:52.830 +03:00 [INF] Executed action WebAPI.Controllers.ClientConfigController.GetAll (WebAPI) in 914.1749ms
2024-08-17 22:33:52.840 +03:00 [INF] Executed endpoint 'WebAPI.Controllers.ClientConfigController.GetAll (WebAPI)'
2024-08-17 22:33:53.016 +03:00 [ERR] Configs Clients Not Found.
2024-08-17 22:33:53.030 +03:00 [INF] HTTP GET /api/v1/client/configure/ClientConfig responded 400 in 1169.2375 ms
2024-08-17 22:33:53.041 +03:00 [INF] Request finished HTTP/2 GET https://localhost:7098/api/v1/client/configure/ClientConfig - 400 null application/json 1186.2481ms
2024-08-17 22:34:32.726 +03:00 [INF] Request starting HTTP/2 GET https://localhost:7098/api/v1/client/configure/ClientConfig - null null
2024-08-17 22:34:32.741 +03:00 [INF] Executing endpoint 'WebAPI.Controllers.ClientConfigController.GetAll (WebAPI)'
2024-08-17 22:34:32.743 +03:00 [INF] Route matched with {action = "GetAll", controller = "ClientConfig"}. Executing controller action with signature System.Threading.Tasks.Task`1[Microsoft.AspNetCore.Mvc.ActionResult`1[Application.Features.Configurations.Client.Queries.GetConfigClientList.ConfigClientListViewModel]] GetAll() on controller WebAPI.Controllers.ClientConfigController (WebAPI).
2024-08-17 22:34:32.748 +03:00 [INF] Executing action method WebAPI.Controllers.ClientConfigController.GetAll (WebAPI) - Validation state: "Valid"
2024-08-17 22:34:32.761 +03:00 [INF] Executed DbCommand (8ms) [Parameters=[], CommandType='"Text"', CommandTimeout='30']
SELECT c.client_id, c.address_to_alarm, c.address_to_notify, c.database_type, c.alarm_connection_string, c.notify_connection_string, c.consumer_bootstrap_server, c.producer_bootstrap_server, c.system_id, c.mode, c.caching
FROM client_configuration AS c
2024-08-17 22:34:33.022 +03:00 [INF] Executed action WebAPI.Controllers.ClientConfigController.GetAll (WebAPI) in 275.1055ms
2024-08-17 22:34:33.030 +03:00 [INF] Executed endpoint 'WebAPI.Controllers.ClientConfigController.GetAll (WebAPI)'
2024-08-17 22:34:33.161 +03:00 [ERR] Configs Clients Not Found.
2024-08-17 22:34:33.166 +03:00 [INF] HTTP GET /api/v1/client/configure/ClientConfig responded 400 in 428.4859 ms
2024-08-17 22:34:33.171 +03:00 [INF] Request finished HTTP/2 GET https://localhost:7098/api/v1/client/configure/ClientConfig - 400 null application/json 445.7393ms
2024-08-17 22:42:34.768 +03:00 [INF] Application startup services registration
2024-08-17 22:42:35.576 +03:00 [INF] User profile is available. Using 'C:\Users\Даниил\AppData\Local\ASP.NET\DataProtection-Keys' as key repository and Windows DPAPI to encrypt keys at rest.
2024-08-17 22:42:35.711 +03:00 [INF] Application startup middleware registration
2024-08-17 22:42:36.648 +03:00 [INF] Executed DbCommand (40ms) [Parameters=[], CommandType='"Text"', CommandTimeout='30']
SELECT CASE WHEN COUNT(*) = 0 THEN FALSE ELSE TRUE END
FROM pg_class AS cls
JOIN pg_namespace AS ns ON ns.oid = cls.relnamespace
WHERE
        cls.relkind IN ('r', 'v', 'm', 'f', 'p') AND
        ns.nspname NOT IN ('pg_catalog', 'information_schema') AND
        -- Exclude tables which are members of PG extensions
        NOT EXISTS (
            SELECT 1 FROM pg_depend WHERE
                classid=(
                    SELECT cls.oid
                    FROM pg_class AS cls
                             JOIN pg_namespace AS ns ON ns.oid = cls.relnamespace
                    WHERE relname='pg_class' AND ns.nspname='pg_catalog'
                ) AND
                objid=cls.oid AND
                deptype IN ('e', 'x')
        )
2024-08-17 22:42:36.923 +03:00 [INF] Executed DbCommand (5ms) [Parameters=[], CommandType='"Text"', CommandTimeout='30']
SELECT CASE WHEN COUNT(*) = 0 THEN FALSE ELSE TRUE END
FROM pg_class AS cls
JOIN pg_namespace AS ns ON ns.oid = cls.relnamespace
WHERE
        cls.relkind IN ('r', 'v', 'm', 'f', 'p') AND
        ns.nspname NOT IN ('pg_catalog', 'information_schema') AND
        -- Exclude tables which are members of PG extensions
        NOT EXISTS (
            SELECT 1 FROM pg_depend WHERE
                classid=(
                    SELECT cls.oid
                    FROM pg_class AS cls
                             JOIN pg_namespace AS ns ON ns.oid = cls.relnamespace
                    WHERE relname='pg_class' AND ns.nspname='pg_catalog'
                ) AND
                objid=cls.oid AND
                deptype IN ('e', 'x')
        )
2024-08-17 22:42:37.012 +03:00 [WRN] The foreign key {'SystemId'} on entity type 'DBSettings' targets itself. Consider removing it since it serves no purpose.
2024-08-17 22:42:37.014 +03:00 [WRN] The foreign key {'SystemId'} on entity type 'HostSettings' targets itself. Consider removing it since it serves no purpose.
2024-08-17 22:42:37.016 +03:00 [WRN] The foreign key {'SystemId'} on entity type 'HubSettings' targets itself. Consider removing it since it serves no purpose.
2024-08-17 22:42:37.019 +03:00 [WRN] The foreign key {'SystemId'} on entity type 'KafkaSettings' targets itself. Consider removing it since it serves no purpose.
2024-08-17 22:42:37.241 +03:00 [INF] Executed DbCommand (2ms) [Parameters=[], CommandType='"Text"', CommandTimeout='30']
SELECT CASE WHEN COUNT(*) = 0 THEN FALSE ELSE TRUE END
FROM pg_class AS cls
JOIN pg_namespace AS ns ON ns.oid = cls.relnamespace
WHERE
        cls.relkind IN ('r', 'v', 'm', 'f', 'p') AND
        ns.nspname NOT IN ('pg_catalog', 'information_schema') AND
        -- Exclude tables which are members of PG extensions
        NOT EXISTS (
            SELECT 1 FROM pg_depend WHERE
                classid=(
                    SELECT cls.oid
                    FROM pg_class AS cls
                             JOIN pg_namespace AS ns ON ns.oid = cls.relnamespace
                    WHERE relname='pg_class' AND ns.nspname='pg_catalog'
                ) AND
                objid=cls.oid AND
                deptype IN ('e', 'x')
        )
2024-08-17 22:42:37.434 +03:00 [INF] Application Starting
2024-08-17 22:42:37.578 +03:00 [INF] Now listening on: https://localhost:7098
2024-08-17 22:42:37.579 +03:00 [INF] Now listening on: http://localhost:5139
2024-08-17 22:42:37.581 +03:00 [INF] Application started. Press Ctrl+C to shut down.
2024-08-17 22:42:37.582 +03:00 [INF] Hosting environment: Development
2024-08-17 22:42:37.583 +03:00 [INF] Content root path: D:\Develop\App\WSService-DataModules\WebAPI\WebAPI.Backend\Presentation\WebAPI
2024-08-17 22:42:38.454 +03:00 [INF] Request starting HTTP/2 GET https://localhost:7098/swagger/index.html - null null
2024-08-17 22:42:38.733 +03:00 [INF] HTTP GET /swagger/index.html responded 200 in 169.7932 ms
2024-08-17 22:42:38.744 +03:00 [INF] Request finished HTTP/2 GET https://localhost:7098/swagger/index.html - 200 null text/html;charset=utf-8 304.4678ms
2024-08-17 22:42:38.769 +03:00 [INF] Request starting HTTP/2 GET https://localhost:7098/_framework/aspnetcore-browser-refresh.js - null null
2024-08-17 22:42:38.770 +03:00 [INF] Request starting HTTP/2 GET https://localhost:7098/_vs/browserLink - null null
2024-08-17 22:42:38.781 +03:00 [INF] Request finished HTTP/2 GET https://localhost:7098/_framework/aspnetcore-browser-refresh.js - 200 13748 application/javascript; charset=utf-8 12.101ms
2024-08-17 22:42:38.817 +03:00 [INF] Request finished HTTP/2 GET https://localhost:7098/_vs/browserLink - 200 null text/javascript; charset=UTF-8 47.4631ms
2024-08-17 22:42:38.943 +03:00 [INF] Request starting HTTP/2 GET https://localhost:7098/swagger/v1/swagger.json - null null
2024-08-17 22:42:39.093 +03:00 [INF] HTTP GET /swagger/v1/swagger.json responded 200 in 140.8785 ms
2024-08-17 22:42:39.097 +03:00 [INF] Request finished HTTP/2 GET https://localhost:7098/swagger/v1/swagger.json - 200 null application/json;charset=utf-8 153.8418ms
2024-08-17 22:42:44.629 +03:00 [INF] Request starting HTTP/2 GET https://localhost:7098/api/v1/client/configure/ClientConfig - null null
2024-08-17 22:42:44.670 +03:00 [INF] Executing endpoint 'WebAPI.Controllers.ClientConfigController.GetAll (WebAPI)'
2024-08-17 22:42:44.684 +03:00 [INF] Route matched with {action = "GetAll", controller = "ClientConfig"}. Executing controller action with signature System.Threading.Tasks.Task`1[Microsoft.AspNetCore.Mvc.ActionResult`1[Application.Features.Configurations.Client.Queries.GetConfigClientList.ConfigClientListViewModel]] GetAll() on controller WebAPI.Controllers.ClientConfigController (WebAPI).
2024-08-17 22:42:44.808 +03:00 [INF] Executing action method WebAPI.Controllers.ClientConfigController.GetAll (WebAPI) - Validation state: "Valid"
2024-08-17 22:42:45.082 +03:00 [INF] Executed DbCommand (9ms) [Parameters=[], CommandType='"Text"', CommandTimeout='30']
SELECT c.client_id, c.address_to_alarm, c.address_to_notify, c.database_type, c.alarm_connection_string, c.notify_connection_string, c.consumer_bootstrap_server, c.producer_bootstrap_server, c.system_id, c.mode, c.caching
FROM client_configuration AS c
2024-08-17 22:42:45.224 +03:00 [INF] Executed action WebAPI.Controllers.ClientConfigController.GetAll (WebAPI) in 534.7004ms
2024-08-17 22:42:45.226 +03:00 [INF] Executed endpoint 'WebAPI.Controllers.ClientConfigController.GetAll (WebAPI)'
2024-08-17 22:42:45.269 +03:00 [ERR] Configs Clients Not Found.
2024-08-17 22:42:45.277 +03:00 [INF] HTTP GET /api/v1/client/configure/ClientConfig responded 400 in 635.4404 ms
2024-08-17 22:42:45.284 +03:00 [INF] Request finished HTTP/2 GET https://localhost:7098/api/v1/client/configure/ClientConfig - 400 null application/json 655.5048ms
2024-08-17 22:45:27.251 +03:00 [INF] Request starting HTTP/2 GET https://localhost:7098/api/v1/client/configure/ClientConfig - null null
2024-08-17 22:45:27.278 +03:00 [INF] Executing endpoint 'WebAPI.Controllers.ClientConfigController.GetAll (WebAPI)'
2024-08-17 22:45:27.286 +03:00 [INF] Route matched with {action = "GetAll", controller = "ClientConfig"}. Executing controller action with signature System.Threading.Tasks.Task`1[Microsoft.AspNetCore.Mvc.ActionResult`1[Application.Features.Configurations.Client.Queries.GetConfigClientList.ConfigClientListViewModel]] GetAll() on controller WebAPI.Controllers.ClientConfigController (WebAPI).
2024-08-17 22:45:27.296 +03:00 [INF] Executing action method WebAPI.Controllers.ClientConfigController.GetAll (WebAPI) - Validation state: "Valid"
2024-08-17 22:45:27.383 +03:00 [ERR] Failed executing DbCommand (76ms) [Parameters=[], CommandType='"Text"', CommandTimeout='30']
SELECT c.client_id, c.address_to_alarm, c.address_to_notify, c.database_type, c.alarm_connection_string, c.notify_connection_string, c.consumer_bootstrap_server, c.producer_bootstrap_server, c.system_id, c.mode, c.caching
FROM client_configuration AS c
2024-08-17 22:45:27.396 +03:00 [ERR] An exception occurred while iterating over the results of a query for context type 'Persistance.DbContexts.ClientConfigDbContext'.
System.InvalidOperationException: An exception has been raised that is likely due to a transient failure.
 ---> Npgsql.NpgsqlException (0x80004005): Exception while reading from stream
 ---> System.IO.IOException: Unable to read data from the transport connection: Программа на вашем хост-компьютере разорвала установленное подключение..
 ---> System.Net.Sockets.SocketException (10053): Программа на вашем хост-компьютере разорвала установленное подключение.
   at System.Net.Sockets.Socket.AwaitableSocketAsyncEventArgs.CreateException(SocketError error, Boolean forAsyncThrow)
   at System.Net.Sockets.Socket.AwaitableSocketAsyncEventArgs.ReceiveAsync(Socket socket, CancellationToken cancellationToken)
   at System.Net.Sockets.Socket.ReceiveAsync(Memory`1 buffer, SocketFlags socketFlags, Boolean fromNetworkStream, CancellationToken cancellationToken)
   at System.Net.Sockets.NetworkStream.ReadAsync(Memory`1 buffer, CancellationToken cancellationToken)
   at Npgsql.Internal.NpgsqlReadBuffer.<Ensure>g__EnsureLong|55_0(NpgsqlReadBuffer buffer, Int32 count, Boolean async, Boolean readingNotifications)
   at System.Runtime.CompilerServices.AsyncMethodBuilderCore.Start[TStateMachine](TStateMachine& stateMachine)
   at Npgsql.Internal.NpgsqlReadBuffer.<Ensure>g__EnsureLong|55_0(NpgsqlReadBuffer buffer, Int32 count, Boolean async, Boolean readingNotifications)
   at Npgsql.Internal.NpgsqlReadBuffer.Ensure(Int32 count, Boolean async, Boolean readingNotifications)
   at Npgsql.Internal.NpgsqlConnector.ReadMessageLong(Boolean async, DataRowLoadingMode dataRowLoadingMode, Boolean readingNotifications, Boolean isReadingPrependedMessage)
   at System.Runtime.CompilerServices.AsyncMethodBuilderCore.Start[TStateMachine](TStateMachine& stateMachine)
   at Npgsql.Internal.NpgsqlConnector.ReadMessageLong(Boolean async, DataRowLoadingMode dataRowLoadingMode, Boolean readingNotifications, Boolean isReadingPrependedMessage)
   at Npgsql.Internal.NpgsqlConnector.ReadMessageLong(Boolean async, DataRowLoadingMode dataRowLoadingMode, Boolean readingNotifications, Boolean isReadingPrependedMessage)
   at System.Runtime.CompilerServices.AsyncMethodBuilderCore.Start[TStateMachine](TStateMachine& stateMachine)
   at Npgsql.Internal.NpgsqlConnector.ReadMessageLong(Boolean async, DataRowLoadingMode dataRowLoadingMode, Boolean readingNotifications, Boolean isReadingPrependedMessage)
   at Npgsql.Internal.NpgsqlConnector.ReadMessage(Boolean async, DataRowLoadingMode dataRowLoadingMode)
   at Npgsql.NpgsqlDataReader.NextResult(Boolean async, Boolean isConsuming, CancellationToken cancellationToken)
   at System.Runtime.CompilerServices.AsyncMethodBuilderCore.Start[TStateMachine](TStateMachine& stateMachine)
   at Npgsql.NpgsqlDataReader.NextResult(Boolean async, Boolean isConsuming, CancellationToken cancellationToken)
   at Npgsql.NpgsqlDataReader.NextResultAsync(CancellationToken cancellationToken)
   at Npgsql.NpgsqlCommand.ExecuteReader(Boolean async, CommandBehavior behavior, CancellationToken cancellationToken)
   at System.Runtime.CompilerServices.AsyncMethodBuilderCore.Start[TStateMachine](TStateMachine& stateMachine)
   at Npgsql.NpgsqlCommand.ExecuteReader(Boolean async, CommandBehavior behavior, CancellationToken cancellationToken)
   at Npgsql.NpgsqlCommand.ExecuteReaderAsync(CommandBehavior behavior, CancellationToken cancellationToken)
   at Npgsql.NpgsqlCommand.ExecuteDbDataReaderAsync(CommandBehavior behavior, CancellationToken cancellationToken)
   at System.Runtime.CompilerServices.AsyncMethodBuilderCore.Start[TStateMachine](TStateMachine& stateMachine)
   at Npgsql.NpgsqlCommand.ExecuteDbDataReaderAsync(CommandBehavior behavior, CancellationToken cancellationToken)
   at Microsoft.EntityFrameworkCore.Storage.RelationalCommand.ExecuteReaderAsync(RelationalCommandParameterObject parameterObject, CancellationToken cancellationToken)
   at System.Runtime.CompilerServices.AsyncMethodBuilderCore.Start[TStateMachine](TStateMachine& stateMachine)
   at Microsoft.EntityFrameworkCore.Storage.RelationalCommand.ExecuteReaderAsync(RelationalCommandParameterObject parameterObject, CancellationToken cancellationToken)
   at Microsoft.EntityFrameworkCore.Query.Internal.SingleQueryingEnumerable`1.AsyncEnumerator.InitializeReaderAsync(AsyncEnumerator enumerator, CancellationToken cancellationToken)
   at System.Runtime.CompilerServices.AsyncMethodBuilderCore.Start[TStateMachine](TStateMachine& stateMachine)
   at Microsoft.EntityFrameworkCore.Query.Internal.SingleQueryingEnumerable`1.AsyncEnumerator.InitializeReaderAsync(AsyncEnumerator enumerator, CancellationToken cancellationToken)
   at Microsoft.EntityFrameworkCore.Query.Internal.SingleQueryingEnumerable`1.AsyncEnumerator.<>c.<MoveNextAsync>b__20_0(DbContext _, AsyncEnumerator enumerator, CancellationToken cancellationToken)
   at Npgsql.EntityFrameworkCore.PostgreSQL.Storage.Internal.NpgsqlExecutionStrategy.ExecuteAsync[TState,TResult](TState state, Func`4 operation, Func`4 verifySucceeded, CancellationToken cancellationToken)
   at System.Runtime.CompilerServices.AsyncMethodBuilderCore.Start[TStateMachine](TStateMachine& stateMachine)
   at Npgsql.EntityFrameworkCore.PostgreSQL.Storage.Internal.NpgsqlExecutionStrategy.ExecuteAsync[TState,TResult](TState state, Func`4 operation, Func`4 verifySucceeded, CancellationToken cancellationToken)
   at Microsoft.EntityFrameworkCore.Query.Internal.SingleQueryingEnumerable`1.AsyncEnumerator.MoveNextAsync()
   at System.Runtime.CompilerServices.AsyncMethodBuilderCore.Start[TStateMachine](TStateMachine& stateMachine)
   at Microsoft.EntityFrameworkCore.Query.Internal.SingleQueryingEnumerable`1.AsyncEnumerator.MoveNextAsync()
   at System.Runtime.CompilerServices.ConfiguredCancelableAsyncEnumerable`1.Enumerator.MoveNextAsync()
   at Microsoft.EntityFrameworkCore.EntityFrameworkQueryableExtensions.ToListAsync[TSource](IQueryable`1 source, CancellationToken cancellationToken)
   at System.Runtime.CompilerServices.AsyncMethodBuilderCore.Start[TStateMachine](TStateMachine& stateMachine)
   at Microsoft.EntityFrameworkCore.EntityFrameworkQueryableExtensions.ToListAsync[TSource](IQueryable`1 source, CancellationToken cancellationToken)
   at Persistance.Repositories.GenericRepositoryAsync`2.GetAllAsync()
   at System.Runtime.CompilerServices.AsyncMethodBuilderCore.Start[TStateMachine](TStateMachine& stateMachine)
   at Persistance.Repositories.GenericRepositoryAsync`2.GetAllAsync()
   at Application.Features.Configurations.Client.Queries.GetConfigClientList.GetConfigClientListQueryHandler.Handle(GetConfigClientListQuery request, CancellationToken cancellationToken) in D:\Develop\App\WSService-DataModules\WebAPI\WebAPI.Backend\Application\Features\Configurations\Client\Queries\GetConfigClientList\GetConfigClientListQueryHandler.cs:line 21
   at System.Runtime.CompilerServices.AsyncMethodBuilderCore.Start[TStateMachine](TStateMachine& stateMachine)
   at Application.Features.Configurations.Client.Queries.GetConfigClientList.GetConfigClientListQueryHandler.Handle(GetConfigClientListQuery request, CancellationToken cancellationToken)
   at MediatR.Wrappers.RequestHandlerWrapperImpl`2.<>c__DisplayClass1_0.<Handle>g__Handler|0()
   at Application.Behaviorus.ValidationBehavior`2.Handle(TRequest request, RequestHandlerDelegate`1 next, CancellationToken cancellationToken) in D:\Develop\App\WSService-DataModules\WebAPI\WebAPI.Backend\Application\Behaviorus\ValidationBehavior.cs:line 23
   at System.Runtime.CompilerServices.AsyncMethodBuilderCore.Start[TStateMachine](TStateMachine& stateMachine)
   at Application.Behaviorus.ValidationBehavior`2.Handle(TRequest request, RequestHandlerDelegate`1 next, CancellationToken cancellationToken)
   at MediatR.Wrappers.RequestHandlerWrapperImpl`2.<>c__DisplayClass1_1.<Handle>b__2()
   at MediatR.Wrappers.RequestHandlerWrapperImpl`2.Handle(IRequest`1 request, IServiceProvider serviceProvider, CancellationToken cancellationToken)
   at MediatR.Mediator.Send[TResponse](IRequest`1 request, CancellationToken cancellationToken)
   at WebAPI.Controllers.ClientConfigController.GetAll() in D:\Develop\App\WSService-DataModules\WebAPI\WebAPI.Backend\Presentation\WebAPI\Controllers\ClientConfigController.cs:line 35
   at System.Runtime.CompilerServices.AsyncMethodBuilderCore.Start[TStateMachine](TStateMachine& stateMachine)
   at WebAPI.Controllers.ClientConfigController.GetAll()
   at lambda_method17(Closure, Object, Object[])
   at Microsoft.AspNetCore.Mvc.Infrastructure.ActionMethodExecutor.AwaitableObjectResultExecutor.Execute(ActionContext actionContext, IActionResultTypeMapper mapper, ObjectMethodExecutor executor, Object controller, Object[] arguments)
   at System.Runtime.CompilerServices.AsyncMethodBuilderCore.Start[TStateMachine](TStateMachine& stateMachine)
   at Microsoft.AspNetCore.Mvc.Infrastructure.ActionMethodExecutor.AwaitableObjectResultExecutor.Execute(ActionContext actionContext, IActionResultTypeMapper mapper, ObjectMethodExecutor executor, Object controller, Object[] arguments)
   at Microsoft.AspNetCore.Mvc.Infrastructure.ControllerActionInvoker.<InvokeActionMethodAsync>g__Logged|12_1(ControllerActionInvoker invoker)
   at System.Runtime.CompilerServices.AsyncMethodBuilderCore.Start[TStateMachine](TStateMachine& stateMachine)
   at Microsoft.AspNetCore.Mvc.Infrastructure.ControllerActionInvoker.<InvokeActionMethodAsync>g__Logged|12_1(ControllerActionInvoker invoker)
   at Microsoft.AspNetCore.Mvc.Infrastructure.ControllerActionInvoker.InvokeActionMethodAsync()
   at Microsoft.AspNetCore.Mvc.Infrastructure.ControllerActionInvoker.Next(State& next, Scope& scope, Object& state, Boolean& isCompleted)
   at Microsoft.AspNetCore.Mvc.Infrastructure.ControllerActionInvoker.InvokeNextActionFilterAsync()
   at Microsoft.AspNetCore.Mvc.Infrastructure.ControllerActionInvoker.Next(State& next, Scope& scope, Object& state, Boolean& isCompleted)
   at Microsoft.AspNetCore.Mvc.Infrastructure.ControllerActionInvoker.InvokeNextActionFilterAsync()
   at Microsoft.AspNetCore.Mvc.Infrastructure.ControllerActionInvoker.Next(State& next, Scope& scope, Object& state, Boolean& isCompleted)
   at Microsoft.AspNetCore.Mvc.Infrastructure.ControllerActionInvoker.InvokeInnerFilterAsync()
   at Microsoft.AspNetCore.Mvc.Infrastructure.ResourceInvoker.Next(State& next, Scope& scope, Object& state, Boolean& isCompleted)
   at Microsoft.AspNetCore.Mvc.Infrastructure.ResourceInvoker.InvokeFilterPipelineAsync()
   at Microsoft.AspNetCore.Mvc.Infrastructure.ResourceInvoker.<InvokeAsync>g__Logged|17_1(ResourceInvoker invoker)
   at System.Runtime.CompilerServices.AsyncMethodBuilderCore.Start[TStateMachine](TStateMachine& stateMachine)
   at Microsoft.AspNetCore.Mvc.Infrastructure.ResourceInvoker.<InvokeAsync>g__Logged|17_1(ResourceInvoker invoker)
   at Microsoft.AspNetCore.Mvc.Infrastructure.ResourceInvoker.InvokeAsync()
   at Microsoft.AspNetCore.Mvc.Routing.ControllerRequestDelegateFactory.<>c__DisplayClass12_0.<CreateRequestDelegate>b__0(HttpContext context)
   at Microsoft.AspNetCore.Routing.EndpointMiddleware.Invoke(HttpContext httpContext)
   at Prometheus.HttpMetrics.HttpRequestDurationMiddleware.Invoke(HttpContext context)
   at System.Runtime.CompilerServices.AsyncMethodBuilderCore.Start[TStateMachine](TStateMachine& stateMachine)
   at Prometheus.HttpMetrics.HttpRequestDurationMiddleware.Invoke(HttpContext context)
   at Prometheus.HttpMetrics.HttpRequestCountMiddleware.Invoke(HttpContext context)
   at System.Runtime.CompilerServices.AsyncMethodBuilderCore.Start[TStateMachine](TStateMachine& stateMachine)
   at Prometheus.HttpMetrics.HttpRequestCountMiddleware.Invoke(HttpContext context)
   at Prometheus.HttpMetrics.HttpInProgressMiddleware.Invoke(HttpContext context)
   at System.Runtime.CompilerServices.AsyncMethodBuilderCore.Start[TStateMachine](TStateMachine& stateMachine)
   at Prometheus.HttpMetrics.HttpInProgressMiddleware.Invoke(HttpContext context)
   at Prometheus.HttpMetrics.CaptureRouteDataMiddleware.Invoke(HttpContext context)
   at Microsoft.AspNetCore.Builder.Extensions.MapMiddleware.Invoke(HttpContext context)
   at Microsoft.AspNetCore.Builder.Extensions.MapMiddleware.Invoke(HttpContext context)
   at WebAPI.Middlewares.ErrorHandlerMiddleware.Invoke(HttpContext context) in D:\Develop\App\WSService-DataModules\WebAPI\WebAPI.Backend\Presentation\WebAPI\Middlewares\ErrorHandlerMiddleware.cs:line 24
   at System.Runtime.CompilerServices.AsyncMethodBuilderCore.Start[TStateMachine](TStateMachine& stateMachine)
   at WebAPI.Middlewares.ErrorHandlerMiddleware.Invoke(HttpContext context)
   at Microsoft.AspNetCore.StaticFiles.StaticFileMiddleware.Invoke(HttpContext context)
   at Swashbuckle.AspNetCore.SwaggerUI.SwaggerUIMiddleware.Invoke(HttpContext httpContext)
   at System.Runtime.CompilerServices.AsyncMethodBuilderCore.Start[TStateMachine](TStateMachine& stateMachine)
   at Swashbuckle.AspNetCore.SwaggerUI.SwaggerUIMiddleware.Invoke(HttpContext httpContext)
   at Swashbuckle.AspNetCore.Swagger.SwaggerMiddleware.Invoke(HttpContext httpContext, ISwaggerProvider swaggerProvider)
   at System.Runtime.CompilerServices.AsyncMethodBuilderCore.Start[TStateMachine](TStateMachine& stateMachine)
   at Swashbuckle.AspNetCore.Swagger.SwaggerMiddleware.Invoke(HttpContext httpContext, ISwaggerProvider swaggerProvider)
   at Microsoft.AspNetCore.Authorization.AuthorizationMiddleware.Invoke(HttpContext context)
   at System.Runtime.CompilerServices.AsyncMethodBuilderCore.Start[TStateMachine](TStateMachine& stateMachine)
   at Microsoft.AspNetCore.Authorization.AuthorizationMiddleware.Invoke(HttpContext context)
   at Microsoft.AspNetCore.Authentication.AuthenticationMiddleware.Invoke(HttpContext context)
   at System.Runtime.CompilerServices.AsyncMethodBuilderCore.Start[TStateMachine](TStateMachine& stateMachine)
   at Microsoft.AspNetCore.Authentication.AuthenticationMiddleware.Invoke(HttpContext context)
   at Microsoft.AspNetCore.HttpsPolicy.HttpsRedirectionMiddleware.Invoke(HttpContext context)
   at Serilog.AspNetCore.RequestLoggingMiddleware.Invoke(HttpContext httpContext)
   at System.Runtime.CompilerServices.AsyncMethodBuilderCore.Start[TStateMachine](TStateMachine& stateMachine)
   at Serilog.AspNetCore.RequestLoggingMiddleware.Invoke(HttpContext httpContext)
   at Microsoft.AspNetCore.Diagnostics.DeveloperExceptionPageMiddlewareImpl.Invoke(HttpContext context)
   at System.Runtime.CompilerServices.AsyncMethodBuilderCore.Start[TStateMachine](TStateMachine& stateMachine)
   at Microsoft.AspNetCore.Diagnostics.DeveloperExceptionPageMiddlewareImpl.Invoke(HttpContext context)
   at Microsoft.AspNetCore.HostFiltering.HostFilteringMiddleware.Invoke(HttpContext context)
   at Microsoft.WebTools.BrowserLink.Net.BrowserLinkMiddleware.InvokeAsync(HttpContext context)
   at System.Runtime.CompilerServices.AsyncMethodBuilderCore.Start[TStateMachine](TStateMachine& stateMachine)
   at Microsoft.WebTools.BrowserLink.Net.BrowserLinkMiddleware.InvokeAsync(HttpContext context)
   at Microsoft.WebTools.BrowserLink.Net.VsContentMiddleware.InvokeAsync(HttpContext context)
   at Microsoft.AspNetCore.Watch.BrowserRefresh.BrowserRefreshMiddleware.InvokeAsync(HttpContext context)
   at System.Runtime.CompilerServices.AsyncMethodBuilderCore.Start[TStateMachine](TStateMachine& stateMachine)
   at Microsoft.AspNetCore.Watch.BrowserRefresh.BrowserRefreshMiddleware.InvokeAsync(HttpContext context)
   at Microsoft.AspNetCore.Server.Kestrel.Core.Internal.Http.HttpProtocol.ProcessRequests[TContext](IHttpApplication`1 application)
   at System.Runtime.CompilerServices.AsyncMethodBuilderCore.Start[TStateMachine](TStateMachine& stateMachine)
   at Microsoft.AspNetCore.Server.Kestrel.Core.Internal.Http.HttpProtocol.ProcessRequests[TContext](IHttpApplication`1 application)
   at Microsoft.AspNetCore.Server.Kestrel.Core.Internal.Http.HttpProtocol.ProcessRequestsAsync[TContext](IHttpApplication`1 application)
   at System.Runtime.CompilerServices.AsyncMethodBuilderCore.Start[TStateMachine](TStateMachine& stateMachine)
   at Microsoft.AspNetCore.Server.Kestrel.Core.Internal.Http.HttpProtocol.ProcessRequestsAsync[TContext](IHttpApplication`1 application)
   at Microsoft.AspNetCore.Server.Kestrel.Core.Internal.Http2.Http2Stream`1.Execute()
   at System.Threading.ThreadPoolWorkQueue.Dispatch()
   at System.Threading.PortableThreadPool.WorkerThread.WorkerThreadStart()
--- End of stack trace from previous location ---

   --- End of inner exception stack trace ---
   at Npgsql.Internal.NpgsqlReadBuffer.<Ensure>g__EnsureLong|55_0(NpgsqlReadBuffer buffer, Int32 count, Boolean async, Boolean readingNotifications)
   at Npgsql.Internal.NpgsqlReadBuffer.<Ensure>g__EnsureLong|55_0(NpgsqlReadBuffer buffer, Int32 count, Boolean async, Boolean readingNotifications)
   at System.Runtime.CompilerServices.PoolingAsyncValueTaskMethodBuilder`1.StateMachineBox`1.System.Threading.Tasks.Sources.IValueTaskSource.GetResult(Int16 token)
   at Npgsql.Internal.NpgsqlConnector.ReadMessageLong(Boolean async, DataRowLoadingMode dataRowLoadingMode, Boolean readingNotifications, Boolean isReadingPrependedMessage)
   at System.Runtime.CompilerServices.PoolingAsyncValueTaskMethodBuilder`1.StateMachineBox`1.System.Threading.Tasks.Sources.IValueTaskSource<TResult>.GetResult(Int16 token)
   at Npgsql.Internal.NpgsqlConnector.ReadMessageLong(Boolean async, DataRowLoadingMode dataRowLoadingMode, Boolean readingNotifications, Boolean isReadingPrependedMessage)
   at System.Runtime.CompilerServices.PoolingAsyncValueTaskMethodBuilder`1.StateMachineBox`1.System.Threading.Tasks.Sources.IValueTaskSource<TResult>.GetResult(Int16 token)
   at Npgsql.NpgsqlDataReader.NextResult(Boolean async, Boolean isConsuming, CancellationToken cancellationToken)
   at Npgsql.NpgsqlDataReader.NextResult(Boolean async, Boolean isConsuming, CancellationToken cancellationToken)
   at Npgsql.NpgsqlCommand.ExecuteReader(Boolean async, CommandBehavior behavior, CancellationToken cancellationToken)
   at Npgsql.NpgsqlCommand.ExecuteReader(Boolean async, CommandBehavior behavior, CancellationToken cancellationToken)
   at Npgsql.NpgsqlCommand.ExecuteDbDataReaderAsync(CommandBehavior behavior, CancellationToken cancellationToken)
   at Microsoft.EntityFrameworkCore.Storage.RelationalCommand.ExecuteReaderAsync(RelationalCommandParameterObject parameterObject, CancellationToken cancellationToken)
   at Microsoft.EntityFrameworkCore.Storage.RelationalCommand.ExecuteReaderAsync(RelationalCommandParameterObject parameterObject, CancellationToken cancellationToken)
   at Microsoft.EntityFrameworkCore.Query.Internal.SingleQueryingEnumerable`1.AsyncEnumerator.InitializeReaderAsync(AsyncEnumerator enumerator, CancellationToken cancellationToken)
   at Npgsql.EntityFrameworkCore.PostgreSQL.Storage.Internal.NpgsqlExecutionStrategy.ExecuteAsync[TState,TResult](TState state, Func`4 operation, Func`4 verifySucceeded, CancellationToken cancellationToken)
   --- End of inner exception stack trace ---
   at Npgsql.EntityFrameworkCore.PostgreSQL.Storage.Internal.NpgsqlExecutionStrategy.ExecuteAsync[TState,TResult](TState state, Func`4 operation, Func`4 verifySucceeded, CancellationToken cancellationToken)
   at Microsoft.EntityFrameworkCore.Query.Internal.SingleQueryingEnumerable`1.AsyncEnumerator.MoveNextAsync()
System.InvalidOperationException: An exception has been raised that is likely due to a transient failure.
 ---> Npgsql.NpgsqlException (0x80004005): Exception while reading from stream
 ---> System.IO.IOException: Unable to read data from the transport connection: Программа на вашем хост-компьютере разорвала установленное подключение..
 ---> System.Net.Sockets.SocketException (10053): Программа на вашем хост-компьютере разорвала установленное подключение.
   at System.Net.Sockets.Socket.AwaitableSocketAsyncEventArgs.CreateException(SocketError error, Boolean forAsyncThrow)
   at System.Net.Sockets.Socket.AwaitableSocketAsyncEventArgs.ReceiveAsync(Socket socket, CancellationToken cancellationToken)
   at System.Net.Sockets.Socket.ReceiveAsync(Memory`1 buffer, SocketFlags socketFlags, Boolean fromNetworkStream, CancellationToken cancellationToken)
   at System.Net.Sockets.NetworkStream.ReadAsync(Memory`1 buffer, CancellationToken cancellationToken)
   at Npgsql.Internal.NpgsqlReadBuffer.<Ensure>g__EnsureLong|55_0(NpgsqlReadBuffer buffer, Int32 count, Boolean async, Boolean readingNotifications)
   at System.Runtime.CompilerServices.AsyncMethodBuilderCore.Start[TStateMachine](TStateMachine& stateMachine)
   at Npgsql.Internal.NpgsqlReadBuffer.<Ensure>g__EnsureLong|55_0(NpgsqlReadBuffer buffer, Int32 count, Boolean async, Boolean readingNotifications)
   at Npgsql.Internal.NpgsqlReadBuffer.Ensure(Int32 count, Boolean async, Boolean readingNotifications)
   at Npgsql.Internal.NpgsqlConnector.ReadMessageLong(Boolean async, DataRowLoadingMode dataRowLoadingMode, Boolean readingNotifications, Boolean isReadingPrependedMessage)
   at System.Runtime.CompilerServices.AsyncMethodBuilderCore.Start[TStateMachine](TStateMachine& stateMachine)
   at Npgsql.Internal.NpgsqlConnector.ReadMessageLong(Boolean async, DataRowLoadingMode dataRowLoadingMode, Boolean readingNotifications, Boolean isReadingPrependedMessage)
   at Npgsql.Internal.NpgsqlConnector.ReadMessageLong(Boolean async, DataRowLoadingMode dataRowLoadingMode, Boolean readingNotifications, Boolean isReadingPrependedMessage)
   at System.Runtime.CompilerServices.AsyncMethodBuilderCore.Start[TStateMachine](TStateMachine& stateMachine)
   at Npgsql.Internal.NpgsqlConnector.ReadMessageLong(Boolean async, DataRowLoadingMode dataRowLoadingMode, Boolean readingNotifications, Boolean isReadingPrependedMessage)
   at Npgsql.Internal.NpgsqlConnector.ReadMessage(Boolean async, DataRowLoadingMode dataRowLoadingMode)
   at Npgsql.NpgsqlDataReader.NextResult(Boolean async, Boolean isConsuming, CancellationToken cancellationToken)
   at System.Runtime.CompilerServices.AsyncMethodBuilderCore.Start[TStateMachine](TStateMachine& stateMachine)
   at Npgsql.NpgsqlDataReader.NextResult(Boolean async, Boolean isConsuming, CancellationToken cancellationToken)
   at Npgsql.NpgsqlDataReader.NextResultAsync(CancellationToken cancellationToken)
   at Npgsql.NpgsqlCommand.ExecuteReader(Boolean async, CommandBehavior behavior, CancellationToken cancellationToken)
   at System.Runtime.CompilerServices.AsyncMethodBuilderCore.Start[TStateMachine](TStateMachine& stateMachine)
   at Npgsql.NpgsqlCommand.ExecuteReader(Boolean async, CommandBehavior behavior, CancellationToken cancellationToken)
   at Npgsql.NpgsqlCommand.ExecuteReaderAsync(CommandBehavior behavior, CancellationToken cancellationToken)
   at Npgsql.NpgsqlCommand.ExecuteDbDataReaderAsync(CommandBehavior behavior, CancellationToken cancellationToken)
   at System.Runtime.CompilerServices.AsyncMethodBuilderCore.Start[TStateMachine](TStateMachine& stateMachine)
   at Npgsql.NpgsqlCommand.ExecuteDbDataReaderAsync(CommandBehavior behavior, CancellationToken cancellationToken)
   at Microsoft.EntityFrameworkCore.Storage.RelationalCommand.ExecuteReaderAsync(RelationalCommandParameterObject parameterObject, CancellationToken cancellationToken)
   at System.Runtime.CompilerServices.AsyncMethodBuilderCore.Start[TStateMachine](TStateMachine& stateMachine)
   at Microsoft.EntityFrameworkCore.Storage.RelationalCommand.ExecuteReaderAsync(RelationalCommandParameterObject parameterObject, CancellationToken cancellationToken)
   at Microsoft.EntityFrameworkCore.Query.Internal.SingleQueryingEnumerable`1.AsyncEnumerator.InitializeReaderAsync(AsyncEnumerator enumerator, CancellationToken cancellationToken)
   at System.Runtime.CompilerServices.AsyncMethodBuilderCore.Start[TStateMachine](TStateMachine& stateMachine)
   at Microsoft.EntityFrameworkCore.Query.Internal.SingleQueryingEnumerable`1.AsyncEnumerator.InitializeReaderAsync(AsyncEnumerator enumerator, CancellationToken cancellationToken)
   at Microsoft.EntityFrameworkCore.Query.Internal.SingleQueryingEnumerable`1.AsyncEnumerator.<>c.<MoveNextAsync>b__20_0(DbContext _, AsyncEnumerator enumerator, CancellationToken cancellationToken)
   at Npgsql.EntityFrameworkCore.PostgreSQL.Storage.Internal.NpgsqlExecutionStrategy.ExecuteAsync[TState,TResult](TState state, Func`4 operation, Func`4 verifySucceeded, CancellationToken cancellationToken)
   at System.Runtime.CompilerServices.AsyncMethodBuilderCore.Start[TStateMachine](TStateMachine& stateMachine)
   at Npgsql.EntityFrameworkCore.PostgreSQL.Storage.Internal.NpgsqlExecutionStrategy.ExecuteAsync[TState,TResult](TState state, Func`4 operation, Func`4 verifySucceeded, CancellationToken cancellationToken)
   at Microsoft.EntityFrameworkCore.Query.Internal.SingleQueryingEnumerable`1.AsyncEnumerator.MoveNextAsync()
   at System.Runtime.CompilerServices.AsyncMethodBuilderCore.Start[TStateMachine](TStateMachine& stateMachine)
   at Microsoft.EntityFrameworkCore.Query.Internal.SingleQueryingEnumerable`1.AsyncEnumerator.MoveNextAsync()
   at System.Runtime.CompilerServices.ConfiguredCancelableAsyncEnumerable`1.Enumerator.MoveNextAsync()
   at Microsoft.EntityFrameworkCore.EntityFrameworkQueryableExtensions.ToListAsync[TSource](IQueryable`1 source, CancellationToken cancellationToken)
   at System.Runtime.CompilerServices.AsyncMethodBuilderCore.Start[TStateMachine](TStateMachine& stateMachine)
   at Microsoft.EntityFrameworkCore.EntityFrameworkQueryableExtensions.ToListAsync[TSource](IQueryable`1 source, CancellationToken cancellationToken)
   at Persistance.Repositories.GenericRepositoryAsync`2.GetAllAsync()
   at System.Runtime.CompilerServices.AsyncMethodBuilderCore.Start[TStateMachine](TStateMachine& stateMachine)
   at Persistance.Repositories.GenericRepositoryAsync`2.GetAllAsync()
   at Application.Features.Configurations.Client.Queries.GetConfigClientList.GetConfigClientListQueryHandler.Handle(GetConfigClientListQuery request, CancellationToken cancellationToken) in D:\Develop\App\WSService-DataModules\WebAPI\WebAPI.Backend\Application\Features\Configurations\Client\Queries\GetConfigClientList\GetConfigClientListQueryHandler.cs:line 21
   at System.Runtime.CompilerServices.AsyncMethodBuilderCore.Start[TStateMachine](TStateMachine& stateMachine)
   at Application.Features.Configurations.Client.Queries.GetConfigClientList.GetConfigClientListQueryHandler.Handle(GetConfigClientListQuery request, CancellationToken cancellationToken)
   at MediatR.Wrappers.RequestHandlerWrapperImpl`2.<>c__DisplayClass1_0.<Handle>g__Handler|0()
   at Application.Behaviorus.ValidationBehavior`2.Handle(TRequest request, RequestHandlerDelegate`1 next, CancellationToken cancellationToken) in D:\Develop\App\WSService-DataModules\WebAPI\WebAPI.Backend\Application\Behaviorus\ValidationBehavior.cs:line 23
   at System.Runtime.CompilerServices.AsyncMethodBuilderCore.Start[TStateMachine](TStateMachine& stateMachine)
   at Application.Behaviorus.ValidationBehavior`2.Handle(TRequest request, RequestHandlerDelegate`1 next, CancellationToken cancellationToken)
   at MediatR.Wrappers.RequestHandlerWrapperImpl`2.<>c__DisplayClass1_1.<Handle>b__2()
   at MediatR.Wrappers.RequestHandlerWrapperImpl`2.Handle(IRequest`1 request, IServiceProvider serviceProvider, CancellationToken cancellationToken)
   at MediatR.Mediator.Send[TResponse](IRequest`1 request, CancellationToken cancellationToken)
   at WebAPI.Controllers.ClientConfigController.GetAll() in D:\Develop\App\WSService-DataModules\WebAPI\WebAPI.Backend\Presentation\WebAPI\Controllers\ClientConfigController.cs:line 35
   at System.Runtime.CompilerServices.AsyncMethodBuilderCore.Start[TStateMachine](TStateMachine& stateMachine)
   at WebAPI.Controllers.ClientConfigController.GetAll()
   at lambda_method17(Closure, Object, Object[])
   at Microsoft.AspNetCore.Mvc.Infrastructure.ActionMethodExecutor.AwaitableObjectResultExecutor.Execute(ActionContext actionContext, IActionResultTypeMapper mapper, ObjectMethodExecutor executor, Object controller, Object[] arguments)
   at System.Runtime.CompilerServices.AsyncMethodBuilderCore.Start[TStateMachine](TStateMachine& stateMachine)
   at Microsoft.AspNetCore.Mvc.Infrastructure.ActionMethodExecutor.AwaitableObjectResultExecutor.Execute(ActionContext actionContext, IActionResultTypeMapper mapper, ObjectMethodExecutor executor, Object controller, Object[] arguments)
   at Microsoft.AspNetCore.Mvc.Infrastructure.ControllerActionInvoker.<InvokeActionMethodAsync>g__Logged|12_1(ControllerActionInvoker invoker)
   at System.Runtime.CompilerServices.AsyncMethodBuilderCore.Start[TStateMachine](TStateMachine& stateMachine)
   at Microsoft.AspNetCore.Mvc.Infrastructure.ControllerActionInvoker.<InvokeActionMethodAsync>g__Logged|12_1(ControllerActionInvoker invoker)
   at Microsoft.AspNetCore.Mvc.Infrastructure.ControllerActionInvoker.InvokeActionMethodAsync()
   at Microsoft.AspNetCore.Mvc.Infrastructure.ControllerActionInvoker.Next(State& next, Scope& scope, Object& state, Boolean& isCompleted)
   at Microsoft.AspNetCore.Mvc.Infrastructure.ControllerActionInvoker.InvokeNextActionFilterAsync()
   at Microsoft.AspNetCore.Mvc.Infrastructure.ControllerActionInvoker.Next(State& next, Scope& scope, Object& state, Boolean& isCompleted)
   at Microsoft.AspNetCore.Mvc.Infrastructure.ControllerActionInvoker.InvokeNextActionFilterAsync()
   at Microsoft.AspNetCore.Mvc.Infrastructure.ControllerActionInvoker.Next(State& next, Scope& scope, Object& state, Boolean& isCompleted)
   at Microsoft.AspNetCore.Mvc.Infrastructure.ControllerActionInvoker.InvokeInnerFilterAsync()
   at Microsoft.AspNetCore.Mvc.Infrastructure.ResourceInvoker.Next(State& next, Scope& scope, Object& state, Boolean& isCompleted)
   at Microsoft.AspNetCore.Mvc.Infrastructure.ResourceInvoker.InvokeFilterPipelineAsync()
   at Microsoft.AspNetCore.Mvc.Infrastructure.ResourceInvoker.<InvokeAsync>g__Logged|17_1(ResourceInvoker invoker)
   at System.Runtime.CompilerServices.AsyncMethodBuilderCore.Start[TStateMachine](TStateMachine& stateMachine)
   at Microsoft.AspNetCore.Mvc.Infrastructure.ResourceInvoker.<InvokeAsync>g__Logged|17_1(ResourceInvoker invoker)
   at Microsoft.AspNetCore.Mvc.Infrastructure.ResourceInvoker.InvokeAsync()
   at Microsoft.AspNetCore.Mvc.Routing.ControllerRequestDelegateFactory.<>c__DisplayClass12_0.<CreateRequestDelegate>b__0(HttpContext context)
   at Microsoft.AspNetCore.Routing.EndpointMiddleware.Invoke(HttpContext httpContext)
   at Prometheus.HttpMetrics.HttpRequestDurationMiddleware.Invoke(HttpContext context)
   at System.Runtime.CompilerServices.AsyncMethodBuilderCore.Start[TStateMachine](TStateMachine& stateMachine)
   at Prometheus.HttpMetrics.HttpRequestDurationMiddleware.Invoke(HttpContext context)
   at Prometheus.HttpMetrics.HttpRequestCountMiddleware.Invoke(HttpContext context)
   at System.Runtime.CompilerServices.AsyncMethodBuilderCore.Start[TStateMachine](TStateMachine& stateMachine)
   at Prometheus.HttpMetrics.HttpRequestCountMiddleware.Invoke(HttpContext context)
   at Prometheus.HttpMetrics.HttpInProgressMiddleware.Invoke(HttpContext context)
   at System.Runtime.CompilerServices.AsyncMethodBuilderCore.Start[TStateMachine](TStateMachine& stateMachine)
   at Prometheus.HttpMetrics.HttpInProgressMiddleware.Invoke(HttpContext context)
   at Prometheus.HttpMetrics.CaptureRouteDataMiddleware.Invoke(HttpContext context)
   at Microsoft.AspNetCore.Builder.Extensions.MapMiddleware.Invoke(HttpContext context)
   at Microsoft.AspNetCore.Builder.Extensions.MapMiddleware.Invoke(HttpContext context)
   at WebAPI.Middlewares.ErrorHandlerMiddleware.Invoke(HttpContext context) in D:\Develop\App\WSService-DataModules\WebAPI\WebAPI.Backend\Presentation\WebAPI\Middlewares\ErrorHandlerMiddleware.cs:line 24
   at System.Runtime.CompilerServices.AsyncMethodBuilderCore.Start[TStateMachine](TStateMachine& stateMachine)
   at WebAPI.Middlewares.ErrorHandlerMiddleware.Invoke(HttpContext context)
   at Microsoft.AspNetCore.StaticFiles.StaticFileMiddleware.Invoke(HttpContext context)
   at Swashbuckle.AspNetCore.SwaggerUI.SwaggerUIMiddleware.Invoke(HttpContext httpContext)
   at System.Runtime.CompilerServices.AsyncMethodBuilderCore.Start[TStateMachine](TStateMachine& stateMachine)
   at Swashbuckle.AspNetCore.SwaggerUI.SwaggerUIMiddleware.Invoke(HttpContext httpContext)
   at Swashbuckle.AspNetCore.Swagger.SwaggerMiddleware.Invoke(HttpContext httpContext, ISwaggerProvider swaggerProvider)
   at System.Runtime.CompilerServices.AsyncMethodBuilderCore.Start[TStateMachine](TStateMachine& stateMachine)
   at Swashbuckle.AspNetCore.Swagger.SwaggerMiddleware.Invoke(HttpContext httpContext, ISwaggerProvider swaggerProvider)
   at Microsoft.AspNetCore.Authorization.AuthorizationMiddleware.Invoke(HttpContext context)
   at System.Runtime.CompilerServices.AsyncMethodBuilderCore.Start[TStateMachine](TStateMachine& stateMachine)
   at Microsoft.AspNetCore.Authorization.AuthorizationMiddleware.Invoke(HttpContext context)
   at Microsoft.AspNetCore.Authentication.AuthenticationMiddleware.Invoke(HttpContext context)
   at System.Runtime.CompilerServices.AsyncMethodBuilderCore.Start[TStateMachine](TStateMachine& stateMachine)
   at Microsoft.AspNetCore.Authentication.AuthenticationMiddleware.Invoke(HttpContext context)
   at Microsoft.AspNetCore.HttpsPolicy.HttpsRedirectionMiddleware.Invoke(HttpContext context)
   at Serilog.AspNetCore.RequestLoggingMiddleware.Invoke(HttpContext httpContext)
   at System.Runtime.CompilerServices.AsyncMethodBuilderCore.Start[TStateMachine](TStateMachine& stateMachine)
   at Serilog.AspNetCore.RequestLoggingMiddleware.Invoke(HttpContext httpContext)
   at Microsoft.AspNetCore.Diagnostics.DeveloperExceptionPageMiddlewareImpl.Invoke(HttpContext context)
   at System.Runtime.CompilerServices.AsyncMethodBuilderCore.Start[TStateMachine](TStateMachine& stateMachine)
   at Microsoft.AspNetCore.Diagnostics.DeveloperExceptionPageMiddlewareImpl.Invoke(HttpContext context)
   at Microsoft.AspNetCore.HostFiltering.HostFilteringMiddleware.Invoke(HttpContext context)
   at Microsoft.WebTools.BrowserLink.Net.BrowserLinkMiddleware.InvokeAsync(HttpContext context)
   at System.Runtime.CompilerServices.AsyncMethodBuilderCore.Start[TStateMachine](TStateMachine& stateMachine)
   at Microsoft.WebTools.BrowserLink.Net.BrowserLinkMiddleware.InvokeAsync(HttpContext context)
   at Microsoft.WebTools.BrowserLink.Net.VsContentMiddleware.InvokeAsync(HttpContext context)
   at Microsoft.AspNetCore.Watch.BrowserRefresh.BrowserRefreshMiddleware.InvokeAsync(HttpContext context)
   at System.Runtime.CompilerServices.AsyncMethodBuilderCore.Start[TStateMachine](TStateMachine& stateMachine)
   at Microsoft.AspNetCore.Watch.BrowserRefresh.BrowserRefreshMiddleware.InvokeAsync(HttpContext context)
   at Microsoft.AspNetCore.Server.Kestrel.Core.Internal.Http.HttpProtocol.ProcessRequests[TContext](IHttpApplication`1 application)
   at System.Runtime.CompilerServices.AsyncMethodBuilderCore.Start[TStateMachine](TStateMachine& stateMachine)
   at Microsoft.AspNetCore.Server.Kestrel.Core.Internal.Http.HttpProtocol.ProcessRequests[TContext](IHttpApplication`1 application)
   at Microsoft.AspNetCore.Server.Kestrel.Core.Internal.Http.HttpProtocol.ProcessRequestsAsync[TContext](IHttpApplication`1 application)
   at System.Runtime.CompilerServices.AsyncMethodBuilderCore.Start[TStateMachine](TStateMachine& stateMachine)
   at Microsoft.AspNetCore.Server.Kestrel.Core.Internal.Http.HttpProtocol.ProcessRequestsAsync[TContext](IHttpApplication`1 application)
   at Microsoft.AspNetCore.Server.Kestrel.Core.Internal.Http2.Http2Stream`1.Execute()
   at System.Threading.ThreadPoolWorkQueue.Dispatch()
   at System.Threading.PortableThreadPool.WorkerThread.WorkerThreadStart()
--- End of stack trace from previous location ---

   --- End of inner exception stack trace ---
   at async void Npgsql.Internal.NpgsqlReadBuffer.Ensure(int count)+EnsureLong(?)
   at async void Npgsql.Internal.NpgsqlReadBuffer.Ensure(int count)+EnsureLong(?)
   at async ValueTask<IBackendMessage> Npgsql.Internal.NpgsqlConnector.ReadMessageLong(bool async, DataRowLoadingMode dataRowLoadingMode, bool readingNotifications, bool isReadingPrependedMessage) x 2
   at async Task<bool> Npgsql.NpgsqlDataReader.NextResult(bool async, bool isConsuming, CancellationToken cancellationToken) x 2
   at async ValueTask<NpgsqlDataReader> Npgsql.NpgsqlCommand.ExecuteReader(bool async, CommandBehavior behavior, CancellationToken cancellationToken) x 2
   at async Task<DbDataReader> Npgsql.NpgsqlCommand.ExecuteDbDataReaderAsync(CommandBehavior behavior, CancellationToken cancellationToken)
   at async Task<RelationalDataReader> Microsoft.EntityFrameworkCore.Storage.RelationalCommand.ExecuteReaderAsync(RelationalCommandParameterObject parameterObject, CancellationToken cancellationToken) x 2
   at async Task<bool> Microsoft.EntityFrameworkCore.Query.Internal.SingleQueryingEnumerable<T>+AsyncEnumerator.InitializeReaderAsync(AsyncEnumerator enumerator, CancellationToken cancellationToken)
   at async Task<TResult> Npgsql.EntityFrameworkCore.PostgreSQL.Storage.Internal.NpgsqlExecutionStrategy.ExecuteAsync<TState, TResult>(TState state, Func<DbContext, TState, CancellationToken, Task<TResult>> operation, Func<DbContext, TState, CancellationToken, Task<ExecutionResult<TResult>>> verifySucceeded, CancellationToken cancellationToken)
   --- End of inner exception stack trace ---
   at async Task<TResult> Npgsql.EntityFrameworkCore.PostgreSQL.Storage.Internal.NpgsqlExecutionStrategy.ExecuteAsync<TState, TResult>(TState state, Func<DbContext, TState, CancellationToken, Task<TResult>> operation, Func<DbContext, TState, CancellationToken, Task<ExecutionResult<TResult>>> verifySucceeded, CancellationToken cancellationToken)
   at async ValueTask<bool> Microsoft.EntityFrameworkCore.Query.Internal.SingleQueryingEnumerable<T>+AsyncEnumerator.MoveNextAsync()
2024-08-17 22:45:27.793 +03:00 [INF] Executed action WebAPI.Controllers.ClientConfigController.GetAll (WebAPI) in 498.6579ms
2024-08-17 22:45:27.796 +03:00 [INF] Executed endpoint 'WebAPI.Controllers.ClientConfigController.GetAll (WebAPI)'
2024-08-17 22:45:27.815 +03:00 [ERR] An exception has been raised that is likely due to a transient failure.
2024-08-17 22:45:27.820 +03:00 [ERR] HTTP GET /api/v1/client/configure/ClientConfig responded 500 in 548.2510 ms
2024-08-17 22:45:27.825 +03:00 [INF] Request finished HTTP/2 GET https://localhost:7098/api/v1/client/configure/ClientConfig - 500 null application/json 577.7336ms
2024-08-17 22:55:51.066 +03:00 [INF] Application startup services registration
2024-08-17 22:55:51.877 +03:00 [INF] User profile is available. Using 'C:\Users\Даниил\AppData\Local\ASP.NET\DataProtection-Keys' as key repository and Windows DPAPI to encrypt keys at rest.
2024-08-17 22:55:52.043 +03:00 [INF] Application startup middleware registration
2024-08-17 22:55:53.182 +03:00 [INF] Executed DbCommand (59ms) [Parameters=[], CommandType='"Text"', CommandTimeout='30']
SELECT CASE WHEN COUNT(*) = 0 THEN FALSE ELSE TRUE END
FROM pg_class AS cls
JOIN pg_namespace AS ns ON ns.oid = cls.relnamespace
WHERE
        cls.relkind IN ('r', 'v', 'm', 'f', 'p') AND
        ns.nspname NOT IN ('pg_catalog', 'information_schema') AND
        -- Exclude tables which are members of PG extensions
        NOT EXISTS (
            SELECT 1 FROM pg_depend WHERE
                classid=(
                    SELECT cls.oid
                    FROM pg_class AS cls
                             JOIN pg_namespace AS ns ON ns.oid = cls.relnamespace
                    WHERE relname='pg_class' AND ns.nspname='pg_catalog'
                ) AND
                objid=cls.oid AND
                deptype IN ('e', 'x')
        )
2024-08-17 22:55:53.380 +03:00 [INF] Executed DbCommand (4ms) [Parameters=[], CommandType='"Text"', CommandTimeout='30']
SELECT CASE WHEN COUNT(*) = 0 THEN FALSE ELSE TRUE END
FROM pg_class AS cls
JOIN pg_namespace AS ns ON ns.oid = cls.relnamespace
WHERE
        cls.relkind IN ('r', 'v', 'm', 'f', 'p') AND
        ns.nspname NOT IN ('pg_catalog', 'information_schema') AND
        -- Exclude tables which are members of PG extensions
        NOT EXISTS (
            SELECT 1 FROM pg_depend WHERE
                classid=(
                    SELECT cls.oid
                    FROM pg_class AS cls
                             JOIN pg_namespace AS ns ON ns.oid = cls.relnamespace
                    WHERE relname='pg_class' AND ns.nspname='pg_catalog'
                ) AND
                objid=cls.oid AND
                deptype IN ('e', 'x')
        )
2024-08-17 22:55:53.438 +03:00 [WRN] The foreign key {'SystemId'} on entity type 'DBSettings' targets itself. Consider removing it since it serves no purpose.
2024-08-17 22:55:53.440 +03:00 [WRN] The foreign key {'SystemId'} on entity type 'HostSettings' targets itself. Consider removing it since it serves no purpose.
2024-08-17 22:55:53.442 +03:00 [WRN] The foreign key {'SystemId'} on entity type 'HubSettings' targets itself. Consider removing it since it serves no purpose.
2024-08-17 22:55:53.444 +03:00 [WRN] The foreign key {'SystemId'} on entity type 'KafkaSettings' targets itself. Consider removing it since it serves no purpose.
2024-08-17 22:55:53.639 +03:00 [INF] Executed DbCommand (4ms) [Parameters=[], CommandType='"Text"', CommandTimeout='30']
SELECT CASE WHEN COUNT(*) = 0 THEN FALSE ELSE TRUE END
FROM pg_class AS cls
JOIN pg_namespace AS ns ON ns.oid = cls.relnamespace
WHERE
        cls.relkind IN ('r', 'v', 'm', 'f', 'p') AND
        ns.nspname NOT IN ('pg_catalog', 'information_schema') AND
        -- Exclude tables which are members of PG extensions
        NOT EXISTS (
            SELECT 1 FROM pg_depend WHERE
                classid=(
                    SELECT cls.oid
                    FROM pg_class AS cls
                             JOIN pg_namespace AS ns ON ns.oid = cls.relnamespace
                    WHERE relname='pg_class' AND ns.nspname='pg_catalog'
                ) AND
                objid=cls.oid AND
                deptype IN ('e', 'x')
        )
2024-08-17 22:55:53.776 +03:00 [INF] Application Starting
2024-08-17 22:55:53.961 +03:00 [INF] Now listening on: https://localhost:7098
2024-08-17 22:55:53.962 +03:00 [INF] Now listening on: http://localhost:5139
2024-08-17 22:55:53.963 +03:00 [INF] Application started. Press Ctrl+C to shut down.
2024-08-17 22:55:53.963 +03:00 [INF] Hosting environment: Development
2024-08-17 22:55:53.964 +03:00 [INF] Content root path: D:\Develop\App\WSService-DataModules\WebAPI\WebAPI.Backend\Presentation\WebAPI
2024-08-17 22:55:54.388 +03:00 [INF] Request starting HTTP/2 GET https://localhost:7098/swagger/index.html - null null
2024-08-17 22:55:54.713 +03:00 [INF] HTTP GET /swagger/index.html responded 200 in 201.8732 ms
2024-08-17 22:55:54.717 +03:00 [INF] Request starting HTTP/2 GET https://localhost:7098/_framework/aspnetcore-browser-refresh.js - null null
2024-08-17 22:55:54.717 +03:00 [INF] Request starting HTTP/2 GET https://localhost:7098/_vs/browserLink - null null
2024-08-17 22:55:54.721 +03:00 [INF] Request finished HTTP/2 GET https://localhost:7098/swagger/index.html - 200 null text/html;charset=utf-8 344.4864ms
2024-08-17 22:55:54.725 +03:00 [INF] Request finished HTTP/2 GET https://localhost:7098/_framework/aspnetcore-browser-refresh.js - 200 13748 application/javascript; charset=utf-8 8.2694ms
2024-08-17 22:55:54.765 +03:00 [INF] Request finished HTTP/2 GET https://localhost:7098/_vs/browserLink - 200 null text/javascript; charset=UTF-8 48.3803ms
2024-08-17 22:55:54.817 +03:00 [INF] Request starting HTTP/2 GET https://localhost:7098/swagger/v1/swagger.json - null null
2024-08-17 22:55:54.967 +03:00 [INF] HTTP GET /swagger/v1/swagger.json responded 200 in 147.9522 ms
2024-08-17 22:55:54.969 +03:00 [INF] Request finished HTTP/2 GET https://localhost:7098/swagger/v1/swagger.json - 200 null application/json;charset=utf-8 152.7926ms
2024-08-17 22:55:58.850 +03:00 [INF] Request starting HTTP/2 GET https://localhost:7098/api/v1/client/configure/ClientConfig - null null
2024-08-17 22:55:58.891 +03:00 [INF] Executing endpoint 'WebAPI.Controllers.ClientConfigController.GetAll (WebAPI)'
2024-08-17 22:55:58.918 +03:00 [INF] Route matched with {action = "GetAll", controller = "ClientConfig"}. Executing controller action with signature System.Threading.Tasks.Task`1[Microsoft.AspNetCore.Mvc.ActionResult`1[Application.Features.Configurations.Client.Queries.GetConfigClientList.ConfigClientListViewModel]] GetAll() on controller WebAPI.Controllers.ClientConfigController (WebAPI).
2024-08-17 22:55:59.035 +03:00 [INF] Executing action method WebAPI.Controllers.ClientConfigController.GetAll (WebAPI) - Validation state: "Valid"
2024-08-17 22:55:59.252 +03:00 [INF] Executed DbCommand (8ms) [Parameters=[], CommandType='"Text"', CommandTimeout='30']
SELECT c.client_id, c.address_to_alarm, c.address_to_notify, c.database_type, c.alarm_connection_string, c.notify_connection_string, c.consumer_bootstrap_server, c.producer_bootstrap_server, c.system_id, c.mode, c.caching
FROM client_configuration AS c
2024-08-17 22:55:59.420 +03:00 [INF] Executed action WebAPI.Controllers.ClientConfigController.GetAll (WebAPI) in 497.7919ms
2024-08-17 22:55:59.423 +03:00 [INF] Executed endpoint 'WebAPI.Controllers.ClientConfigController.GetAll (WebAPI)'
2024-08-17 22:55:59.510 +03:00 [ERR] Configs Clients Not Found.
2024-08-17 22:55:59.517 +03:00 [INF] HTTP GET /api/v1/client/configure/ClientConfig responded 400 in 662.6068 ms
2024-08-17 22:55:59.522 +03:00 [INF] Request finished HTTP/2 GET https://localhost:7098/api/v1/client/configure/ClientConfig - 400 null application/json 673.2197ms
2024-08-17 22:57:57.665 +03:00 [INF] Application startup services registration
2024-08-17 22:57:58.575 +03:00 [INF] User profile is available. Using 'C:\Users\Даниил\AppData\Local\ASP.NET\DataProtection-Keys' as key repository and Windows DPAPI to encrypt keys at rest.
2024-08-17 22:57:58.750 +03:00 [INF] Application startup middleware registration
2024-08-17 22:57:59.792 +03:00 [INF] Executed DbCommand (44ms) [Parameters=[], CommandType='"Text"', CommandTimeout='30']
SELECT CASE WHEN COUNT(*) = 0 THEN FALSE ELSE TRUE END
FROM pg_class AS cls
JOIN pg_namespace AS ns ON ns.oid = cls.relnamespace
WHERE
        cls.relkind IN ('r', 'v', 'm', 'f', 'p') AND
        ns.nspname NOT IN ('pg_catalog', 'information_schema') AND
        -- Exclude tables which are members of PG extensions
        NOT EXISTS (
            SELECT 1 FROM pg_depend WHERE
                classid=(
                    SELECT cls.oid
                    FROM pg_class AS cls
                             JOIN pg_namespace AS ns ON ns.oid = cls.relnamespace
                    WHERE relname='pg_class' AND ns.nspname='pg_catalog'
                ) AND
                objid=cls.oid AND
                deptype IN ('e', 'x')
        )
2024-08-17 22:58:00.017 +03:00 [INF] Executed DbCommand (9ms) [Parameters=[], CommandType='"Text"', CommandTimeout='30']
SELECT CASE WHEN COUNT(*) = 0 THEN FALSE ELSE TRUE END
FROM pg_class AS cls
JOIN pg_namespace AS ns ON ns.oid = cls.relnamespace
WHERE
        cls.relkind IN ('r', 'v', 'm', 'f', 'p') AND
        ns.nspname NOT IN ('pg_catalog', 'information_schema') AND
        -- Exclude tables which are members of PG extensions
        NOT EXISTS (
            SELECT 1 FROM pg_depend WHERE
                classid=(
                    SELECT cls.oid
                    FROM pg_class AS cls
                             JOIN pg_namespace AS ns ON ns.oid = cls.relnamespace
                    WHERE relname='pg_class' AND ns.nspname='pg_catalog'
                ) AND
                objid=cls.oid AND
                deptype IN ('e', 'x')
        )
2024-08-17 22:58:00.170 +03:00 [WRN] The foreign key {'SystemId'} on entity type 'DBSettings' targets itself. Consider removing it since it serves no purpose.
2024-08-17 22:58:00.172 +03:00 [WRN] The foreign key {'SystemId'} on entity type 'HostSettings' targets itself. Consider removing it since it serves no purpose.
2024-08-17 22:58:00.174 +03:00 [WRN] The foreign key {'SystemId'} on entity type 'HubSettings' targets itself. Consider removing it since it serves no purpose.
2024-08-17 22:58:00.177 +03:00 [WRN] The foreign key {'SystemId'} on entity type 'KafkaSettings' targets itself. Consider removing it since it serves no purpose.
2024-08-17 22:58:00.539 +03:00 [INF] Executed DbCommand (3ms) [Parameters=[], CommandType='"Text"', CommandTimeout='30']
SELECT CASE WHEN COUNT(*) = 0 THEN FALSE ELSE TRUE END
FROM pg_class AS cls
JOIN pg_namespace AS ns ON ns.oid = cls.relnamespace
WHERE
        cls.relkind IN ('r', 'v', 'm', 'f', 'p') AND
        ns.nspname NOT IN ('pg_catalog', 'information_schema') AND
        -- Exclude tables which are members of PG extensions
        NOT EXISTS (
            SELECT 1 FROM pg_depend WHERE
                classid=(
                    SELECT cls.oid
                    FROM pg_class AS cls
                             JOIN pg_namespace AS ns ON ns.oid = cls.relnamespace
                    WHERE relname='pg_class' AND ns.nspname='pg_catalog'
                ) AND
                objid=cls.oid AND
                deptype IN ('e', 'x')
        )
2024-08-17 22:58:00.734 +03:00 [INF] Application Starting
2024-08-17 22:58:00.920 +03:00 [INF] Now listening on: https://localhost:7098
2024-08-17 22:58:00.922 +03:00 [INF] Now listening on: http://localhost:5139
2024-08-17 22:58:00.924 +03:00 [INF] Application started. Press Ctrl+C to shut down.
2024-08-17 22:58:00.925 +03:00 [INF] Hosting environment: Development
2024-08-17 22:58:00.926 +03:00 [INF] Content root path: D:\Develop\App\WSService-DataModules\WebAPI\WebAPI.Backend\Presentation\WebAPI
2024-08-17 22:58:01.502 +03:00 [INF] Request starting HTTP/2 GET https://localhost:7098/swagger/index.html - null null
2024-08-17 22:58:01.777 +03:00 [INF] HTTP GET /swagger/index.html responded 200 in 146.3584 ms
2024-08-17 22:58:01.787 +03:00 [INF] Request finished HTTP/2 GET https://localhost:7098/swagger/index.html - 200 null text/html;charset=utf-8 300.5562ms
2024-08-17 22:58:01.792 +03:00 [INF] Request starting HTTP/2 GET https://localhost:7098/_framework/aspnetcore-browser-refresh.js - null null
2024-08-17 22:58:01.793 +03:00 [INF] Request starting HTTP/2 GET https://localhost:7098/_vs/browserLink - null null
2024-08-17 22:58:01.803 +03:00 [INF] Request finished HTTP/2 GET https://localhost:7098/_framework/aspnetcore-browser-refresh.js - 200 13748 application/javascript; charset=utf-8 10.9824ms
2024-08-17 22:58:01.844 +03:00 [INF] Request finished HTTP/2 GET https://localhost:7098/_vs/browserLink - 200 null text/javascript; charset=UTF-8 51.3711ms
2024-08-17 22:58:01.901 +03:00 [INF] Request starting HTTP/2 GET https://localhost:7098/swagger/v1/swagger.json - null null
2024-08-17 22:58:02.043 +03:00 [INF] HTTP GET /swagger/v1/swagger.json responded 200 in 139.1056 ms
2024-08-17 22:58:02.046 +03:00 [INF] Request finished HTTP/2 GET https://localhost:7098/swagger/v1/swagger.json - 200 null application/json;charset=utf-8 145.4675ms
2024-08-17 22:58:05.402 +03:00 [INF] Request starting HTTP/2 GET https://localhost:7098/api/v1/client/configure/ClientConfig - null null
2024-08-17 22:58:05.452 +03:00 [INF] Executing endpoint 'WebAPI.Controllers.ClientConfigController.GetAll (WebAPI)'
2024-08-17 22:58:05.493 +03:00 [INF] Route matched with {action = "GetAll", controller = "ClientConfig"}. Executing controller action with signature System.Threading.Tasks.Task`1[Microsoft.AspNetCore.Mvc.ActionResult`1[Application.Features.Configurations.Client.Queries.GetConfigClientList.ConfigClientListViewModel]] GetAll() on controller WebAPI.Controllers.ClientConfigController (WebAPI).
2024-08-17 22:58:05.757 +03:00 [INF] Executing action method WebAPI.Controllers.ClientConfigController.GetAll (WebAPI) - Validation state: "Valid"
2024-08-17 22:58:06.301 +03:00 [INF] Executed DbCommand (11ms) [Parameters=[], CommandType='"Text"', CommandTimeout='30']
SELECT c.client_id, c.address_to_alarm, c.address_to_notify, c.database_type, c.alarm_connection_string, c.notify_connection_string, c.consumer_bootstrap_server, c.producer_bootstrap_server, c.system_id, c.mode, c.caching
FROM client_configuration AS c
2024-08-17 22:58:06.434 +03:00 [INF] Executed action WebAPI.Controllers.ClientConfigController.GetAll (WebAPI) in 929.7301ms
2024-08-17 22:58:06.439 +03:00 [INF] Executed endpoint 'WebAPI.Controllers.ClientConfigController.GetAll (WebAPI)'
2024-08-17 22:58:06.511 +03:00 [ERR] Configs Clients Not Found.
2024-08-17 22:58:06.527 +03:00 [INF] HTTP GET /api/v1/client/configure/ClientConfig responded 400 in 1119.6189 ms
2024-08-17 22:58:06.536 +03:00 [INF] Request finished HTTP/2 GET https://localhost:7098/api/v1/client/configure/ClientConfig - 400 null application/json 1134.626ms
2024-08-17 22:58:25.548 +03:00 [INF] Application startup services registration
2024-08-17 22:58:26.439 +03:00 [INF] User profile is available. Using 'C:\Users\Даниил\AppData\Local\ASP.NET\DataProtection-Keys' as key repository and Windows DPAPI to encrypt keys at rest.
2024-08-17 22:58:26.584 +03:00 [INF] Application startup middleware registration
2024-08-17 22:58:27.568 +03:00 [INF] Executed DbCommand (55ms) [Parameters=[], CommandType='"Text"', CommandTimeout='30']
SELECT CASE WHEN COUNT(*) = 0 THEN FALSE ELSE TRUE END
FROM pg_class AS cls
JOIN pg_namespace AS ns ON ns.oid = cls.relnamespace
WHERE
        cls.relkind IN ('r', 'v', 'm', 'f', 'p') AND
        ns.nspname NOT IN ('pg_catalog', 'information_schema') AND
        -- Exclude tables which are members of PG extensions
        NOT EXISTS (
            SELECT 1 FROM pg_depend WHERE
                classid=(
                    SELECT cls.oid
                    FROM pg_class AS cls
                             JOIN pg_namespace AS ns ON ns.oid = cls.relnamespace
                    WHERE relname='pg_class' AND ns.nspname='pg_catalog'
                ) AND
                objid=cls.oid AND
                deptype IN ('e', 'x')
        )
2024-08-17 22:58:28.030 +03:00 [INF] Executed DbCommand (6ms) [Parameters=[], CommandType='"Text"', CommandTimeout='30']
SELECT CASE WHEN COUNT(*) = 0 THEN FALSE ELSE TRUE END
FROM pg_class AS cls
JOIN pg_namespace AS ns ON ns.oid = cls.relnamespace
WHERE
        cls.relkind IN ('r', 'v', 'm', 'f', 'p') AND
        ns.nspname NOT IN ('pg_catalog', 'information_schema') AND
        -- Exclude tables which are members of PG extensions
        NOT EXISTS (
            SELECT 1 FROM pg_depend WHERE
                classid=(
                    SELECT cls.oid
                    FROM pg_class AS cls
                             JOIN pg_namespace AS ns ON ns.oid = cls.relnamespace
                    WHERE relname='pg_class' AND ns.nspname='pg_catalog'
                ) AND
                objid=cls.oid AND
                deptype IN ('e', 'x')
        )
2024-08-17 22:58:28.144 +03:00 [WRN] The foreign key {'SystemId'} on entity type 'DBSettings' targets itself. Consider removing it since it serves no purpose.
2024-08-17 22:58:28.147 +03:00 [WRN] The foreign key {'SystemId'} on entity type 'HostSettings' targets itself. Consider removing it since it serves no purpose.
2024-08-17 22:58:28.149 +03:00 [WRN] The foreign key {'SystemId'} on entity type 'HubSettings' targets itself. Consider removing it since it serves no purpose.
2024-08-17 22:58:28.151 +03:00 [WRN] The foreign key {'SystemId'} on entity type 'KafkaSettings' targets itself. Consider removing it since it serves no purpose.
2024-08-17 22:58:28.360 +03:00 [INF] Executed DbCommand (2ms) [Parameters=[], CommandType='"Text"', CommandTimeout='30']
SELECT CASE WHEN COUNT(*) = 0 THEN FALSE ELSE TRUE END
FROM pg_class AS cls
JOIN pg_namespace AS ns ON ns.oid = cls.relnamespace
WHERE
        cls.relkind IN ('r', 'v', 'm', 'f', 'p') AND
        ns.nspname NOT IN ('pg_catalog', 'information_schema') AND
        -- Exclude tables which are members of PG extensions
        NOT EXISTS (
            SELECT 1 FROM pg_depend WHERE
                classid=(
                    SELECT cls.oid
                    FROM pg_class AS cls
                             JOIN pg_namespace AS ns ON ns.oid = cls.relnamespace
                    WHERE relname='pg_class' AND ns.nspname='pg_catalog'
                ) AND
                objid=cls.oid AND
                deptype IN ('e', 'x')
        )
2024-08-17 22:58:28.510 +03:00 [INF] Application Starting
2024-08-17 22:58:28.681 +03:00 [INF] Now listening on: https://localhost:7098
2024-08-17 22:58:28.683 +03:00 [INF] Now listening on: http://localhost:5139
2024-08-17 22:58:28.684 +03:00 [INF] Application started. Press Ctrl+C to shut down.
2024-08-17 22:58:28.685 +03:00 [INF] Hosting environment: Development
2024-08-17 22:58:28.686 +03:00 [INF] Content root path: D:\Develop\App\WSService-DataModules\WebAPI\WebAPI.Backend\Presentation\WebAPI
2024-08-17 22:58:29.423 +03:00 [INF] Request starting HTTP/2 GET https://localhost:7098/swagger/index.html - null null
2024-08-17 22:58:29.694 +03:00 [INF] HTTP GET /swagger/index.html responded 200 in 186.5050 ms
2024-08-17 22:58:29.702 +03:00 [INF] Request finished HTTP/2 GET https://localhost:7098/swagger/index.html - 200 null text/html;charset=utf-8 293.1051ms
2024-08-17 22:58:29.705 +03:00 [INF] Request starting HTTP/2 GET https://localhost:7098/_vs/browserLink - null null
2024-08-17 22:58:29.705 +03:00 [INF] Request starting HTTP/2 GET https://localhost:7098/_framework/aspnetcore-browser-refresh.js - null null
2024-08-17 22:58:29.743 +03:00 [INF] Request finished HTTP/2 GET https://localhost:7098/_framework/aspnetcore-browser-refresh.js - 200 13748 application/javascript; charset=utf-8 38.6188ms
2024-08-17 22:58:29.761 +03:00 [INF] Request finished HTTP/2 GET https://localhost:7098/_vs/browserLink - 200 null text/javascript; charset=UTF-8 56.3496ms
2024-08-17 22:58:29.801 +03:00 [INF] Request starting HTTP/2 GET https://localhost:7098/swagger/v1/swagger.json - null null
2024-08-17 22:58:29.936 +03:00 [INF] HTTP GET /swagger/v1/swagger.json responded 200 in 132.3111 ms
2024-08-17 22:58:29.940 +03:00 [INF] Request finished HTTP/2 GET https://localhost:7098/swagger/v1/swagger.json - 200 null application/json;charset=utf-8 138.8384ms
2024-08-17 22:58:32.256 +03:00 [INF] Request starting HTTP/2 GET https://localhost:7098/api/v1/client/configure/ClientConfig - null null
2024-08-17 22:58:32.306 +03:00 [INF] Executing endpoint 'WebAPI.Controllers.ClientConfigController.GetAll (WebAPI)'
2024-08-17 22:58:32.327 +03:00 [INF] Route matched with {action = "GetAll", controller = "ClientConfig"}. Executing controller action with signature System.Threading.Tasks.Task`1[Microsoft.AspNetCore.Mvc.ActionResult`1[Application.Features.Configurations.Client.Queries.GetConfigClientList.ConfigClientListViewModel]] GetAll() on controller WebAPI.Controllers.ClientConfigController (WebAPI).
2024-08-17 22:58:32.459 +03:00 [INF] Executing action method WebAPI.Controllers.ClientConfigController.GetAll (WebAPI) - Validation state: "Valid"
2024-08-17 22:58:32.677 +03:00 [INF] Executed DbCommand (8ms) [Parameters=[], CommandType='"Text"', CommandTimeout='30']
SELECT c.client_id, c.address_to_alarm, c.address_to_notify, c.database_type, c.alarm_connection_string, c.notify_connection_string, c.consumer_bootstrap_server, c.producer_bootstrap_server, c.system_id, c.mode, c.caching
FROM client_configuration AS c
2024-08-17 22:58:32.822 +03:00 [INF] Executed action method WebAPI.Controllers.ClientConfigController.GetAll (WebAPI), returned result Microsoft.AspNetCore.Mvc.OkObjectResult in 357.5269ms.
2024-08-17 22:58:32.833 +03:00 [INF] Executing OkObjectResult, writing value of type 'Application.Wrappers.Response`1[[System.Collections.Generic.IEnumerable`1[[Application.Features.Configurations.Client.Queries.GetConfigClientList.ConfigClientLookupDTO, Application, Version=1.0.0.0, Culture=neutral, PublicKeyToken=null]], System.Private.CoreLib, Version=8.0.0.0, Culture=neutral, PublicKeyToken=7cec85d7bea7798e]]'.
2024-08-17 22:58:32.845 +03:00 [INF] Executed action WebAPI.Controllers.ClientConfigController.GetAll (WebAPI) in 510.638ms
2024-08-17 22:58:32.848 +03:00 [INF] Executed endpoint 'WebAPI.Controllers.ClientConfigController.GetAll (WebAPI)'
2024-08-17 22:58:32.855 +03:00 [INF] HTTP GET /api/v1/client/configure/ClientConfig responded 200 in 589.9435 ms
2024-08-17 22:58:32.860 +03:00 [INF] Request finished HTTP/2 GET https://localhost:7098/api/v1/client/configure/ClientConfig - 200 null application/json; charset=utf-8 604.2598ms
2024-08-17 23:00:53.566 +03:00 [INF] Application startup services registration
2024-08-17 23:00:54.403 +03:00 [INF] User profile is available. Using 'C:\Users\Даниил\AppData\Local\ASP.NET\DataProtection-Keys' as key repository and Windows DPAPI to encrypt keys at rest.
2024-08-17 23:00:54.549 +03:00 [INF] Application startup middleware registration
2024-08-17 23:00:55.564 +03:00 [INF] Executed DbCommand (49ms) [Parameters=[], CommandType='"Text"', CommandTimeout='30']
SELECT CASE WHEN COUNT(*) = 0 THEN FALSE ELSE TRUE END
FROM pg_class AS cls
JOIN pg_namespace AS ns ON ns.oid = cls.relnamespace
WHERE
        cls.relkind IN ('r', 'v', 'm', 'f', 'p') AND
        ns.nspname NOT IN ('pg_catalog', 'information_schema') AND
        -- Exclude tables which are members of PG extensions
        NOT EXISTS (
            SELECT 1 FROM pg_depend WHERE
                classid=(
                    SELECT cls.oid
                    FROM pg_class AS cls
                             JOIN pg_namespace AS ns ON ns.oid = cls.relnamespace
                    WHERE relname='pg_class' AND ns.nspname='pg_catalog'
                ) AND
                objid=cls.oid AND
                deptype IN ('e', 'x')
        )
2024-08-17 23:00:55.782 +03:00 [INF] Executed DbCommand (2ms) [Parameters=[], CommandType='"Text"', CommandTimeout='30']
SELECT CASE WHEN COUNT(*) = 0 THEN FALSE ELSE TRUE END
FROM pg_class AS cls
JOIN pg_namespace AS ns ON ns.oid = cls.relnamespace
WHERE
        cls.relkind IN ('r', 'v', 'm', 'f', 'p') AND
        ns.nspname NOT IN ('pg_catalog', 'information_schema') AND
        -- Exclude tables which are members of PG extensions
        NOT EXISTS (
            SELECT 1 FROM pg_depend WHERE
                classid=(
                    SELECT cls.oid
                    FROM pg_class AS cls
                             JOIN pg_namespace AS ns ON ns.oid = cls.relnamespace
                    WHERE relname='pg_class' AND ns.nspname='pg_catalog'
                ) AND
                objid=cls.oid AND
                deptype IN ('e', 'x')
        )
2024-08-17 23:00:55.844 +03:00 [WRN] The foreign key {'SystemId'} on entity type 'DBSettings' targets itself. Consider removing it since it serves no purpose.
2024-08-17 23:00:55.847 +03:00 [WRN] The foreign key {'SystemId'} on entity type 'HostSettings' targets itself. Consider removing it since it serves no purpose.
2024-08-17 23:00:55.849 +03:00 [WRN] The foreign key {'SystemId'} on entity type 'HubSettings' targets itself. Consider removing it since it serves no purpose.
2024-08-17 23:00:55.851 +03:00 [WRN] The foreign key {'SystemId'} on entity type 'KafkaSettings' targets itself. Consider removing it since it serves no purpose.
2024-08-17 23:00:56.000 +03:00 [INF] Executed DbCommand (2ms) [Parameters=[], CommandType='"Text"', CommandTimeout='30']
SELECT CASE WHEN COUNT(*) = 0 THEN FALSE ELSE TRUE END
FROM pg_class AS cls
JOIN pg_namespace AS ns ON ns.oid = cls.relnamespace
WHERE
        cls.relkind IN ('r', 'v', 'm', 'f', 'p') AND
        ns.nspname NOT IN ('pg_catalog', 'information_schema') AND
        -- Exclude tables which are members of PG extensions
        NOT EXISTS (
            SELECT 1 FROM pg_depend WHERE
                classid=(
                    SELECT cls.oid
                    FROM pg_class AS cls
                             JOIN pg_namespace AS ns ON ns.oid = cls.relnamespace
                    WHERE relname='pg_class' AND ns.nspname='pg_catalog'
                ) AND
                objid=cls.oid AND
                deptype IN ('e', 'x')
        )
2024-08-17 23:00:56.122 +03:00 [INF] Application Starting
2024-08-17 23:00:56.386 +03:00 [INF] Now listening on: https://localhost:7098
2024-08-17 23:00:56.387 +03:00 [INF] Now listening on: http://localhost:5139
2024-08-17 23:00:56.389 +03:00 [INF] Application started. Press Ctrl+C to shut down.
2024-08-17 23:00:56.390 +03:00 [INF] Hosting environment: Development
2024-08-17 23:00:56.391 +03:00 [INF] Content root path: D:\Develop\App\WSService-DataModules\WebAPI\WebAPI.Backend\Presentation\WebAPI
2024-08-17 23:00:56.955 +03:00 [INF] Request starting HTTP/2 GET https://localhost:7098/swagger/index.html - null null
2024-08-17 23:00:57.269 +03:00 [INF] HTTP GET /swagger/index.html responded 200 in 193.1503 ms
2024-08-17 23:00:57.281 +03:00 [INF] Request finished HTTP/2 GET https://localhost:7098/swagger/index.html - 200 null text/html;charset=utf-8 337.963ms
2024-08-17 23:00:57.291 +03:00 [INF] Request starting HTTP/2 GET https://localhost:7098/_framework/aspnetcore-browser-refresh.js - null null
2024-08-17 23:00:57.292 +03:00 [INF] Request starting HTTP/2 GET https://localhost:7098/_vs/browserLink - null null
2024-08-17 23:00:57.306 +03:00 [INF] Request finished HTTP/2 GET https://localhost:7098/_framework/aspnetcore-browser-refresh.js - 200 13748 application/javascript; charset=utf-8 14.804ms
2024-08-17 23:00:57.346 +03:00 [INF] Request finished HTTP/2 GET https://localhost:7098/_vs/browserLink - 200 null text/javascript; charset=UTF-8 54.5356ms
2024-08-17 23:00:57.394 +03:00 [INF] Request starting HTTP/2 GET https://localhost:7098/swagger/v1/swagger.json - null null
2024-08-17 23:00:57.515 +03:00 [INF] HTTP GET /swagger/v1/swagger.json responded 200 in 118.2527 ms
2024-08-17 23:00:57.518 +03:00 [INF] Request finished HTTP/2 GET https://localhost:7098/swagger/v1/swagger.json - 200 null application/json;charset=utf-8 124.0901ms
2024-08-17 23:01:00.757 +03:00 [INF] Request starting HTTP/2 GET https://localhost:7098/api/v1/client/configure/ClientConfig - null null
2024-08-17 23:01:00.780 +03:00 [INF] Executing endpoint 'WebAPI.Controllers.ClientConfigController.GetAll (WebAPI)'
2024-08-17 23:01:00.795 +03:00 [INF] Route matched with {action = "GetAll", controller = "ClientConfig"}. Executing controller action with signature System.Threading.Tasks.Task`1[Microsoft.AspNetCore.Mvc.ActionResult`1[Application.Features.Configurations.Client.Queries.GetConfigClientList.ConfigClientListViewModel]] GetAll() on controller WebAPI.Controllers.ClientConfigController (WebAPI).
2024-08-17 23:01:00.918 +03:00 [INF] Executing action method WebAPI.Controllers.ClientConfigController.GetAll (WebAPI) - Validation state: "Valid"
2024-08-17 23:01:01.189 +03:00 [INF] Executed DbCommand (7ms) [Parameters=[], CommandType='"Text"', CommandTimeout='30']
SELECT c.client_id, c.address_to_alarm, c.address_to_notify, c.database_type, c.alarm_connection_string, c.notify_connection_string, c.consumer_bootstrap_server, c.producer_bootstrap_server, c.system_id, c.mode, c.caching
FROM client_configuration AS c
2024-08-17 23:01:01.378 +03:00 [INF] Executed action method WebAPI.Controllers.ClientConfigController.GetAll (WebAPI), returned result Microsoft.AspNetCore.Mvc.OkObjectResult in 453.1423ms.
2024-08-17 23:01:01.429 +03:00 [INF] Executing OkObjectResult, writing value of type 'Application.Wrappers.Response`1[[System.Collections.Generic.IEnumerable`1[[Application.Features.Configurations.Client.Queries.GetConfigClientList.ConfigClientLookupDTO, Application, Version=1.0.0.0, Culture=neutral, PublicKeyToken=null]], System.Private.CoreLib, Version=8.0.0.0, Culture=neutral, PublicKeyToken=7cec85d7bea7798e]]'.
2024-08-17 23:01:01.472 +03:00 [INF] Executed action WebAPI.Controllers.ClientConfigController.GetAll (WebAPI) in 667.6624ms
2024-08-17 23:01:01.480 +03:00 [INF] Executed endpoint 'WebAPI.Controllers.ClientConfigController.GetAll (WebAPI)'
2024-08-17 23:01:01.497 +03:00 [INF] HTTP GET /api/v1/client/configure/ClientConfig responded 200 in 735.1981 ms
2024-08-17 23:01:01.505 +03:00 [INF] Request finished HTTP/2 GET https://localhost:7098/api/v1/client/configure/ClientConfig - 200 null application/json; charset=utf-8 749.1932ms
2024-08-17 23:01:16.076 +03:00 [INF] Application startup services registration
2024-08-17 23:01:16.869 +03:00 [INF] User profile is available. Using 'C:\Users\Даниил\AppData\Local\ASP.NET\DataProtection-Keys' as key repository and Windows DPAPI to encrypt keys at rest.
2024-08-17 23:01:17.013 +03:00 [INF] Application startup middleware registration
2024-08-17 23:01:17.922 +03:00 [INF] Executed DbCommand (44ms) [Parameters=[], CommandType='"Text"', CommandTimeout='30']
SELECT CASE WHEN COUNT(*) = 0 THEN FALSE ELSE TRUE END
FROM pg_class AS cls
JOIN pg_namespace AS ns ON ns.oid = cls.relnamespace
WHERE
        cls.relkind IN ('r', 'v', 'm', 'f', 'p') AND
        ns.nspname NOT IN ('pg_catalog', 'information_schema') AND
        -- Exclude tables which are members of PG extensions
        NOT EXISTS (
            SELECT 1 FROM pg_depend WHERE
                classid=(
                    SELECT cls.oid
                    FROM pg_class AS cls
                             JOIN pg_namespace AS ns ON ns.oid = cls.relnamespace
                    WHERE relname='pg_class' AND ns.nspname='pg_catalog'
                ) AND
                objid=cls.oid AND
                deptype IN ('e', 'x')
        )
2024-08-17 23:01:18.089 +03:00 [INF] Executed DbCommand (2ms) [Parameters=[], CommandType='"Text"', CommandTimeout='30']
SELECT CASE WHEN COUNT(*) = 0 THEN FALSE ELSE TRUE END
FROM pg_class AS cls
JOIN pg_namespace AS ns ON ns.oid = cls.relnamespace
WHERE
        cls.relkind IN ('r', 'v', 'm', 'f', 'p') AND
        ns.nspname NOT IN ('pg_catalog', 'information_schema') AND
        -- Exclude tables which are members of PG extensions
        NOT EXISTS (
            SELECT 1 FROM pg_depend WHERE
                classid=(
                    SELECT cls.oid
                    FROM pg_class AS cls
                             JOIN pg_namespace AS ns ON ns.oid = cls.relnamespace
                    WHERE relname='pg_class' AND ns.nspname='pg_catalog'
                ) AND
                objid=cls.oid AND
                deptype IN ('e', 'x')
        )
2024-08-17 23:01:18.145 +03:00 [WRN] The foreign key {'SystemId'} on entity type 'DBSettings' targets itself. Consider removing it since it serves no purpose.
2024-08-17 23:01:18.148 +03:00 [WRN] The foreign key {'SystemId'} on entity type 'HostSettings' targets itself. Consider removing it since it serves no purpose.
2024-08-17 23:01:18.150 +03:00 [WRN] The foreign key {'SystemId'} on entity type 'HubSettings' targets itself. Consider removing it since it serves no purpose.
2024-08-17 23:01:18.152 +03:00 [WRN] The foreign key {'SystemId'} on entity type 'KafkaSettings' targets itself. Consider removing it since it serves no purpose.
2024-08-17 23:01:18.347 +03:00 [INF] Executed DbCommand (2ms) [Parameters=[], CommandType='"Text"', CommandTimeout='30']
SELECT CASE WHEN COUNT(*) = 0 THEN FALSE ELSE TRUE END
FROM pg_class AS cls
JOIN pg_namespace AS ns ON ns.oid = cls.relnamespace
WHERE
        cls.relkind IN ('r', 'v', 'm', 'f', 'p') AND
        ns.nspname NOT IN ('pg_catalog', 'information_schema') AND
        -- Exclude tables which are members of PG extensions
        NOT EXISTS (
            SELECT 1 FROM pg_depend WHERE
                classid=(
                    SELECT cls.oid
                    FROM pg_class AS cls
                             JOIN pg_namespace AS ns ON ns.oid = cls.relnamespace
                    WHERE relname='pg_class' AND ns.nspname='pg_catalog'
                ) AND
                objid=cls.oid AND
                deptype IN ('e', 'x')
        )
2024-08-17 23:01:18.462 +03:00 [INF] Application Starting
2024-08-17 23:01:18.666 +03:00 [INF] Now listening on: https://localhost:7098
2024-08-17 23:01:18.668 +03:00 [INF] Now listening on: http://localhost:5139
2024-08-17 23:01:18.684 +03:00 [INF] Application started. Press Ctrl+C to shut down.
2024-08-17 23:01:18.697 +03:00 [INF] Hosting environment: Development
2024-08-17 23:01:18.706 +03:00 [INF] Content root path: D:\Develop\App\WSService-DataModules\WebAPI\WebAPI.Backend\Presentation\WebAPI
2024-08-17 23:01:19.362 +03:00 [INF] Request starting HTTP/2 GET https://localhost:7098/swagger/index.html - null null
2024-08-17 23:01:19.644 +03:00 [INF] HTTP GET /swagger/index.html responded 200 in 141.1801 ms
2024-08-17 23:01:19.653 +03:00 [INF] Request finished HTTP/2 GET https://localhost:7098/swagger/index.html - 200 null text/html;charset=utf-8 306.6982ms
2024-08-17 23:01:19.654 +03:00 [INF] Request starting HTTP/2 GET https://localhost:7098/_framework/aspnetcore-browser-refresh.js - null null
2024-08-17 23:01:19.654 +03:00 [INF] Request starting HTTP/2 GET https://localhost:7098/_vs/browserLink - null null
2024-08-17 23:01:19.664 +03:00 [INF] Request finished HTTP/2 GET https://localhost:7098/_framework/aspnetcore-browser-refresh.js - 200 13748 application/javascript; charset=utf-8 10.497ms
2024-08-17 23:01:19.698 +03:00 [INF] Request finished HTTP/2 GET https://localhost:7098/_vs/browserLink - 200 null text/javascript; charset=UTF-8 43.8575ms
2024-08-17 23:01:19.752 +03:00 [INF] Request starting HTTP/2 GET https://localhost:7098/swagger/v1/swagger.json - null null
2024-08-17 23:01:19.891 +03:00 [INF] HTTP GET /swagger/v1/swagger.json responded 200 in 134.4591 ms
2024-08-17 23:01:19.894 +03:00 [INF] Request finished HTTP/2 GET https://localhost:7098/swagger/v1/swagger.json - 200 null application/json;charset=utf-8 143.0281ms
2024-08-17 23:01:23.659 +03:00 [INF] Request starting HTTP/2 GET https://localhost:7098/api/v1/client/configure/ClientConfig - null null
2024-08-17 23:01:23.713 +03:00 [INF] Executing endpoint 'WebAPI.Controllers.ClientConfigController.GetAll (WebAPI)'
2024-08-17 23:01:23.734 +03:00 [INF] Route matched with {action = "GetAll", controller = "ClientConfig"}. Executing controller action with signature System.Threading.Tasks.Task`1[Microsoft.AspNetCore.Mvc.ActionResult`1[Application.Features.Configurations.Client.Queries.GetConfigClientList.ConfigClientListViewModel]] GetAll() on controller WebAPI.Controllers.ClientConfigController (WebAPI).
2024-08-17 23:01:24.020 +03:00 [INF] Executing action method WebAPI.Controllers.ClientConfigController.GetAll (WebAPI) - Validation state: "Valid"
2024-08-17 23:01:24.408 +03:00 [INF] Executed DbCommand (29ms) [Parameters=[], CommandType='"Text"', CommandTimeout='30']
SELECT c.client_id, c.address_to_alarm, c.address_to_notify, c.database_type, c.alarm_connection_string, c.notify_connection_string, c.consumer_bootstrap_server, c.producer_bootstrap_server, c.system_id, c.mode, c.caching
FROM client_configuration AS c
2024-08-17 23:01:24.514 +03:00 [INF] Executed action WebAPI.Controllers.ClientConfigController.GetAll (WebAPI) in 767.3452ms
2024-08-17 23:01:24.521 +03:00 [INF] Executed endpoint 'WebAPI.Controllers.ClientConfigController.GetAll (WebAPI)'
2024-08-17 23:01:24.630 +03:00 [ERR] Configs Clients Not Found.
2024-08-17 23:01:24.647 +03:00 [INF] HTTP GET /api/v1/client/configure/ClientConfig responded 400 in 976.0881 ms
2024-08-17 23:01:24.656 +03:00 [INF] Request finished HTTP/2 GET https://localhost:7098/api/v1/client/configure/ClientConfig - 400 null application/json 997.8496ms
