2024-08-11 16:56:28.020 +03:00 [INF] Application startup services registration
2024-08-11 16:56:34.182 +03:00 [DBG] Hosting starting
2024-08-11 16:56:34.275 +03:00 [INF] User profile is available. Using 'C:\Users\Даниил\AppData\Local\ASP.NET\DataProtection-Keys' as key repository and Windows DPAPI to encrypt keys at rest.
2024-08-11 16:56:34.356 +03:00 [DBG] Reading data from file 'C:\Users\Даниил\AppData\Local\ASP.NET\DataProtection-Keys\key-8c7a4670-0c2a-4669-a306-cd103a65102a.xml'.
2024-08-11 16:56:34.398 +03:00 [DBG] Found key {8c7a4670-0c2a-4669-a306-cd103a65102a}.
2024-08-11 16:56:34.410 +03:00 [DBG] Considering key {8c7a4670-0c2a-4669-a306-cd103a65102a} with expiration date 2024-11-07 23:25:49Z as default key.
2024-08-11 16:56:34.414 +03:00 [DBG] Forwarded activator type request from Microsoft.AspNetCore.DataProtection.XmlEncryption.DpapiXmlDecryptor, Microsoft.AspNetCore.DataProtection, Version=8.0.0.0, Culture=neutral, PublicKeyToken=adb9793829ddae60 to Microsoft.AspNetCore.DataProtection.XmlEncryption.DpapiXmlDecryptor, Microsoft.AspNetCore.DataProtection, Culture=neutral, PublicKeyToken=adb9793829ddae60
2024-08-11 16:56:34.417 +03:00 [DBG] Decrypting secret element using Windows DPAPI.
2024-08-11 16:56:34.419 +03:00 [DBG] Forwarded activator type request from Microsoft.AspNetCore.DataProtection.AuthenticatedEncryption.ConfigurationModel.AuthenticatedEncryptorDescriptorDeserializer, Microsoft.AspNetCore.DataProtection, Version=8.0.0.0, Culture=neutral, PublicKeyToken=adb9793829ddae60 to Microsoft.AspNetCore.DataProtection.AuthenticatedEncryption.ConfigurationModel.AuthenticatedEncryptorDescriptorDeserializer, Microsoft.AspNetCore.DataProtection, Culture=neutral, PublicKeyToken=adb9793829ddae60
2024-08-11 16:56:34.421 +03:00 [DBG] Opening CNG algorithm 'AES' from provider 'null' with chaining mode CBC.
2024-08-11 16:56:34.422 +03:00 [DBG] Opening CNG algorithm 'SHA256' from provider 'null' with HMAC.
2024-08-11 16:56:34.423 +03:00 [DBG] Using key {8c7a4670-0c2a-4669-a306-cd103a65102a} as the default key.
2024-08-11 16:56:34.423 +03:00 [DBG] Key ring with default key {8c7a4670-0c2a-4669-a306-cd103a65102a} was loaded during application startup.
2024-08-11 16:56:34.655 +03:00 [INF] Application startup middleware registration
2024-08-11 16:56:35.014 +03:00 [DBG] Registered model binder providers, in the following order: ["Microsoft.AspNetCore.Mvc.ModelBinding.Binders.BinderTypeModelBinderProvider","Microsoft.AspNetCore.Mvc.ModelBinding.Binders.ServicesModelBinderProvider","Microsoft.AspNetCore.Mvc.ModelBinding.Binders.BodyModelBinderProvider","Microsoft.AspNetCore.Mvc.ModelBinding.Binders.HeaderModelBinderProvider","Microsoft.AspNetCore.Mvc.ModelBinding.Binders.FloatingPointTypeModelBinderProvider","Microsoft.AspNetCore.Mvc.ModelBinding.Binders.EnumTypeModelBinderProvider","Microsoft.AspNetCore.Mvc.ModelBinding.Binders.DateTimeModelBinderProvider","Microsoft.AspNetCore.Mvc.ModelBinding.Binders.SimpleTypeModelBinderProvider","Microsoft.AspNetCore.Mvc.ModelBinding.Binders.TryParseModelBinderProvider","Microsoft.AspNetCore.Mvc.ModelBinding.Binders.CancellationTokenModelBinderProvider","Microsoft.AspNetCore.Mvc.ModelBinding.Binders.ByteArrayModelBinderProvider","Microsoft.AspNetCore.Mvc.ModelBinding.Binders.FormFileModelBinderProvider","Microsoft.AspNetCore.Mvc.ModelBinding.Binders.FormCollectionModelBinderProvider","Microsoft.AspNetCore.Mvc.ModelBinding.Binders.KeyValuePairModelBinderProvider","Microsoft.AspNetCore.Mvc.ModelBinding.Binders.DictionaryModelBinderProvider","Microsoft.AspNetCore.Mvc.ModelBinding.Binders.ArrayModelBinderProvider","Microsoft.AspNetCore.Mvc.ModelBinding.Binders.CollectionModelBinderProvider","Microsoft.AspNetCore.Mvc.ModelBinding.Binders.ComplexObjectModelBinderProvider"]
2024-08-11 16:56:35.126 +03:00 [INF] Application Starting
2024-08-11 16:56:35.504 +03:00 [INF] Now listening on: https://localhost:7098
2024-08-11 16:56:35.505 +03:00 [INF] Now listening on: http://localhost:5139
2024-08-11 16:56:35.507 +03:00 [DBG] Loaded hosting startup assembly WebAPI
2024-08-11 16:56:35.507 +03:00 [DBG] Loaded hosting startup assembly Microsoft.AspNetCore.Watch.BrowserRefresh
2024-08-11 16:56:35.507 +03:00 [DBG] Loaded hosting startup assembly Microsoft.WebTools.BrowserLink.Net
2024-08-11 16:56:35.507 +03:00 [INF] Application started. Press Ctrl+C to shut down.
2024-08-11 16:56:35.509 +03:00 [INF] Hosting environment: Development
2024-08-11 16:56:35.510 +03:00 [INF] Content root path: D:\Develop\App\WSService-DataModules\WebAPI\WebAPI.Backend\Presentation\WebAPI
2024-08-11 16:56:35.511 +03:00 [DBG] Hosting started
2024-08-11 16:56:35.916 +03:00 [DBG] Connection id "0HN5Q1LL3FU94" accepted.
2024-08-11 16:56:35.917 +03:00 [DBG] Connection id "0HN5Q1LL3FU94" started.
2024-08-11 16:56:35.926 +03:00 [DBG] Connection id "0HN5Q1LL3FU95" accepted.
2024-08-11 16:56:35.926 +03:00 [DBG] Connection id "0HN5Q1LL3FU95" started.
2024-08-11 16:56:35.958 +03:00 [DBG] Connection id "0HN5Q1LL3FU94" received FIN.
2024-08-11 16:56:35.958 +03:00 [DBG] Connection id "0HN5Q1LL3FU95" received FIN.
2024-08-11 16:56:35.970 +03:00 [DBG] Failed to authenticate HTTPS connection.
System.IO.IOException: Received an unexpected EOF or 0 bytes from the transport stream.
   at async ValueTask<int> System.Net.Security.SslStream.ReceiveHandshakeFrameAsync<TIOAdapter>(CancellationToken cancellationToken)
   at async Task System.Net.Security.SslStream.ForceAuthenticationAsync<TIOAdapter>(bool receiveFirst, byte[] reAuthenticationData, CancellationToken cancellationToken)
   at async Task System.Net.Security.SslStream.ProcessAuthenticationWithTelemetryAsync(bool isAsync, CancellationToken cancellationToken)
   at async Task Microsoft.AspNetCore.Server.Kestrel.Https.Internal.HttpsConnectionMiddleware.OnConnectionAsync(ConnectionContext context)
2024-08-11 16:56:35.970 +03:00 [DBG] Failed to authenticate HTTPS connection.
System.IO.IOException: Received an unexpected EOF or 0 bytes from the transport stream.
   at async ValueTask<int> System.Net.Security.SslStream.ReceiveHandshakeFrameAsync<TIOAdapter>(CancellationToken cancellationToken)
   at async Task System.Net.Security.SslStream.ForceAuthenticationAsync<TIOAdapter>(bool receiveFirst, byte[] reAuthenticationData, CancellationToken cancellationToken)
   at async Task System.Net.Security.SslStream.ProcessAuthenticationWithTelemetryAsync(bool isAsync, CancellationToken cancellationToken)
   at async Task Microsoft.AspNetCore.Server.Kestrel.Https.Internal.HttpsConnectionMiddleware.OnConnectionAsync(ConnectionContext context)
2024-08-11 16:56:36.105 +03:00 [DBG] Connection id "0HN5Q1LL3FU95" stopped.
2024-08-11 16:56:36.105 +03:00 [DBG] Connection id "0HN5Q1LL3FU94" stopped.
2024-08-11 16:56:36.107 +03:00 [DBG] Connection id "0HN5Q1LL3FU95" sending FIN because: "The Socket transport's send loop completed gracefully."
2024-08-11 16:56:36.107 +03:00 [DBG] Connection id "0HN5Q1LL3FU94" sending FIN because: "The Socket transport's send loop completed gracefully."
2024-08-11 16:56:36.292 +03:00 [DBG] Connection id "0HN5Q1LL3FU96" accepted.
2024-08-11 16:56:36.293 +03:00 [DBG] Connection id "0HN5Q1LL3FU96" started.
2024-08-11 16:56:36.331 +03:00 [DBG] Connection 0HN5Q1LL3FU96 established using the following protocol: "Tls13"
2024-08-11 16:56:36.384 +03:00 [VRB] Connection id "0HN5Q1LL3FU96" sending "SETTINGS" frame for stream ID 0 with length 24 and flags "NONE".
2024-08-11 16:56:36.386 +03:00 [VRB] Connection id "0HN5Q1LL3FU96" sending "WINDOW_UPDATE" frame for stream ID 0 with length 4 and flags 0x0.
2024-08-11 16:56:36.386 +03:00 [VRB] Connection id "0HN5Q1LL3FU96" received "SETTINGS" frame for stream ID 0 with length 24 and flags "NONE".
2024-08-11 16:56:36.386 +03:00 [VRB] Connection id "0HN5Q1LL3FU96" sending "SETTINGS" frame for stream ID 0 with length 0 and flags "ACK".
2024-08-11 16:56:36.387 +03:00 [VRB] Connection id "0HN5Q1LL3FU96" received "WINDOW_UPDATE" frame for stream ID 0 with length 4 and flags 0x0.
2024-08-11 16:56:36.387 +03:00 [VRB] Connection id "0HN5Q1LL3FU96" received "HEADERS" frame for stream ID 1 with length 569 and flags "END_STREAM, END_HEADERS, PRIORITY".
2024-08-11 16:56:36.401 +03:00 [VRB] Connection id "0HN5Q1LL3FU96" received "SETTINGS" frame for stream ID 0 with length 0 and flags "ACK".
2024-08-11 16:56:36.443 +03:00 [INF] Request starting HTTP/2 GET https://localhost:7098/swagger/index.html - null null
2024-08-11 16:56:36.662 +03:00 [DBG] Wildcard detected, all requests with hosts will be allowed.
2024-08-11 16:56:36.662 +03:00 [VRB] All hosts are allowed.
2024-08-11 16:56:36.676 +03:00 [DBG] No candidates found for the request path '/swagger/index.html'
2024-08-11 16:56:36.677 +03:00 [DBG] Request did not match any endpoints
2024-08-11 16:56:37.972 +03:00 [DBG] AuthenticationScheme: Bearer was not authenticated.
2024-08-11 16:56:38.089 +03:00 [DBG] Response markup is scheduled to include Browser Link script injection.
2024-08-11 16:56:38.090 +03:00 [DBG] Response markup is scheduled to include browser refresh script injection.
2024-08-11 16:56:38.092 +03:00 [VRB] Connection id "0HN5Q1LL3FU96" sending "HEADERS" frame for stream ID 1 with length 66 and flags "END_HEADERS".
2024-08-11 16:56:38.097 +03:00 [VRB] Connection id "0HN5Q1LL3FU96" sending "DATA" frame for stream ID 1 with length 4096 and flags "NONE".
2024-08-11 16:56:38.102 +03:00 [VRB] Connection id "0HN5Q1LL3FU96" sending "DATA" frame for stream ID 1 with length 1010 and flags "NONE".
2024-08-11 16:56:38.102 +03:00 [VRB] Connection id "0HN5Q1LL3FU96" sending "DATA" frame for stream ID 1 with length 81 and flags "NONE".
2024-08-11 16:56:38.112 +03:00 [INF] HTTP GET /swagger/index.html responded 200 in 1447.1068 ms
2024-08-11 16:56:38.118 +03:00 [VRB] Connection id "0HN5Q1LL3FU96" received "HEADERS" frame for stream ID 3 with length 118 and flags "END_STREAM, END_HEADERS, PRIORITY".
2024-08-11 16:56:38.119 +03:00 [DBG] Response markup was updated to include Browser Link script injection.
2024-08-11 16:56:38.119 +03:00 [VRB] Connection id "0HN5Q1LL3FU96" received "HEADERS" frame for stream ID 5 with length 60 and flags "END_STREAM, END_HEADERS, PRIORITY".
2024-08-11 16:56:38.121 +03:00 [DBG] Response markup was updated to include browser refresh script injection.
2024-08-11 16:56:38.122 +03:00 [VRB] Connection id "0HN5Q1LL3FU96" sending "DATA" frame for stream ID 1 with length 0 and flags "END_STREAM".
2024-08-11 16:56:38.119 +03:00 [INF] Request starting HTTP/2 GET https://localhost:7098/_framework/aspnetcore-browser-refresh.js - null null
2024-08-11 16:56:38.126 +03:00 [VRB] Connection id "0HN5Q1LL3FU96" sending "HEADERS" frame for stream ID 3 with length 60 and flags "END_HEADERS".
2024-08-11 16:56:38.126 +03:00 [VRB] Connection id "0HN5Q1LL3FU96" sending "DATA" frame for stream ID 3 with length 13748 and flags "NONE".
2024-08-11 16:56:38.129 +03:00 [VRB] Connection id "0HN5Q1LL3FU96" sending "DATA" frame for stream ID 3 with length 0 and flags "END_STREAM".
2024-08-11 16:56:38.120 +03:00 [INF] Request starting HTTP/2 GET https://localhost:7098/_vs/browserLink - null null
2024-08-11 16:56:38.123 +03:00 [INF] Request finished HTTP/2 GET https://localhost:7098/swagger/index.html - 200 null text/html;charset=utf-8 1682.6115ms
2024-08-11 16:56:38.129 +03:00 [INF] Request finished HTTP/2 GET https://localhost:7098/_framework/aspnetcore-browser-refresh.js - 200 13748 application/javascript; charset=utf-8 9.7007ms
2024-08-11 16:56:38.174 +03:00 [VRB] Connection id "0HN5Q1LL3FU96" sending "HEADERS" frame for stream ID 5 with length 149 and flags "END_HEADERS".
2024-08-11 16:56:38.174 +03:00 [VRB] Connection id "0HN5Q1LL3FU96" sending "DATA" frame for stream ID 5 with length 9986 and flags "NONE".
2024-08-11 16:56:38.176 +03:00 [VRB] Connection id "0HN5Q1LL3FU96" sending "DATA" frame for stream ID 5 with length 10240 and flags "NONE".
2024-08-11 16:56:38.177 +03:00 [VRB] Connection id "0HN5Q1LL3FU96" sending "DATA" frame for stream ID 5 with length 10240 and flags "NONE".
2024-08-11 16:56:38.177 +03:00 [VRB] Connection id "0HN5Q1LL3FU96" sending "DATA" frame for stream ID 5 with length 10240 and flags "NONE".
2024-08-11 16:56:38.178 +03:00 [VRB] Connection id "0HN5Q1LL3FU96" sending "DATA" frame for stream ID 5 with length 10240 and flags "NONE".
2024-08-11 16:56:38.179 +03:00 [VRB] Connection id "0HN5Q1LL3FU96" sending "DATA" frame for stream ID 5 with length 10240 and flags "NONE".
2024-08-11 16:56:38.179 +03:00 [VRB] Connection id "0HN5Q1LL3FU96" sending "DATA" frame for stream ID 5 with length 10240 and flags "NONE".
2024-08-11 16:56:38.180 +03:00 [VRB] Connection id "0HN5Q1LL3FU96" sending "DATA" frame for stream ID 5 with length 10240 and flags "NONE".
2024-08-11 16:56:38.180 +03:00 [VRB] Connection id "0HN5Q1LL3FU96" sending "DATA" frame for stream ID 5 with length 10240 and flags "NONE".
2024-08-11 16:56:38.181 +03:00 [VRB] Connection id "0HN5Q1LL3FU96" sending "DATA" frame for stream ID 5 with length 10240 and flags "NONE".
2024-08-11 16:56:38.181 +03:00 [VRB] Connection id "0HN5Q1LL3FU96" sending "DATA" frame for stream ID 5 with length 10240 and flags "NONE".
2024-08-11 16:56:38.182 +03:00 [VRB] Connection id "0HN5Q1LL3FU96" sending "DATA" frame for stream ID 5 with length 10240 and flags "NONE".
2024-08-11 16:56:38.182 +03:00 [VRB] Connection id "0HN5Q1LL3FU96" sending "DATA" frame for stream ID 5 with length 10240 and flags "NONE".
2024-08-11 16:56:38.183 +03:00 [VRB] Connection id "0HN5Q1LL3FU96" sending "DATA" frame for stream ID 5 with length 10240 and flags "NONE".
2024-08-11 16:56:38.183 +03:00 [VRB] Connection id "0HN5Q1LL3FU96" sending "DATA" frame for stream ID 5 with length 10240 and flags "NONE".
2024-08-11 16:56:38.183 +03:00 [VRB] Connection id "0HN5Q1LL3FU96" sending "DATA" frame for stream ID 5 with length 160 and flags "NONE".
2024-08-11 16:56:38.184 +03:00 [VRB] Connection id "0HN5Q1LL3FU96" sending "DATA" frame for stream ID 5 with length 0 and flags "END_STREAM".
2024-08-11 16:56:38.184 +03:00 [INF] Request finished HTTP/2 GET https://localhost:7098/_vs/browserLink - 200 null text/javascript; charset=UTF-8 64.0821ms
2024-08-11 16:56:38.284 +03:00 [VRB] Connection id "0HN5Q1LL3FU96" received "HEADERS" frame for stream ID 7 with length 77 and flags "END_STREAM, END_HEADERS, PRIORITY".
2024-08-11 16:56:38.285 +03:00 [INF] Request starting HTTP/2 GET https://localhost:7098/swagger/v1/swagger.json - null null
2024-08-11 16:56:38.292 +03:00 [VRB] All hosts are allowed.
2024-08-11 16:56:38.292 +03:00 [DBG] No candidates found for the request path '/swagger/v1/swagger.json'
2024-08-11 16:56:38.292 +03:00 [DBG] Request did not match any endpoints
2024-08-11 16:56:38.295 +03:00 [DBG] AuthenticationScheme: Bearer was not authenticated.
2024-08-11 16:56:38.394 +03:00 [VRB] Connection id "0HN5Q1LL3FU96" sending "HEADERS" frame for stream ID 7 with length 35 and flags "END_HEADERS".
2024-08-11 16:56:38.394 +03:00 [VRB] Connection id "0HN5Q1LL3FU96" sending "DATA" frame for stream ID 7 with length 16384 and flags "NONE".
2024-08-11 16:56:38.394 +03:00 [VRB] Connection id "0HN5Q1LL3FU96" sending "DATA" frame for stream ID 7 with length 16384 and flags "NONE".
2024-08-11 16:56:38.395 +03:00 [VRB] Connection id "0HN5Q1LL3FU96" sending "DATA" frame for stream ID 7 with length 3516 and flags "NONE".
2024-08-11 16:56:38.397 +03:00 [INF] HTTP GET /swagger/v1/swagger.json responded 200 in 104.6192 ms
2024-08-11 16:56:38.400 +03:00 [VRB] Connection id "0HN5Q1LL3FU96" sending "DATA" frame for stream ID 7 with length 0 and flags "END_STREAM".
2024-08-11 16:56:38.400 +03:00 [INF] Request finished HTTP/2 GET https://localhost:7098/swagger/v1/swagger.json - 200 null application/json;charset=utf-8 115.3945ms
