2024-08-10 01:46:00.628 +03:00 [INF] Application startup services registration
2024-08-10 01:46:07.470 +03:00 [WRN] An error occurred starting the application
System.ArgumentException: Arity of open generic service type 'Application.Interfaces.IGenericRepositoryAsync`1[T]' does not equal arity of open generic implementation type 'Persistance.Repositories.GenericRepositoryAsync`2[T,TContext]'. (Parameter 'descriptors')
   at void Microsoft.Extensions.DependencyInjection.ServiceLookup.CallSiteFactory.Populate()
   at new Microsoft.Extensions.DependencyInjection.ServiceProvider(ICollection<ServiceDescriptor> serviceDescriptors, ServiceProviderOptions options)
   at ServiceProvider Microsoft.Extensions.DependencyInjection.ServiceCollectionContainerBuilderExtensions.BuildServiceProvider(IServiceCollection services, ServiceProviderOptions options)
   at void Microsoft.Extensions.Hosting.HostBuilder.InitializeServiceProvider()
   at IHost Microsoft.Extensions.Hosting.HostBuilder.Build()
   at void Program.<Main>$(?) in D:/Develop/App/WSService-DataModules/WebAPI/WebAPI.Backend/Presentation/WebAPI/Program.cs:line 104
2024-08-10 01:47:04.253 +03:00 [INF] Application startup services registration
2024-08-10 01:47:04.797 +03:00 [WRN] An error occurred starting the application
System.ArgumentException: Arity of open generic service type 'Application.Interfaces.IGenericRepositoryAsync`1[T]' does not equal arity of open generic implementation type 'Persistance.Repositories.GenericRepositoryAsync`2[T,TContext]'. (Parameter 'descriptors')
   at void Microsoft.Extensions.DependencyInjection.ServiceLookup.CallSiteFactory.Populate()
   at new Microsoft.Extensions.DependencyInjection.ServiceProvider(ICollection<ServiceDescriptor> serviceDescriptors, ServiceProviderOptions options)
   at ServiceProvider Microsoft.Extensions.DependencyInjection.ServiceCollectionContainerBuilderExtensions.BuildServiceProvider(IServiceCollection services, ServiceProviderOptions options)
   at void Microsoft.Extensions.Hosting.HostBuilder.InitializeServiceProvider()
   at IHost Microsoft.Extensions.Hosting.HostBuilder.Build()
   at void Program.<Main>$(?) in D:/Develop/App/WSService-DataModules/WebAPI/WebAPI.Backend/Presentation/WebAPI/Program.cs:line 104
2024-08-10 01:47:09.351 +03:00 [INF] Application startup services registration
2024-08-10 01:47:09.944 +03:00 [WRN] An error occurred starting the application
System.ArgumentException: Arity of open generic service type 'Application.Interfaces.IGenericRepositoryAsync`1[T]' does not equal arity of open generic implementation type 'Persistance.Repositories.GenericRepositoryAsync`2[T,TContext]'. (Parameter 'descriptors')
   at void Microsoft.Extensions.DependencyInjection.ServiceLookup.CallSiteFactory.Populate()
   at new Microsoft.Extensions.DependencyInjection.ServiceProvider(ICollection<ServiceDescriptor> serviceDescriptors, ServiceProviderOptions options)
   at ServiceProvider Microsoft.Extensions.DependencyInjection.ServiceCollectionContainerBuilderExtensions.BuildServiceProvider(IServiceCollection services, ServiceProviderOptions options)
   at void Microsoft.Extensions.Hosting.HostBuilder.InitializeServiceProvider()
   at IHost Microsoft.Extensions.Hosting.HostBuilder.Build()
   at void Program.<Main>$(?) in D:/Develop/App/WSService-DataModules/WebAPI/WebAPI.Backend/Presentation/WebAPI/Program.cs:line 104
2024-08-10 01:56:25.664 +03:00 [INF] Application startup services registration
2024-08-10 01:56:29.322 +03:00 [WRN] An error occurred starting the application
System.ArgumentException: Arity of open generic service type 'Application.Interfaces.IGenericRepositoryAsync`1[T]' does not equal arity of open generic implementation type 'Persistance.Repositories.GenericRepositoryAsync`2[T,TContext]'. (Parameter 'descriptors')
   at void Microsoft.Extensions.DependencyInjection.ServiceLookup.CallSiteFactory.Populate()
   at new Microsoft.Extensions.DependencyInjection.ServiceProvider(ICollection<ServiceDescriptor> serviceDescriptors, ServiceProviderOptions options)
   at ServiceProvider Microsoft.Extensions.DependencyInjection.ServiceCollectionContainerBuilderExtensions.BuildServiceProvider(IServiceCollection services, ServiceProviderOptions options)
   at void Microsoft.Extensions.Hosting.HostBuilder.InitializeServiceProvider()
   at IHost Microsoft.Extensions.Hosting.HostBuilder.Build()
   at void Program.<Main>$(?) in D:/Develop/App/WSService-DataModules/WebAPI/WebAPI.Backend/Presentation/WebAPI/Program.cs:line 105
2024-08-10 01:57:06.214 +03:00 [INF] Application startup services registration
2024-08-10 01:57:06.879 +03:00 [WRN] An error occurred starting the application
System.ArgumentException: Arity of open generic service type 'Application.Interfaces.IGenericRepositoryAsync`1[T]' does not equal arity of open generic implementation type 'Persistance.Repositories.GenericRepositoryAsync`2[T,TContext]'. (Parameter 'descriptors')
   at void Microsoft.Extensions.DependencyInjection.ServiceLookup.CallSiteFactory.Populate()
   at new Microsoft.Extensions.DependencyInjection.ServiceProvider(ICollection<ServiceDescriptor> serviceDescriptors, ServiceProviderOptions options)
   at ServiceProvider Microsoft.Extensions.DependencyInjection.ServiceCollectionContainerBuilderExtensions.BuildServiceProvider(IServiceCollection services, ServiceProviderOptions options)
   at void Microsoft.Extensions.Hosting.HostBuilder.InitializeServiceProvider()
   at IHost Microsoft.Extensions.Hosting.HostBuilder.Build()
   at void Program.<Main>$(?) in D:/Develop/App/WSService-DataModules/WebAPI/WebAPI.Backend/Presentation/WebAPI/Program.cs:line 105
2024-08-10 01:57:22.668 +03:00 [INF] Application startup services registration
2024-08-10 01:57:25.433 +03:00 [WRN] An error occurred starting the application
System.ArgumentException: Arity of open generic service type 'Application.Interfaces.IGenericRepositoryAsync`1[T]' does not equal arity of open generic implementation type 'Persistance.Repositories.GenericRepositoryAsync`2[T,TContext]'. (Parameter 'descriptors')
   at void Microsoft.Extensions.DependencyInjection.ServiceLookup.CallSiteFactory.Populate()
   at new Microsoft.Extensions.DependencyInjection.ServiceProvider(ICollection<ServiceDescriptor> serviceDescriptors, ServiceProviderOptions options)
   at ServiceProvider Microsoft.Extensions.DependencyInjection.ServiceCollectionContainerBuilderExtensions.BuildServiceProvider(IServiceCollection services, ServiceProviderOptions options)
   at void Microsoft.Extensions.Hosting.HostBuilder.InitializeServiceProvider()
   at IHost Microsoft.Extensions.Hosting.HostBuilder.Build()
   at void Program.<Main>$(?) in D:/Develop/App/WSService-DataModules/WebAPI/WebAPI.Backend/Presentation/WebAPI/Program.cs:line 105
2024-08-10 02:13:06.244 +03:00 [INF] Application startup services registration
2024-08-10 02:13:07.077 +03:00 [WRN] An error occurred starting the application
System.ArgumentException: Arity of open generic service type 'Application.Interfaces.IGenericRepositoryAsync`1[T]' does not equal arity of open generic implementation type 'Persistance.Repositories.GenericRepositoryAsync`2[T,TContext]'. (Parameter 'descriptors')
   at void Microsoft.Extensions.DependencyInjection.ServiceLookup.CallSiteFactory.Populate()
   at new Microsoft.Extensions.DependencyInjection.ServiceProvider(ICollection<ServiceDescriptor> serviceDescriptors, ServiceProviderOptions options)
   at ServiceProvider Microsoft.Extensions.DependencyInjection.ServiceCollectionContainerBuilderExtensions.BuildServiceProvider(IServiceCollection services, ServiceProviderOptions options)
   at void Microsoft.Extensions.Hosting.HostBuilder.InitializeServiceProvider()
   at IHost Microsoft.Extensions.Hosting.HostBuilder.Build()
   at void Program.<Main>$(?) in D:/Develop/App/WSService-DataModules/WebAPI/WebAPI.Backend/Presentation/WebAPI/Program.cs:line 105
2024-08-10 02:13:49.223 +03:00 [INF] Application startup services registration
2024-08-10 02:13:52.843 +03:00 [WRN] An error occurred starting the application
System.AggregateException: Some services are not able to be constructed (Error while validating the service descriptor 'ServiceType: MediatR.IRequestHandler`2[Application.Features.Connections.Queries.GetConnectionsList.GetConnectionsListQuery,Application.Wrappers.ConnectionResponse`1[System.Collections.Generic.IEnumerable`1[Domain.Entities.Entity]]] Lifetime: Transient ImplementationType: Application.Features.Connections.Queries.GetConnectionsList.GetConnectionsListQueryHandler': Unable to resolve service for type 'Application.Interfaces.Repositories.IConnectionRepositoryAsync' while attempting to activate 'Application.Features.Connections.Queries.GetConnectionsList.GetConnectionsListQueryHandler'.) (Error while validating the service descriptor 'ServiceType: MediatR.IRequestHandler`2[Application.Features.Connections.Queries.GetConnectionDetails.GetConnectionDetalisQuery,Application.Wrappers.Response`1[Application.Features.Connections.Queries.GetConnectionDetails.ConnectionDetailsViewModel]] Lifetime: Transient ImplementationType: Application.Features.Connections.Queries.GetConnectionDetails.GetConnectionDetailsQueryHandler': Unable to resolve service for type 'Application.Interfaces.Repositories.IConnectionRepositoryAsync' while attempting to activate 'Application.Features.Connections.Queries.GetConnectionDetails.GetConnectionDetailsQueryHandler'.) (Error while validating the service descriptor 'ServiceType: MediatR.IRequestHandler`2[Application.Features.Connections.Commands.UpdateConnection.UpdateConnectionCommand,Application.Wrappers.Response`1[System.String]] Lifetime: Transient ImplementationType: Application.Features.Connections.Commands.UpdateConnection.UpdateConnectionCommandHandler': Unable to resolve service for type 'Application.Interfaces.Repositories.IConnectionRepositoryAsync' while attempting to activate 'Application.Features.Connections.Commands.UpdateConnection.UpdateConnectionCommandHandler'.) (Error while validating the service descriptor 'ServiceType: MediatR.IRequestHandler`2[Application.Features.Connections.Commands.OpenConnection.OpenConnectionCommand,Application.Wrappers.Response`1[Domain.Enums.ConnectionCommand]] Lifetime: Transient ImplementationType: Application.Features.Connections.Commands.OpenConnection.OpenConnectionCommandHandler': Unable to resolve service for type 'Application.Interfaces.Repositories.IConnectionRepositoryAsync' while attempting to activate 'Application.Features.Connections.Commands.OpenConnection.OpenConnectionCommandHandler'.) (Error while validating the service descriptor 'ServiceType: MediatR.IRequestHandler`2[Application.Features.Connections.Commands.DeleteConnection.DeleteConnectionCommand,Application.Wrappers.Response`1[System.String]] Lifetime: Transient ImplementationType: Application.Features.Connections.Commands.DeleteConnection.DeleteConnectionCommandHandler': Unable to resolve service for type 'Application.Interfaces.Repositories.IConnectionRepositoryAsync' while attempting to activate 'Application.Features.Connections.Commands.DeleteConnection.DeleteConnectionCommandHandler'.) (Error while validating the service descriptor 'ServiceType: MediatR.IRequestHandler`2[Application.Features.Connections.Commands.CloseConnection.CloseConnectionCommand,Application.Wrappers.Response`1[Domain.Enums.ConnectionCommand]] Lifetime: Transient ImplementationType: Application.Features.Connections.Commands.CloseConnection.CloseConnectionCommandHandler': Unable to resolve service for type 'Application.Interfaces.Repositories.IConnectionRepositoryAsync' while attempting to activate 'Application.Features.Connections.Commands.CloseConnection.CloseConnectionCommandHandler'.) (Error while validating the service descriptor 'ServiceType: MediatR.IRequestHandler`2[Application.Features.Connections.Commands.AddConnection.AddConnectionCommand,Application.Wrappers.Response`1[System.String]] Lifetime: Transient ImplementationType: Application.Features.Connections.Commands.AddConnection.AddConnectionCommandHandler': Unable to resolve service for type 'Application.Interfaces.Repositories.IConnectionRepositoryAsync' while attempting to activate 'Application.Features.Connections.Commands.AddConnection.AddConnectionCommandHandler'.) (Error while validating the service descriptor 'ServiceType: MediatR.IRequestHandler`2[Application.Features.Configurations.Server.Commands.SendConfig.SendConfigServerCommand,Application.Wrappers.Response`1[System.Guid]] Lifetime: Transient ImplementationType: Application.Features.Configurations.Server.Commands.SendConfig.SendConfigServerCommandHandler': Unable to resolve service for type 'System.Threading.CancellationToken' while attempting to activate 'Application.Features.Configurations.Server.Commands.SendConfig.SendConfigServerCommandHandler'.) (Error while validating the service descriptor 'ServiceType: MediatR.IRequestHandler`2[Application.Features.Configurations.Client.Commands.SendConfig.SendConfigClientCommand,Application.Wrappers.Response`1[System.Guid]] Lifetime: Transient ImplementationType: Application.Features.Configurations.Client.Commands.SendConfig.SendConfigClientCommandHandler': Unable to resolve service for type 'System.Threading.CancellationToken' while attempting to activate 'Application.Features.Configurations.Client.Commands.SendConfig.SendConfigClientCommandHandler'.)
 ---> System.InvalidOperationException: Error while validating the service descriptor 'ServiceType: MediatR.IRequestHandler`2[Application.Features.Connections.Queries.GetConnectionsList.GetConnectionsListQuery,Application.Wrappers.ConnectionResponse`1[System.Collections.Generic.IEnumerable`1[Domain.Entities.Entity]]] Lifetime: Transient ImplementationType: Application.Features.Connections.Queries.GetConnectionsList.GetConnectionsListQueryHandler': Unable to resolve service for type 'Application.Interfaces.Repositories.IConnectionRepositoryAsync' while attempting to activate 'Application.Features.Connections.Queries.GetConnectionsList.GetConnectionsListQueryHandler'.
 ---> System.InvalidOperationException: Unable to resolve service for type 'Application.Interfaces.Repositories.IConnectionRepositoryAsync' while attempting to activate 'Application.Features.Connections.Queries.GetConnectionsList.GetConnectionsListQueryHandler'.
   at ServiceCallSite[] Microsoft.Extensions.DependencyInjection.ServiceLookup.CallSiteFactory.CreateArgumentCallSites(ServiceIdentifier serviceIdentifier, Type implementationType, CallSiteChain callSiteChain, ParameterInfo[] parameters, bool throwIfCallSiteNotFound)
   at ConstructorCallSite Microsoft.Extensions.DependencyInjection.ServiceLookup.CallSiteFactory.CreateConstructorCallSite(ResultCache lifetime, ServiceIdentifier serviceIdentifier, Type implementationType, CallSiteChain callSiteChain)
   at ServiceCallSite Microsoft.Extensions.DependencyInjection.ServiceLookup.CallSiteFactory.TryCreateExact(ServiceDescriptor descriptor, ServiceIdentifier serviceIdentifier, CallSiteChain callSiteChain, int slot)
   at ServiceCallSite Microsoft.Extensions.DependencyInjection.ServiceLookup.CallSiteFactory.GetCallSite(ServiceDescriptor serviceDescriptor, CallSiteChain callSiteChain)
   at void Microsoft.Extensions.DependencyInjection.ServiceProvider.ValidateService(ServiceDescriptor descriptor)
   --- End of inner exception stack trace ---
   at void Microsoft.Extensions.DependencyInjection.ServiceProvider.ValidateService(ServiceDescriptor descriptor)
   at new Microsoft.Extensions.DependencyInjection.ServiceProvider(ICollection<ServiceDescriptor> serviceDescriptors, ServiceProviderOptions options)
   --- End of inner exception stack trace ---
   at new Microsoft.Extensions.DependencyInjection.ServiceProvider(ICollection<ServiceDescriptor> serviceDescriptors, ServiceProviderOptions options)
   at ServiceProvider Microsoft.Extensions.DependencyInjection.ServiceCollectionContainerBuilderExtensions.BuildServiceProvider(IServiceCollection services, ServiceProviderOptions options)
   at void Microsoft.Extensions.Hosting.HostBuilder.InitializeServiceProvider()
   at IHost Microsoft.Extensions.Hosting.HostBuilder.Build()
   at void Program.<Main>$(?) in D:/Develop/App/WSService-DataModules/WebAPI/WebAPI.Backend/Presentation/WebAPI/Program.cs:line 105
 ---> (Inner Exception #1) System.InvalidOperationException: Error while validating the service descriptor 'ServiceType: MediatR.IRequestHandler`2[Application.Features.Connections.Queries.GetConnectionDetails.GetConnectionDetalisQuery,Application.Wrappers.Response`1[Application.Features.Connections.Queries.GetConnectionDetails.ConnectionDetailsViewModel]] Lifetime: Transient ImplementationType: Application.Features.Connections.Queries.GetConnectionDetails.GetConnectionDetailsQueryHandler': Unable to resolve service for type 'Application.Interfaces.Repositories.IConnectionRepositoryAsync' while attempting to activate 'Application.Features.Connections.Queries.GetConnectionDetails.GetConnectionDetailsQueryHandler'.
 ---> System.InvalidOperationException: Unable to resolve service for type 'Application.Interfaces.Repositories.IConnectionRepositoryAsync' while attempting to activate 'Application.Features.Connections.Queries.GetConnectionDetails.GetConnectionDetailsQueryHandler'.
   at ServiceCallSite[] Microsoft.Extensions.DependencyInjection.ServiceLookup.CallSiteFactory.CreateArgumentCallSites(ServiceIdentifier serviceIdentifier, Type implementationType, CallSiteChain callSiteChain, ParameterInfo[] parameters, bool throwIfCallSiteNotFound)
   at ConstructorCallSite Microsoft.Extensions.DependencyInjection.ServiceLookup.CallSiteFactory.CreateConstructorCallSite(ResultCache lifetime, ServiceIdentifier serviceIdentifier, Type implementationType, CallSiteChain callSiteChain)
   at ServiceCallSite Microsoft.Extensions.DependencyInjection.ServiceLookup.CallSiteFactory.TryCreateExact(ServiceDescriptor descriptor, ServiceIdentifier serviceIdentifier, CallSiteChain callSiteChain, int slot)
   at ServiceCallSite Microsoft.Extensions.DependencyInjection.ServiceLookup.CallSiteFactory.GetCallSite(ServiceDescriptor serviceDescriptor, CallSiteChain callSiteChain)
   at void Microsoft.Extensions.DependencyInjection.ServiceProvider.ValidateService(ServiceDescriptor descriptor)
   --- End of inner exception stack trace ---
   at void Microsoft.Extensions.DependencyInjection.ServiceProvider.ValidateService(ServiceDescriptor descriptor)
   at new Microsoft.Extensions.DependencyInjection.ServiceProvider(ICollection<ServiceDescriptor> serviceDescriptors, ServiceProviderOptions options)<---

 ---> (Inner Exception #2) System.InvalidOperationException: Error while validating the service descriptor 'ServiceType: MediatR.IRequestHandler`2[Application.Features.Connections.Commands.UpdateConnection.UpdateConnectionCommand,Application.Wrappers.Response`1[System.String]] Lifetime: Transient ImplementationType: Application.Features.Connections.Commands.UpdateConnection.UpdateConnectionCommandHandler': Unable to resolve service for type 'Application.Interfaces.Repositories.IConnectionRepositoryAsync' while attempting to activate 'Application.Features.Connections.Commands.UpdateConnection.UpdateConnectionCommandHandler'.
 ---> System.InvalidOperationException: Unable to resolve service for type 'Application.Interfaces.Repositories.IConnectionRepositoryAsync' while attempting to activate 'Application.Features.Connections.Commands.UpdateConnection.UpdateConnectionCommandHandler'.
   at ServiceCallSite[] Microsoft.Extensions.DependencyInjection.ServiceLookup.CallSiteFactory.CreateArgumentCallSites(ServiceIdentifier serviceIdentifier, Type implementationType, CallSiteChain callSiteChain, ParameterInfo[] parameters, bool throwIfCallSiteNotFound)
   at ConstructorCallSite Microsoft.Extensions.DependencyInjection.ServiceLookup.CallSiteFactory.CreateConstructorCallSite(ResultCache lifetime, ServiceIdentifier serviceIdentifier, Type implementationType, CallSiteChain callSiteChain)
   at ServiceCallSite Microsoft.Extensions.DependencyInjection.ServiceLookup.CallSiteFactory.TryCreateExact(ServiceDescriptor descriptor, ServiceIdentifier serviceIdentifier, CallSiteChain callSiteChain, int slot)
   at ServiceCallSite Microsoft.Extensions.DependencyInjection.ServiceLookup.CallSiteFactory.GetCallSite(ServiceDescriptor serviceDescriptor, CallSiteChain callSiteChain)
   at void Microsoft.Extensions.DependencyInjection.ServiceProvider.ValidateService(ServiceDescriptor descriptor)
   --- End of inner exception stack trace ---
   at void Microsoft.Extensions.DependencyInjection.ServiceProvider.ValidateService(ServiceDescriptor descriptor)
   at new Microsoft.Extensions.DependencyInjection.ServiceProvider(ICollection<ServiceDescriptor> serviceDescriptors, ServiceProviderOptions options)<---

 ---> (Inner Exception #3) System.InvalidOperationException: Error while validating the service descriptor 'ServiceType: MediatR.IRequestHandler`2[Application.Features.Connections.Commands.OpenConnection.OpenConnectionCommand,Application.Wrappers.Response`1[Domain.Enums.ConnectionCommand]] Lifetime: Transient ImplementationType: Application.Features.Connections.Commands.OpenConnection.OpenConnectionCommandHandler': Unable to resolve service for type 'Application.Interfaces.Repositories.IConnectionRepositoryAsync' while attempting to activate 'Application.Features.Connections.Commands.OpenConnection.OpenConnectionCommandHandler'.
 ---> System.InvalidOperationException: Unable to resolve service for type 'Application.Interfaces.Repositories.IConnectionRepositoryAsync' while attempting to activate 'Application.Features.Connections.Commands.OpenConnection.OpenConnectionCommandHandler'.
   at ServiceCallSite[] Microsoft.Extensions.DependencyInjection.ServiceLookup.CallSiteFactory.CreateArgumentCallSites(ServiceIdentifier serviceIdentifier, Type implementationType, CallSiteChain callSiteChain, ParameterInfo[] parameters, bool throwIfCallSiteNotFound)
   at ConstructorCallSite Microsoft.Extensions.DependencyInjection.ServiceLookup.CallSiteFactory.CreateConstructorCallSite(ResultCache lifetime, ServiceIdentifier serviceIdentifier, Type implementationType, CallSiteChain callSiteChain)
   at ServiceCallSite Microsoft.Extensions.DependencyInjection.ServiceLookup.CallSiteFactory.TryCreateExact(ServiceDescriptor descriptor, ServiceIdentifier serviceIdentifier, CallSiteChain callSiteChain, int slot)
   at ServiceCallSite Microsoft.Extensions.DependencyInjection.ServiceLookup.CallSiteFactory.GetCallSite(ServiceDescriptor serviceDescriptor, CallSiteChain callSiteChain)
   at void Microsoft.Extensions.DependencyInjection.ServiceProvider.ValidateService(ServiceDescriptor descriptor)
   --- End of inner exception stack trace ---
   at void Microsoft.Extensions.DependencyInjection.ServiceProvider.ValidateService(ServiceDescriptor descriptor)
   at new Microsoft.Extensions.DependencyInjection.ServiceProvider(ICollection<ServiceDescriptor> serviceDescriptors, ServiceProviderOptions options)<---

 ---> (Inner Exception #4) System.InvalidOperationException: Error while validating the service descriptor 'ServiceType: MediatR.IRequestHandler`2[Application.Features.Connections.Commands.DeleteConnection.DeleteConnectionCommand,Application.Wrappers.Response`1[System.String]] Lifetime: Transient ImplementationType: Application.Features.Connections.Commands.DeleteConnection.DeleteConnectionCommandHandler': Unable to resolve service for type 'Application.Interfaces.Repositories.IConnectionRepositoryAsync' while attempting to activate 'Application.Features.Connections.Commands.DeleteConnection.DeleteConnectionCommandHandler'.
 ---> System.InvalidOperationException: Unable to resolve service for type 'Application.Interfaces.Repositories.IConnectionRepositoryAsync' while attempting to activate 'Application.Features.Connections.Commands.DeleteConnection.DeleteConnectionCommandHandler'.
   at ServiceCallSite[] Microsoft.Extensions.DependencyInjection.ServiceLookup.CallSiteFactory.CreateArgumentCallSites(ServiceIdentifier serviceIdentifier, Type implementationType, CallSiteChain callSiteChain, ParameterInfo[] parameters, bool throwIfCallSiteNotFound)
   at ConstructorCallSite Microsoft.Extensions.DependencyInjection.ServiceLookup.CallSiteFactory.CreateConstructorCallSite(ResultCache lifetime, ServiceIdentifier serviceIdentifier, Type implementationType, CallSiteChain callSiteChain)
   at ServiceCallSite Microsoft.Extensions.DependencyInjection.ServiceLookup.CallSiteFactory.TryCreateExact(ServiceDescriptor descriptor, ServiceIdentifier serviceIdentifier, CallSiteChain callSiteChain, int slot)
   at ServiceCallSite Microsoft.Extensions.DependencyInjection.ServiceLookup.CallSiteFactory.GetCallSite(ServiceDescriptor serviceDescriptor, CallSiteChain callSiteChain)
   at void Microsoft.Extensions.DependencyInjection.ServiceProvider.ValidateService(ServiceDescriptor descriptor)
   --- End of inner exception stack trace ---
   at void Microsoft.Extensions.DependencyInjection.ServiceProvider.ValidateService(ServiceDescriptor descriptor)
   at new Microsoft.Extensions.DependencyInjection.ServiceProvider(ICollection<ServiceDescriptor> serviceDescriptors, ServiceProviderOptions options)<---

 ---> (Inner Exception #5) System.InvalidOperationException: Error while validating the service descriptor 'ServiceType: MediatR.IRequestHandler`2[Application.Features.Connections.Commands.CloseConnection.CloseConnectionCommand,Application.Wrappers.Response`1[Domain.Enums.ConnectionCommand]] Lifetime: Transient ImplementationType: Application.Features.Connections.Commands.CloseConnection.CloseConnectionCommandHandler': Unable to resolve service for type 'Application.Interfaces.Repositories.IConnectionRepositoryAsync' while attempting to activate 'Application.Features.Connections.Commands.CloseConnection.CloseConnectionCommandHandler'.
 ---> System.InvalidOperationException: Unable to resolve service for type 'Application.Interfaces.Repositories.IConnectionRepositoryAsync' while attempting to activate 'Application.Features.Connections.Commands.CloseConnection.CloseConnectionCommandHandler'.
   at ServiceCallSite[] Microsoft.Extensions.DependencyInjection.ServiceLookup.CallSiteFactory.CreateArgumentCallSites(ServiceIdentifier serviceIdentifier, Type implementationType, CallSiteChain callSiteChain, ParameterInfo[] parameters, bool throwIfCallSiteNotFound)
   at ConstructorCallSite Microsoft.Extensions.DependencyInjection.ServiceLookup.CallSiteFactory.CreateConstructorCallSite(ResultCache lifetime, ServiceIdentifier serviceIdentifier, Type implementationType, CallSiteChain callSiteChain)
   at ServiceCallSite Microsoft.Extensions.DependencyInjection.ServiceLookup.CallSiteFactory.TryCreateExact(ServiceDescriptor descriptor, ServiceIdentifier serviceIdentifier, CallSiteChain callSiteChain, int slot)
   at ServiceCallSite Microsoft.Extensions.DependencyInjection.ServiceLookup.CallSiteFactory.GetCallSite(ServiceDescriptor serviceDescriptor, CallSiteChain callSiteChain)
   at void Microsoft.Extensions.DependencyInjection.ServiceProvider.ValidateService(ServiceDescriptor descriptor)
   --- End of inner exception stack trace ---
   at void Microsoft.Extensions.DependencyInjection.ServiceProvider.ValidateService(ServiceDescriptor descriptor)
   at new Microsoft.Extensions.DependencyInjection.ServiceProvider(ICollection<ServiceDescriptor> serviceDescriptors, ServiceProviderOptions options)<---

 ---> (Inner Exception #6) System.InvalidOperationException: Error while validating the service descriptor 'ServiceType: MediatR.IRequestHandler`2[Application.Features.Connections.Commands.AddConnection.AddConnectionCommand,Application.Wrappers.Response`1[System.String]] Lifetime: Transient ImplementationType: Application.Features.Connections.Commands.AddConnection.AddConnectionCommandHandler': Unable to resolve service for type 'Application.Interfaces.Repositories.IConnectionRepositoryAsync' while attempting to activate 'Application.Features.Connections.Commands.AddConnection.AddConnectionCommandHandler'.
 ---> System.InvalidOperationException: Unable to resolve service for type 'Application.Interfaces.Repositories.IConnectionRepositoryAsync' while attempting to activate 'Application.Features.Connections.Commands.AddConnection.AddConnectionCommandHandler'.
   at ServiceCallSite[] Microsoft.Extensions.DependencyInjection.ServiceLookup.CallSiteFactory.CreateArgumentCallSites(ServiceIdentifier serviceIdentifier, Type implementationType, CallSiteChain callSiteChain, ParameterInfo[] parameters, bool throwIfCallSiteNotFound)
   at ConstructorCallSite Microsoft.Extensions.DependencyInjection.ServiceLookup.CallSiteFactory.CreateConstructorCallSite(ResultCache lifetime, ServiceIdentifier serviceIdentifier, Type implementationType, CallSiteChain callSiteChain)
   at ServiceCallSite Microsoft.Extensions.DependencyInjection.ServiceLookup.CallSiteFactory.TryCreateExact(ServiceDescriptor descriptor, ServiceIdentifier serviceIdentifier, CallSiteChain callSiteChain, int slot)
   at ServiceCallSite Microsoft.Extensions.DependencyInjection.ServiceLookup.CallSiteFactory.GetCallSite(ServiceDescriptor serviceDescriptor, CallSiteChain callSiteChain)
   at void Microsoft.Extensions.DependencyInjection.ServiceProvider.ValidateService(ServiceDescriptor descriptor)
   --- End of inner exception stack trace ---
   at void Microsoft.Extensions.DependencyInjection.ServiceProvider.ValidateService(ServiceDescriptor descriptor)
   at new Microsoft.Extensions.DependencyInjection.ServiceProvider(ICollection<ServiceDescriptor> serviceDescriptors, ServiceProviderOptions options)<---

 ---> (Inner Exception #7) System.InvalidOperationException: Error while validating the service descriptor 'ServiceType: MediatR.IRequestHandler`2[Application.Features.Configurations.Server.Commands.SendConfig.SendConfigServerCommand,Application.Wrappers.Response`1[System.Guid]] Lifetime: Transient ImplementationType: Application.Features.Configurations.Server.Commands.SendConfig.SendConfigServerCommandHandler': Unable to resolve service for type 'System.Threading.CancellationToken' while attempting to activate 'Application.Features.Configurations.Server.Commands.SendConfig.SendConfigServerCommandHandler'.
 ---> System.InvalidOperationException: Unable to resolve service for type 'System.Threading.CancellationToken' while attempting to activate 'Application.Features.Configurations.Server.Commands.SendConfig.SendConfigServerCommandHandler'.
   at ServiceCallSite[] Microsoft.Extensions.DependencyInjection.ServiceLookup.CallSiteFactory.CreateArgumentCallSites(ServiceIdentifier serviceIdentifier, Type implementationType, CallSiteChain callSiteChain, ParameterInfo[] parameters, bool throwIfCallSiteNotFound)
   at ConstructorCallSite Microsoft.Extensions.DependencyInjection.ServiceLookup.CallSiteFactory.CreateConstructorCallSite(ResultCache lifetime, ServiceIdentifier serviceIdentifier, Type implementationType, CallSiteChain callSiteChain)
   at ServiceCallSite Microsoft.Extensions.DependencyInjection.ServiceLookup.CallSiteFactory.TryCreateExact(ServiceDescriptor descriptor, ServiceIdentifier serviceIdentifier, CallSiteChain callSiteChain, int slot)
   at ServiceCallSite Microsoft.Extensions.DependencyInjection.ServiceLookup.CallSiteFactory.GetCallSite(ServiceDescriptor serviceDescriptor, CallSiteChain callSiteChain)
   at void Microsoft.Extensions.DependencyInjection.ServiceProvider.ValidateService(ServiceDescriptor descriptor)
   --- End of inner exception stack trace ---
   at void Microsoft.Extensions.DependencyInjection.ServiceProvider.ValidateService(ServiceDescriptor descriptor)
   at new Microsoft.Extensions.DependencyInjection.ServiceProvider(ICollection<ServiceDescriptor> serviceDescriptors, ServiceProviderOptions options)<---

 ---> (Inner Exception #8) System.InvalidOperationException: Error while validating the service descriptor 'ServiceType: MediatR.IRequestHandler`2[Application.Features.Configurations.Client.Commands.SendConfig.SendConfigClientCommand,Application.Wrappers.Response`1[System.Guid]] Lifetime: Transient ImplementationType: Application.Features.Configurations.Client.Commands.SendConfig.SendConfigClientCommandHandler': Unable to resolve service for type 'System.Threading.CancellationToken' while attempting to activate 'Application.Features.Configurations.Client.Commands.SendConfig.SendConfigClientCommandHandler'.
 ---> System.InvalidOperationException: Unable to resolve service for type 'System.Threading.CancellationToken' while attempting to activate 'Application.Features.Configurations.Client.Commands.SendConfig.SendConfigClientCommandHandler'.
   at ServiceCallSite[] Microsoft.Extensions.DependencyInjection.ServiceLookup.CallSiteFactory.CreateArgumentCallSites(ServiceIdentifier serviceIdentifier, Type implementationType, CallSiteChain callSiteChain, ParameterInfo[] parameters, bool throwIfCallSiteNotFound)
   at ConstructorCallSite Microsoft.Extensions.DependencyInjection.ServiceLookup.CallSiteFactory.CreateConstructorCallSite(ResultCache lifetime, ServiceIdentifier serviceIdentifier, Type implementationType, CallSiteChain callSiteChain)
   at ServiceCallSite Microsoft.Extensions.DependencyInjection.ServiceLookup.CallSiteFactory.TryCreateExact(ServiceDescriptor descriptor, ServiceIdentifier serviceIdentifier, CallSiteChain callSiteChain, int slot)
   at ServiceCallSite Microsoft.Extensions.DependencyInjection.ServiceLookup.CallSiteFactory.GetCallSite(ServiceDescriptor serviceDescriptor, CallSiteChain callSiteChain)
   at void Microsoft.Extensions.DependencyInjection.ServiceProvider.ValidateService(ServiceDescriptor descriptor)
   --- End of inner exception stack trace ---
   at void Microsoft.Extensions.DependencyInjection.ServiceProvider.ValidateService(ServiceDescriptor descriptor)
   at new Microsoft.Extensions.DependencyInjection.ServiceProvider(ICollection<ServiceDescriptor> serviceDescriptors, ServiceProviderOptions options)<---

2024-08-10 02:15:52.866 +03:00 [INF] Application startup services registration
2024-08-10 02:15:56.203 +03:00 [WRN] An error occurred starting the application
System.AggregateException: Some services are not able to be constructed (Error while validating the service descriptor 'ServiceType: MediatR.IRequestHandler`2[Application.Features.Connections.Commands.OpenConnection.OpenConnectionCommand,Application.Wrappers.Response`1[Domain.Enums.ConnectionCommand]] Lifetime: Transient ImplementationType: Application.Features.Connections.Commands.OpenConnection.OpenConnectionCommandHandler': Unable to resolve service for type 'System.Threading.CancellationToken' while attempting to activate 'Application.Features.Connections.Commands.OpenConnection.OpenConnectionCommandHandler'.) (Error while validating the service descriptor 'ServiceType: MediatR.IRequestHandler`2[Application.Features.Connections.Commands.CloseConnection.CloseConnectionCommand,Application.Wrappers.Response`1[Domain.Enums.ConnectionCommand]] Lifetime: Transient ImplementationType: Application.Features.Connections.Commands.CloseConnection.CloseConnectionCommandHandler': Unable to resolve service for type 'System.Threading.CancellationToken' while attempting to activate 'Application.Features.Connections.Commands.CloseConnection.CloseConnectionCommandHandler'.) (Error while validating the service descriptor 'ServiceType: MediatR.IRequestHandler`2[Application.Features.Configurations.Server.Commands.SendConfig.SendConfigServerCommand,Application.Wrappers.Response`1[System.Guid]] Lifetime: Transient ImplementationType: Application.Features.Configurations.Server.Commands.SendConfig.SendConfigServerCommandHandler': Unable to resolve service for type 'System.Threading.CancellationToken' while attempting to activate 'Application.Features.Configurations.Server.Commands.SendConfig.SendConfigServerCommandHandler'.) (Error while validating the service descriptor 'ServiceType: MediatR.IRequestHandler`2[Application.Features.Configurations.Client.Commands.SendConfig.SendConfigClientCommand,Application.Wrappers.Response`1[System.Guid]] Lifetime: Transient ImplementationType: Application.Features.Configurations.Client.Commands.SendConfig.SendConfigClientCommandHandler': Unable to resolve service for type 'System.Threading.CancellationToken' while attempting to activate 'Application.Features.Configurations.Client.Commands.SendConfig.SendConfigClientCommandHandler'.)
 ---> System.InvalidOperationException: Error while validating the service descriptor 'ServiceType: MediatR.IRequestHandler`2[Application.Features.Connections.Commands.OpenConnection.OpenConnectionCommand,Application.Wrappers.Response`1[Domain.Enums.ConnectionCommand]] Lifetime: Transient ImplementationType: Application.Features.Connections.Commands.OpenConnection.OpenConnectionCommandHandler': Unable to resolve service for type 'System.Threading.CancellationToken' while attempting to activate 'Application.Features.Connections.Commands.OpenConnection.OpenConnectionCommandHandler'.
 ---> System.InvalidOperationException: Unable to resolve service for type 'System.Threading.CancellationToken' while attempting to activate 'Application.Features.Connections.Commands.OpenConnection.OpenConnectionCommandHandler'.
   at ServiceCallSite[] Microsoft.Extensions.DependencyInjection.ServiceLookup.CallSiteFactory.CreateArgumentCallSites(ServiceIdentifier serviceIdentifier, Type implementationType, CallSiteChain callSiteChain, ParameterInfo[] parameters, bool throwIfCallSiteNotFound)
   at ConstructorCallSite Microsoft.Extensions.DependencyInjection.ServiceLookup.CallSiteFactory.CreateConstructorCallSite(ResultCache lifetime, ServiceIdentifier serviceIdentifier, Type implementationType, CallSiteChain callSiteChain)
   at ServiceCallSite Microsoft.Extensions.DependencyInjection.ServiceLookup.CallSiteFactory.TryCreateExact(ServiceDescriptor descriptor, ServiceIdentifier serviceIdentifier, CallSiteChain callSiteChain, int slot)
   at ServiceCallSite Microsoft.Extensions.DependencyInjection.ServiceLookup.CallSiteFactory.GetCallSite(ServiceDescriptor serviceDescriptor, CallSiteChain callSiteChain)
   at void Microsoft.Extensions.DependencyInjection.ServiceProvider.ValidateService(ServiceDescriptor descriptor)
   --- End of inner exception stack trace ---
   at void Microsoft.Extensions.DependencyInjection.ServiceProvider.ValidateService(ServiceDescriptor descriptor)
   at new Microsoft.Extensions.DependencyInjection.ServiceProvider(ICollection<ServiceDescriptor> serviceDescriptors, ServiceProviderOptions options)
   --- End of inner exception stack trace ---
   at new Microsoft.Extensions.DependencyInjection.ServiceProvider(ICollection<ServiceDescriptor> serviceDescriptors, ServiceProviderOptions options)
   at ServiceProvider Microsoft.Extensions.DependencyInjection.ServiceCollectionContainerBuilderExtensions.BuildServiceProvider(IServiceCollection services, ServiceProviderOptions options)
   at void Microsoft.Extensions.Hosting.HostBuilder.InitializeServiceProvider()
   at IHost Microsoft.Extensions.Hosting.HostBuilder.Build()
   at void Program.<Main>$(?) in D:/Develop/App/WSService-DataModules/WebAPI/WebAPI.Backend/Presentation/WebAPI/Program.cs:line 105
 ---> (Inner Exception #1) System.InvalidOperationException: Error while validating the service descriptor 'ServiceType: MediatR.IRequestHandler`2[Application.Features.Connections.Commands.CloseConnection.CloseConnectionCommand,Application.Wrappers.Response`1[Domain.Enums.ConnectionCommand]] Lifetime: Transient ImplementationType: Application.Features.Connections.Commands.CloseConnection.CloseConnectionCommandHandler': Unable to resolve service for type 'System.Threading.CancellationToken' while attempting to activate 'Application.Features.Connections.Commands.CloseConnection.CloseConnectionCommandHandler'.
 ---> System.InvalidOperationException: Unable to resolve service for type 'System.Threading.CancellationToken' while attempting to activate 'Application.Features.Connections.Commands.CloseConnection.CloseConnectionCommandHandler'.
   at ServiceCallSite[] Microsoft.Extensions.DependencyInjection.ServiceLookup.CallSiteFactory.CreateArgumentCallSites(ServiceIdentifier serviceIdentifier, Type implementationType, CallSiteChain callSiteChain, ParameterInfo[] parameters, bool throwIfCallSiteNotFound)
   at ConstructorCallSite Microsoft.Extensions.DependencyInjection.ServiceLookup.CallSiteFactory.CreateConstructorCallSite(ResultCache lifetime, ServiceIdentifier serviceIdentifier, Type implementationType, CallSiteChain callSiteChain)
   at ServiceCallSite Microsoft.Extensions.DependencyInjection.ServiceLookup.CallSiteFactory.TryCreateExact(ServiceDescriptor descriptor, ServiceIdentifier serviceIdentifier, CallSiteChain callSiteChain, int slot)
   at ServiceCallSite Microsoft.Extensions.DependencyInjection.ServiceLookup.CallSiteFactory.GetCallSite(ServiceDescriptor serviceDescriptor, CallSiteChain callSiteChain)
   at void Microsoft.Extensions.DependencyInjection.ServiceProvider.ValidateService(ServiceDescriptor descriptor)
   --- End of inner exception stack trace ---
   at void Microsoft.Extensions.DependencyInjection.ServiceProvider.ValidateService(ServiceDescriptor descriptor)
   at new Microsoft.Extensions.DependencyInjection.ServiceProvider(ICollection<ServiceDescriptor> serviceDescriptors, ServiceProviderOptions options)<---

 ---> (Inner Exception #2) System.InvalidOperationException: Error while validating the service descriptor 'ServiceType: MediatR.IRequestHandler`2[Application.Features.Configurations.Server.Commands.SendConfig.SendConfigServerCommand,Application.Wrappers.Response`1[System.Guid]] Lifetime: Transient ImplementationType: Application.Features.Configurations.Server.Commands.SendConfig.SendConfigServerCommandHandler': Unable to resolve service for type 'System.Threading.CancellationToken' while attempting to activate 'Application.Features.Configurations.Server.Commands.SendConfig.SendConfigServerCommandHandler'.
 ---> System.InvalidOperationException: Unable to resolve service for type 'System.Threading.CancellationToken' while attempting to activate 'Application.Features.Configurations.Server.Commands.SendConfig.SendConfigServerCommandHandler'.
   at ServiceCallSite[] Microsoft.Extensions.DependencyInjection.ServiceLookup.CallSiteFactory.CreateArgumentCallSites(ServiceIdentifier serviceIdentifier, Type implementationType, CallSiteChain callSiteChain, ParameterInfo[] parameters, bool throwIfCallSiteNotFound)
   at ConstructorCallSite Microsoft.Extensions.DependencyInjection.ServiceLookup.CallSiteFactory.CreateConstructorCallSite(ResultCache lifetime, ServiceIdentifier serviceIdentifier, Type implementationType, CallSiteChain callSiteChain)
   at ServiceCallSite Microsoft.Extensions.DependencyInjection.ServiceLookup.CallSiteFactory.TryCreateExact(ServiceDescriptor descriptor, ServiceIdentifier serviceIdentifier, CallSiteChain callSiteChain, int slot)
   at ServiceCallSite Microsoft.Extensions.DependencyInjection.ServiceLookup.CallSiteFactory.GetCallSite(ServiceDescriptor serviceDescriptor, CallSiteChain callSiteChain)
   at void Microsoft.Extensions.DependencyInjection.ServiceProvider.ValidateService(ServiceDescriptor descriptor)
   --- End of inner exception stack trace ---
   at void Microsoft.Extensions.DependencyInjection.ServiceProvider.ValidateService(ServiceDescriptor descriptor)
   at new Microsoft.Extensions.DependencyInjection.ServiceProvider(ICollection<ServiceDescriptor> serviceDescriptors, ServiceProviderOptions options)<---

 ---> (Inner Exception #3) System.InvalidOperationException: Error while validating the service descriptor 'ServiceType: MediatR.IRequestHandler`2[Application.Features.Configurations.Client.Commands.SendConfig.SendConfigClientCommand,Application.Wrappers.Response`1[System.Guid]] Lifetime: Transient ImplementationType: Application.Features.Configurations.Client.Commands.SendConfig.SendConfigClientCommandHandler': Unable to resolve service for type 'System.Threading.CancellationToken' while attempting to activate 'Application.Features.Configurations.Client.Commands.SendConfig.SendConfigClientCommandHandler'.
 ---> System.InvalidOperationException: Unable to resolve service for type 'System.Threading.CancellationToken' while attempting to activate 'Application.Features.Configurations.Client.Commands.SendConfig.SendConfigClientCommandHandler'.
   at ServiceCallSite[] Microsoft.Extensions.DependencyInjection.ServiceLookup.CallSiteFactory.CreateArgumentCallSites(ServiceIdentifier serviceIdentifier, Type implementationType, CallSiteChain callSiteChain, ParameterInfo[] parameters, bool throwIfCallSiteNotFound)
   at ConstructorCallSite Microsoft.Extensions.DependencyInjection.ServiceLookup.CallSiteFactory.CreateConstructorCallSite(ResultCache lifetime, ServiceIdentifier serviceIdentifier, Type implementationType, CallSiteChain callSiteChain)
   at ServiceCallSite Microsoft.Extensions.DependencyInjection.ServiceLookup.CallSiteFactory.TryCreateExact(ServiceDescriptor descriptor, ServiceIdentifier serviceIdentifier, CallSiteChain callSiteChain, int slot)
   at ServiceCallSite Microsoft.Extensions.DependencyInjection.ServiceLookup.CallSiteFactory.GetCallSite(ServiceDescriptor serviceDescriptor, CallSiteChain callSiteChain)
   at void Microsoft.Extensions.DependencyInjection.ServiceProvider.ValidateService(ServiceDescriptor descriptor)
   --- End of inner exception stack trace ---
   at void Microsoft.Extensions.DependencyInjection.ServiceProvider.ValidateService(ServiceDescriptor descriptor)
   at new Microsoft.Extensions.DependencyInjection.ServiceProvider(ICollection<ServiceDescriptor> serviceDescriptors, ServiceProviderOptions options)<---

2024-08-10 02:17:56.683 +03:00 [INF] Application startup services registration
2024-08-10 02:18:00.150 +03:00 [WRN] An error occurred starting the application
System.AggregateException: Some services are not able to be constructed (Error while validating the service descriptor 'ServiceType: MediatR.IRequestHandler`2[Application.Features.Connections.Commands.OpenConnection.OpenConnectionCommand,Application.Wrappers.Response`1[Domain.Enums.ConnectionCommand]] Lifetime: Transient ImplementationType: Application.Features.Connections.Commands.OpenConnection.OpenConnectionCommandHandler': Unable to resolve service for type 'System.Threading.CancellationToken' while attempting to activate 'Application.Features.Connections.Commands.OpenConnection.OpenConnectionCommandHandler'.) (Error while validating the service descriptor 'ServiceType: MediatR.IRequestHandler`2[Application.Features.Connections.Commands.CloseConnection.CloseConnectionCommand,Application.Wrappers.Response`1[Domain.Enums.ConnectionCommand]] Lifetime: Transient ImplementationType: Application.Features.Connections.Commands.CloseConnection.CloseConnectionCommandHandler': Unable to resolve service for type 'System.Threading.CancellationToken' while attempting to activate 'Application.Features.Connections.Commands.CloseConnection.CloseConnectionCommandHandler'.) (Error while validating the service descriptor 'ServiceType: MediatR.IRequestHandler`2[Application.Features.Configurations.Server.Commands.SendConfig.SendConfigServerCommand,Application.Wrappers.Response`1[System.Guid]] Lifetime: Transient ImplementationType: Application.Features.Configurations.Server.Commands.SendConfig.SendConfigServerCommandHandler': Unable to resolve service for type 'System.Threading.CancellationToken' while attempting to activate 'Application.Features.Configurations.Server.Commands.SendConfig.SendConfigServerCommandHandler'.) (Error while validating the service descriptor 'ServiceType: MediatR.IRequestHandler`2[Application.Features.Configurations.Client.Commands.SendConfig.SendConfigClientCommand,Application.Wrappers.Response`1[System.Guid]] Lifetime: Transient ImplementationType: Application.Features.Configurations.Client.Commands.SendConfig.SendConfigClientCommandHandler': Unable to resolve service for type 'System.Threading.CancellationToken' while attempting to activate 'Application.Features.Configurations.Client.Commands.SendConfig.SendConfigClientCommandHandler'.)
 ---> System.InvalidOperationException: Error while validating the service descriptor 'ServiceType: MediatR.IRequestHandler`2[Application.Features.Connections.Commands.OpenConnection.OpenConnectionCommand,Application.Wrappers.Response`1[Domain.Enums.ConnectionCommand]] Lifetime: Transient ImplementationType: Application.Features.Connections.Commands.OpenConnection.OpenConnectionCommandHandler': Unable to resolve service for type 'System.Threading.CancellationToken' while attempting to activate 'Application.Features.Connections.Commands.OpenConnection.OpenConnectionCommandHandler'.
 ---> System.InvalidOperationException: Unable to resolve service for type 'System.Threading.CancellationToken' while attempting to activate 'Application.Features.Connections.Commands.OpenConnection.OpenConnectionCommandHandler'.
   at ServiceCallSite[] Microsoft.Extensions.DependencyInjection.ServiceLookup.CallSiteFactory.CreateArgumentCallSites(ServiceIdentifier serviceIdentifier, Type implementationType, CallSiteChain callSiteChain, ParameterInfo[] parameters, bool throwIfCallSiteNotFound)
   at ConstructorCallSite Microsoft.Extensions.DependencyInjection.ServiceLookup.CallSiteFactory.CreateConstructorCallSite(ResultCache lifetime, ServiceIdentifier serviceIdentifier, Type implementationType, CallSiteChain callSiteChain)
   at ServiceCallSite Microsoft.Extensions.DependencyInjection.ServiceLookup.CallSiteFactory.TryCreateExact(ServiceDescriptor descriptor, ServiceIdentifier serviceIdentifier, CallSiteChain callSiteChain, int slot)
   at ServiceCallSite Microsoft.Extensions.DependencyInjection.ServiceLookup.CallSiteFactory.GetCallSite(ServiceDescriptor serviceDescriptor, CallSiteChain callSiteChain)
   at void Microsoft.Extensions.DependencyInjection.ServiceProvider.ValidateService(ServiceDescriptor descriptor)
   --- End of inner exception stack trace ---
   at void Microsoft.Extensions.DependencyInjection.ServiceProvider.ValidateService(ServiceDescriptor descriptor)
   at new Microsoft.Extensions.DependencyInjection.ServiceProvider(ICollection<ServiceDescriptor> serviceDescriptors, ServiceProviderOptions options)
   --- End of inner exception stack trace ---
   at new Microsoft.Extensions.DependencyInjection.ServiceProvider(ICollection<ServiceDescriptor> serviceDescriptors, ServiceProviderOptions options)
   at ServiceProvider Microsoft.Extensions.DependencyInjection.ServiceCollectionContainerBuilderExtensions.BuildServiceProvider(IServiceCollection services, ServiceProviderOptions options)
   at void Microsoft.Extensions.Hosting.HostBuilder.InitializeServiceProvider()
   at IHost Microsoft.Extensions.Hosting.HostBuilder.Build()
   at void Program.<Main>$(?) in D:/Develop/App/WSService-DataModules/WebAPI/WebAPI.Backend/Presentation/WebAPI/Program.cs:line 105
 ---> (Inner Exception #1) System.InvalidOperationException: Error while validating the service descriptor 'ServiceType: MediatR.IRequestHandler`2[Application.Features.Connections.Commands.CloseConnection.CloseConnectionCommand,Application.Wrappers.Response`1[Domain.Enums.ConnectionCommand]] Lifetime: Transient ImplementationType: Application.Features.Connections.Commands.CloseConnection.CloseConnectionCommandHandler': Unable to resolve service for type 'System.Threading.CancellationToken' while attempting to activate 'Application.Features.Connections.Commands.CloseConnection.CloseConnectionCommandHandler'.
 ---> System.InvalidOperationException: Unable to resolve service for type 'System.Threading.CancellationToken' while attempting to activate 'Application.Features.Connections.Commands.CloseConnection.CloseConnectionCommandHandler'.
   at ServiceCallSite[] Microsoft.Extensions.DependencyInjection.ServiceLookup.CallSiteFactory.CreateArgumentCallSites(ServiceIdentifier serviceIdentifier, Type implementationType, CallSiteChain callSiteChain, ParameterInfo[] parameters, bool throwIfCallSiteNotFound)
   at ConstructorCallSite Microsoft.Extensions.DependencyInjection.ServiceLookup.CallSiteFactory.CreateConstructorCallSite(ResultCache lifetime, ServiceIdentifier serviceIdentifier, Type implementationType, CallSiteChain callSiteChain)
   at ServiceCallSite Microsoft.Extensions.DependencyInjection.ServiceLookup.CallSiteFactory.TryCreateExact(ServiceDescriptor descriptor, ServiceIdentifier serviceIdentifier, CallSiteChain callSiteChain, int slot)
   at ServiceCallSite Microsoft.Extensions.DependencyInjection.ServiceLookup.CallSiteFactory.GetCallSite(ServiceDescriptor serviceDescriptor, CallSiteChain callSiteChain)
   at void Microsoft.Extensions.DependencyInjection.ServiceProvider.ValidateService(ServiceDescriptor descriptor)
   --- End of inner exception stack trace ---
   at void Microsoft.Extensions.DependencyInjection.ServiceProvider.ValidateService(ServiceDescriptor descriptor)
   at new Microsoft.Extensions.DependencyInjection.ServiceProvider(ICollection<ServiceDescriptor> serviceDescriptors, ServiceProviderOptions options)<---

 ---> (Inner Exception #2) System.InvalidOperationException: Error while validating the service descriptor 'ServiceType: MediatR.IRequestHandler`2[Application.Features.Configurations.Server.Commands.SendConfig.SendConfigServerCommand,Application.Wrappers.Response`1[System.Guid]] Lifetime: Transient ImplementationType: Application.Features.Configurations.Server.Commands.SendConfig.SendConfigServerCommandHandler': Unable to resolve service for type 'System.Threading.CancellationToken' while attempting to activate 'Application.Features.Configurations.Server.Commands.SendConfig.SendConfigServerCommandHandler'.
 ---> System.InvalidOperationException: Unable to resolve service for type 'System.Threading.CancellationToken' while attempting to activate 'Application.Features.Configurations.Server.Commands.SendConfig.SendConfigServerCommandHandler'.
   at ServiceCallSite[] Microsoft.Extensions.DependencyInjection.ServiceLookup.CallSiteFactory.CreateArgumentCallSites(ServiceIdentifier serviceIdentifier, Type implementationType, CallSiteChain callSiteChain, ParameterInfo[] parameters, bool throwIfCallSiteNotFound)
   at ConstructorCallSite Microsoft.Extensions.DependencyInjection.ServiceLookup.CallSiteFactory.CreateConstructorCallSite(ResultCache lifetime, ServiceIdentifier serviceIdentifier, Type implementationType, CallSiteChain callSiteChain)
   at ServiceCallSite Microsoft.Extensions.DependencyInjection.ServiceLookup.CallSiteFactory.TryCreateExact(ServiceDescriptor descriptor, ServiceIdentifier serviceIdentifier, CallSiteChain callSiteChain, int slot)
   at ServiceCallSite Microsoft.Extensions.DependencyInjection.ServiceLookup.CallSiteFactory.GetCallSite(ServiceDescriptor serviceDescriptor, CallSiteChain callSiteChain)
   at void Microsoft.Extensions.DependencyInjection.ServiceProvider.ValidateService(ServiceDescriptor descriptor)
   --- End of inner exception stack trace ---
   at void Microsoft.Extensions.DependencyInjection.ServiceProvider.ValidateService(ServiceDescriptor descriptor)
   at new Microsoft.Extensions.DependencyInjection.ServiceProvider(ICollection<ServiceDescriptor> serviceDescriptors, ServiceProviderOptions options)<---

 ---> (Inner Exception #3) System.InvalidOperationException: Error while validating the service descriptor 'ServiceType: MediatR.IRequestHandler`2[Application.Features.Configurations.Client.Commands.SendConfig.SendConfigClientCommand,Application.Wrappers.Response`1[System.Guid]] Lifetime: Transient ImplementationType: Application.Features.Configurations.Client.Commands.SendConfig.SendConfigClientCommandHandler': Unable to resolve service for type 'System.Threading.CancellationToken' while attempting to activate 'Application.Features.Configurations.Client.Commands.SendConfig.SendConfigClientCommandHandler'.
 ---> System.InvalidOperationException: Unable to resolve service for type 'System.Threading.CancellationToken' while attempting to activate 'Application.Features.Configurations.Client.Commands.SendConfig.SendConfigClientCommandHandler'.
   at ServiceCallSite[] Microsoft.Extensions.DependencyInjection.ServiceLookup.CallSiteFactory.CreateArgumentCallSites(ServiceIdentifier serviceIdentifier, Type implementationType, CallSiteChain callSiteChain, ParameterInfo[] parameters, bool throwIfCallSiteNotFound)
   at ConstructorCallSite Microsoft.Extensions.DependencyInjection.ServiceLookup.CallSiteFactory.CreateConstructorCallSite(ResultCache lifetime, ServiceIdentifier serviceIdentifier, Type implementationType, CallSiteChain callSiteChain)
   at ServiceCallSite Microsoft.Extensions.DependencyInjection.ServiceLookup.CallSiteFactory.TryCreateExact(ServiceDescriptor descriptor, ServiceIdentifier serviceIdentifier, CallSiteChain callSiteChain, int slot)
   at ServiceCallSite Microsoft.Extensions.DependencyInjection.ServiceLookup.CallSiteFactory.GetCallSite(ServiceDescriptor serviceDescriptor, CallSiteChain callSiteChain)
   at void Microsoft.Extensions.DependencyInjection.ServiceProvider.ValidateService(ServiceDescriptor descriptor)
   --- End of inner exception stack trace ---
   at void Microsoft.Extensions.DependencyInjection.ServiceProvider.ValidateService(ServiceDescriptor descriptor)
   at new Microsoft.Extensions.DependencyInjection.ServiceProvider(ICollection<ServiceDescriptor> serviceDescriptors, ServiceProviderOptions options)<---

2024-08-10 02:25:45.516 +03:00 [INF] Application startup services registration
2024-08-10 02:25:48.658 +03:00 [DBG] Hosting starting
2024-08-10 02:25:48.819 +03:00 [INF] User profile is available. Using 'C:\Users\\AppData\Local\ASP.NET\DataProtection-Keys' as key repository and Windows DPAPI to encrypt keys at rest.
2024-08-10 02:25:49.018 +03:00 [DBG] Repository contains no viable default key. Caller should generate a key with immediate activation.
2024-08-10 02:25:49.019 +03:00 [DBG] Policy resolution states that a new key should be added to the key ring.
2024-08-10 02:25:49.023 +03:00 [INF] Creating key {8c7a4670-0c2a-4669-a306-cd103a65102a} with creation date 2024-08-09 23:25:49Z, activation date 2024-08-09 23:25:49Z, and expiration date 2024-11-07 23:25:49Z.
2024-08-10 02:25:49.056 +03:00 [DBG] Descriptor deserializer type for key {8c7a4670-0c2a-4669-a306-cd103a65102a} is 'Microsoft.AspNetCore.DataProtection.AuthenticatedEncryption.ConfigurationModel.AuthenticatedEncryptorDescriptorDeserializer, Microsoft.AspNetCore.DataProtection, Version=8.0.0.0, Culture=neutral, PublicKeyToken=adb9793829ddae60'.
2024-08-10 02:25:49.064 +03:00 [DBG] No key escrow sink found. Not writing key {8c7a4670-0c2a-4669-a306-cd103a65102a} to escrow.
2024-08-10 02:25:49.068 +03:00 [DBG] Encrypting to Windows DPAPI for current user account (DESKTOP-A51K5A0\).
2024-08-10 02:25:49.082 +03:00 [INF] Writing data to file 'C:\Users\\AppData\Local\ASP.NET\DataProtection-Keys\key-8c7a4670-0c2a-4669-a306-cd103a65102a.xml'.
2024-08-10 02:25:49.085 +03:00 [DBG] Key cache expiration token triggered by 'CreateNewKey' operation.
2024-08-10 02:25:49.085 +03:00 [DBG] Reading data from file 'C:\Users\\AppData\Local\ASP.NET\DataProtection-Keys\key-8c7a4670-0c2a-4669-a306-cd103a65102a.xml'.
2024-08-10 02:25:49.118 +03:00 [DBG] Found key {8c7a4670-0c2a-4669-a306-cd103a65102a}.
2024-08-10 02:25:49.122 +03:00 [DBG] Considering key {8c7a4670-0c2a-4669-a306-cd103a65102a} with expiration date 2024-11-07 23:25:49Z as default key.
2024-08-10 02:25:49.124 +03:00 [DBG] Forwarded activator type request from Microsoft.AspNetCore.DataProtection.XmlEncryption.DpapiXmlDecryptor, Microsoft.AspNetCore.DataProtection, Version=8.0.0.0, Culture=neutral, PublicKeyToken=adb9793829ddae60 to Microsoft.AspNetCore.DataProtection.XmlEncryption.DpapiXmlDecryptor, Microsoft.AspNetCore.DataProtection, Culture=neutral, PublicKeyToken=adb9793829ddae60
2024-08-10 02:25:49.124 +03:00 [DBG] Decrypting secret element using Windows DPAPI.
2024-08-10 02:25:49.125 +03:00 [DBG] Forwarded activator type request from Microsoft.AspNetCore.DataProtection.AuthenticatedEncryption.ConfigurationModel.AuthenticatedEncryptorDescriptorDeserializer, Microsoft.AspNetCore.DataProtection, Version=8.0.0.0, Culture=neutral, PublicKeyToken=adb9793829ddae60 to Microsoft.AspNetCore.DataProtection.AuthenticatedEncryption.ConfigurationModel.AuthenticatedEncryptorDescriptorDeserializer, Microsoft.AspNetCore.DataProtection, Culture=neutral, PublicKeyToken=adb9793829ddae60
2024-08-10 02:25:49.128 +03:00 [DBG] Opening CNG algorithm 'AES' from provider 'null' with chaining mode CBC.
2024-08-10 02:25:49.129 +03:00 [DBG] Opening CNG algorithm 'SHA256' from provider 'null' with HMAC.
2024-08-10 02:25:49.129 +03:00 [DBG] Using key {8c7a4670-0c2a-4669-a306-cd103a65102a} as the default key.
2024-08-10 02:25:49.130 +03:00 [DBG] Key ring with default key {8c7a4670-0c2a-4669-a306-cd103a65102a} was loaded during application startup.
2024-08-10 02:25:49.546 +03:00 [INF] Application startup middleware registration
2024-08-10 02:25:51.015 +03:00 [DBG] An 'IServiceProvider' was created for internal use by Entity Framework.
