2024-08-20 00:03:07.987 +03:00 [INF] Application startup services registration
2024-08-20 00:03:08.878 +03:00 [DBG] Hosting starting
2024-08-20 00:03:09.100 +03:00 [INF] User profile is available. Using 'C:\Users\Даниил\AppData\Local\ASP.NET\DataProtection-Keys' as key repository and Windows DPAPI to encrypt keys at rest.
2024-08-20 00:11:10.454 +03:00 [INF] Application startup services registration
2024-08-20 00:11:15.355 +03:00 [DBG] Hosting starting
2024-08-20 00:11:16.141 +03:00 [INF] User profile is available. Using 'C:\Users\Даниил\AppData\Local\ASP.NET\DataProtection-Keys' as key repository and Windows DPAPI to encrypt keys at rest.
2024-08-20 00:12:05.083 +03:00 [INF] Application startup services registration
2024-08-20 00:12:05.987 +03:00 [DBG] Hosting starting
2024-08-20 00:12:06.166 +03:00 [INF] User profile is available. Using 'C:\Users\Даниил\AppData\Local\ASP.NET\DataProtection-Keys' as key repository and Windows DPAPI to encrypt keys at rest.
2024-08-20 00:14:41.467 +03:00 [INF] Application startup services registration
2024-08-20 00:14:42.584 +03:00 [DBG] Hosting starting
2024-08-20 00:14:42.783 +03:00 [INF] User profile is available. Using 'C:\Users\Даниил\AppData\Local\ASP.NET\DataProtection-Keys' as key repository and Windows DPAPI to encrypt keys at rest.
2024-08-20 00:18:21.587 +03:00 [INF] Application startup services registration
2024-08-20 00:18:22.629 +03:00 [DBG] Hosting starting
2024-08-20 00:18:22.821 +03:00 [INF] User profile is available. Using 'C:\Users\Даниил\AppData\Local\ASP.NET\DataProtection-Keys' as key repository and Windows DPAPI to encrypt keys at rest.
2024-08-20 00:18:42.689 +03:00 [ERR] Error processing Kafka message.
System.NullReferenceException: Object reference not set to an instance of an object.
   at async Task Shared.Services.ConsumerService.KafkaPullMessageProcess(CancellationToken stoppingToken) in D:/Develop/App/WSService-DataModules/WebAPI/WebAPI.Backend/Shared/Services/KafkaConsumerService.cs:line 101
2024-08-20 00:18:44.418 +03:00 [DBG] Reading data from file 'C:\Users\Даниил\AppData\Local\ASP.NET\DataProtection-Keys\key-8c7a4670-0c2a-4669-a306-cd103a65102a.xml'.
2024-08-20 00:18:44.437 +03:00 [DBG] Found key {8c7a4670-0c2a-4669-a306-cd103a65102a}.
2024-08-20 00:18:44.453 +03:00 [DBG] Considering key {8c7a4670-0c2a-4669-a306-cd103a65102a} with expiration date 2024-11-07 23:25:49Z as default key.
2024-08-20 00:18:44.458 +03:00 [DBG] Forwarded activator type request from Microsoft.AspNetCore.DataProtection.XmlEncryption.DpapiXmlDecryptor, Microsoft.AspNetCore.DataProtection, Version=8.0.0.0, Culture=neutral, PublicKeyToken=adb9793829ddae60 to Microsoft.AspNetCore.DataProtection.XmlEncryption.DpapiXmlDecryptor, Microsoft.AspNetCore.DataProtection, Culture=neutral, PublicKeyToken=adb9793829ddae60
2024-08-20 00:18:44.461 +03:00 [DBG] Decrypting secret element using Windows DPAPI.
2024-08-20 00:18:44.465 +03:00 [DBG] Forwarded activator type request from Microsoft.AspNetCore.DataProtection.AuthenticatedEncryption.ConfigurationModel.AuthenticatedEncryptorDescriptorDeserializer, Microsoft.AspNetCore.DataProtection, Version=8.0.0.0, Culture=neutral, PublicKeyToken=adb9793829ddae60 to Microsoft.AspNetCore.DataProtection.AuthenticatedEncryption.ConfigurationModel.AuthenticatedEncryptorDescriptorDeserializer, Microsoft.AspNetCore.DataProtection, Culture=neutral, PublicKeyToken=adb9793829ddae60
2024-08-20 00:18:44.472 +03:00 [DBG] Opening CNG algorithm 'AES' from provider 'null' with chaining mode CBC.
2024-08-20 00:18:44.475 +03:00 [DBG] Opening CNG algorithm 'SHA256' from provider 'null' with HMAC.
2024-08-20 00:18:44.478 +03:00 [DBG] Using key {8c7a4670-0c2a-4669-a306-cd103a65102a} as the default key.
2024-08-20 00:18:44.480 +03:00 [DBG] Key ring with default key {8c7a4670-0c2a-4669-a306-cd103a65102a} was loaded during application startup.
2024-08-20 00:32:02.271 +03:00 [INF] Application startup services registration
2024-08-20 00:32:03.241 +03:00 [DBG] Hosting starting
2024-08-20 00:32:03.414 +03:00 [INF] User profile is available. Using 'C:\Users\Даниил\AppData\Local\ASP.NET\DataProtection-Keys' as key repository and Windows DPAPI to encrypt keys at rest.
2024-08-20 00:32:12.794 +03:00 [ERR] Error processing Kafka message.
System.NullReferenceException: Object reference not set to an instance of an object.
   at async Task Shared.Services.ConsumerService.KafkaPullMessageProcess(CancellationToken stoppingToken) in D:/Develop/App/WSService-DataModules/WebAPI/WebAPI.Backend/Shared/Services/KafkaConsumerService.cs:line 101
2024-08-20 00:32:12.926 +03:00 [DBG] Reading data from file 'C:\Users\Даниил\AppData\Local\ASP.NET\DataProtection-Keys\key-8c7a4670-0c2a-4669-a306-cd103a65102a.xml'.
2024-08-20 00:32:12.943 +03:00 [DBG] Found key {8c7a4670-0c2a-4669-a306-cd103a65102a}.
2024-08-20 00:32:12.956 +03:00 [DBG] Considering key {8c7a4670-0c2a-4669-a306-cd103a65102a} with expiration date 2024-11-07 23:25:49Z as default key.
2024-08-20 00:32:12.960 +03:00 [DBG] Forwarded activator type request from Microsoft.AspNetCore.DataProtection.XmlEncryption.DpapiXmlDecryptor, Microsoft.AspNetCore.DataProtection, Version=8.0.0.0, Culture=neutral, PublicKeyToken=adb9793829ddae60 to Microsoft.AspNetCore.DataProtection.XmlEncryption.DpapiXmlDecryptor, Microsoft.AspNetCore.DataProtection, Culture=neutral, PublicKeyToken=adb9793829ddae60
2024-08-20 00:32:12.964 +03:00 [DBG] Decrypting secret element using Windows DPAPI.
2024-08-20 00:32:12.968 +03:00 [DBG] Forwarded activator type request from Microsoft.AspNetCore.DataProtection.AuthenticatedEncryption.ConfigurationModel.AuthenticatedEncryptorDescriptorDeserializer, Microsoft.AspNetCore.DataProtection, Version=8.0.0.0, Culture=neutral, PublicKeyToken=adb9793829ddae60 to Microsoft.AspNetCore.DataProtection.AuthenticatedEncryption.ConfigurationModel.AuthenticatedEncryptorDescriptorDeserializer, Microsoft.AspNetCore.DataProtection, Culture=neutral, PublicKeyToken=adb9793829ddae60
2024-08-20 00:32:12.976 +03:00 [DBG] Opening CNG algorithm 'AES' from provider 'null' with chaining mode CBC.
2024-08-20 00:32:12.979 +03:00 [DBG] Opening CNG algorithm 'SHA256' from provider 'null' with HMAC.
2024-08-20 00:32:12.981 +03:00 [DBG] Using key {8c7a4670-0c2a-4669-a306-cd103a65102a} as the default key.
2024-08-20 00:32:12.982 +03:00 [DBG] Key ring with default key {8c7a4670-0c2a-4669-a306-cd103a65102a} was loaded during application startup.
2024-08-20 00:32:21.230 +03:00 [INF] Application startup middleware registration
2024-08-20 00:32:23.398 +03:00 [ERR] Error processing Kafka message.
System.NullReferenceException: Object reference not set to an instance of an object.
   at async Task Shared.Services.ConsumerService.KafkaPullMessageProcess(CancellationToken stoppingToken) in D:/Develop/App/WSService-DataModules/WebAPI/WebAPI.Backend/Shared/Services/KafkaConsumerService.cs:line 101
2024-08-20 00:32:27.883 +03:00 [ERR] Error processing Kafka message.
System.NullReferenceException: Object reference not set to an instance of an object.
   at async Task Shared.Services.ConsumerService.KafkaPullMessageProcess(CancellationToken stoppingToken) in D:/Develop/App/WSService-DataModules/WebAPI/WebAPI.Backend/Shared/Services/KafkaConsumerService.cs:line 101
2024-08-20 00:32:28.950 +03:00 [ERR] Error processing Kafka message.
System.NullReferenceException: Object reference not set to an instance of an object.
   at async Task Shared.Services.ConsumerService.KafkaPullMessageProcess(CancellationToken stoppingToken) in D:/Develop/App/WSService-DataModules/WebAPI/WebAPI.Backend/Shared/Services/KafkaConsumerService.cs:line 101
2024-08-20 00:32:32.901 +03:00 [ERR] Error processing Kafka message.
System.NullReferenceException: Object reference not set to an instance of an object.
   at async Task Shared.Services.ConsumerService.KafkaPullMessageProcess(CancellationToken stoppingToken) in D:/Develop/App/WSService-DataModules/WebAPI/WebAPI.Backend/Shared/Services/KafkaConsumerService.cs:line 101
2024-08-20 00:32:32.930 +03:00 [DBG] An 'IServiceProvider' was created for internal use by Entity Framework.
2024-08-20 00:32:35.500 +03:00 [ERR] Error processing Kafka message.
System.NullReferenceException: Object reference not set to an instance of an object.
   at async Task Shared.Services.ConsumerService.KafkaPullMessageProcess(CancellationToken stoppingToken) in D:/Develop/App/WSService-DataModules/WebAPI/WebAPI.Backend/Shared/Services/KafkaConsumerService.cs:line 101
2024-08-20 00:35:45.930 +03:00 [INF] Application startup services registration
2024-08-20 00:35:52.411 +03:00 [INF] Application startup services registration
2024-08-20 00:35:53.468 +03:00 [DBG] Hosting starting
2024-08-20 00:35:53.649 +03:00 [INF] User profile is available. Using 'C:\Users\Даниил\AppData\Local\ASP.NET\DataProtection-Keys' as key repository and Windows DPAPI to encrypt keys at rest.
2024-08-20 00:35:53.814 +03:00 [DBG] Reading data from file 'C:\Users\Даниил\AppData\Local\ASP.NET\DataProtection-Keys\key-8c7a4670-0c2a-4669-a306-cd103a65102a.xml'.
2024-08-20 00:35:53.821 +03:00 [DBG] Found key {8c7a4670-0c2a-4669-a306-cd103a65102a}.
2024-08-20 00:35:53.825 +03:00 [DBG] Considering key {8c7a4670-0c2a-4669-a306-cd103a65102a} with expiration date 2024-11-07 23:25:49Z as default key.
2024-08-20 00:35:53.827 +03:00 [DBG] Forwarded activator type request from Microsoft.AspNetCore.DataProtection.XmlEncryption.DpapiXmlDecryptor, Microsoft.AspNetCore.DataProtection, Version=8.0.0.0, Culture=neutral, PublicKeyToken=adb9793829ddae60 to Microsoft.AspNetCore.DataProtection.XmlEncryption.DpapiXmlDecryptor, Microsoft.AspNetCore.DataProtection, Culture=neutral, PublicKeyToken=adb9793829ddae60
2024-08-20 00:35:53.829 +03:00 [DBG] Decrypting secret element using Windows DPAPI.
2024-08-20 00:35:53.832 +03:00 [DBG] Forwarded activator type request from Microsoft.AspNetCore.DataProtection.AuthenticatedEncryption.ConfigurationModel.AuthenticatedEncryptorDescriptorDeserializer, Microsoft.AspNetCore.DataProtection, Version=8.0.0.0, Culture=neutral, PublicKeyToken=adb9793829ddae60 to Microsoft.AspNetCore.DataProtection.AuthenticatedEncryption.ConfigurationModel.AuthenticatedEncryptorDescriptorDeserializer, Microsoft.AspNetCore.DataProtection, Culture=neutral, PublicKeyToken=adb9793829ddae60
2024-08-20 00:35:53.837 +03:00 [DBG] Opening CNG algorithm 'AES' from provider 'null' with chaining mode CBC.
2024-08-20 00:35:53.839 +03:00 [DBG] Opening CNG algorithm 'SHA256' from provider 'null' with HMAC.
2024-08-20 00:35:53.842 +03:00 [DBG] Using key {8c7a4670-0c2a-4669-a306-cd103a65102a} as the default key.
2024-08-20 00:35:53.843 +03:00 [DBG] Key ring with default key {8c7a4670-0c2a-4669-a306-cd103a65102a} was loaded during application startup.
2024-08-20 00:35:53.909 +03:00 [INF] Application startup middleware registration
2024-08-20 00:35:54.021 +03:00 [DBG] An 'IServiceProvider' was created for internal use by Entity Framework.
2024-08-20 00:35:54.542 +03:00 [DBG] Entity Framework Core 8.0.4 initialized 'ConnectionDbContext' using provider 'Npgsql.EntityFrameworkCore.PostgreSQL:8.0.4+51faf6e9c9c7ef99c3e98d98a96adb8fa8ae4553' with options: MigrationsAssembly=Persistance, Version=1.0.0.0, Culture=neutral, PublicKeyToken=null 
2024-08-20 00:35:54.554 +03:00 [DBG] Creating DbConnection.
2024-08-20 00:35:54.584 +03:00 [DBG] Created DbConnection. (28ms).
2024-08-20 00:35:54.588 +03:00 [DBG] Opening connection to database 'Connection' on server 'tcp://localhost:5432'.
2024-08-20 00:35:54.743 +03:00 [DBG] Opened connection to database 'Connection' on server 'tcp://localhost:5432'.
2024-08-20 00:35:54.744 +03:00 [DBG] Closing connection to database 'Connection' on server 'tcp://localhost:5432'.
2024-08-20 00:35:54.750 +03:00 [DBG] Closed connection to database 'Connection' on server 'tcp://localhost:5432' (3ms).
2024-08-20 00:35:54.753 +03:00 [DBG] Creating DbCommand for 'ExecuteScalar'.
2024-08-20 00:35:54.757 +03:00 [DBG] Created DbCommand for 'ExecuteScalar' (1ms).
2024-08-20 00:35:54.764 +03:00 [DBG] Initialized DbCommand for 'ExecuteScalar' (9ms).
2024-08-20 00:35:54.765 +03:00 [DBG] Opening connection to database 'Connection' on server 'tcp://localhost:5432'.
2024-08-20 00:35:54.820 +03:00 [DBG] Opened connection to database 'Connection' on server 'tcp://localhost:5432'.
2024-08-20 00:35:54.823 +03:00 [DBG] Executing DbCommand [Parameters=[], CommandType='"Text"', CommandTimeout='30']
SELECT CASE WHEN COUNT(*) = 0 THEN FALSE ELSE TRUE END
FROM pg_class AS cls
JOIN pg_namespace AS ns ON ns.oid = cls.relnamespace
WHERE
        cls.relkind IN ('r', 'v', 'm', 'f', 'p') AND
        ns.nspname NOT IN ('pg_catalog', 'information_schema') AND
        -- Exclude tables which are members of PG extensions
        NOT EXISTS (
            SELECT 1 FROM pg_depend WHERE
                classid=(
                    SELECT cls.oid
                    FROM pg_class AS cls
                             JOIN pg_namespace AS ns ON ns.oid = cls.relnamespace
                    WHERE relname='pg_class' AND ns.nspname='pg_catalog'
                ) AND
                objid=cls.oid AND
                deptype IN ('e', 'x')
        )
2024-08-20 00:35:54.868 +03:00 [INF] Executed DbCommand (44ms) [Parameters=[], CommandType='"Text"', CommandTimeout='30']
SELECT CASE WHEN COUNT(*) = 0 THEN FALSE ELSE TRUE END
FROM pg_class AS cls
JOIN pg_namespace AS ns ON ns.oid = cls.relnamespace
WHERE
        cls.relkind IN ('r', 'v', 'm', 'f', 'p') AND
        ns.nspname NOT IN ('pg_catalog', 'information_schema') AND
        -- Exclude tables which are members of PG extensions
        NOT EXISTS (
            SELECT 1 FROM pg_depend WHERE
                classid=(
                    SELECT cls.oid
                    FROM pg_class AS cls
                             JOIN pg_namespace AS ns ON ns.oid = cls.relnamespace
                    WHERE relname='pg_class' AND ns.nspname='pg_catalog'
                ) AND
                objid=cls.oid AND
                deptype IN ('e', 'x')
        )
2024-08-20 00:35:54.874 +03:00 [DBG] Closing connection to database 'Connection' on server 'tcp://localhost:5432'.
2024-08-20 00:35:54.875 +03:00 [DBG] Closed connection to database 'Connection' on server 'tcp://localhost:5432' (1ms).
2024-08-20 00:35:54.941 +03:00 [DBG] The property 'AlarmConnection.ConnectSettingsClientSettingsSystemId' was created in shadow state because there are no eligible CLR members with a matching name.
2024-08-20 00:35:54.941 +03:00 [DBG] The property 'AlarmDataBase.DBSettingsClientSettingsSystemId' was created in shadow state because there are no eligible CLR members with a matching name.
2024-08-20 00:35:54.941 +03:00 [DBG] The property 'ConnectSettings.ClientSettingsSystemId' was created in shadow state because there are no eligible CLR members with a matching name.
2024-08-20 00:35:54.941 +03:00 [DBG] The property 'ConsumerConnection.KafkaSettingsClientSettingsSystemId' was created in shadow state because there are no eligible CLR members with a matching name.
2024-08-20 00:35:54.942 +03:00 [DBG] The property 'DBSettings.ClientSettingsSystemId' was created in shadow state because there are no eligible CLR members with a matching name.
2024-08-20 00:35:54.942 +03:00 [DBG] The property 'KafkaSettings.ClientSettingsSystemId' was created in shadow state because there are no eligible CLR members with a matching name.
2024-08-20 00:35:54.942 +03:00 [DBG] The property 'ModeSettings.ClientSettingsSystemId' was created in shadow state because there are no eligible CLR members with a matching name.
2024-08-20 00:35:54.942 +03:00 [DBG] The property 'NotifyConnection.ConnectSettingsClientSettingsSystemId' was created in shadow state because there are no eligible CLR members with a matching name.
2024-08-20 00:35:54.942 +03:00 [DBG] The property 'NotifyDataBase.DBSettingsClientSettingsSystemId' was created in shadow state because there are no eligible CLR members with a matching name.
2024-08-20 00:35:54.942 +03:00 [DBG] The property 'ProducerConnection.KafkaSettingsClientSettingsSystemId' was created in shadow state because there are no eligible CLR members with a matching name.
2024-08-20 00:35:54.984 +03:00 [DBG] Entity Framework Core 8.0.4 initialized 'ClientConfigDbContext' using provider 'Npgsql.EntityFrameworkCore.PostgreSQL:8.0.4+51faf6e9c9c7ef99c3e98d98a96adb8fa8ae4553' with options: MigrationsAssembly=Persistance, Version=1.0.0.0, Culture=neutral, PublicKeyToken=null 
2024-08-20 00:35:54.985 +03:00 [DBG] Creating DbConnection.
2024-08-20 00:35:54.986 +03:00 [DBG] Created DbConnection. (0ms).
2024-08-20 00:35:54.986 +03:00 [DBG] Opening connection to database 'ClientConfigs' on server 'tcp://localhost:5432'.
2024-08-20 00:35:55.036 +03:00 [DBG] Opened connection to database 'ClientConfigs' on server 'tcp://localhost:5432'.
2024-08-20 00:35:55.036 +03:00 [DBG] Closing connection to database 'ClientConfigs' on server 'tcp://localhost:5432'.
2024-08-20 00:35:55.037 +03:00 [DBG] Closed connection to database 'ClientConfigs' on server 'tcp://localhost:5432' (0ms).
2024-08-20 00:35:55.037 +03:00 [DBG] Creating DbCommand for 'ExecuteScalar'.
2024-08-20 00:35:55.037 +03:00 [DBG] Created DbCommand for 'ExecuteScalar' (0ms).
2024-08-20 00:35:55.037 +03:00 [DBG] Initialized DbCommand for 'ExecuteScalar' (0ms).
2024-08-20 00:35:55.037 +03:00 [DBG] Opening connection to database 'ClientConfigs' on server 'tcp://localhost:5432'.
2024-08-20 00:35:55.085 +03:00 [DBG] Opened connection to database 'ClientConfigs' on server 'tcp://localhost:5432'.
2024-08-20 00:35:55.085 +03:00 [DBG] Executing DbCommand [Parameters=[], CommandType='"Text"', CommandTimeout='30']
SELECT CASE WHEN COUNT(*) = 0 THEN FALSE ELSE TRUE END
FROM pg_class AS cls
JOIN pg_namespace AS ns ON ns.oid = cls.relnamespace
WHERE
        cls.relkind IN ('r', 'v', 'm', 'f', 'p') AND
        ns.nspname NOT IN ('pg_catalog', 'information_schema') AND
        -- Exclude tables which are members of PG extensions
        NOT EXISTS (
            SELECT 1 FROM pg_depend WHERE
                classid=(
                    SELECT cls.oid
                    FROM pg_class AS cls
                             JOIN pg_namespace AS ns ON ns.oid = cls.relnamespace
                    WHERE relname='pg_class' AND ns.nspname='pg_catalog'
                ) AND
                objid=cls.oid AND
                deptype IN ('e', 'x')
        )
2024-08-20 00:35:55.088 +03:00 [INF] Executed DbCommand (2ms) [Parameters=[], CommandType='"Text"', CommandTimeout='30']
SELECT CASE WHEN COUNT(*) = 0 THEN FALSE ELSE TRUE END
FROM pg_class AS cls
JOIN pg_namespace AS ns ON ns.oid = cls.relnamespace
WHERE
        cls.relkind IN ('r', 'v', 'm', 'f', 'p') AND
        ns.nspname NOT IN ('pg_catalog', 'information_schema') AND
        -- Exclude tables which are members of PG extensions
        NOT EXISTS (
            SELECT 1 FROM pg_depend WHERE
                classid=(
                    SELECT cls.oid
                    FROM pg_class AS cls
                             JOIN pg_namespace AS ns ON ns.oid = cls.relnamespace
                    WHERE relname='pg_class' AND ns.nspname='pg_catalog'
                ) AND
                objid=cls.oid AND
                deptype IN ('e', 'x')
        )
2024-08-20 00:35:55.091 +03:00 [DBG] Closing connection to database 'ClientConfigs' on server 'tcp://localhost:5432'.
2024-08-20 00:35:55.091 +03:00 [DBG] Closed connection to database 'ClientConfigs' on server 'tcp://localhost:5432' (0ms).
2024-08-20 00:35:55.153 +03:00 [WRN] The foreign key {'SystemId'} on entity type 'DBSettings' targets itself. Consider removing it since it serves no purpose.
2024-08-20 00:35:55.156 +03:00 [WRN] The foreign key {'SystemId'} on entity type 'HostSettings' targets itself. Consider removing it since it serves no purpose.
2024-08-20 00:35:55.158 +03:00 [WRN] The foreign key {'SystemId'} on entity type 'HubSettings' targets itself. Consider removing it since it serves no purpose.
2024-08-20 00:35:55.160 +03:00 [WRN] The foreign key {'SystemId'} on entity type 'KafkaSettings' targets itself. Consider removing it since it serves no purpose.
2024-08-20 00:35:55.163 +03:00 [DBG] The property 'AlarmConnection.DBSettingsSystemId' was created in shadow state because there are no eligible CLR members with a matching name.
2024-08-20 00:35:55.163 +03:00 [DBG] The property 'AlarmHubSettings.HubSettingsSystemId' was created in shadow state because there are no eligible CLR members with a matching name.
2024-08-20 00:35:55.163 +03:00 [DBG] The property 'ConsumerConnection.KafkaSettingsSystemId' was created in shadow state because there are no eligible CLR members with a matching name.
2024-08-20 00:35:55.163 +03:00 [DBG] The property 'NotifyConnection.DBSettingsSystemId' was created in shadow state because there are no eligible CLR members with a matching name.
2024-08-20 00:35:55.163 +03:00 [DBG] The property 'NotifyHubSettings.HubSettingsSystemId' was created in shadow state because there are no eligible CLR members with a matching name.
2024-08-20 00:35:55.163 +03:00 [DBG] The property 'ProducerConnection.KafkaSettingsSystemId' was created in shadow state because there are no eligible CLR members with a matching name.
2024-08-20 00:35:55.196 +03:00 [DBG] Entity Framework Core 8.0.4 initialized 'ServerConfigDbContext' using provider 'Npgsql.EntityFrameworkCore.PostgreSQL:8.0.4+51faf6e9c9c7ef99c3e98d98a96adb8fa8ae4553' with options: MigrationsAssembly=Persistance, Version=1.0.0.0, Culture=neutral, PublicKeyToken=null 
2024-08-20 00:35:55.200 +03:00 [DBG] Creating DbConnection.
2024-08-20 00:35:55.201 +03:00 [DBG] Created DbConnection. (0ms).
2024-08-20 00:35:55.201 +03:00 [DBG] Opening connection to database 'ServerConfigs' on server 'tcp://localhost:5432'.
2024-08-20 00:35:55.257 +03:00 [DBG] Opened connection to database 'ServerConfigs' on server 'tcp://localhost:5432'.
2024-08-20 00:35:55.257 +03:00 [DBG] Closing connection to database 'ServerConfigs' on server 'tcp://localhost:5432'.
2024-08-20 00:35:55.257 +03:00 [DBG] Closed connection to database 'ServerConfigs' on server 'tcp://localhost:5432' (0ms).
2024-08-20 00:35:55.257 +03:00 [DBG] Creating DbCommand for 'ExecuteScalar'.
2024-08-20 00:35:55.257 +03:00 [DBG] Created DbCommand for 'ExecuteScalar' (0ms).
2024-08-20 00:35:55.257 +03:00 [DBG] Initialized DbCommand for 'ExecuteScalar' (0ms).
2024-08-20 00:35:55.257 +03:00 [DBG] Opening connection to database 'ServerConfigs' on server 'tcp://localhost:5432'.
2024-08-20 00:35:55.317 +03:00 [DBG] Opened connection to database 'ServerConfigs' on server 'tcp://localhost:5432'.
2024-08-20 00:35:55.317 +03:00 [DBG] Executing DbCommand [Parameters=[], CommandType='"Text"', CommandTimeout='30']
SELECT CASE WHEN COUNT(*) = 0 THEN FALSE ELSE TRUE END
FROM pg_class AS cls
JOIN pg_namespace AS ns ON ns.oid = cls.relnamespace
WHERE
        cls.relkind IN ('r', 'v', 'm', 'f', 'p') AND
        ns.nspname NOT IN ('pg_catalog', 'information_schema') AND
        -- Exclude tables which are members of PG extensions
        NOT EXISTS (
            SELECT 1 FROM pg_depend WHERE
                classid=(
                    SELECT cls.oid
                    FROM pg_class AS cls
                             JOIN pg_namespace AS ns ON ns.oid = cls.relnamespace
                    WHERE relname='pg_class' AND ns.nspname='pg_catalog'
                ) AND
                objid=cls.oid AND
                deptype IN ('e', 'x')
        )
2024-08-20 00:35:55.322 +03:00 [INF] Executed DbCommand (5ms) [Parameters=[], CommandType='"Text"', CommandTimeout='30']
SELECT CASE WHEN COUNT(*) = 0 THEN FALSE ELSE TRUE END
FROM pg_class AS cls
JOIN pg_namespace AS ns ON ns.oid = cls.relnamespace
WHERE
        cls.relkind IN ('r', 'v', 'm', 'f', 'p') AND
        ns.nspname NOT IN ('pg_catalog', 'information_schema') AND
        -- Exclude tables which are members of PG extensions
        NOT EXISTS (
            SELECT 1 FROM pg_depend WHERE
                classid=(
                    SELECT cls.oid
                    FROM pg_class AS cls
                             JOIN pg_namespace AS ns ON ns.oid = cls.relnamespace
                    WHERE relname='pg_class' AND ns.nspname='pg_catalog'
                ) AND
                objid=cls.oid AND
                deptype IN ('e', 'x')
        )
2024-08-20 00:35:55.326 +03:00 [DBG] Closing connection to database 'ServerConfigs' on server 'tcp://localhost:5432'.
2024-08-20 00:35:55.326 +03:00 [DBG] Closed connection to database 'ServerConfigs' on server 'tcp://localhost:5432' (0ms).
2024-08-20 00:35:55.328 +03:00 [DBG] 'ServerConfigDbContext' disposed.
2024-08-20 00:35:55.330 +03:00 [DBG] Disposing connection to database 'ServerConfigs' on server 'tcp://localhost:5432'.
2024-08-20 00:35:55.331 +03:00 [DBG] Disposed connection to database 'ServerConfigs' on server 'tcp://localhost:5432' (0ms).
2024-08-20 00:35:55.331 +03:00 [DBG] 'ClientConfigDbContext' disposed.
2024-08-20 00:35:55.331 +03:00 [DBG] Disposing connection to database 'ClientConfigs' on server 'tcp://localhost:5432'.
2024-08-20 00:35:55.331 +03:00 [DBG] Disposed connection to database 'ClientConfigs' on server 'tcp://localhost:5432' (0ms).
2024-08-20 00:35:55.331 +03:00 [DBG] 'ConnectionDbContext' disposed.
2024-08-20 00:35:55.331 +03:00 [DBG] Disposing connection to database 'Connection' on server 'tcp://localhost:5432'.
2024-08-20 00:35:55.331 +03:00 [DBG] Disposed connection to database 'Connection' on server 'tcp://localhost:5432' (0ms).
2024-08-20 00:35:55.436 +03:00 [DBG] Registered model binder providers, in the following order: ["Microsoft.AspNetCore.Mvc.ModelBinding.Binders.BinderTypeModelBinderProvider","Microsoft.AspNetCore.Mvc.ModelBinding.Binders.ServicesModelBinderProvider","Microsoft.AspNetCore.Mvc.ModelBinding.Binders.BodyModelBinderProvider","Microsoft.AspNetCore.Mvc.ModelBinding.Binders.HeaderModelBinderProvider","Microsoft.AspNetCore.Mvc.ModelBinding.Binders.FloatingPointTypeModelBinderProvider","Microsoft.AspNetCore.Mvc.ModelBinding.Binders.EnumTypeModelBinderProvider","Microsoft.AspNetCore.Mvc.ModelBinding.Binders.DateTimeModelBinderProvider","Microsoft.AspNetCore.Mvc.ModelBinding.Binders.SimpleTypeModelBinderProvider","Microsoft.AspNetCore.Mvc.ModelBinding.Binders.TryParseModelBinderProvider","Microsoft.AspNetCore.Mvc.ModelBinding.Binders.CancellationTokenModelBinderProvider","Microsoft.AspNetCore.Mvc.ModelBinding.Binders.ByteArrayModelBinderProvider","Microsoft.AspNetCore.Mvc.ModelBinding.Binders.FormFileModelBinderProvider","Microsoft.AspNetCore.Mvc.ModelBinding.Binders.FormCollectionModelBinderProvider","Microsoft.AspNetCore.Mvc.ModelBinding.Binders.KeyValuePairModelBinderProvider","Microsoft.AspNetCore.Mvc.ModelBinding.Binders.DictionaryModelBinderProvider","Microsoft.AspNetCore.Mvc.ModelBinding.Binders.ArrayModelBinderProvider","Microsoft.AspNetCore.Mvc.ModelBinding.Binders.CollectionModelBinderProvider","Microsoft.AspNetCore.Mvc.ModelBinding.Binders.ComplexObjectModelBinderProvider"]
2024-08-20 00:35:55.474 +03:00 [INF] Application Starting
2024-08-20 00:35:55.649 +03:00 [INF] Now listening on: https://localhost:7098
2024-08-20 00:35:55.650 +03:00 [INF] Now listening on: http://localhost:5139
2024-08-20 00:35:55.652 +03:00 [DBG] Loaded hosting startup assembly WebAPI
2024-08-20 00:35:55.652 +03:00 [DBG] Loaded hosting startup assembly Microsoft.AspNetCore.Watch.BrowserRefresh
2024-08-20 00:35:55.652 +03:00 [DBG] Loaded hosting startup assembly Microsoft.WebTools.BrowserLink.Net
2024-08-20 00:35:55.652 +03:00 [INF] Application started. Press Ctrl+C to shut down.
2024-08-20 00:35:55.654 +03:00 [INF] Hosting environment: Development
2024-08-20 00:35:55.655 +03:00 [INF] Content root path: D:\Develop\App\WSService-DataModules\WebAPI\WebAPI.Backend\Presentation\WebAPI
2024-08-20 00:35:55.657 +03:00 [DBG] Hosting started
2024-08-20 00:35:55.861 +03:00 [DBG] Connection id "0HN60IRK8FO9V" accepted.
2024-08-20 00:35:55.863 +03:00 [DBG] Connection id "0HN60IRK8FO9V" started.
2024-08-20 00:35:55.872 +03:00 [DBG] Connection id "0HN60IRK8FOA0" accepted.
2024-08-20 00:35:55.872 +03:00 [DBG] Connection id "0HN60IRK8FOA0" started.
2024-08-20 00:35:55.889 +03:00 [DBG] Connection id "0HN60IRK8FO9V" received FIN.
2024-08-20 00:35:55.889 +03:00 [DBG] Connection id "0HN60IRK8FOA0" received FIN.
2024-08-20 00:35:55.911 +03:00 [DBG] Failed to authenticate HTTPS connection.
System.IO.IOException: Received an unexpected EOF or 0 bytes from the transport stream.
   at async ValueTask<int> System.Net.Security.SslStream.ReceiveHandshakeFrameAsync<TIOAdapter>(CancellationToken cancellationToken)
   at async Task System.Net.Security.SslStream.ForceAuthenticationAsync<TIOAdapter>(bool receiveFirst, byte[] reAuthenticationData, CancellationToken cancellationToken)
   at async Task System.Net.Security.SslStream.ProcessAuthenticationWithTelemetryAsync(bool isAsync, CancellationToken cancellationToken)
   at async Task Microsoft.AspNetCore.Server.Kestrel.Https.Internal.HttpsConnectionMiddleware.OnConnectionAsync(ConnectionContext context)
2024-08-20 00:35:55.911 +03:00 [DBG] Failed to authenticate HTTPS connection.
System.IO.IOException: Received an unexpected EOF or 0 bytes from the transport stream.
   at async ValueTask<int> System.Net.Security.SslStream.ReceiveHandshakeFrameAsync<TIOAdapter>(CancellationToken cancellationToken)
   at async Task System.Net.Security.SslStream.ForceAuthenticationAsync<TIOAdapter>(bool receiveFirst, byte[] reAuthenticationData, CancellationToken cancellationToken)
   at async Task System.Net.Security.SslStream.ProcessAuthenticationWithTelemetryAsync(bool isAsync, CancellationToken cancellationToken)
   at async Task Microsoft.AspNetCore.Server.Kestrel.Https.Internal.HttpsConnectionMiddleware.OnConnectionAsync(ConnectionContext context)
2024-08-20 00:35:55.971 +03:00 [DBG] Connection id "0HN60IRK8FO9V" stopped.
2024-08-20 00:35:55.971 +03:00 [DBG] Connection id "0HN60IRK8FOA0" stopped.
2024-08-20 00:35:55.973 +03:00 [DBG] Connection id "0HN60IRK8FOA0" sending FIN because: "The Socket transport's send loop completed gracefully."
2024-08-20 00:35:55.973 +03:00 [DBG] Connection id "0HN60IRK8FO9V" sending FIN because: "The Socket transport's send loop completed gracefully."
2024-08-20 00:35:56.174 +03:00 [DBG] Connection id "0HN60IRK8FOA1" accepted.
2024-08-20 00:35:56.174 +03:00 [DBG] Connection id "0HN60IRK8FOA1" started.
2024-08-20 00:35:56.218 +03:00 [DBG] Connection 0HN60IRK8FOA1 established using the following protocol: "Tls13"
2024-08-20 00:35:56.231 +03:00 [VRB] Connection id "0HN60IRK8FOA1" sending "SETTINGS" frame for stream ID 0 with length 24 and flags "NONE".
2024-08-20 00:35:56.234 +03:00 [VRB] Connection id "0HN60IRK8FOA1" sending "WINDOW_UPDATE" frame for stream ID 0 with length 4 and flags 0x0.
2024-08-20 00:35:56.234 +03:00 [VRB] Connection id "0HN60IRK8FOA1" received "SETTINGS" frame for stream ID 0 with length 24 and flags "NONE".
2024-08-20 00:35:56.235 +03:00 [VRB] Connection id "0HN60IRK8FOA1" sending "SETTINGS" frame for stream ID 0 with length 0 and flags "ACK".
2024-08-20 00:35:56.235 +03:00 [VRB] Connection id "0HN60IRK8FOA1" received "WINDOW_UPDATE" frame for stream ID 0 with length 4 and flags 0x0.
2024-08-20 00:35:56.235 +03:00 [VRB] Connection id "0HN60IRK8FOA1" received "HEADERS" frame for stream ID 1 with length 569 and flags "END_STREAM, END_HEADERS, PRIORITY".
2024-08-20 00:35:56.246 +03:00 [VRB] Connection id "0HN60IRK8FOA1" received "SETTINGS" frame for stream ID 0 with length 0 and flags "ACK".
2024-08-20 00:35:56.274 +03:00 [INF] Request starting HTTP/2 GET https://localhost:7098/swagger/index.html - null null
2024-08-20 00:35:56.349 +03:00 [DBG] Wildcard detected, all requests with hosts will be allowed.
2024-08-20 00:35:56.349 +03:00 [VRB] All hosts are allowed.
2024-08-20 00:35:56.365 +03:00 [DBG] No candidates found for the request path '/swagger/index.html'
2024-08-20 00:35:56.366 +03:00 [DBG] Request did not match any endpoints
2024-08-20 00:35:58.280 +03:00 [DBG] AuthenticationScheme: Bearer was not authenticated.
2024-08-20 00:35:58.368 +03:00 [DBG] Response markup is scheduled to include Browser Link script injection.
2024-08-20 00:35:58.369 +03:00 [DBG] Response markup is scheduled to include browser refresh script injection.
2024-08-20 00:35:58.372 +03:00 [VRB] Connection id "0HN60IRK8FOA1" sending "HEADERS" frame for stream ID 1 with length 66 and flags "END_HEADERS".
2024-08-20 00:35:58.380 +03:00 [VRB] Connection id "0HN60IRK8FOA1" sending "DATA" frame for stream ID 1 with length 4096 and flags "NONE".
2024-08-20 00:35:58.387 +03:00 [VRB] Connection id "0HN60IRK8FOA1" sending "DATA" frame for stream ID 1 with length 1010 and flags "NONE".
2024-08-20 00:35:58.388 +03:00 [VRB] Connection id "0HN60IRK8FOA1" sending "DATA" frame for stream ID 1 with length 81 and flags "NONE".
2024-08-20 00:35:58.392 +03:00 [INF] HTTP GET /swagger/index.html responded 200 in 2039.9024 ms
2024-08-20 00:35:58.397 +03:00 [DBG] Response markup was updated to include Browser Link script injection.
2024-08-20 00:35:58.397 +03:00 [DBG] Response markup was updated to include browser refresh script injection.
2024-08-20 00:35:58.398 +03:00 [VRB] Connection id "0HN60IRK8FOA1" sending "DATA" frame for stream ID 1 with length 0 and flags "END_STREAM".
2024-08-20 00:35:58.400 +03:00 [INF] Request finished HTTP/2 GET https://localhost:7098/swagger/index.html - 200 null text/html;charset=utf-8 2141.8683ms
2024-08-20 00:35:58.417 +03:00 [VRB] Connection id "0HN60IRK8FOA1" received "HEADERS" frame for stream ID 3 with length 118 and flags "END_STREAM, END_HEADERS, PRIORITY".
2024-08-20 00:35:58.419 +03:00 [VRB] Connection id "0HN60IRK8FOA1" received "HEADERS" frame for stream ID 5 with length 60 and flags "END_STREAM, END_HEADERS, PRIORITY".
2024-08-20 00:35:58.421 +03:00 [INF] Request starting HTTP/2 GET https://localhost:7098/_framework/aspnetcore-browser-refresh.js - null null
2024-08-20 00:35:58.434 +03:00 [VRB] Connection id "0HN60IRK8FOA1" sending "HEADERS" frame for stream ID 3 with length 60 and flags "END_HEADERS".
2024-08-20 00:35:58.434 +03:00 [VRB] Connection id "0HN60IRK8FOA1" sending "DATA" frame for stream ID 3 with length 13748 and flags "NONE".
2024-08-20 00:35:58.421 +03:00 [INF] Request starting HTTP/2 GET https://localhost:7098/_vs/browserLink - null null
2024-08-20 00:35:58.437 +03:00 [VRB] Connection id "0HN60IRK8FOA1" sending "DATA" frame for stream ID 3 with length 0 and flags "END_STREAM".
2024-08-20 00:35:58.437 +03:00 [INF] Request finished HTTP/2 GET https://localhost:7098/_framework/aspnetcore-browser-refresh.js - 200 13748 application/javascript; charset=utf-8 17.4368ms
2024-08-20 00:35:58.462 +03:00 [VRB] Connection id "0HN60IRK8FOA1" sending "HEADERS" frame for stream ID 5 with length 149 and flags "END_HEADERS".
2024-08-20 00:35:58.462 +03:00 [VRB] Connection id "0HN60IRK8FOA1" sending "DATA" frame for stream ID 5 with length 9986 and flags "NONE".
2024-08-20 00:35:58.465 +03:00 [VRB] Connection id "0HN60IRK8FOA1" sending "DATA" frame for stream ID 5 with length 10240 and flags "NONE".
2024-08-20 00:35:58.466 +03:00 [VRB] Connection id "0HN60IRK8FOA1" sending "DATA" frame for stream ID 5 with length 10240 and flags "NONE".
2024-08-20 00:35:58.466 +03:00 [VRB] Connection id "0HN60IRK8FOA1" sending "DATA" frame for stream ID 5 with length 10240 and flags "NONE".
2024-08-20 00:35:58.466 +03:00 [VRB] Connection id "0HN60IRK8FOA1" sending "DATA" frame for stream ID 5 with length 10240 and flags "NONE".
2024-08-20 00:35:58.467 +03:00 [VRB] Connection id "0HN60IRK8FOA1" sending "DATA" frame for stream ID 5 with length 10240 and flags "NONE".
2024-08-20 00:35:58.467 +03:00 [VRB] Connection id "0HN60IRK8FOA1" sending "DATA" frame for stream ID 5 with length 10240 and flags "NONE".
2024-08-20 00:35:58.468 +03:00 [VRB] Connection id "0HN60IRK8FOA1" sending "DATA" frame for stream ID 5 with length 10240 and flags "NONE".
2024-08-20 00:35:58.468 +03:00 [VRB] Connection id "0HN60IRK8FOA1" sending "DATA" frame for stream ID 5 with length 10240 and flags "NONE".
2024-08-20 00:35:58.468 +03:00 [VRB] Connection id "0HN60IRK8FOA1" sending "DATA" frame for stream ID 5 with length 10240 and flags "NONE".
2024-08-20 00:35:58.469 +03:00 [VRB] Connection id "0HN60IRK8FOA1" sending "DATA" frame for stream ID 5 with length 10240 and flags "NONE".
2024-08-20 00:35:58.469 +03:00 [VRB] Connection id "0HN60IRK8FOA1" sending "DATA" frame for stream ID 5 with length 10240 and flags "NONE".
2024-08-20 00:35:58.470 +03:00 [VRB] Connection id "0HN60IRK8FOA1" sending "DATA" frame for stream ID 5 with length 10240 and flags "NONE".
2024-08-20 00:35:58.470 +03:00 [VRB] Connection id "0HN60IRK8FOA1" sending "DATA" frame for stream ID 5 with length 10240 and flags "NONE".
2024-08-20 00:35:58.471 +03:00 [VRB] Connection id "0HN60IRK8FOA1" sending "DATA" frame for stream ID 5 with length 10240 and flags "NONE".
2024-08-20 00:35:58.471 +03:00 [VRB] Connection id "0HN60IRK8FOA1" sending "DATA" frame for stream ID 5 with length 160 and flags "NONE".
2024-08-20 00:35:58.472 +03:00 [VRB] Connection id "0HN60IRK8FOA1" sending "DATA" frame for stream ID 5 with length 0 and flags "END_STREAM".
2024-08-20 00:35:58.472 +03:00 [INF] Request finished HTTP/2 GET https://localhost:7098/_vs/browserLink - 200 null text/javascript; charset=UTF-8 51.0329ms
2024-08-20 00:35:58.510 +03:00 [VRB] Connection id "0HN60IRK8FOA1" received "HEADERS" frame for stream ID 7 with length 77 and flags "END_STREAM, END_HEADERS, PRIORITY".
2024-08-20 00:35:58.511 +03:00 [INF] Request starting HTTP/2 GET https://localhost:7098/swagger/v1/swagger.json - null null
2024-08-20 00:35:58.514 +03:00 [VRB] All hosts are allowed.
2024-08-20 00:35:58.514 +03:00 [DBG] No candidates found for the request path '/swagger/v1/swagger.json'
2024-08-20 00:35:58.514 +03:00 [DBG] Request did not match any endpoints
2024-08-20 00:35:58.515 +03:00 [DBG] AuthenticationScheme: Bearer was not authenticated.
2024-08-20 00:35:58.658 +03:00 [VRB] Connection id "0HN60IRK8FOA1" sending "HEADERS" frame for stream ID 7 with length 35 and flags "END_HEADERS".
2024-08-20 00:35:58.660 +03:00 [VRB] Connection id "0HN60IRK8FOA1" sending "DATA" frame for stream ID 7 with length 16384 and flags "NONE".
2024-08-20 00:35:58.660 +03:00 [VRB] Connection id "0HN60IRK8FOA1" sending "DATA" frame for stream ID 7 with length 16384 and flags "NONE".
2024-08-20 00:35:58.661 +03:00 [VRB] Connection id "0HN60IRK8FOA1" sending "DATA" frame for stream ID 7 with length 7882 and flags "NONE".
2024-08-20 00:35:58.672 +03:00 [INF] HTTP GET /swagger/v1/swagger.json responded 200 in 158.0572 ms
2024-08-20 00:35:58.680 +03:00 [VRB] Connection id "0HN60IRK8FOA1" sending "DATA" frame for stream ID 7 with length 0 and flags "END_STREAM".
2024-08-20 00:35:58.680 +03:00 [INF] Request finished HTTP/2 GET https://localhost:7098/swagger/v1/swagger.json - 200 null application/json;charset=utf-8 169.3166ms
2024-08-20 00:36:16.966 +03:00 [VRB] Connection id "0HN60IRK8FOA1" received "HEADERS" frame for stream ID 9 with length 75 and flags "END_STREAM, END_HEADERS, PRIORITY".
2024-08-20 00:36:16.967 +03:00 [VRB] Connection id "0HN60IRK8FOA1" received "PING" frame for stream ID 0 with length 8 and flags "NONE".
2024-08-20 00:36:16.967 +03:00 [VRB] Connection id "0HN60IRK8FOA1" sending "PING" frame for stream ID 0 with length 8 and flags "ACK".
2024-08-20 00:36:16.970 +03:00 [INF] Request starting HTTP/2 POST https://localhost:7098/api/Order/test?orderDetails=fdd - null 0
2024-08-20 00:36:16.975 +03:00 [VRB] All hosts are allowed.
2024-08-20 00:36:16.991 +03:00 [DBG] 1 candidate(s) found for the request path '/api/Order/test'
2024-08-20 00:36:16.999 +03:00 [DBG] Endpoint 'WebAPI.Controllers.OrderController.PlaceOrder (WebAPI)' with route pattern 'api/Order/test' is valid for the request path '/api/Order/test'
2024-08-20 00:36:17.001 +03:00 [DBG] Request matched endpoint 'WebAPI.Controllers.OrderController.PlaceOrder (WebAPI)'
2024-08-20 00:36:17.002 +03:00 [VRB] The endpoint does not specify the IRequestSizeLimitMetadata.
2024-08-20 00:36:17.009 +03:00 [DBG] The request has an origin header: 'https://localhost:7098'.
2024-08-20 00:36:17.010 +03:00 [INF] CORS policy execution successful.
2024-08-20 00:36:17.018 +03:00 [DBG] AuthenticationScheme: Bearer was not authenticated.
2024-08-20 00:36:17.022 +03:00 [DBG] Static files was skipped as the request already matched an endpoint.
2024-08-20 00:36:17.042 +03:00 [INF] Executing endpoint 'WebAPI.Controllers.OrderController.PlaceOrder (WebAPI)'
2024-08-20 00:36:17.103 +03:00 [INF] Route matched with {action = "PlaceOrder", controller = "Order"}. Executing controller action with signature System.Threading.Tasks.Task`1[Microsoft.AspNetCore.Mvc.IActionResult] PlaceOrder(System.String) on controller WebAPI.Controllers.OrderController (WebAPI).
2024-08-20 00:36:17.111 +03:00 [DBG] Execution plan of authorization filters (in the following order): ["None"]
2024-08-20 00:36:17.112 +03:00 [DBG] Execution plan of resource filters (in the following order): ["None"]
2024-08-20 00:36:17.113 +03:00 [DBG] Execution plan of action filters (in the following order): ["Microsoft.AspNetCore.Mvc.ModelBinding.UnsupportedContentTypeFilter (Order: -3000)"]
2024-08-20 00:36:17.113 +03:00 [DBG] Execution plan of exception filters (in the following order): ["None"]
2024-08-20 00:36:17.113 +03:00 [DBG] Execution plan of result filters (in the following order): ["None"]
2024-08-20 00:36:17.120 +03:00 [DBG] Executing controller factory for controller WebAPI.Controllers.OrderController (WebAPI)
2024-08-20 00:36:41.035 +03:00 [INF] Application startup services registration
2024-08-20 00:36:42.074 +03:00 [DBG] Hosting starting
2024-08-20 00:36:42.271 +03:00 [INF] User profile is available. Using 'C:\Users\Даниил\AppData\Local\ASP.NET\DataProtection-Keys' as key repository and Windows DPAPI to encrypt keys at rest.
2024-08-20 00:36:42.446 +03:00 [DBG] Reading data from file 'C:\Users\Даниил\AppData\Local\ASP.NET\DataProtection-Keys\key-8c7a4670-0c2a-4669-a306-cd103a65102a.xml'.
2024-08-20 00:36:42.459 +03:00 [DBG] Found key {8c7a4670-0c2a-4669-a306-cd103a65102a}.
2024-08-20 00:36:42.468 +03:00 [DBG] Considering key {8c7a4670-0c2a-4669-a306-cd103a65102a} with expiration date 2024-11-07 23:25:49Z as default key.
2024-08-20 00:36:42.470 +03:00 [DBG] Forwarded activator type request from Microsoft.AspNetCore.DataProtection.XmlEncryption.DpapiXmlDecryptor, Microsoft.AspNetCore.DataProtection, Version=8.0.0.0, Culture=neutral, PublicKeyToken=adb9793829ddae60 to Microsoft.AspNetCore.DataProtection.XmlEncryption.DpapiXmlDecryptor, Microsoft.AspNetCore.DataProtection, Culture=neutral, PublicKeyToken=adb9793829ddae60
2024-08-20 00:36:42.471 +03:00 [DBG] Decrypting secret element using Windows DPAPI.
2024-08-20 00:36:42.473 +03:00 [DBG] Forwarded activator type request from Microsoft.AspNetCore.DataProtection.AuthenticatedEncryption.ConfigurationModel.AuthenticatedEncryptorDescriptorDeserializer, Microsoft.AspNetCore.DataProtection, Version=8.0.0.0, Culture=neutral, PublicKeyToken=adb9793829ddae60 to Microsoft.AspNetCore.DataProtection.AuthenticatedEncryption.ConfigurationModel.AuthenticatedEncryptorDescriptorDeserializer, Microsoft.AspNetCore.DataProtection, Culture=neutral, PublicKeyToken=adb9793829ddae60
2024-08-20 00:36:42.477 +03:00 [DBG] Opening CNG algorithm 'AES' from provider 'null' with chaining mode CBC.
2024-08-20 00:36:42.479 +03:00 [DBG] Opening CNG algorithm 'SHA256' from provider 'null' with HMAC.
2024-08-20 00:36:42.480 +03:00 [DBG] Using key {8c7a4670-0c2a-4669-a306-cd103a65102a} as the default key.
2024-08-20 00:36:42.481 +03:00 [DBG] Key ring with default key {8c7a4670-0c2a-4669-a306-cd103a65102a} was loaded during application startup.
2024-08-20 00:36:42.542 +03:00 [INF] Application startup middleware registration
2024-08-20 00:36:42.677 +03:00 [DBG] An 'IServiceProvider' was created for internal use by Entity Framework.
2024-08-20 00:36:43.276 +03:00 [DBG] Entity Framework Core 8.0.4 initialized 'ConnectionDbContext' using provider 'Npgsql.EntityFrameworkCore.PostgreSQL:8.0.4+51faf6e9c9c7ef99c3e98d98a96adb8fa8ae4553' with options: MigrationsAssembly=Persistance, Version=1.0.0.0, Culture=neutral, PublicKeyToken=null 
2024-08-20 00:36:43.284 +03:00 [DBG] Creating DbConnection.
2024-08-20 00:36:43.319 +03:00 [DBG] Created DbConnection. (35ms).
2024-08-20 00:36:43.323 +03:00 [DBG] Opening connection to database 'Connection' on server 'tcp://localhost:5432'.
2024-08-20 00:36:43.459 +03:00 [DBG] Opened connection to database 'Connection' on server 'tcp://localhost:5432'.
2024-08-20 00:36:43.461 +03:00 [DBG] Closing connection to database 'Connection' on server 'tcp://localhost:5432'.
2024-08-20 00:36:43.466 +03:00 [DBG] Closed connection to database 'Connection' on server 'tcp://localhost:5432' (3ms).
2024-08-20 00:36:43.469 +03:00 [DBG] Creating DbCommand for 'ExecuteScalar'.
2024-08-20 00:36:43.473 +03:00 [DBG] Created DbCommand for 'ExecuteScalar' (1ms).
2024-08-20 00:36:43.478 +03:00 [DBG] Initialized DbCommand for 'ExecuteScalar' (8ms).
2024-08-20 00:36:43.478 +03:00 [DBG] Opening connection to database 'Connection' on server 'tcp://localhost:5432'.
2024-08-20 00:36:43.537 +03:00 [DBG] Opened connection to database 'Connection' on server 'tcp://localhost:5432'.
2024-08-20 00:36:43.541 +03:00 [DBG] Executing DbCommand [Parameters=[], CommandType='"Text"', CommandTimeout='30']
SELECT CASE WHEN COUNT(*) = 0 THEN FALSE ELSE TRUE END
FROM pg_class AS cls
JOIN pg_namespace AS ns ON ns.oid = cls.relnamespace
WHERE
        cls.relkind IN ('r', 'v', 'm', 'f', 'p') AND
        ns.nspname NOT IN ('pg_catalog', 'information_schema') AND
        -- Exclude tables which are members of PG extensions
        NOT EXISTS (
            SELECT 1 FROM pg_depend WHERE
                classid=(
                    SELECT cls.oid
                    FROM pg_class AS cls
                             JOIN pg_namespace AS ns ON ns.oid = cls.relnamespace
                    WHERE relname='pg_class' AND ns.nspname='pg_catalog'
                ) AND
                objid=cls.oid AND
                deptype IN ('e', 'x')
        )
2024-08-20 00:36:43.588 +03:00 [INF] Executed DbCommand (46ms) [Parameters=[], CommandType='"Text"', CommandTimeout='30']
SELECT CASE WHEN COUNT(*) = 0 THEN FALSE ELSE TRUE END
FROM pg_class AS cls
JOIN pg_namespace AS ns ON ns.oid = cls.relnamespace
WHERE
        cls.relkind IN ('r', 'v', 'm', 'f', 'p') AND
        ns.nspname NOT IN ('pg_catalog', 'information_schema') AND
        -- Exclude tables which are members of PG extensions
        NOT EXISTS (
            SELECT 1 FROM pg_depend WHERE
                classid=(
                    SELECT cls.oid
                    FROM pg_class AS cls
                             JOIN pg_namespace AS ns ON ns.oid = cls.relnamespace
                    WHERE relname='pg_class' AND ns.nspname='pg_catalog'
                ) AND
                objid=cls.oid AND
                deptype IN ('e', 'x')
        )
2024-08-20 00:36:43.593 +03:00 [DBG] Closing connection to database 'Connection' on server 'tcp://localhost:5432'.
2024-08-20 00:36:43.594 +03:00 [DBG] Closed connection to database 'Connection' on server 'tcp://localhost:5432' (1ms).
2024-08-20 00:36:43.698 +03:00 [DBG] The property 'AlarmConnection.ConnectSettingsClientSettingsSystemId' was created in shadow state because there are no eligible CLR members with a matching name.
2024-08-20 00:36:43.699 +03:00 [DBG] The property 'AlarmDataBase.DBSettingsClientSettingsSystemId' was created in shadow state because there are no eligible CLR members with a matching name.
2024-08-20 00:36:43.699 +03:00 [DBG] The property 'ConnectSettings.ClientSettingsSystemId' was created in shadow state because there are no eligible CLR members with a matching name.
2024-08-20 00:36:43.699 +03:00 [DBG] The property 'ConsumerConnection.KafkaSettingsClientSettingsSystemId' was created in shadow state because there are no eligible CLR members with a matching name.
2024-08-20 00:36:43.699 +03:00 [DBG] The property 'DBSettings.ClientSettingsSystemId' was created in shadow state because there are no eligible CLR members with a matching name.
2024-08-20 00:36:43.699 +03:00 [DBG] The property 'KafkaSettings.ClientSettingsSystemId' was created in shadow state because there are no eligible CLR members with a matching name.
2024-08-20 00:36:43.699 +03:00 [DBG] The property 'ModeSettings.ClientSettingsSystemId' was created in shadow state because there are no eligible CLR members with a matching name.
2024-08-20 00:36:43.699 +03:00 [DBG] The property 'NotifyConnection.ConnectSettingsClientSettingsSystemId' was created in shadow state because there are no eligible CLR members with a matching name.
2024-08-20 00:36:43.699 +03:00 [DBG] The property 'NotifyDataBase.DBSettingsClientSettingsSystemId' was created in shadow state because there are no eligible CLR members with a matching name.
2024-08-20 00:36:43.699 +03:00 [DBG] The property 'ProducerConnection.KafkaSettingsClientSettingsSystemId' was created in shadow state because there are no eligible CLR members with a matching name.
2024-08-20 00:36:43.763 +03:00 [DBG] Entity Framework Core 8.0.4 initialized 'ClientConfigDbContext' using provider 'Npgsql.EntityFrameworkCore.PostgreSQL:8.0.4+51faf6e9c9c7ef99c3e98d98a96adb8fa8ae4553' with options: MigrationsAssembly=Persistance, Version=1.0.0.0, Culture=neutral, PublicKeyToken=null 
2024-08-20 00:36:43.764 +03:00 [DBG] Creating DbConnection.
2024-08-20 00:36:43.764 +03:00 [DBG] Created DbConnection. (0ms).
2024-08-20 00:36:43.765 +03:00 [DBG] Opening connection to database 'ClientConfigs' on server 'tcp://localhost:5432'.
2024-08-20 00:36:43.815 +03:00 [DBG] Opened connection to database 'ClientConfigs' on server 'tcp://localhost:5432'.
2024-08-20 00:36:43.815 +03:00 [DBG] Closing connection to database 'ClientConfigs' on server 'tcp://localhost:5432'.
2024-08-20 00:36:43.815 +03:00 [DBG] Closed connection to database 'ClientConfigs' on server 'tcp://localhost:5432' (0ms).
2024-08-20 00:36:43.815 +03:00 [DBG] Creating DbCommand for 'ExecuteScalar'.
2024-08-20 00:36:43.815 +03:00 [DBG] Created DbCommand for 'ExecuteScalar' (0ms).
2024-08-20 00:36:43.816 +03:00 [DBG] Initialized DbCommand for 'ExecuteScalar' (0ms).
2024-08-20 00:36:43.816 +03:00 [DBG] Opening connection to database 'ClientConfigs' on server 'tcp://localhost:5432'.
2024-08-20 00:36:43.991 +03:00 [DBG] Opened connection to database 'ClientConfigs' on server 'tcp://localhost:5432'.
2024-08-20 00:36:43.991 +03:00 [DBG] Executing DbCommand [Parameters=[], CommandType='"Text"', CommandTimeout='30']
SELECT CASE WHEN COUNT(*) = 0 THEN FALSE ELSE TRUE END
FROM pg_class AS cls
JOIN pg_namespace AS ns ON ns.oid = cls.relnamespace
WHERE
        cls.relkind IN ('r', 'v', 'm', 'f', 'p') AND
        ns.nspname NOT IN ('pg_catalog', 'information_schema') AND
        -- Exclude tables which are members of PG extensions
        NOT EXISTS (
            SELECT 1 FROM pg_depend WHERE
                classid=(
                    SELECT cls.oid
                    FROM pg_class AS cls
                             JOIN pg_namespace AS ns ON ns.oid = cls.relnamespace
                    WHERE relname='pg_class' AND ns.nspname='pg_catalog'
                ) AND
                objid=cls.oid AND
                deptype IN ('e', 'x')
        )
2024-08-20 00:36:43.994 +03:00 [INF] Executed DbCommand (3ms) [Parameters=[], CommandType='"Text"', CommandTimeout='30']
SELECT CASE WHEN COUNT(*) = 0 THEN FALSE ELSE TRUE END
FROM pg_class AS cls
JOIN pg_namespace AS ns ON ns.oid = cls.relnamespace
WHERE
        cls.relkind IN ('r', 'v', 'm', 'f', 'p') AND
        ns.nspname NOT IN ('pg_catalog', 'information_schema') AND
        -- Exclude tables which are members of PG extensions
        NOT EXISTS (
            SELECT 1 FROM pg_depend WHERE
                classid=(
                    SELECT cls.oid
                    FROM pg_class AS cls
                             JOIN pg_namespace AS ns ON ns.oid = cls.relnamespace
                    WHERE relname='pg_class' AND ns.nspname='pg_catalog'
                ) AND
                objid=cls.oid AND
                deptype IN ('e', 'x')
        )
2024-08-20 00:36:43.996 +03:00 [DBG] Closing connection to database 'ClientConfigs' on server 'tcp://localhost:5432'.
2024-08-20 00:36:43.996 +03:00 [DBG] Closed connection to database 'ClientConfigs' on server 'tcp://localhost:5432' (0ms).
2024-08-20 00:36:44.068 +03:00 [WRN] The foreign key {'SystemId'} on entity type 'DBSettings' targets itself. Consider removing it since it serves no purpose.
2024-08-20 00:36:44.071 +03:00 [WRN] The foreign key {'SystemId'} on entity type 'HostSettings' targets itself. Consider removing it since it serves no purpose.
2024-08-20 00:36:44.073 +03:00 [WRN] The foreign key {'SystemId'} on entity type 'HubSettings' targets itself. Consider removing it since it serves no purpose.
2024-08-20 00:36:44.075 +03:00 [WRN] The foreign key {'SystemId'} on entity type 'KafkaSettings' targets itself. Consider removing it since it serves no purpose.
2024-08-20 00:36:44.077 +03:00 [DBG] The property 'AlarmConnection.DBSettingsSystemId' was created in shadow state because there are no eligible CLR members with a matching name.
2024-08-20 00:36:44.077 +03:00 [DBG] The property 'AlarmHubSettings.HubSettingsSystemId' was created in shadow state because there are no eligible CLR members with a matching name.
2024-08-20 00:36:44.077 +03:00 [DBG] The property 'ConsumerConnection.KafkaSettingsSystemId' was created in shadow state because there are no eligible CLR members with a matching name.
2024-08-20 00:36:44.078 +03:00 [DBG] The property 'NotifyConnection.DBSettingsSystemId' was created in shadow state because there are no eligible CLR members with a matching name.
2024-08-20 00:36:44.078 +03:00 [DBG] The property 'NotifyHubSettings.HubSettingsSystemId' was created in shadow state because there are no eligible CLR members with a matching name.
2024-08-20 00:36:44.078 +03:00 [DBG] The property 'ProducerConnection.KafkaSettingsSystemId' was created in shadow state because there are no eligible CLR members with a matching name.
2024-08-20 00:36:44.118 +03:00 [DBG] Entity Framework Core 8.0.4 initialized 'ServerConfigDbContext' using provider 'Npgsql.EntityFrameworkCore.PostgreSQL:8.0.4+51faf6e9c9c7ef99c3e98d98a96adb8fa8ae4553' with options: MigrationsAssembly=Persistance, Version=1.0.0.0, Culture=neutral, PublicKeyToken=null 
2024-08-20 00:36:44.124 +03:00 [DBG] Creating DbConnection.
2024-08-20 00:36:44.124 +03:00 [DBG] Created DbConnection. (0ms).
2024-08-20 00:36:44.125 +03:00 [DBG] Opening connection to database 'ServerConfigs' on server 'tcp://localhost:5432'.
2024-08-20 00:36:44.206 +03:00 [DBG] Opened connection to database 'ServerConfigs' on server 'tcp://localhost:5432'.
2024-08-20 00:36:44.206 +03:00 [DBG] Closing connection to database 'ServerConfigs' on server 'tcp://localhost:5432'.
2024-08-20 00:36:44.206 +03:00 [DBG] Closed connection to database 'ServerConfigs' on server 'tcp://localhost:5432' (0ms).
2024-08-20 00:36:44.206 +03:00 [DBG] Creating DbCommand for 'ExecuteScalar'.
2024-08-20 00:36:44.206 +03:00 [DBG] Created DbCommand for 'ExecuteScalar' (0ms).
2024-08-20 00:36:44.206 +03:00 [DBG] Initialized DbCommand for 'ExecuteScalar' (0ms).
2024-08-20 00:36:44.206 +03:00 [DBG] Opening connection to database 'ServerConfigs' on server 'tcp://localhost:5432'.
2024-08-20 00:36:44.256 +03:00 [DBG] Opened connection to database 'ServerConfigs' on server 'tcp://localhost:5432'.
2024-08-20 00:36:44.256 +03:00 [DBG] Executing DbCommand [Parameters=[], CommandType='"Text"', CommandTimeout='30']
SELECT CASE WHEN COUNT(*) = 0 THEN FALSE ELSE TRUE END
FROM pg_class AS cls
JOIN pg_namespace AS ns ON ns.oid = cls.relnamespace
WHERE
        cls.relkind IN ('r', 'v', 'm', 'f', 'p') AND
        ns.nspname NOT IN ('pg_catalog', 'information_schema') AND
        -- Exclude tables which are members of PG extensions
        NOT EXISTS (
            SELECT 1 FROM pg_depend WHERE
                classid=(
                    SELECT cls.oid
                    FROM pg_class AS cls
                             JOIN pg_namespace AS ns ON ns.oid = cls.relnamespace
                    WHERE relname='pg_class' AND ns.nspname='pg_catalog'
                ) AND
                objid=cls.oid AND
                deptype IN ('e', 'x')
        )
2024-08-20 00:36:44.258 +03:00 [INF] Executed DbCommand (2ms) [Parameters=[], CommandType='"Text"', CommandTimeout='30']
SELECT CASE WHEN COUNT(*) = 0 THEN FALSE ELSE TRUE END
FROM pg_class AS cls
JOIN pg_namespace AS ns ON ns.oid = cls.relnamespace
WHERE
        cls.relkind IN ('r', 'v', 'm', 'f', 'p') AND
        ns.nspname NOT IN ('pg_catalog', 'information_schema') AND
        -- Exclude tables which are members of PG extensions
        NOT EXISTS (
            SELECT 1 FROM pg_depend WHERE
                classid=(
                    SELECT cls.oid
                    FROM pg_class AS cls
                             JOIN pg_namespace AS ns ON ns.oid = cls.relnamespace
                    WHERE relname='pg_class' AND ns.nspname='pg_catalog'
                ) AND
                objid=cls.oid AND
                deptype IN ('e', 'x')
        )
2024-08-20 00:36:44.261 +03:00 [DBG] Closing connection to database 'ServerConfigs' on server 'tcp://localhost:5432'.
2024-08-20 00:36:44.261 +03:00 [DBG] Closed connection to database 'ServerConfigs' on server 'tcp://localhost:5432' (0ms).
2024-08-20 00:36:44.262 +03:00 [DBG] 'ServerConfigDbContext' disposed.
2024-08-20 00:36:44.263 +03:00 [DBG] Disposing connection to database 'ServerConfigs' on server 'tcp://localhost:5432'.
2024-08-20 00:36:44.264 +03:00 [DBG] Disposed connection to database 'ServerConfigs' on server 'tcp://localhost:5432' (0ms).
2024-08-20 00:36:44.264 +03:00 [DBG] 'ClientConfigDbContext' disposed.
2024-08-20 00:36:44.264 +03:00 [DBG] Disposing connection to database 'ClientConfigs' on server 'tcp://localhost:5432'.
2024-08-20 00:36:44.264 +03:00 [DBG] Disposed connection to database 'ClientConfigs' on server 'tcp://localhost:5432' (0ms).
2024-08-20 00:36:44.264 +03:00 [DBG] 'ConnectionDbContext' disposed.
2024-08-20 00:36:44.264 +03:00 [DBG] Disposing connection to database 'Connection' on server 'tcp://localhost:5432'.
2024-08-20 00:36:44.264 +03:00 [DBG] Disposed connection to database 'Connection' on server 'tcp://localhost:5432' (0ms).
2024-08-20 00:36:44.400 +03:00 [DBG] Registered model binder providers, in the following order: ["Microsoft.AspNetCore.Mvc.ModelBinding.Binders.BinderTypeModelBinderProvider","Microsoft.AspNetCore.Mvc.ModelBinding.Binders.ServicesModelBinderProvider","Microsoft.AspNetCore.Mvc.ModelBinding.Binders.BodyModelBinderProvider","Microsoft.AspNetCore.Mvc.ModelBinding.Binders.HeaderModelBinderProvider","Microsoft.AspNetCore.Mvc.ModelBinding.Binders.FloatingPointTypeModelBinderProvider","Microsoft.AspNetCore.Mvc.ModelBinding.Binders.EnumTypeModelBinderProvider","Microsoft.AspNetCore.Mvc.ModelBinding.Binders.DateTimeModelBinderProvider","Microsoft.AspNetCore.Mvc.ModelBinding.Binders.SimpleTypeModelBinderProvider","Microsoft.AspNetCore.Mvc.ModelBinding.Binders.TryParseModelBinderProvider","Microsoft.AspNetCore.Mvc.ModelBinding.Binders.CancellationTokenModelBinderProvider","Microsoft.AspNetCore.Mvc.ModelBinding.Binders.ByteArrayModelBinderProvider","Microsoft.AspNetCore.Mvc.ModelBinding.Binders.FormFileModelBinderProvider","Microsoft.AspNetCore.Mvc.ModelBinding.Binders.FormCollectionModelBinderProvider","Microsoft.AspNetCore.Mvc.ModelBinding.Binders.KeyValuePairModelBinderProvider","Microsoft.AspNetCore.Mvc.ModelBinding.Binders.DictionaryModelBinderProvider","Microsoft.AspNetCore.Mvc.ModelBinding.Binders.ArrayModelBinderProvider","Microsoft.AspNetCore.Mvc.ModelBinding.Binders.CollectionModelBinderProvider","Microsoft.AspNetCore.Mvc.ModelBinding.Binders.ComplexObjectModelBinderProvider"]
2024-08-20 00:36:44.459 +03:00 [INF] Application Starting
2024-08-20 00:36:44.699 +03:00 [INF] Now listening on: https://localhost:7098
2024-08-20 00:36:44.701 +03:00 [INF] Now listening on: http://localhost:5139
2024-08-20 00:36:44.702 +03:00 [DBG] Loaded hosting startup assembly WebAPI
2024-08-20 00:36:44.702 +03:00 [DBG] Loaded hosting startup assembly Microsoft.AspNetCore.Watch.BrowserRefresh
2024-08-20 00:36:44.702 +03:00 [DBG] Loaded hosting startup assembly Microsoft.WebTools.BrowserLink.Net
2024-08-20 00:36:44.702 +03:00 [INF] Application started. Press Ctrl+C to shut down.
2024-08-20 00:36:44.703 +03:00 [INF] Hosting environment: Development
2024-08-20 00:36:44.705 +03:00 [INF] Content root path: D:\Develop\App\WSService-DataModules\WebAPI\WebAPI.Backend\Presentation\WebAPI
2024-08-20 00:36:44.706 +03:00 [DBG] Hosting started
2024-08-20 00:36:45.122 +03:00 [DBG] Connection id "0HN60IS2U8VG0" accepted.
2024-08-20 00:36:45.125 +03:00 [DBG] Connection id "0HN60IS2U8VG0" started.
2024-08-20 00:36:45.126 +03:00 [DBG] Connection id "0HN60IS2U8VG1" accepted.
2024-08-20 00:36:45.126 +03:00 [DBG] Connection id "0HN60IS2U8VG1" started.
2024-08-20 00:36:45.142 +03:00 [DBG] Connection id "0HN60IS2U8VG0" received FIN.
2024-08-20 00:36:45.142 +03:00 [DBG] Connection id "0HN60IS2U8VG1" received FIN.
2024-08-20 00:36:45.154 +03:00 [DBG] Failed to authenticate HTTPS connection.
System.IO.IOException: Received an unexpected EOF or 0 bytes from the transport stream.
   at async ValueTask<int> System.Net.Security.SslStream.ReceiveHandshakeFrameAsync<TIOAdapter>(CancellationToken cancellationToken)
   at async Task System.Net.Security.SslStream.ForceAuthenticationAsync<TIOAdapter>(bool receiveFirst, byte[] reAuthenticationData, CancellationToken cancellationToken)
   at async Task System.Net.Security.SslStream.ProcessAuthenticationWithTelemetryAsync(bool isAsync, CancellationToken cancellationToken)
   at async Task Microsoft.AspNetCore.Server.Kestrel.Https.Internal.HttpsConnectionMiddleware.OnConnectionAsync(ConnectionContext context)
2024-08-20 00:36:45.154 +03:00 [DBG] Failed to authenticate HTTPS connection.
System.IO.IOException: Received an unexpected EOF or 0 bytes from the transport stream.
   at async ValueTask<int> System.Net.Security.SslStream.ReceiveHandshakeFrameAsync<TIOAdapter>(CancellationToken cancellationToken)
   at async Task System.Net.Security.SslStream.ForceAuthenticationAsync<TIOAdapter>(bool receiveFirst, byte[] reAuthenticationData, CancellationToken cancellationToken)
   at async Task System.Net.Security.SslStream.ProcessAuthenticationWithTelemetryAsync(bool isAsync, CancellationToken cancellationToken)
   at async Task Microsoft.AspNetCore.Server.Kestrel.Https.Internal.HttpsConnectionMiddleware.OnConnectionAsync(ConnectionContext context)
2024-08-20 00:36:45.211 +03:00 [DBG] Connection id "0HN60IS2U8VG1" stopped.
2024-08-20 00:36:45.211 +03:00 [DBG] Connection id "0HN60IS2U8VG0" stopped.
2024-08-20 00:36:45.213 +03:00 [DBG] Connection id "0HN60IS2U8VG1" sending FIN because: "The Socket transport's send loop completed gracefully."
2024-08-20 00:36:45.213 +03:00 [DBG] Connection id "0HN60IS2U8VG0" sending FIN because: "The Socket transport's send loop completed gracefully."
2024-08-20 00:36:45.437 +03:00 [DBG] Connection id "0HN60IS2U8VG2" accepted.
2024-08-20 00:36:45.437 +03:00 [DBG] Connection id "0HN60IS2U8VG2" started.
2024-08-20 00:36:45.465 +03:00 [DBG] Connection 0HN60IS2U8VG2 established using the following protocol: "Tls13"
2024-08-20 00:36:45.482 +03:00 [VRB] Connection id "0HN60IS2U8VG2" sending "SETTINGS" frame for stream ID 0 with length 24 and flags "NONE".
2024-08-20 00:36:45.484 +03:00 [VRB] Connection id "0HN60IS2U8VG2" sending "WINDOW_UPDATE" frame for stream ID 0 with length 4 and flags 0x0.
2024-08-20 00:36:45.485 +03:00 [VRB] Connection id "0HN60IS2U8VG2" received "SETTINGS" frame for stream ID 0 with length 24 and flags "NONE".
2024-08-20 00:36:45.485 +03:00 [VRB] Connection id "0HN60IS2U8VG2" sending "SETTINGS" frame for stream ID 0 with length 0 and flags "ACK".
2024-08-20 00:36:45.486 +03:00 [VRB] Connection id "0HN60IS2U8VG2" received "WINDOW_UPDATE" frame for stream ID 0 with length 4 and flags 0x0.
2024-08-20 00:36:45.486 +03:00 [VRB] Connection id "0HN60IS2U8VG2" received "HEADERS" frame for stream ID 1 with length 569 and flags "END_STREAM, END_HEADERS, PRIORITY".
2024-08-20 00:36:45.496 +03:00 [VRB] Connection id "0HN60IS2U8VG2" received "SETTINGS" frame for stream ID 0 with length 0 and flags "ACK".
2024-08-20 00:36:45.518 +03:00 [INF] Request starting HTTP/2 GET https://localhost:7098/swagger/index.html - null null
2024-08-20 00:36:45.599 +03:00 [DBG] Wildcard detected, all requests with hosts will be allowed.
2024-08-20 00:36:45.599 +03:00 [VRB] All hosts are allowed.
2024-08-20 00:36:45.619 +03:00 [DBG] No candidates found for the request path '/swagger/index.html'
2024-08-20 00:36:45.620 +03:00 [DBG] Request did not match any endpoints
2024-08-20 00:36:45.665 +03:00 [DBG] AuthenticationScheme: Bearer was not authenticated.
2024-08-20 00:36:45.725 +03:00 [DBG] Response markup is scheduled to include Browser Link script injection.
2024-08-20 00:36:45.726 +03:00 [DBG] Response markup is scheduled to include browser refresh script injection.
2024-08-20 00:36:45.727 +03:00 [VRB] Connection id "0HN60IS2U8VG2" sending "HEADERS" frame for stream ID 1 with length 66 and flags "END_HEADERS".
2024-08-20 00:36:45.734 +03:00 [VRB] Connection id "0HN60IS2U8VG2" sending "DATA" frame for stream ID 1 with length 4096 and flags "NONE".
2024-08-20 00:36:45.737 +03:00 [VRB] Connection id "0HN60IS2U8VG2" sending "DATA" frame for stream ID 1 with length 1010 and flags "NONE".
2024-08-20 00:36:45.737 +03:00 [VRB] Connection id "0HN60IS2U8VG2" sending "DATA" frame for stream ID 1 with length 81 and flags "NONE".
2024-08-20 00:36:45.744 +03:00 [INF] HTTP GET /swagger/index.html responded 200 in 142.5139 ms
2024-08-20 00:36:45.747 +03:00 [DBG] Response markup was updated to include Browser Link script injection.
2024-08-20 00:36:45.748 +03:00 [DBG] Response markup was updated to include browser refresh script injection.
2024-08-20 00:36:45.750 +03:00 [VRB] Connection id "0HN60IS2U8VG2" sending "DATA" frame for stream ID 1 with length 0 and flags "END_STREAM".
2024-08-20 00:36:45.750 +03:00 [VRB] Connection id "0HN60IS2U8VG2" received "HEADERS" frame for stream ID 3 with length 118 and flags "END_STREAM, END_HEADERS, PRIORITY".
2024-08-20 00:36:45.751 +03:00 [VRB] Connection id "0HN60IS2U8VG2" received "HEADERS" frame for stream ID 5 with length 60 and flags "END_STREAM, END_HEADERS, PRIORITY".
2024-08-20 00:36:45.752 +03:00 [INF] Request starting HTTP/2 GET https://localhost:7098/_framework/aspnetcore-browser-refresh.js - null null
2024-08-20 00:36:45.760 +03:00 [VRB] Connection id "0HN60IS2U8VG2" sending "HEADERS" frame for stream ID 3 with length 60 and flags "END_HEADERS".
2024-08-20 00:36:45.752 +03:00 [INF] Request finished HTTP/2 GET https://localhost:7098/swagger/index.html - 200 null text/html;charset=utf-8 245.0883ms
2024-08-20 00:36:45.760 +03:00 [VRB] Connection id "0HN60IS2U8VG2" sending "DATA" frame for stream ID 3 with length 13748 and flags "NONE".
2024-08-20 00:36:45.774 +03:00 [VRB] Connection id "0HN60IS2U8VG2" sending "DATA" frame for stream ID 3 with length 0 and flags "END_STREAM".
2024-08-20 00:36:45.752 +03:00 [INF] Request starting HTTP/2 GET https://localhost:7098/_vs/browserLink - null null
2024-08-20 00:36:45.774 +03:00 [INF] Request finished HTTP/2 GET https://localhost:7098/_framework/aspnetcore-browser-refresh.js - 200 13748 application/javascript; charset=utf-8 22.3039ms
2024-08-20 00:36:45.796 +03:00 [VRB] Connection id "0HN60IS2U8VG2" sending "HEADERS" frame for stream ID 5 with length 119 and flags "END_HEADERS".
2024-08-20 00:36:45.796 +03:00 [VRB] Connection id "0HN60IS2U8VG2" sending "DATA" frame for stream ID 5 with length 9986 and flags "NONE".
2024-08-20 00:36:45.798 +03:00 [VRB] Connection id "0HN60IS2U8VG2" sending "DATA" frame for stream ID 5 with length 10240 and flags "NONE".
2024-08-20 00:36:45.799 +03:00 [VRB] Connection id "0HN60IS2U8VG2" sending "DATA" frame for stream ID 5 with length 10240 and flags "NONE".
2024-08-20 00:36:45.799 +03:00 [VRB] Connection id "0HN60IS2U8VG2" sending "DATA" frame for stream ID 5 with length 10240 and flags "NONE".
2024-08-20 00:36:45.800 +03:00 [VRB] Connection id "0HN60IS2U8VG2" sending "DATA" frame for stream ID 5 with length 10240 and flags "NONE".
2024-08-20 00:36:45.800 +03:00 [VRB] Connection id "0HN60IS2U8VG2" sending "DATA" frame for stream ID 5 with length 10240 and flags "NONE".
2024-08-20 00:36:45.801 +03:00 [VRB] Connection id "0HN60IS2U8VG2" sending "DATA" frame for stream ID 5 with length 10240 and flags "NONE".
2024-08-20 00:36:45.801 +03:00 [VRB] Connection id "0HN60IS2U8VG2" sending "DATA" frame for stream ID 5 with length 10240 and flags "NONE".
2024-08-20 00:36:45.802 +03:00 [VRB] Connection id "0HN60IS2U8VG2" sending "DATA" frame for stream ID 5 with length 10240 and flags "NONE".
2024-08-20 00:36:45.802 +03:00 [VRB] Connection id "0HN60IS2U8VG2" sending "DATA" frame for stream ID 5 with length 10240 and flags "NONE".
2024-08-20 00:36:45.802 +03:00 [VRB] Connection id "0HN60IS2U8VG2" sending "DATA" frame for stream ID 5 with length 10240 and flags "NONE".
2024-08-20 00:36:45.803 +03:00 [VRB] Connection id "0HN60IS2U8VG2" sending "DATA" frame for stream ID 5 with length 10240 and flags "NONE".
2024-08-20 00:36:45.803 +03:00 [VRB] Connection id "0HN60IS2U8VG2" sending "DATA" frame for stream ID 5 with length 10240 and flags "NONE".
2024-08-20 00:36:45.804 +03:00 [VRB] Connection id "0HN60IS2U8VG2" sending "DATA" frame for stream ID 5 with length 10240 and flags "NONE".
2024-08-20 00:36:45.804 +03:00 [VRB] Connection id "0HN60IS2U8VG2" sending "DATA" frame for stream ID 5 with length 10240 and flags "NONE".
2024-08-20 00:36:45.805 +03:00 [VRB] Connection id "0HN60IS2U8VG2" sending "DATA" frame for stream ID 5 with length 160 and flags "NONE".
2024-08-20 00:36:45.805 +03:00 [VRB] Connection id "0HN60IS2U8VG2" sending "DATA" frame for stream ID 5 with length 0 and flags "END_STREAM".
2024-08-20 00:36:45.805 +03:00 [INF] Request finished HTTP/2 GET https://localhost:7098/_vs/browserLink - 200 null text/javascript; charset=UTF-8 52.9174ms
2024-08-20 00:36:45.850 +03:00 [VRB] Connection id "0HN60IS2U8VG2" received "HEADERS" frame for stream ID 7 with length 77 and flags "END_STREAM, END_HEADERS, PRIORITY".
2024-08-20 00:36:45.852 +03:00 [INF] Request starting HTTP/2 GET https://localhost:7098/swagger/v1/swagger.json - null null
2024-08-20 00:36:45.856 +03:00 [VRB] All hosts are allowed.
2024-08-20 00:36:45.856 +03:00 [DBG] No candidates found for the request path '/swagger/v1/swagger.json'
2024-08-20 00:36:45.856 +03:00 [DBG] Request did not match any endpoints
2024-08-20 00:36:45.857 +03:00 [DBG] AuthenticationScheme: Bearer was not authenticated.
2024-08-20 00:36:45.995 +03:00 [VRB] Connection id "0HN60IS2U8VG2" sending "HEADERS" frame for stream ID 7 with length 35 and flags "END_HEADERS".
2024-08-20 00:36:45.995 +03:00 [VRB] Connection id "0HN60IS2U8VG2" sending "DATA" frame for stream ID 7 with length 16384 and flags "NONE".
2024-08-20 00:36:45.995 +03:00 [VRB] Connection id "0HN60IS2U8VG2" sending "DATA" frame for stream ID 7 with length 16384 and flags "NONE".
2024-08-20 00:36:45.995 +03:00 [VRB] Connection id "0HN60IS2U8VG2" sending "DATA" frame for stream ID 7 with length 7882 and flags "NONE".
2024-08-20 00:36:45.998 +03:00 [INF] HTTP GET /swagger/v1/swagger.json responded 200 in 141.8279 ms
2024-08-20 00:36:46.000 +03:00 [VRB] Connection id "0HN60IS2U8VG2" sending "DATA" frame for stream ID 7 with length 0 and flags "END_STREAM".
2024-08-20 00:36:46.000 +03:00 [INF] Request finished HTTP/2 GET https://localhost:7098/swagger/v1/swagger.json - 200 null application/json;charset=utf-8 148.3284ms
2024-08-20 00:36:56.572 +03:00 [VRB] Connection id "0HN60IS2U8VG2" received "HEADERS" frame for stream ID 9 with length 76 and flags "END_STREAM, END_HEADERS, PRIORITY".
2024-08-20 00:36:56.572 +03:00 [VRB] Connection id "0HN60IS2U8VG2" received "PING" frame for stream ID 0 with length 8 and flags "NONE".
2024-08-20 00:36:56.573 +03:00 [VRB] Connection id "0HN60IS2U8VG2" sending "PING" frame for stream ID 0 with length 8 and flags "ACK".
2024-08-20 00:36:56.575 +03:00 [INF] Request starting HTTP/2 POST https://localhost:7098/api/Order/test?orderDetails=cvfg - null 0
2024-08-20 00:36:56.580 +03:00 [VRB] All hosts are allowed.
2024-08-20 00:36:56.587 +03:00 [DBG] 1 candidate(s) found for the request path '/api/Order/test'
2024-08-20 00:36:56.593 +03:00 [DBG] Endpoint 'WebAPI.Controllers.OrderController.PlaceOrder (WebAPI)' with route pattern 'api/Order/test' is valid for the request path '/api/Order/test'
2024-08-20 00:36:56.595 +03:00 [DBG] Request matched endpoint 'WebAPI.Controllers.OrderController.PlaceOrder (WebAPI)'
2024-08-20 00:36:56.599 +03:00 [VRB] The endpoint does not specify the IRequestSizeLimitMetadata.
2024-08-20 00:36:56.602 +03:00 [DBG] The request has an origin header: 'https://localhost:7098'.
2024-08-20 00:36:56.602 +03:00 [INF] CORS policy execution successful.
2024-08-20 00:36:56.611 +03:00 [DBG] AuthenticationScheme: Bearer was not authenticated.
2024-08-20 00:36:56.614 +03:00 [DBG] Static files was skipped as the request already matched an endpoint.
2024-08-20 00:36:56.626 +03:00 [INF] Executing endpoint 'WebAPI.Controllers.OrderController.PlaceOrder (WebAPI)'
2024-08-20 00:36:56.650 +03:00 [INF] Route matched with {action = "PlaceOrder", controller = "Order"}. Executing controller action with signature System.Threading.Tasks.Task`1[Microsoft.AspNetCore.Mvc.IActionResult] PlaceOrder(System.String) on controller WebAPI.Controllers.OrderController (WebAPI).
2024-08-20 00:36:56.655 +03:00 [DBG] Execution plan of authorization filters (in the following order): ["None"]
2024-08-20 00:36:56.655 +03:00 [DBG] Execution plan of resource filters (in the following order): ["None"]
2024-08-20 00:36:56.656 +03:00 [DBG] Execution plan of action filters (in the following order): ["Microsoft.AspNetCore.Mvc.ModelBinding.UnsupportedContentTypeFilter (Order: -3000)"]
2024-08-20 00:36:56.656 +03:00 [DBG] Execution plan of exception filters (in the following order): ["None"]
2024-08-20 00:36:56.656 +03:00 [DBG] Execution plan of result filters (in the following order): ["None"]
2024-08-20 00:36:56.657 +03:00 [DBG] Executing controller factory for controller WebAPI.Controllers.OrderController (WebAPI)
2024-08-20 00:36:56.675 +03:00 [DBG] Executed controller factory for controller WebAPI.Controllers.OrderController (WebAPI)
2024-08-20 00:36:56.738 +03:00 [DBG] Attempting to bind parameter 'orderDetails' of type 'System.String' ...
2024-08-20 00:36:56.740 +03:00 [DBG] Attempting to bind parameter 'orderDetails' of type 'System.String' using the name 'orderDetails' in request data ...
2024-08-20 00:36:56.741 +03:00 [DBG] Done attempting to bind parameter 'orderDetails' of type 'System.String'.
2024-08-20 00:36:56.741 +03:00 [DBG] Done attempting to bind parameter 'orderDetails' of type 'System.String'.
2024-08-20 00:36:56.741 +03:00 [DBG] Attempting to validate the bound parameter 'orderDetails' of type 'System.String' ...
2024-08-20 00:36:56.745 +03:00 [DBG] Done attempting to validate the bound parameter 'orderDetails' of type 'System.String'.
2024-08-20 00:36:56.746 +03:00 [VRB] Action Filter: Before executing OnActionExecuting on filter Microsoft.AspNetCore.Mvc.ModelBinding.UnsupportedContentTypeFilter.
2024-08-20 00:36:56.746 +03:00 [VRB] Action Filter: After executing OnActionExecuting on filter Microsoft.AspNetCore.Mvc.ModelBinding.UnsupportedContentTypeFilter.
2024-08-20 00:36:56.748 +03:00 [INF] Executing action method WebAPI.Controllers.OrderController.PlaceOrder (WebAPI) - Validation state: "Valid"
2024-08-20 00:36:56.751 +03:00 [VRB] Executing action method WebAPI.Controllers.OrderController.PlaceOrder (WebAPI) with arguments (["cvfg"])
2024-08-20 00:37:07.677 +03:00 [INF] Message sent to test [[1]] @0
2024-08-20 00:37:16.327 +03:00 [INF] Executed action method WebAPI.Controllers.OrderController.PlaceOrder (WebAPI), returned result Microsoft.AspNetCore.Mvc.OkObjectResult in 19570.866ms.
2024-08-20 00:37:16.334 +03:00 [VRB] Action Filter: Before executing OnActionExecuted on filter Microsoft.AspNetCore.Mvc.ModelBinding.UnsupportedContentTypeFilter.
2024-08-20 00:37:16.335 +03:00 [VRB] Action Filter: After executing OnActionExecuted on filter Microsoft.AspNetCore.Mvc.ModelBinding.UnsupportedContentTypeFilter.
2024-08-20 00:37:16.338 +03:00 [VRB] Before executing action result Microsoft.AspNetCore.Mvc.OkObjectResult.
2024-08-20 00:37:16.341 +03:00 [DBG] List of registered output formatters, in the following order: ["Microsoft.AspNetCore.Mvc.Formatters.HttpNoContentOutputFormatter","Microsoft.AspNetCore.Mvc.Formatters.StringOutputFormatter","Microsoft.AspNetCore.Mvc.Formatters.StreamOutputFormatter","Microsoft.AspNetCore.Mvc.Formatters.SystemTextJsonOutputFormatter"]
2024-08-20 00:37:16.343 +03:00 [DBG] No information found on request to perform content negotiation.
2024-08-20 00:37:16.343 +03:00 [DBG] Attempting to select an output formatter without using a content type as no explicit content types were specified for the response.
2024-08-20 00:37:16.343 +03:00 [DBG] Attempting to select the first formatter in the output formatters list which can write the result.
2024-08-20 00:37:16.345 +03:00 [DBG] Selected output formatter 'Microsoft.AspNetCore.Mvc.Formatters.StringOutputFormatter' and content type 'text/plain' to write the response.
2024-08-20 00:37:16.345 +03:00 [INF] Executing OkObjectResult, writing value of type 'System.String'.
2024-08-20 00:37:16.351 +03:00 [VRB] Connection id "0HN60IS2U8VG2" sending "HEADERS" frame for stream ID 9 with length 63 and flags "END_HEADERS".
2024-08-20 00:37:16.351 +03:00 [VRB] After executing action result Microsoft.AspNetCore.Mvc.OkObjectResult.
2024-08-20 00:37:16.351 +03:00 [VRB] Connection id "0HN60IS2U8VG2" sending "DATA" frame for stream ID 9 with length 25 and flags "NONE".
2024-08-20 00:37:16.358 +03:00 [INF] Executed action WebAPI.Controllers.OrderController.PlaceOrder (WebAPI) in 19696.1741ms
2024-08-20 00:37:16.364 +03:00 [VRB] Connection id "0HN60IS2U8VG2" received "WINDOW_UPDATE" frame for stream ID 0 with length 4 and flags 0x0.
2024-08-20 00:37:16.364 +03:00 [VRB] Connection id "0HN60IS2U8VG2" received "WINDOW_UPDATE" frame for stream ID 9 with length 4 and flags 0x0.
2024-08-20 00:37:16.362 +03:00 [INF] Executed endpoint 'WebAPI.Controllers.OrderController.PlaceOrder (WebAPI)'
2024-08-20 00:37:16.380 +03:00 [INF] HTTP POST /api/Order/test responded 200 in 19799.8457 ms
2024-08-20 00:37:16.382 +03:00 [INF] Request finished HTTP/2 POST https://localhost:7098/api/Order/test?orderDetails=cvfg - 200 null text/plain; charset=utf-8 19809.1906ms
2024-08-20 00:37:16.385 +03:00 [VRB] Connection id "0HN60IS2U8VG2" sending "DATA" frame for stream ID 9 with length 0 and flags "END_STREAM".
2024-08-20 00:37:22.205 +03:00 [ERR] Error processing Kafka message.
Newtonsoft.Json.JsonReaderException: Unexpected character encountered while parsing value: c. Path '', line 0, position 0.
   at bool Newtonsoft.Json.JsonTextReader.ParseValue()
   at bool Newtonsoft.Json.JsonTextReader.Read()
   at bool Newtonsoft.Json.JsonReader.ReadAndMoveToContent()
   at bool Newtonsoft.Json.JsonReader.ReadForType(JsonContract contract, bool hasConverter)
   at object Newtonsoft.Json.Serialization.JsonSerializerInternalReader.Deserialize(JsonReader reader, Type objectType, bool checkAdditionalContent)
   at object Newtonsoft.Json.JsonSerializer.DeserializeInternal(JsonReader reader, Type objectType)
   at object Newtonsoft.Json.JsonSerializer.Deserialize(JsonReader reader, Type objectType)
   at object Newtonsoft.Json.JsonConvert.DeserializeObject(string value, Type type, JsonSerializerSettings settings)
   at T Newtonsoft.Json.JsonConvert.DeserializeObject<T>(string value, JsonSerializerSettings settings) x 2
   at async Task Shared.Services.ConsumerService.KafkaPullMessageProcess(CancellationToken stoppingToken) in D:/Develop/App/WSService-DataModules/WebAPI/WebAPI.Backend/Shared/Services/KafkaConsumerService.cs:line 107
