2024-08-15 00:25:13.472 +03:00 [INF] Application startup services registration
2024-08-15 00:25:19.231 +03:00 [DBG] Hosting starting
2024-08-15 00:25:19.339 +03:00 [INF] User profile is available. Using 'C:\Users\Даниил\AppData\Local\ASP.NET\DataProtection-Keys' as key repository and Windows DPAPI to encrypt keys at rest.
2024-08-15 00:25:19.467 +03:00 [DBG] Reading data from file 'C:\Users\Даниил\AppData\Local\ASP.NET\DataProtection-Keys\key-8c7a4670-0c2a-4669-a306-cd103a65102a.xml'.
2024-08-15 00:25:19.510 +03:00 [DBG] Found key {8c7a4670-0c2a-4669-a306-cd103a65102a}.
2024-08-15 00:25:19.520 +03:00 [DBG] Considering key {8c7a4670-0c2a-4669-a306-cd103a65102a} with expiration date 2024-11-07 23:25:49Z as default key.
2024-08-15 00:25:19.522 +03:00 [DBG] Forwarded activator type request from Microsoft.AspNetCore.DataProtection.XmlEncryption.DpapiXmlDecryptor, Microsoft.AspNetCore.DataProtection, Version=8.0.0.0, Culture=neutral, PublicKeyToken=adb9793829ddae60 to Microsoft.AspNetCore.DataProtection.XmlEncryption.DpapiXmlDecryptor, Microsoft.AspNetCore.DataProtection, Culture=neutral, PublicKeyToken=adb9793829ddae60
2024-08-15 00:25:19.523 +03:00 [DBG] Decrypting secret element using Windows DPAPI.
2024-08-15 00:25:19.524 +03:00 [DBG] Forwarded activator type request from Microsoft.AspNetCore.DataProtection.AuthenticatedEncryption.ConfigurationModel.AuthenticatedEncryptorDescriptorDeserializer, Microsoft.AspNetCore.DataProtection, Version=8.0.0.0, Culture=neutral, PublicKeyToken=adb9793829ddae60 to Microsoft.AspNetCore.DataProtection.AuthenticatedEncryption.ConfigurationModel.AuthenticatedEncryptorDescriptorDeserializer, Microsoft.AspNetCore.DataProtection, Culture=neutral, PublicKeyToken=adb9793829ddae60
2024-08-15 00:25:19.528 +03:00 [DBG] Opening CNG algorithm 'AES' from provider 'null' with chaining mode CBC.
2024-08-15 00:25:19.529 +03:00 [DBG] Opening CNG algorithm 'SHA256' from provider 'null' with HMAC.
2024-08-15 00:25:19.530 +03:00 [DBG] Using key {8c7a4670-0c2a-4669-a306-cd103a65102a} as the default key.
2024-08-15 00:25:19.530 +03:00 [DBG] Key ring with default key {8c7a4670-0c2a-4669-a306-cd103a65102a} was loaded during application startup.
2024-08-15 00:25:19.808 +03:00 [INF] Application startup middleware registration
2024-08-15 00:25:20.218 +03:00 [DBG] An 'IServiceProvider' was created for internal use by Entity Framework.
2024-08-15 00:25:20.980 +03:00 [DBG] Entity Framework Core 8.0.4 initialized 'ConnectionDbContext' using provider 'Npgsql.EntityFrameworkCore.PostgreSQL:8.0.4+51faf6e9c9c7ef99c3e98d98a96adb8fa8ae4553' with options: MigrationsAssembly=Persistance, Version=1.0.0.0, Culture=neutral, PublicKeyToken=null 
2024-08-15 00:25:20.989 +03:00 [DBG] Creating DbConnection.
2024-08-15 00:25:21.158 +03:00 [DBG] Created DbConnection. (165ms).
2024-08-15 00:25:21.164 +03:00 [DBG] Opening connection to database 'Connection' on server 'tcp://localhost:5432'.
2024-08-15 00:25:21.552 +03:00 [DBG] Opened connection to database 'Connection' on server 'tcp://localhost:5432'.
2024-08-15 00:25:21.553 +03:00 [DBG] Closing connection to database 'Connection' on server 'tcp://localhost:5432'.
2024-08-15 00:25:21.559 +03:00 [DBG] Closed connection to database 'Connection' on server 'tcp://localhost:5432' (3ms).
2024-08-15 00:25:21.562 +03:00 [DBG] Creating DbCommand for 'ExecuteScalar'.
2024-08-15 00:25:21.566 +03:00 [DBG] Created DbCommand for 'ExecuteScalar' (2ms).
2024-08-15 00:25:21.567 +03:00 [DBG] Initialized DbCommand for 'ExecuteScalar' (5ms).
2024-08-15 00:25:21.567 +03:00 [DBG] Opening connection to database 'Connection' on server 'tcp://localhost:5432'.
2024-08-15 00:25:21.634 +03:00 [DBG] Opened connection to database 'Connection' on server 'tcp://localhost:5432'.
2024-08-15 00:25:21.642 +03:00 [DBG] Executing DbCommand [Parameters=[], CommandType='"Text"', CommandTimeout='30']
SELECT CASE WHEN COUNT(*) = 0 THEN FALSE ELSE TRUE END
FROM pg_class AS cls
JOIN pg_namespace AS ns ON ns.oid = cls.relnamespace
WHERE
        cls.relkind IN ('r', 'v', 'm', 'f', 'p') AND
        ns.nspname NOT IN ('pg_catalog', 'information_schema') AND
        -- Exclude tables which are members of PG extensions
        NOT EXISTS (
            SELECT 1 FROM pg_depend WHERE
                classid=(
                    SELECT cls.oid
                    FROM pg_class AS cls
                             JOIN pg_namespace AS ns ON ns.oid = cls.relnamespace
                    WHERE relname='pg_class' AND ns.nspname='pg_catalog'
                ) AND
                objid=cls.oid AND
                deptype IN ('e', 'x')
        )
2024-08-15 00:25:21.716 +03:00 [INF] Executed DbCommand (78ms) [Parameters=[], CommandType='"Text"', CommandTimeout='30']
SELECT CASE WHEN COUNT(*) = 0 THEN FALSE ELSE TRUE END
FROM pg_class AS cls
JOIN pg_namespace AS ns ON ns.oid = cls.relnamespace
WHERE
        cls.relkind IN ('r', 'v', 'm', 'f', 'p') AND
        ns.nspname NOT IN ('pg_catalog', 'information_schema') AND
        -- Exclude tables which are members of PG extensions
        NOT EXISTS (
            SELECT 1 FROM pg_depend WHERE
                classid=(
                    SELECT cls.oid
                    FROM pg_class AS cls
                             JOIN pg_namespace AS ns ON ns.oid = cls.relnamespace
                    WHERE relname='pg_class' AND ns.nspname='pg_catalog'
                ) AND
                objid=cls.oid AND
                deptype IN ('e', 'x')
        )
2024-08-15 00:25:21.725 +03:00 [DBG] Closing connection to database 'Connection' on server 'tcp://localhost:5432'.
2024-08-15 00:25:21.727 +03:00 [DBG] Closed connection to database 'Connection' on server 'tcp://localhost:5432' (2ms).
2024-08-15 00:25:21.815 +03:00 [DBG] The property 'AlarmConnection.ConnectSettingsClientSettingsSystemId' was created in shadow state because there are no eligible CLR members with a matching name.
2024-08-15 00:25:21.815 +03:00 [DBG] The property 'AlarmDataBase.DBSettingsClientSettingsSystemId' was created in shadow state because there are no eligible CLR members with a matching name.
2024-08-15 00:25:21.815 +03:00 [DBG] The property 'ConnectSettings.ClientSettingsSystemId' was created in shadow state because there are no eligible CLR members with a matching name.
2024-08-15 00:25:21.815 +03:00 [DBG] The property 'ConsumerConnection.KafkaSettingsClientSettingsSystemId' was created in shadow state because there are no eligible CLR members with a matching name.
2024-08-15 00:25:21.815 +03:00 [DBG] The property 'DBSettings.ClientSettingsSystemId' was created in shadow state because there are no eligible CLR members with a matching name.
2024-08-15 00:25:21.815 +03:00 [DBG] The property 'KafkaSettings.ClientSettingsSystemId' was created in shadow state because there are no eligible CLR members with a matching name.
2024-08-15 00:25:21.815 +03:00 [DBG] The property 'ModeSettings.ClientSettingsSystemId' was created in shadow state because there are no eligible CLR members with a matching name.
2024-08-15 00:25:21.815 +03:00 [DBG] The property 'NotifyConnection.ConnectSettingsClientSettingsSystemId' was created in shadow state because there are no eligible CLR members with a matching name.
2024-08-15 00:25:21.815 +03:00 [DBG] The property 'NotifyDataBase.DBSettingsClientSettingsSystemId' was created in shadow state because there are no eligible CLR members with a matching name.
2024-08-15 00:25:21.815 +03:00 [DBG] The property 'ProducerConnection.KafkaSettingsClientSettingsSystemId' was created in shadow state because there are no eligible CLR members with a matching name.
2024-08-15 00:25:21.869 +03:00 [DBG] Entity Framework Core 8.0.4 initialized 'ClientConfigDbContext' using provider 'Npgsql.EntityFrameworkCore.PostgreSQL:8.0.4+51faf6e9c9c7ef99c3e98d98a96adb8fa8ae4553' with options: MigrationsAssembly=Persistance, Version=1.0.0.0, Culture=neutral, PublicKeyToken=null 
2024-08-15 00:25:21.869 +03:00 [DBG] Creating DbConnection.
2024-08-15 00:25:21.870 +03:00 [DBG] Created DbConnection. (0ms).
2024-08-15 00:25:21.870 +03:00 [DBG] Opening connection to database 'ClientConfigs' on server 'tcp://localhost:5432'.
2024-08-15 00:25:21.970 +03:00 [DBG] Opened connection to database 'ClientConfigs' on server 'tcp://localhost:5432'.
2024-08-15 00:25:21.971 +03:00 [DBG] Closing connection to database 'ClientConfigs' on server 'tcp://localhost:5432'.
2024-08-15 00:25:21.971 +03:00 [DBG] Closed connection to database 'ClientConfigs' on server 'tcp://localhost:5432' (0ms).
2024-08-15 00:25:21.971 +03:00 [DBG] Creating DbCommand for 'ExecuteScalar'.
2024-08-15 00:25:21.971 +03:00 [DBG] Created DbCommand for 'ExecuteScalar' (0ms).
2024-08-15 00:25:21.971 +03:00 [DBG] Initialized DbCommand for 'ExecuteScalar' (0ms).
2024-08-15 00:25:21.971 +03:00 [DBG] Opening connection to database 'ClientConfigs' on server 'tcp://localhost:5432'.
2024-08-15 00:25:22.037 +03:00 [DBG] Opened connection to database 'ClientConfigs' on server 'tcp://localhost:5432'.
2024-08-15 00:25:22.037 +03:00 [DBG] Executing DbCommand [Parameters=[], CommandType='"Text"', CommandTimeout='30']
SELECT CASE WHEN COUNT(*) = 0 THEN FALSE ELSE TRUE END
FROM pg_class AS cls
JOIN pg_namespace AS ns ON ns.oid = cls.relnamespace
WHERE
        cls.relkind IN ('r', 'v', 'm', 'f', 'p') AND
        ns.nspname NOT IN ('pg_catalog', 'information_schema') AND
        -- Exclude tables which are members of PG extensions
        NOT EXISTS (
            SELECT 1 FROM pg_depend WHERE
                classid=(
                    SELECT cls.oid
                    FROM pg_class AS cls
                             JOIN pg_namespace AS ns ON ns.oid = cls.relnamespace
                    WHERE relname='pg_class' AND ns.nspname='pg_catalog'
                ) AND
                objid=cls.oid AND
                deptype IN ('e', 'x')
        )
2024-08-15 00:25:22.040 +03:00 [INF] Executed DbCommand (3ms) [Parameters=[], CommandType='"Text"', CommandTimeout='30']
SELECT CASE WHEN COUNT(*) = 0 THEN FALSE ELSE TRUE END
FROM pg_class AS cls
JOIN pg_namespace AS ns ON ns.oid = cls.relnamespace
WHERE
        cls.relkind IN ('r', 'v', 'm', 'f', 'p') AND
        ns.nspname NOT IN ('pg_catalog', 'information_schema') AND
        -- Exclude tables which are members of PG extensions
        NOT EXISTS (
            SELECT 1 FROM pg_depend WHERE
                classid=(
                    SELECT cls.oid
                    FROM pg_class AS cls
                             JOIN pg_namespace AS ns ON ns.oid = cls.relnamespace
                    WHERE relname='pg_class' AND ns.nspname='pg_catalog'
                ) AND
                objid=cls.oid AND
                deptype IN ('e', 'x')
        )
2024-08-15 00:25:22.044 +03:00 [DBG] Closing connection to database 'ClientConfigs' on server 'tcp://localhost:5432'.
2024-08-15 00:25:22.044 +03:00 [DBG] Closed connection to database 'ClientConfigs' on server 'tcp://localhost:5432' (0ms).
2024-08-15 00:25:22.090 +03:00 [WRN] The foreign key {'SystemId'} on entity type 'DBSettings' targets itself. Consider removing it since it serves no purpose.
2024-08-15 00:25:22.092 +03:00 [WRN] The foreign key {'SystemId'} on entity type 'HostSettings' targets itself. Consider removing it since it serves no purpose.
2024-08-15 00:25:22.094 +03:00 [WRN] The foreign key {'SystemId'} on entity type 'HubSettings' targets itself. Consider removing it since it serves no purpose.
2024-08-15 00:25:22.098 +03:00 [WRN] The foreign key {'SystemId'} on entity type 'KafkaSettings' targets itself. Consider removing it since it serves no purpose.
2024-08-15 00:25:22.100 +03:00 [DBG] The property 'AlarmConnection.DBSettingsSystemId' was created in shadow state because there are no eligible CLR members with a matching name.
2024-08-15 00:25:22.100 +03:00 [DBG] The property 'AlarmHubSettings.HubSettingsSystemId' was created in shadow state because there are no eligible CLR members with a matching name.
2024-08-15 00:25:22.100 +03:00 [DBG] The property 'ConsumerConnection.KafkaSettingsSystemId' was created in shadow state because there are no eligible CLR members with a matching name.
2024-08-15 00:25:22.101 +03:00 [DBG] The property 'NotifyConnection.DBSettingsSystemId' was created in shadow state because there are no eligible CLR members with a matching name.
2024-08-15 00:25:22.101 +03:00 [DBG] The property 'NotifyHubSettings.HubSettingsSystemId' was created in shadow state because there are no eligible CLR members with a matching name.
2024-08-15 00:25:22.101 +03:00 [DBG] The property 'ProducerConnection.KafkaSettingsSystemId' was created in shadow state because there are no eligible CLR members with a matching name.
2024-08-15 00:25:22.130 +03:00 [DBG] Entity Framework Core 8.0.4 initialized 'ServerConfigDbContext' using provider 'Npgsql.EntityFrameworkCore.PostgreSQL:8.0.4+51faf6e9c9c7ef99c3e98d98a96adb8fa8ae4553' with options: MigrationsAssembly=Persistance, Version=1.0.0.0, Culture=neutral, PublicKeyToken=null 
2024-08-15 00:25:22.137 +03:00 [DBG] Creating DbConnection.
2024-08-15 00:25:22.138 +03:00 [DBG] Created DbConnection. (0ms).
2024-08-15 00:25:22.138 +03:00 [DBG] Opening connection to database 'ServerConfigs' on server 'tcp://localhost:5432'.
2024-08-15 00:25:22.235 +03:00 [DBG] Opened connection to database 'ServerConfigs' on server 'tcp://localhost:5432'.
2024-08-15 00:25:22.235 +03:00 [DBG] Closing connection to database 'ServerConfigs' on server 'tcp://localhost:5432'.
2024-08-15 00:25:22.236 +03:00 [DBG] Closed connection to database 'ServerConfigs' on server 'tcp://localhost:5432' (0ms).
2024-08-15 00:25:22.236 +03:00 [DBG] Creating DbCommand for 'ExecuteScalar'.
2024-08-15 00:25:22.236 +03:00 [DBG] Created DbCommand for 'ExecuteScalar' (0ms).
2024-08-15 00:25:22.236 +03:00 [DBG] Initialized DbCommand for 'ExecuteScalar' (0ms).
2024-08-15 00:25:22.236 +03:00 [DBG] Opening connection to database 'ServerConfigs' on server 'tcp://localhost:5432'.
2024-08-15 00:25:22.283 +03:00 [DBG] Opened connection to database 'ServerConfigs' on server 'tcp://localhost:5432'.
2024-08-15 00:25:22.283 +03:00 [DBG] Executing DbCommand [Parameters=[], CommandType='"Text"', CommandTimeout='30']
SELECT CASE WHEN COUNT(*) = 0 THEN FALSE ELSE TRUE END
FROM pg_class AS cls
JOIN pg_namespace AS ns ON ns.oid = cls.relnamespace
WHERE
        cls.relkind IN ('r', 'v', 'm', 'f', 'p') AND
        ns.nspname NOT IN ('pg_catalog', 'information_schema') AND
        -- Exclude tables which are members of PG extensions
        NOT EXISTS (
            SELECT 1 FROM pg_depend WHERE
                classid=(
                    SELECT cls.oid
                    FROM pg_class AS cls
                             JOIN pg_namespace AS ns ON ns.oid = cls.relnamespace
                    WHERE relname='pg_class' AND ns.nspname='pg_catalog'
                ) AND
                objid=cls.oid AND
                deptype IN ('e', 'x')
        )
2024-08-15 00:25:22.287 +03:00 [INF] Executed DbCommand (4ms) [Parameters=[], CommandType='"Text"', CommandTimeout='30']
SELECT CASE WHEN COUNT(*) = 0 THEN FALSE ELSE TRUE END
FROM pg_class AS cls
JOIN pg_namespace AS ns ON ns.oid = cls.relnamespace
WHERE
        cls.relkind IN ('r', 'v', 'm', 'f', 'p') AND
        ns.nspname NOT IN ('pg_catalog', 'information_schema') AND
        -- Exclude tables which are members of PG extensions
        NOT EXISTS (
            SELECT 1 FROM pg_depend WHERE
                classid=(
                    SELECT cls.oid
                    FROM pg_class AS cls
                             JOIN pg_namespace AS ns ON ns.oid = cls.relnamespace
                    WHERE relname='pg_class' AND ns.nspname='pg_catalog'
                ) AND
                objid=cls.oid AND
                deptype IN ('e', 'x')
        )
2024-08-15 00:25:22.290 +03:00 [DBG] Closing connection to database 'ServerConfigs' on server 'tcp://localhost:5432'.
2024-08-15 00:25:22.291 +03:00 [DBG] Closed connection to database 'ServerConfigs' on server 'tcp://localhost:5432' (0ms).
2024-08-15 00:25:22.292 +03:00 [DBG] 'ServerConfigDbContext' disposed.
2024-08-15 00:25:22.294 +03:00 [DBG] Disposing connection to database 'ServerConfigs' on server 'tcp://localhost:5432'.
2024-08-15 00:25:22.295 +03:00 [DBG] Disposed connection to database 'ServerConfigs' on server 'tcp://localhost:5432' (0ms).
2024-08-15 00:25:22.296 +03:00 [DBG] 'ClientConfigDbContext' disposed.
2024-08-15 00:25:22.296 +03:00 [DBG] Disposing connection to database 'ClientConfigs' on server 'tcp://localhost:5432'.
2024-08-15 00:25:22.296 +03:00 [DBG] Disposed connection to database 'ClientConfigs' on server 'tcp://localhost:5432' (0ms).
2024-08-15 00:25:22.296 +03:00 [DBG] 'ConnectionDbContext' disposed.
2024-08-15 00:25:22.296 +03:00 [DBG] Disposing connection to database 'Connection' on server 'tcp://localhost:5432'.
2024-08-15 00:25:22.296 +03:00 [DBG] Disposed connection to database 'Connection' on server 'tcp://localhost:5432' (0ms).
2024-08-15 00:25:22.617 +03:00 [DBG] Registered model binder providers, in the following order: ["Microsoft.AspNetCore.Mvc.ModelBinding.Binders.BinderTypeModelBinderProvider","Microsoft.AspNetCore.Mvc.ModelBinding.Binders.ServicesModelBinderProvider","Microsoft.AspNetCore.Mvc.ModelBinding.Binders.BodyModelBinderProvider","Microsoft.AspNetCore.Mvc.ModelBinding.Binders.HeaderModelBinderProvider","Microsoft.AspNetCore.Mvc.ModelBinding.Binders.FloatingPointTypeModelBinderProvider","Microsoft.AspNetCore.Mvc.ModelBinding.Binders.EnumTypeModelBinderProvider","Microsoft.AspNetCore.Mvc.ModelBinding.Binders.DateTimeModelBinderProvider","Microsoft.AspNetCore.Mvc.ModelBinding.Binders.SimpleTypeModelBinderProvider","Microsoft.AspNetCore.Mvc.ModelBinding.Binders.TryParseModelBinderProvider","Microsoft.AspNetCore.Mvc.ModelBinding.Binders.CancellationTokenModelBinderProvider","Microsoft.AspNetCore.Mvc.ModelBinding.Binders.ByteArrayModelBinderProvider","Microsoft.AspNetCore.Mvc.ModelBinding.Binders.FormFileModelBinderProvider","Microsoft.AspNetCore.Mvc.ModelBinding.Binders.FormCollectionModelBinderProvider","Microsoft.AspNetCore.Mvc.ModelBinding.Binders.KeyValuePairModelBinderProvider","Microsoft.AspNetCore.Mvc.ModelBinding.Binders.DictionaryModelBinderProvider","Microsoft.AspNetCore.Mvc.ModelBinding.Binders.ArrayModelBinderProvider","Microsoft.AspNetCore.Mvc.ModelBinding.Binders.CollectionModelBinderProvider","Microsoft.AspNetCore.Mvc.ModelBinding.Binders.ComplexObjectModelBinderProvider"]
2024-08-15 00:25:22.713 +03:00 [INF] Application Starting
2024-08-15 00:25:23.385 +03:00 [INF] Now listening on: https://localhost:7098
2024-08-15 00:25:23.386 +03:00 [INF] Now listening on: http://localhost:5139
2024-08-15 00:25:23.387 +03:00 [DBG] Loaded hosting startup assembly WebAPI
2024-08-15 00:25:23.387 +03:00 [DBG] Loaded hosting startup assembly Microsoft.AspNetCore.Watch.BrowserRefresh
2024-08-15 00:25:23.387 +03:00 [DBG] Loaded hosting startup assembly Microsoft.WebTools.BrowserLink.Net
2024-08-15 00:25:23.388 +03:00 [INF] Application started. Press Ctrl+C to shut down.
2024-08-15 00:25:23.389 +03:00 [INF] Hosting environment: Development
2024-08-15 00:25:23.389 +03:00 [INF] Content root path: D:\Develop\App\WSService-DataModules\WebAPI\WebAPI.Backend\Presentation\WebAPI
2024-08-15 00:25:23.391 +03:00 [DBG] Hosting started
2024-08-15 00:25:23.749 +03:00 [DBG] Connection id "0HN5SKUDR4OMQ" accepted.
2024-08-15 00:25:23.750 +03:00 [DBG] Connection id "0HN5SKUDR4OMQ" started.
2024-08-15 00:25:23.756 +03:00 [DBG] Connection id "0HN5SKUDR4OMQ" received FIN.
2024-08-15 00:25:23.772 +03:00 [DBG] Failed to authenticate HTTPS connection.
System.IO.IOException: Received an unexpected EOF or 0 bytes from the transport stream.
   at async ValueTask<int> System.Net.Security.SslStream.ReceiveHandshakeFrameAsync<TIOAdapter>(CancellationToken cancellationToken)
   at async Task System.Net.Security.SslStream.ForceAuthenticationAsync<TIOAdapter>(bool receiveFirst, byte[] reAuthenticationData, CancellationToken cancellationToken)
   at async Task System.Net.Security.SslStream.ProcessAuthenticationWithTelemetryAsync(bool isAsync, CancellationToken cancellationToken)
   at async Task Microsoft.AspNetCore.Server.Kestrel.Https.Internal.HttpsConnectionMiddleware.OnConnectionAsync(ConnectionContext context)
2024-08-15 00:25:23.973 +03:00 [DBG] Connection id "0HN5SKUDR4OMQ" stopped.
2024-08-15 00:25:23.975 +03:00 [DBG] Connection id "0HN5SKUDR4OMQ" sending FIN because: "The Socket transport's send loop completed gracefully."
2024-08-15 00:25:24.036 +03:00 [DBG] Connection id "0HN5SKUDR4OMR" accepted.
2024-08-15 00:25:24.036 +03:00 [DBG] Connection id "0HN5SKUDR4OMR" started.
2024-08-15 00:25:24.091 +03:00 [DBG] Connection 0HN5SKUDR4OMR established using the following protocol: "Tls13"
2024-08-15 00:25:24.108 +03:00 [VRB] Connection id "0HN5SKUDR4OMR" sending "SETTINGS" frame for stream ID 0 with length 24 and flags "NONE".
2024-08-15 00:25:24.112 +03:00 [VRB] Connection id "0HN5SKUDR4OMR" sending "WINDOW_UPDATE" frame for stream ID 0 with length 4 and flags 0x0.
2024-08-15 00:25:24.113 +03:00 [VRB] Connection id "0HN5SKUDR4OMR" received "SETTINGS" frame for stream ID 0 with length 24 and flags "NONE".
2024-08-15 00:25:24.115 +03:00 [VRB] Connection id "0HN5SKUDR4OMR" sending "SETTINGS" frame for stream ID 0 with length 0 and flags "ACK".
2024-08-15 00:25:24.115 +03:00 [VRB] Connection id "0HN5SKUDR4OMR" received "WINDOW_UPDATE" frame for stream ID 0 with length 4 and flags 0x0.
2024-08-15 00:25:24.116 +03:00 [VRB] Connection id "0HN5SKUDR4OMR" received "HEADERS" frame for stream ID 1 with length 569 and flags "END_STREAM, END_HEADERS, PRIORITY".
2024-08-15 00:25:24.133 +03:00 [VRB] Connection id "0HN5SKUDR4OMR" received "SETTINGS" frame for stream ID 0 with length 0 and flags "ACK".
2024-08-15 00:25:24.172 +03:00 [INF] Request starting HTTP/2 GET https://localhost:7098/swagger/index.html - null null
2024-08-15 00:25:24.303 +03:00 [DBG] Wildcard detected, all requests with hosts will be allowed.
2024-08-15 00:25:24.303 +03:00 [VRB] All hosts are allowed.
2024-08-15 00:25:24.319 +03:00 [DBG] No candidates found for the request path '/swagger/index.html'
2024-08-15 00:25:24.319 +03:00 [DBG] Request did not match any endpoints
2024-08-15 00:25:24.361 +03:00 [DBG] AuthenticationScheme: Bearer was not authenticated.
2024-08-15 00:25:24.471 +03:00 [DBG] Response markup is scheduled to include Browser Link script injection.
2024-08-15 00:25:24.472 +03:00 [DBG] Response markup is scheduled to include browser refresh script injection.
2024-08-15 00:25:24.476 +03:00 [VRB] Connection id "0HN5SKUDR4OMR" sending "HEADERS" frame for stream ID 1 with length 66 and flags "END_HEADERS".
2024-08-15 00:25:24.481 +03:00 [VRB] Connection id "0HN5SKUDR4OMR" sending "DATA" frame for stream ID 1 with length 4096 and flags "NONE".
2024-08-15 00:25:24.486 +03:00 [VRB] Connection id "0HN5SKUDR4OMR" sending "DATA" frame for stream ID 1 with length 1091 and flags "NONE".
2024-08-15 00:25:24.493 +03:00 [INF] HTTP GET /swagger/index.html responded 200 in 186.7133 ms
2024-08-15 00:25:24.496 +03:00 [DBG] Response markup was updated to include Browser Link script injection.
2024-08-15 00:25:24.497 +03:00 [DBG] Response markup was updated to include browser refresh script injection.
2024-08-15 00:25:24.498 +03:00 [VRB] Connection id "0HN5SKUDR4OMR" sending "DATA" frame for stream ID 1 with length 0 and flags "END_STREAM".
2024-08-15 00:25:24.501 +03:00 [VRB] Connection id "0HN5SKUDR4OMR" received "HEADERS" frame for stream ID 3 with length 118 and flags "END_STREAM, END_HEADERS, PRIORITY".
2024-08-15 00:25:24.501 +03:00 [VRB] Connection id "0HN5SKUDR4OMR" received "HEADERS" frame for stream ID 5 with length 60 and flags "END_STREAM, END_HEADERS, PRIORITY".
2024-08-15 00:25:24.500 +03:00 [INF] Request finished HTTP/2 GET https://localhost:7098/swagger/index.html - 200 null text/html;charset=utf-8 332.4702ms
2024-08-15 00:25:24.506 +03:00 [INF] Request starting HTTP/2 GET https://localhost:7098/_framework/aspnetcore-browser-refresh.js - null null
2024-08-15 00:25:24.506 +03:00 [INF] Request starting HTTP/2 GET https://localhost:7098/_vs/browserLink - null null
2024-08-15 00:25:24.514 +03:00 [VRB] Connection id "0HN5SKUDR4OMR" sending "HEADERS" frame for stream ID 3 with length 60 and flags "END_HEADERS".
2024-08-15 00:25:24.514 +03:00 [VRB] Connection id "0HN5SKUDR4OMR" sending "DATA" frame for stream ID 3 with length 13748 and flags "NONE".
2024-08-15 00:25:24.522 +03:00 [VRB] Connection id "0HN5SKUDR4OMR" sending "DATA" frame for stream ID 3 with length 0 and flags "END_STREAM".
2024-08-15 00:25:24.522 +03:00 [INF] Request finished HTTP/2 GET https://localhost:7098/_framework/aspnetcore-browser-refresh.js - 200 13748 application/javascript; charset=utf-8 16.9335ms
2024-08-15 00:25:24.543 +03:00 [VRB] Connection id "0HN5SKUDR4OMR" sending "HEADERS" frame for stream ID 5 with length 119 and flags "END_HEADERS".
2024-08-15 00:25:24.544 +03:00 [VRB] Connection id "0HN5SKUDR4OMR" sending "DATA" frame for stream ID 5 with length 9986 and flags "NONE".
2024-08-15 00:25:24.546 +03:00 [VRB] Connection id "0HN5SKUDR4OMR" sending "DATA" frame for stream ID 5 with length 10240 and flags "NONE".
2024-08-15 00:25:24.547 +03:00 [VRB] Connection id "0HN5SKUDR4OMR" sending "DATA" frame for stream ID 5 with length 10240 and flags "NONE".
2024-08-15 00:25:24.547 +03:00 [VRB] Connection id "0HN5SKUDR4OMR" sending "DATA" frame for stream ID 5 with length 10240 and flags "NONE".
2024-08-15 00:25:24.548 +03:00 [VRB] Connection id "0HN5SKUDR4OMR" sending "DATA" frame for stream ID 5 with length 10240 and flags "NONE".
2024-08-15 00:25:24.548 +03:00 [VRB] Connection id "0HN5SKUDR4OMR" sending "DATA" frame for stream ID 5 with length 10240 and flags "NONE".
2024-08-15 00:25:24.548 +03:00 [VRB] Connection id "0HN5SKUDR4OMR" sending "DATA" frame for stream ID 5 with length 10240 and flags "NONE".
2024-08-15 00:25:24.549 +03:00 [VRB] Connection id "0HN5SKUDR4OMR" sending "DATA" frame for stream ID 5 with length 10240 and flags "NONE".
2024-08-15 00:25:24.549 +03:00 [VRB] Connection id "0HN5SKUDR4OMR" sending "DATA" frame for stream ID 5 with length 10240 and flags "NONE".
2024-08-15 00:25:24.549 +03:00 [VRB] Connection id "0HN5SKUDR4OMR" sending "DATA" frame for stream ID 5 with length 10240 and flags "NONE".
2024-08-15 00:25:24.550 +03:00 [VRB] Connection id "0HN5SKUDR4OMR" sending "DATA" frame for stream ID 5 with length 10240 and flags "NONE".
2024-08-15 00:25:24.550 +03:00 [VRB] Connection id "0HN5SKUDR4OMR" sending "DATA" frame for stream ID 5 with length 10240 and flags "NONE".
2024-08-15 00:25:24.551 +03:00 [VRB] Connection id "0HN5SKUDR4OMR" sending "DATA" frame for stream ID 5 with length 10240 and flags "NONE".
2024-08-15 00:25:24.551 +03:00 [VRB] Connection id "0HN5SKUDR4OMR" sending "DATA" frame for stream ID 5 with length 10240 and flags "NONE".
2024-08-15 00:25:24.552 +03:00 [VRB] Connection id "0HN5SKUDR4OMR" sending "DATA" frame for stream ID 5 with length 10240 and flags "NONE".
2024-08-15 00:25:24.552 +03:00 [VRB] Connection id "0HN5SKUDR4OMR" sending "DATA" frame for stream ID 5 with length 160 and flags "NONE".
2024-08-15 00:25:24.553 +03:00 [VRB] Connection id "0HN5SKUDR4OMR" sending "DATA" frame for stream ID 5 with length 0 and flags "END_STREAM".
2024-08-15 00:25:24.553 +03:00 [INF] Request finished HTTP/2 GET https://localhost:7098/_vs/browserLink - 200 null text/javascript; charset=UTF-8 46.6783ms
2024-08-15 00:25:24.595 +03:00 [VRB] Connection id "0HN5SKUDR4OMR" received "HEADERS" frame for stream ID 7 with length 77 and flags "END_STREAM, END_HEADERS, PRIORITY".
2024-08-15 00:25:24.596 +03:00 [INF] Request starting HTTP/2 GET https://localhost:7098/swagger/v1/swagger.json - null null
2024-08-15 00:25:24.599 +03:00 [VRB] All hosts are allowed.
2024-08-15 00:25:24.599 +03:00 [DBG] No candidates found for the request path '/swagger/v1/swagger.json'
2024-08-15 00:25:24.599 +03:00 [DBG] Request did not match any endpoints
2024-08-15 00:25:24.600 +03:00 [DBG] AuthenticationScheme: Bearer was not authenticated.
2024-08-15 00:25:24.743 +03:00 [VRB] Connection id "0HN5SKUDR4OMR" sending "HEADERS" frame for stream ID 7 with length 35 and flags "END_HEADERS".
2024-08-15 00:25:24.743 +03:00 [VRB] Connection id "0HN5SKUDR4OMR" sending "DATA" frame for stream ID 7 with length 16384 and flags "NONE".
2024-08-15 00:25:24.743 +03:00 [VRB] Connection id "0HN5SKUDR4OMR" sending "DATA" frame for stream ID 7 with length 16384 and flags "NONE".
2024-08-15 00:25:24.743 +03:00 [VRB] Connection id "0HN5SKUDR4OMR" sending "DATA" frame for stream ID 7 with length 7462 and flags "NONE".
2024-08-15 00:25:24.745 +03:00 [INF] HTTP GET /swagger/v1/swagger.json responded 200 in 145.8655 ms
2024-08-15 00:25:24.747 +03:00 [VRB] Connection id "0HN5SKUDR4OMR" sending "DATA" frame for stream ID 7 with length 0 and flags "END_STREAM".
2024-08-15 00:25:24.747 +03:00 [INF] Request finished HTTP/2 GET https://localhost:7098/swagger/v1/swagger.json - 200 null application/json;charset=utf-8 151.2581ms
2024-08-15 00:31:45.422 +03:00 [INF] Application startup services registration
2024-08-15 00:31:46.221 +03:00 [DBG] Hosting starting
2024-08-15 00:31:46.246 +03:00 [INF] User profile is available. Using 'C:\Users\Даниил\AppData\Local\ASP.NET\DataProtection-Keys' as key repository and Windows DPAPI to encrypt keys at rest.
2024-08-15 00:31:46.271 +03:00 [DBG] Reading data from file 'C:\Users\Даниил\AppData\Local\ASP.NET\DataProtection-Keys\key-8c7a4670-0c2a-4669-a306-cd103a65102a.xml'.
2024-08-15 00:31:46.281 +03:00 [DBG] Found key {8c7a4670-0c2a-4669-a306-cd103a65102a}.
2024-08-15 00:31:46.288 +03:00 [DBG] Considering key {8c7a4670-0c2a-4669-a306-cd103a65102a} with expiration date 2024-11-07 23:25:49Z as default key.
2024-08-15 00:31:46.290 +03:00 [DBG] Forwarded activator type request from Microsoft.AspNetCore.DataProtection.XmlEncryption.DpapiXmlDecryptor, Microsoft.AspNetCore.DataProtection, Version=8.0.0.0, Culture=neutral, PublicKeyToken=adb9793829ddae60 to Microsoft.AspNetCore.DataProtection.XmlEncryption.DpapiXmlDecryptor, Microsoft.AspNetCore.DataProtection, Culture=neutral, PublicKeyToken=adb9793829ddae60
2024-08-15 00:31:46.291 +03:00 [DBG] Decrypting secret element using Windows DPAPI.
2024-08-15 00:31:46.292 +03:00 [DBG] Forwarded activator type request from Microsoft.AspNetCore.DataProtection.AuthenticatedEncryption.ConfigurationModel.AuthenticatedEncryptorDescriptorDeserializer, Microsoft.AspNetCore.DataProtection, Version=8.0.0.0, Culture=neutral, PublicKeyToken=adb9793829ddae60 to Microsoft.AspNetCore.DataProtection.AuthenticatedEncryption.ConfigurationModel.AuthenticatedEncryptorDescriptorDeserializer, Microsoft.AspNetCore.DataProtection, Culture=neutral, PublicKeyToken=adb9793829ddae60
2024-08-15 00:31:46.294 +03:00 [DBG] Opening CNG algorithm 'AES' from provider 'null' with chaining mode CBC.
2024-08-15 00:31:46.296 +03:00 [DBG] Opening CNG algorithm 'SHA256' from provider 'null' with HMAC.
2024-08-15 00:31:46.297 +03:00 [DBG] Using key {8c7a4670-0c2a-4669-a306-cd103a65102a} as the default key.
2024-08-15 00:31:46.297 +03:00 [DBG] Key ring with default key {8c7a4670-0c2a-4669-a306-cd103a65102a} was loaded during application startup.
2024-08-15 00:31:46.333 +03:00 [INF] Application startup middleware registration
2024-08-15 00:31:46.432 +03:00 [DBG] An 'IServiceProvider' was created for internal use by Entity Framework.
2024-08-15 00:31:46.941 +03:00 [DBG] Entity Framework Core 8.0.4 initialized 'ConnectionDbContext' using provider 'Npgsql.EntityFrameworkCore.PostgreSQL:8.0.4+51faf6e9c9c7ef99c3e98d98a96adb8fa8ae4553' with options: MigrationsAssembly=Persistance, Version=1.0.0.0, Culture=neutral, PublicKeyToken=null 
2024-08-15 00:31:46.948 +03:00 [DBG] Creating DbConnection.
2024-08-15 00:31:46.982 +03:00 [DBG] Created DbConnection. (32ms).
2024-08-15 00:31:46.988 +03:00 [DBG] Opening connection to database 'Connection' on server 'tcp://localhost:5432'.
2024-08-15 00:31:47.085 +03:00 [DBG] Opened connection to database 'Connection' on server 'tcp://localhost:5432'.
2024-08-15 00:31:47.086 +03:00 [DBG] Closing connection to database 'Connection' on server 'tcp://localhost:5432'.
2024-08-15 00:31:47.093 +03:00 [DBG] Closed connection to database 'Connection' on server 'tcp://localhost:5432' (4ms).
2024-08-15 00:31:47.097 +03:00 [DBG] Creating DbCommand for 'ExecuteScalar'.
2024-08-15 00:31:47.102 +03:00 [DBG] Created DbCommand for 'ExecuteScalar' (2ms).
2024-08-15 00:31:47.103 +03:00 [DBG] Initialized DbCommand for 'ExecuteScalar' (5ms).
2024-08-15 00:31:47.103 +03:00 [DBG] Opening connection to database 'Connection' on server 'tcp://localhost:5432'.
2024-08-15 00:31:47.175 +03:00 [DBG] Opened connection to database 'Connection' on server 'tcp://localhost:5432'.
2024-08-15 00:31:47.183 +03:00 [DBG] Executing DbCommand [Parameters=[], CommandType='"Text"', CommandTimeout='30']
SELECT CASE WHEN COUNT(*) = 0 THEN FALSE ELSE TRUE END
FROM pg_class AS cls
JOIN pg_namespace AS ns ON ns.oid = cls.relnamespace
WHERE
        cls.relkind IN ('r', 'v', 'm', 'f', 'p') AND
        ns.nspname NOT IN ('pg_catalog', 'information_schema') AND
        -- Exclude tables which are members of PG extensions
        NOT EXISTS (
            SELECT 1 FROM pg_depend WHERE
                classid=(
                    SELECT cls.oid
                    FROM pg_class AS cls
                             JOIN pg_namespace AS ns ON ns.oid = cls.relnamespace
                    WHERE relname='pg_class' AND ns.nspname='pg_catalog'
                ) AND
                objid=cls.oid AND
                deptype IN ('e', 'x')
        )
2024-08-15 00:31:47.235 +03:00 [INF] Executed DbCommand (52ms) [Parameters=[], CommandType='"Text"', CommandTimeout='30']
SELECT CASE WHEN COUNT(*) = 0 THEN FALSE ELSE TRUE END
FROM pg_class AS cls
JOIN pg_namespace AS ns ON ns.oid = cls.relnamespace
WHERE
        cls.relkind IN ('r', 'v', 'm', 'f', 'p') AND
        ns.nspname NOT IN ('pg_catalog', 'information_schema') AND
        -- Exclude tables which are members of PG extensions
        NOT EXISTS (
            SELECT 1 FROM pg_depend WHERE
                classid=(
                    SELECT cls.oid
                    FROM pg_class AS cls
                             JOIN pg_namespace AS ns ON ns.oid = cls.relnamespace
                    WHERE relname='pg_class' AND ns.nspname='pg_catalog'
                ) AND
                objid=cls.oid AND
                deptype IN ('e', 'x')
        )
2024-08-15 00:31:47.240 +03:00 [DBG] Closing connection to database 'Connection' on server 'tcp://localhost:5432'.
2024-08-15 00:31:47.241 +03:00 [DBG] Closed connection to database 'Connection' on server 'tcp://localhost:5432' (1ms).
2024-08-15 00:31:47.404 +03:00 [DBG] The property 'AlarmConnection.ConnectSettingsClientSettingsSystemId' was created in shadow state because there are no eligible CLR members with a matching name.
2024-08-15 00:31:47.404 +03:00 [DBG] The property 'AlarmDataBase.DBSettingsClientSettingsSystemId' was created in shadow state because there are no eligible CLR members with a matching name.
2024-08-15 00:31:47.404 +03:00 [DBG] The property 'ConnectSettings.ClientSettingsSystemId' was created in shadow state because there are no eligible CLR members with a matching name.
2024-08-15 00:31:47.404 +03:00 [DBG] The property 'ConsumerConnection.KafkaSettingsClientSettingsSystemId' was created in shadow state because there are no eligible CLR members with a matching name.
2024-08-15 00:31:47.404 +03:00 [DBG] The property 'DBSettings.ClientSettingsSystemId' was created in shadow state because there are no eligible CLR members with a matching name.
2024-08-15 00:31:47.404 +03:00 [DBG] The property 'KafkaSettings.ClientSettingsSystemId' was created in shadow state because there are no eligible CLR members with a matching name.
2024-08-15 00:31:47.404 +03:00 [DBG] The property 'ModeSettings.ClientSettingsSystemId' was created in shadow state because there are no eligible CLR members with a matching name.
2024-08-15 00:31:47.404 +03:00 [DBG] The property 'NotifyConnection.ConnectSettingsClientSettingsSystemId' was created in shadow state because there are no eligible CLR members with a matching name.
2024-08-15 00:31:47.404 +03:00 [DBG] The property 'NotifyDataBase.DBSettingsClientSettingsSystemId' was created in shadow state because there are no eligible CLR members with a matching name.
2024-08-15 00:31:47.404 +03:00 [DBG] The property 'ProducerConnection.KafkaSettingsClientSettingsSystemId' was created in shadow state because there are no eligible CLR members with a matching name.
2024-08-15 00:31:47.509 +03:00 [DBG] Entity Framework Core 8.0.4 initialized 'ClientConfigDbContext' using provider 'Npgsql.EntityFrameworkCore.PostgreSQL:8.0.4+51faf6e9c9c7ef99c3e98d98a96adb8fa8ae4553' with options: MigrationsAssembly=Persistance, Version=1.0.0.0, Culture=neutral, PublicKeyToken=null 
2024-08-15 00:31:47.511 +03:00 [DBG] Creating DbConnection.
2024-08-15 00:31:47.511 +03:00 [DBG] Created DbConnection. (0ms).
2024-08-15 00:31:47.511 +03:00 [DBG] Opening connection to database 'ClientConfigs' on server 'tcp://localhost:5432'.
2024-08-15 00:31:47.578 +03:00 [DBG] Opened connection to database 'ClientConfigs' on server 'tcp://localhost:5432'.
2024-08-15 00:31:47.578 +03:00 [DBG] Closing connection to database 'ClientConfigs' on server 'tcp://localhost:5432'.
2024-08-15 00:31:47.578 +03:00 [DBG] Closed connection to database 'ClientConfigs' on server 'tcp://localhost:5432' (0ms).
2024-08-15 00:31:47.579 +03:00 [DBG] Creating DbCommand for 'ExecuteScalar'.
2024-08-15 00:31:47.579 +03:00 [DBG] Created DbCommand for 'ExecuteScalar' (0ms).
2024-08-15 00:31:47.579 +03:00 [DBG] Initialized DbCommand for 'ExecuteScalar' (0ms).
2024-08-15 00:31:47.579 +03:00 [DBG] Opening connection to database 'ClientConfigs' on server 'tcp://localhost:5432'.
2024-08-15 00:31:47.637 +03:00 [DBG] Opened connection to database 'ClientConfigs' on server 'tcp://localhost:5432'.
2024-08-15 00:31:47.638 +03:00 [DBG] Executing DbCommand [Parameters=[], CommandType='"Text"', CommandTimeout='30']
SELECT CASE WHEN COUNT(*) = 0 THEN FALSE ELSE TRUE END
FROM pg_class AS cls
JOIN pg_namespace AS ns ON ns.oid = cls.relnamespace
WHERE
        cls.relkind IN ('r', 'v', 'm', 'f', 'p') AND
        ns.nspname NOT IN ('pg_catalog', 'information_schema') AND
        -- Exclude tables which are members of PG extensions
        NOT EXISTS (
            SELECT 1 FROM pg_depend WHERE
                classid=(
                    SELECT cls.oid
                    FROM pg_class AS cls
                             JOIN pg_namespace AS ns ON ns.oid = cls.relnamespace
                    WHERE relname='pg_class' AND ns.nspname='pg_catalog'
                ) AND
                objid=cls.oid AND
                deptype IN ('e', 'x')
        )
2024-08-15 00:31:47.640 +03:00 [INF] Executed DbCommand (3ms) [Parameters=[], CommandType='"Text"', CommandTimeout='30']
SELECT CASE WHEN COUNT(*) = 0 THEN FALSE ELSE TRUE END
FROM pg_class AS cls
JOIN pg_namespace AS ns ON ns.oid = cls.relnamespace
WHERE
        cls.relkind IN ('r', 'v', 'm', 'f', 'p') AND
        ns.nspname NOT IN ('pg_catalog', 'information_schema') AND
        -- Exclude tables which are members of PG extensions
        NOT EXISTS (
            SELECT 1 FROM pg_depend WHERE
                classid=(
                    SELECT cls.oid
                    FROM pg_class AS cls
                             JOIN pg_namespace AS ns ON ns.oid = cls.relnamespace
                    WHERE relname='pg_class' AND ns.nspname='pg_catalog'
                ) AND
                objid=cls.oid AND
                deptype IN ('e', 'x')
        )
2024-08-15 00:31:47.643 +03:00 [DBG] Closing connection to database 'ClientConfigs' on server 'tcp://localhost:5432'.
2024-08-15 00:31:47.643 +03:00 [DBG] Closed connection to database 'ClientConfigs' on server 'tcp://localhost:5432' (0ms).
2024-08-15 00:31:47.693 +03:00 [WRN] The foreign key {'SystemId'} on entity type 'DBSettings' targets itself. Consider removing it since it serves no purpose.
2024-08-15 00:31:47.695 +03:00 [WRN] The foreign key {'SystemId'} on entity type 'HostSettings' targets itself. Consider removing it since it serves no purpose.
2024-08-15 00:31:47.698 +03:00 [WRN] The foreign key {'SystemId'} on entity type 'HubSettings' targets itself. Consider removing it since it serves no purpose.
2024-08-15 00:31:47.699 +03:00 [WRN] The foreign key {'SystemId'} on entity type 'KafkaSettings' targets itself. Consider removing it since it serves no purpose.
2024-08-15 00:31:47.702 +03:00 [DBG] The property 'AlarmConnection.DBSettingsSystemId' was created in shadow state because there are no eligible CLR members with a matching name.
2024-08-15 00:31:47.702 +03:00 [DBG] The property 'AlarmHubSettings.HubSettingsSystemId' was created in shadow state because there are no eligible CLR members with a matching name.
2024-08-15 00:31:47.702 +03:00 [DBG] The property 'ConsumerConnection.KafkaSettingsSystemId' was created in shadow state because there are no eligible CLR members with a matching name.
2024-08-15 00:31:47.702 +03:00 [DBG] The property 'NotifyConnection.DBSettingsSystemId' was created in shadow state because there are no eligible CLR members with a matching name.
2024-08-15 00:31:47.702 +03:00 [DBG] The property 'NotifyHubSettings.HubSettingsSystemId' was created in shadow state because there are no eligible CLR members with a matching name.
2024-08-15 00:31:47.702 +03:00 [DBG] The property 'ProducerConnection.KafkaSettingsSystemId' was created in shadow state because there are no eligible CLR members with a matching name.
2024-08-15 00:31:47.743 +03:00 [DBG] Entity Framework Core 8.0.4 initialized 'ServerConfigDbContext' using provider 'Npgsql.EntityFrameworkCore.PostgreSQL:8.0.4+51faf6e9c9c7ef99c3e98d98a96adb8fa8ae4553' with options: MigrationsAssembly=Persistance, Version=1.0.0.0, Culture=neutral, PublicKeyToken=null 
2024-08-15 00:31:47.749 +03:00 [DBG] Creating DbConnection.
2024-08-15 00:31:47.749 +03:00 [DBG] Created DbConnection. (0ms).
2024-08-15 00:31:47.749 +03:00 [DBG] Opening connection to database 'ServerConfigs' on server 'tcp://localhost:5432'.
2024-08-15 00:31:47.831 +03:00 [DBG] Opened connection to database 'ServerConfigs' on server 'tcp://localhost:5432'.
2024-08-15 00:31:47.831 +03:00 [DBG] Closing connection to database 'ServerConfigs' on server 'tcp://localhost:5432'.
2024-08-15 00:31:47.832 +03:00 [DBG] Closed connection to database 'ServerConfigs' on server 'tcp://localhost:5432' (0ms).
2024-08-15 00:31:47.832 +03:00 [DBG] Creating DbCommand for 'ExecuteScalar'.
2024-08-15 00:31:47.832 +03:00 [DBG] Created DbCommand for 'ExecuteScalar' (0ms).
2024-08-15 00:31:47.832 +03:00 [DBG] Initialized DbCommand for 'ExecuteScalar' (0ms).
2024-08-15 00:31:47.832 +03:00 [DBG] Opening connection to database 'ServerConfigs' on server 'tcp://localhost:5432'.
2024-08-15 00:31:48.001 +03:00 [DBG] Opened connection to database 'ServerConfigs' on server 'tcp://localhost:5432'.
2024-08-15 00:31:48.002 +03:00 [DBG] Executing DbCommand [Parameters=[], CommandType='"Text"', CommandTimeout='30']
SELECT CASE WHEN COUNT(*) = 0 THEN FALSE ELSE TRUE END
FROM pg_class AS cls
JOIN pg_namespace AS ns ON ns.oid = cls.relnamespace
WHERE
        cls.relkind IN ('r', 'v', 'm', 'f', 'p') AND
        ns.nspname NOT IN ('pg_catalog', 'information_schema') AND
        -- Exclude tables which are members of PG extensions
        NOT EXISTS (
            SELECT 1 FROM pg_depend WHERE
                classid=(
                    SELECT cls.oid
                    FROM pg_class AS cls
                             JOIN pg_namespace AS ns ON ns.oid = cls.relnamespace
                    WHERE relname='pg_class' AND ns.nspname='pg_catalog'
                ) AND
                objid=cls.oid AND
                deptype IN ('e', 'x')
        )
2024-08-15 00:31:48.004 +03:00 [INF] Executed DbCommand (2ms) [Parameters=[], CommandType='"Text"', CommandTimeout='30']
SELECT CASE WHEN COUNT(*) = 0 THEN FALSE ELSE TRUE END
FROM pg_class AS cls
JOIN pg_namespace AS ns ON ns.oid = cls.relnamespace
WHERE
        cls.relkind IN ('r', 'v', 'm', 'f', 'p') AND
        ns.nspname NOT IN ('pg_catalog', 'information_schema') AND
        -- Exclude tables which are members of PG extensions
        NOT EXISTS (
            SELECT 1 FROM pg_depend WHERE
                classid=(
                    SELECT cls.oid
                    FROM pg_class AS cls
                             JOIN pg_namespace AS ns ON ns.oid = cls.relnamespace
                    WHERE relname='pg_class' AND ns.nspname='pg_catalog'
                ) AND
                objid=cls.oid AND
                deptype IN ('e', 'x')
        )
2024-08-15 00:31:48.007 +03:00 [DBG] Closing connection to database 'ServerConfigs' on server 'tcp://localhost:5432'.
2024-08-15 00:31:48.007 +03:00 [DBG] Closed connection to database 'ServerConfigs' on server 'tcp://localhost:5432' (0ms).
2024-08-15 00:31:48.008 +03:00 [DBG] 'ServerConfigDbContext' disposed.
2024-08-15 00:31:48.010 +03:00 [DBG] Disposing connection to database 'ServerConfigs' on server 'tcp://localhost:5432'.
2024-08-15 00:31:48.010 +03:00 [DBG] Disposed connection to database 'ServerConfigs' on server 'tcp://localhost:5432' (0ms).
2024-08-15 00:31:48.010 +03:00 [DBG] 'ClientConfigDbContext' disposed.
2024-08-15 00:31:48.010 +03:00 [DBG] Disposing connection to database 'ClientConfigs' on server 'tcp://localhost:5432'.
2024-08-15 00:31:48.010 +03:00 [DBG] Disposed connection to database 'ClientConfigs' on server 'tcp://localhost:5432' (0ms).
2024-08-15 00:31:48.010 +03:00 [DBG] 'ConnectionDbContext' disposed.
2024-08-15 00:31:48.010 +03:00 [DBG] Disposing connection to database 'Connection' on server 'tcp://localhost:5432'.
2024-08-15 00:31:48.010 +03:00 [DBG] Disposed connection to database 'Connection' on server 'tcp://localhost:5432' (0ms).
2024-08-15 00:31:48.095 +03:00 [DBG] Registered model binder providers, in the following order: ["Microsoft.AspNetCore.Mvc.ModelBinding.Binders.BinderTypeModelBinderProvider","Microsoft.AspNetCore.Mvc.ModelBinding.Binders.ServicesModelBinderProvider","Microsoft.AspNetCore.Mvc.ModelBinding.Binders.BodyModelBinderProvider","Microsoft.AspNetCore.Mvc.ModelBinding.Binders.HeaderModelBinderProvider","Microsoft.AspNetCore.Mvc.ModelBinding.Binders.FloatingPointTypeModelBinderProvider","Microsoft.AspNetCore.Mvc.ModelBinding.Binders.EnumTypeModelBinderProvider","Microsoft.AspNetCore.Mvc.ModelBinding.Binders.DateTimeModelBinderProvider","Microsoft.AspNetCore.Mvc.ModelBinding.Binders.SimpleTypeModelBinderProvider","Microsoft.AspNetCore.Mvc.ModelBinding.Binders.TryParseModelBinderProvider","Microsoft.AspNetCore.Mvc.ModelBinding.Binders.CancellationTokenModelBinderProvider","Microsoft.AspNetCore.Mvc.ModelBinding.Binders.ByteArrayModelBinderProvider","Microsoft.AspNetCore.Mvc.ModelBinding.Binders.FormFileModelBinderProvider","Microsoft.AspNetCore.Mvc.ModelBinding.Binders.FormCollectionModelBinderProvider","Microsoft.AspNetCore.Mvc.ModelBinding.Binders.KeyValuePairModelBinderProvider","Microsoft.AspNetCore.Mvc.ModelBinding.Binders.DictionaryModelBinderProvider","Microsoft.AspNetCore.Mvc.ModelBinding.Binders.ArrayModelBinderProvider","Microsoft.AspNetCore.Mvc.ModelBinding.Binders.CollectionModelBinderProvider","Microsoft.AspNetCore.Mvc.ModelBinding.Binders.ComplexObjectModelBinderProvider"]
2024-08-15 00:31:48.161 +03:00 [INF] Application Starting
2024-08-15 00:31:48.376 +03:00 [INF] Now listening on: https://localhost:7098
2024-08-15 00:31:48.378 +03:00 [INF] Now listening on: http://localhost:5139
2024-08-15 00:31:48.379 +03:00 [DBG] Loaded hosting startup assembly WebAPI
2024-08-15 00:31:48.379 +03:00 [DBG] Loaded hosting startup assembly Microsoft.AspNetCore.Watch.BrowserRefresh
2024-08-15 00:31:48.379 +03:00 [DBG] Loaded hosting startup assembly Microsoft.WebTools.BrowserLink.Net
2024-08-15 00:31:48.380 +03:00 [INF] Application started. Press Ctrl+C to shut down.
2024-08-15 00:31:48.381 +03:00 [INF] Hosting environment: Development
2024-08-15 00:31:48.382 +03:00 [INF] Content root path: D:\Develop\App\WSService-DataModules\WebAPI\WebAPI.Backend\Presentation\WebAPI
2024-08-15 00:31:48.384 +03:00 [DBG] Hosting started
2024-08-15 00:31:48.562 +03:00 [DBG] Connection id "0HN5SL20H0CNJ" accepted.
2024-08-15 00:31:48.563 +03:00 [DBG] Connection id "0HN5SL20H0CNK" accepted.
2024-08-15 00:31:48.564 +03:00 [DBG] Connection id "0HN5SL20H0CNJ" started.
2024-08-15 00:31:48.564 +03:00 [DBG] Connection id "0HN5SL20H0CNK" started.
2024-08-15 00:31:48.593 +03:00 [DBG] Connection id "0HN5SL20H0CNK" received FIN.
2024-08-15 00:31:48.593 +03:00 [DBG] Connection id "0HN5SL20H0CNJ" received FIN.
2024-08-15 00:31:48.623 +03:00 [DBG] Failed to authenticate HTTPS connection.
System.IO.IOException: Received an unexpected EOF or 0 bytes from the transport stream.
   at async ValueTask<int> System.Net.Security.SslStream.ReceiveHandshakeFrameAsync<TIOAdapter>(CancellationToken cancellationToken)
   at async Task System.Net.Security.SslStream.ForceAuthenticationAsync<TIOAdapter>(bool receiveFirst, byte[] reAuthenticationData, CancellationToken cancellationToken)
   at async Task System.Net.Security.SslStream.ProcessAuthenticationWithTelemetryAsync(bool isAsync, CancellationToken cancellationToken)
   at async Task Microsoft.AspNetCore.Server.Kestrel.Https.Internal.HttpsConnectionMiddleware.OnConnectionAsync(ConnectionContext context)
2024-08-15 00:31:48.623 +03:00 [DBG] Failed to authenticate HTTPS connection.
System.IO.IOException: Received an unexpected EOF or 0 bytes from the transport stream.
   at async ValueTask<int> System.Net.Security.SslStream.ReceiveHandshakeFrameAsync<TIOAdapter>(CancellationToken cancellationToken)
   at async Task System.Net.Security.SslStream.ForceAuthenticationAsync<TIOAdapter>(bool receiveFirst, byte[] reAuthenticationData, CancellationToken cancellationToken)
   at async Task System.Net.Security.SslStream.ProcessAuthenticationWithTelemetryAsync(bool isAsync, CancellationToken cancellationToken)
   at async Task Microsoft.AspNetCore.Server.Kestrel.Https.Internal.HttpsConnectionMiddleware.OnConnectionAsync(ConnectionContext context)
2024-08-15 00:31:48.686 +03:00 [DBG] Connection id "0HN5SL20H0CNK" stopped.
2024-08-15 00:31:48.686 +03:00 [DBG] Connection id "0HN5SL20H0CNJ" stopped.
2024-08-15 00:31:48.688 +03:00 [DBG] Connection id "0HN5SL20H0CNJ" sending FIN because: "The Socket transport's send loop completed gracefully."
2024-08-15 00:31:48.688 +03:00 [DBG] Connection id "0HN5SL20H0CNK" sending FIN because: "The Socket transport's send loop completed gracefully."
2024-08-15 00:31:48.920 +03:00 [DBG] Connection id "0HN5SL20H0CNL" accepted.
2024-08-15 00:31:48.920 +03:00 [DBG] Connection id "0HN5SL20H0CNL" started.
2024-08-15 00:31:48.948 +03:00 [DBG] Connection 0HN5SL20H0CNL established using the following protocol: "Tls13"
2024-08-15 00:31:48.963 +03:00 [VRB] Connection id "0HN5SL20H0CNL" sending "SETTINGS" frame for stream ID 0 with length 24 and flags "NONE".
2024-08-15 00:31:48.966 +03:00 [VRB] Connection id "0HN5SL20H0CNL" sending "WINDOW_UPDATE" frame for stream ID 0 with length 4 and flags 0x0.
2024-08-15 00:31:48.966 +03:00 [VRB] Connection id "0HN5SL20H0CNL" received "SETTINGS" frame for stream ID 0 with length 24 and flags "NONE".
2024-08-15 00:31:48.967 +03:00 [VRB] Connection id "0HN5SL20H0CNL" sending "SETTINGS" frame for stream ID 0 with length 0 and flags "ACK".
2024-08-15 00:31:48.967 +03:00 [VRB] Connection id "0HN5SL20H0CNL" received "WINDOW_UPDATE" frame for stream ID 0 with length 4 and flags 0x0.
2024-08-15 00:31:48.968 +03:00 [VRB] Connection id "0HN5SL20H0CNL" received "HEADERS" frame for stream ID 1 with length 569 and flags "END_STREAM, END_HEADERS, PRIORITY".
2024-08-15 00:31:48.978 +03:00 [VRB] Connection id "0HN5SL20H0CNL" received "SETTINGS" frame for stream ID 0 with length 0 and flags "ACK".
2024-08-15 00:31:48.991 +03:00 [INF] Request starting HTTP/2 GET https://localhost:7098/swagger/index.html - null null
2024-08-15 00:31:49.110 +03:00 [DBG] Wildcard detected, all requests with hosts will be allowed.
2024-08-15 00:31:49.111 +03:00 [VRB] All hosts are allowed.
2024-08-15 00:31:49.126 +03:00 [DBG] No candidates found for the request path '/swagger/index.html'
2024-08-15 00:31:49.126 +03:00 [DBG] Request did not match any endpoints
2024-08-15 00:31:49.169 +03:00 [DBG] AuthenticationScheme: Bearer was not authenticated.
2024-08-15 00:31:49.228 +03:00 [DBG] Response markup is scheduled to include Browser Link script injection.
2024-08-15 00:31:49.229 +03:00 [DBG] Response markup is scheduled to include browser refresh script injection.
2024-08-15 00:31:49.230 +03:00 [VRB] Connection id "0HN5SL20H0CNL" sending "HEADERS" frame for stream ID 1 with length 66 and flags "END_HEADERS".
2024-08-15 00:31:49.241 +03:00 [VRB] Connection id "0HN5SL20H0CNL" sending "DATA" frame for stream ID 1 with length 4096 and flags "NONE".
2024-08-15 00:31:49.249 +03:00 [VRB] Connection id "0HN5SL20H0CNL" sending "DATA" frame for stream ID 1 with length 1010 and flags "NONE".
2024-08-15 00:31:49.249 +03:00 [VRB] Connection id "0HN5SL20H0CNL" sending "DATA" frame for stream ID 1 with length 81 and flags "NONE".
2024-08-15 00:31:49.256 +03:00 [INF] HTTP GET /swagger/index.html responded 200 in 139.3569 ms
2024-08-15 00:31:49.261 +03:00 [DBG] Response markup was updated to include Browser Link script injection.
2024-08-15 00:31:49.263 +03:00 [DBG] Response markup was updated to include browser refresh script injection.
2024-08-15 00:31:49.263 +03:00 [VRB] Connection id "0HN5SL20H0CNL" received "HEADERS" frame for stream ID 3 with length 118 and flags "END_STREAM, END_HEADERS, PRIORITY".
2024-08-15 00:31:49.264 +03:00 [VRB] Connection id "0HN5SL20H0CNL" received "HEADERS" frame for stream ID 5 with length 60 and flags "END_STREAM, END_HEADERS, PRIORITY".
2024-08-15 00:31:49.266 +03:00 [VRB] Connection id "0HN5SL20H0CNL" sending "DATA" frame for stream ID 1 with length 0 and flags "END_STREAM".
2024-08-15 00:31:49.272 +03:00 [INF] Request starting HTTP/2 GET https://localhost:7098/_framework/aspnetcore-browser-refresh.js - null null
2024-08-15 00:31:49.279 +03:00 [VRB] Connection id "0HN5SL20H0CNL" sending "HEADERS" frame for stream ID 3 with length 90 and flags "END_HEADERS".
2024-08-15 00:31:49.279 +03:00 [VRB] Connection id "0HN5SL20H0CNL" sending "DATA" frame for stream ID 3 with length 13748 and flags "NONE".
2024-08-15 00:31:49.273 +03:00 [INF] Request finished HTTP/2 GET https://localhost:7098/swagger/index.html - 200 null text/html;charset=utf-8 280.3392ms
2024-08-15 00:31:49.282 +03:00 [VRB] Connection id "0HN5SL20H0CNL" sending "DATA" frame for stream ID 3 with length 0 and flags "END_STREAM".
2024-08-15 00:31:49.274 +03:00 [INF] Request starting HTTP/2 GET https://localhost:7098/_vs/browserLink - null null
2024-08-15 00:31:49.282 +03:00 [INF] Request finished HTTP/2 GET https://localhost:7098/_framework/aspnetcore-browser-refresh.js - 200 13748 application/javascript; charset=utf-8 17.2821ms
2024-08-15 00:31:49.318 +03:00 [VRB] Connection id "0HN5SL20H0CNL" sending "HEADERS" frame for stream ID 5 with length 119 and flags "END_HEADERS".
2024-08-15 00:31:49.318 +03:00 [VRB] Connection id "0HN5SL20H0CNL" sending "DATA" frame for stream ID 5 with length 9986 and flags "NONE".
2024-08-15 00:31:49.321 +03:00 [VRB] Connection id "0HN5SL20H0CNL" sending "DATA" frame for stream ID 5 with length 10240 and flags "NONE".
2024-08-15 00:31:49.322 +03:00 [VRB] Connection id "0HN5SL20H0CNL" sending "DATA" frame for stream ID 5 with length 10240 and flags "NONE".
2024-08-15 00:31:49.322 +03:00 [VRB] Connection id "0HN5SL20H0CNL" sending "DATA" frame for stream ID 5 with length 10240 and flags "NONE".
2024-08-15 00:31:49.322 +03:00 [VRB] Connection id "0HN5SL20H0CNL" sending "DATA" frame for stream ID 5 with length 10240 and flags "NONE".
2024-08-15 00:31:49.323 +03:00 [VRB] Connection id "0HN5SL20H0CNL" sending "DATA" frame for stream ID 5 with length 10240 and flags "NONE".
2024-08-15 00:31:49.323 +03:00 [VRB] Connection id "0HN5SL20H0CNL" sending "DATA" frame for stream ID 5 with length 10240 and flags "NONE".
2024-08-15 00:31:49.324 +03:00 [VRB] Connection id "0HN5SL20H0CNL" sending "DATA" frame for stream ID 5 with length 10240 and flags "NONE".
2024-08-15 00:31:49.324 +03:00 [VRB] Connection id "0HN5SL20H0CNL" sending "DATA" frame for stream ID 5 with length 10240 and flags "NONE".
2024-08-15 00:31:49.325 +03:00 [VRB] Connection id "0HN5SL20H0CNL" sending "DATA" frame for stream ID 5 with length 10240 and flags "NONE".
2024-08-15 00:31:49.326 +03:00 [VRB] Connection id "0HN5SL20H0CNL" sending "DATA" frame for stream ID 5 with length 10240 and flags "NONE".
2024-08-15 00:31:49.326 +03:00 [VRB] Connection id "0HN5SL20H0CNL" sending "DATA" frame for stream ID 5 with length 10240 and flags "NONE".
2024-08-15 00:31:49.327 +03:00 [VRB] Connection id "0HN5SL20H0CNL" sending "DATA" frame for stream ID 5 with length 10240 and flags "NONE".
2024-08-15 00:31:49.327 +03:00 [VRB] Connection id "0HN5SL20H0CNL" sending "DATA" frame for stream ID 5 with length 10240 and flags "NONE".
2024-08-15 00:31:49.328 +03:00 [VRB] Connection id "0HN5SL20H0CNL" sending "DATA" frame for stream ID 5 with length 10240 and flags "NONE".
2024-08-15 00:31:49.328 +03:00 [VRB] Connection id "0HN5SL20H0CNL" sending "DATA" frame for stream ID 5 with length 160 and flags "NONE".
2024-08-15 00:31:49.329 +03:00 [VRB] Connection id "0HN5SL20H0CNL" sending "DATA" frame for stream ID 5 with length 0 and flags "END_STREAM".
2024-08-15 00:31:49.329 +03:00 [INF] Request finished HTTP/2 GET https://localhost:7098/_vs/browserLink - 200 null text/javascript; charset=UTF-8 63.9929ms
2024-08-15 00:31:49.382 +03:00 [VRB] Connection id "0HN5SL20H0CNL" received "HEADERS" frame for stream ID 7 with length 77 and flags "END_STREAM, END_HEADERS, PRIORITY".
2024-08-15 00:31:49.383 +03:00 [INF] Request starting HTTP/2 GET https://localhost:7098/swagger/v1/swagger.json - null null
2024-08-15 00:31:49.385 +03:00 [VRB] All hosts are allowed.
2024-08-15 00:31:49.386 +03:00 [DBG] No candidates found for the request path '/swagger/v1/swagger.json'
2024-08-15 00:31:49.386 +03:00 [DBG] Request did not match any endpoints
2024-08-15 00:31:49.387 +03:00 [DBG] AuthenticationScheme: Bearer was not authenticated.
2024-08-15 00:31:49.528 +03:00 [VRB] Connection id "0HN5SL20H0CNL" sending "HEADERS" frame for stream ID 7 with length 35 and flags "END_HEADERS".
2024-08-15 00:31:49.528 +03:00 [VRB] Connection id "0HN5SL20H0CNL" sending "DATA" frame for stream ID 7 with length 16384 and flags "NONE".
2024-08-15 00:31:49.529 +03:00 [VRB] Connection id "0HN5SL20H0CNL" sending "DATA" frame for stream ID 7 with length 16384 and flags "NONE".
2024-08-15 00:31:49.529 +03:00 [VRB] Connection id "0HN5SL20H0CNL" sending "DATA" frame for stream ID 7 with length 7462 and flags "NONE".
2024-08-15 00:31:49.533 +03:00 [INF] HTTP GET /swagger/v1/swagger.json responded 200 in 147.3032 ms
2024-08-15 00:31:49.537 +03:00 [VRB] Connection id "0HN5SL20H0CNL" sending "DATA" frame for stream ID 7 with length 0 and flags "END_STREAM".
2024-08-15 00:31:49.537 +03:00 [INF] Request finished HTTP/2 GET https://localhost:7098/swagger/v1/swagger.json - 200 null application/json;charset=utf-8 154.0793ms
2024-08-15 16:16:53.126 +03:00 [INF] Application startup services registration
2024-08-15 16:16:59.519 +03:00 [DBG] Hosting starting
2024-08-15 16:16:59.695 +03:00 [INF] User profile is available. Using 'C:\Users\Даниил\AppData\Local\ASP.NET\DataProtection-Keys' as key repository and Windows DPAPI to encrypt keys at rest.
2024-08-15 16:16:59.863 +03:00 [DBG] Reading data from file 'C:\Users\Даниил\AppData\Local\ASP.NET\DataProtection-Keys\key-8c7a4670-0c2a-4669-a306-cd103a65102a.xml'.
2024-08-15 16:17:00.049 +03:00 [DBG] Found key {8c7a4670-0c2a-4669-a306-cd103a65102a}.
2024-08-15 16:17:00.063 +03:00 [DBG] Considering key {8c7a4670-0c2a-4669-a306-cd103a65102a} with expiration date 2024-11-07 23:25:49Z as default key.
2024-08-15 16:17:00.065 +03:00 [DBG] Forwarded activator type request from Microsoft.AspNetCore.DataProtection.XmlEncryption.DpapiXmlDecryptor, Microsoft.AspNetCore.DataProtection, Version=8.0.0.0, Culture=neutral, PublicKeyToken=adb9793829ddae60 to Microsoft.AspNetCore.DataProtection.XmlEncryption.DpapiXmlDecryptor, Microsoft.AspNetCore.DataProtection, Culture=neutral, PublicKeyToken=adb9793829ddae60
2024-08-15 16:17:00.066 +03:00 [DBG] Decrypting secret element using Windows DPAPI.
2024-08-15 16:17:00.068 +03:00 [DBG] Forwarded activator type request from Microsoft.AspNetCore.DataProtection.AuthenticatedEncryption.ConfigurationModel.AuthenticatedEncryptorDescriptorDeserializer, Microsoft.AspNetCore.DataProtection, Version=8.0.0.0, Culture=neutral, PublicKeyToken=adb9793829ddae60 to Microsoft.AspNetCore.DataProtection.AuthenticatedEncryption.ConfigurationModel.AuthenticatedEncryptorDescriptorDeserializer, Microsoft.AspNetCore.DataProtection, Culture=neutral, PublicKeyToken=adb9793829ddae60
2024-08-15 16:17:00.072 +03:00 [DBG] Opening CNG algorithm 'AES' from provider 'null' with chaining mode CBC.
2024-08-15 16:17:00.074 +03:00 [DBG] Opening CNG algorithm 'SHA256' from provider 'null' with HMAC.
2024-08-15 16:17:00.075 +03:00 [DBG] Using key {8c7a4670-0c2a-4669-a306-cd103a65102a} as the default key.
2024-08-15 16:17:00.075 +03:00 [DBG] Key ring with default key {8c7a4670-0c2a-4669-a306-cd103a65102a} was loaded during application startup.
2024-08-15 16:17:00.400 +03:00 [INF] Application startup middleware registration
2024-08-15 16:17:01.963 +03:00 [DBG] An 'IServiceProvider' was created for internal use by Entity Framework.
2024-08-15 16:17:04.188 +03:00 [DBG] Entity Framework Core 8.0.4 initialized 'ConnectionDbContext' using provider 'Npgsql.EntityFrameworkCore.PostgreSQL:8.0.4+51faf6e9c9c7ef99c3e98d98a96adb8fa8ae4553' with options: MigrationsAssembly=Persistance, Version=1.0.0.0, Culture=neutral, PublicKeyToken=null 
2024-08-15 16:17:04.215 +03:00 [DBG] Creating DbConnection.
2024-08-15 16:17:04.512 +03:00 [DBG] Created DbConnection. (294ms).
2024-08-15 16:17:04.526 +03:00 [DBG] Opening connection to database 'Connection' on server 'tcp://localhost:5432'.
2024-08-15 16:17:05.020 +03:00 [DBG] Opened connection to database 'Connection' on server 'tcp://localhost:5432'.
2024-08-15 16:17:05.023 +03:00 [DBG] Closing connection to database 'Connection' on server 'tcp://localhost:5432'.
2024-08-15 16:17:05.039 +03:00 [DBG] Closed connection to database 'Connection' on server 'tcp://localhost:5432' (9ms).
2024-08-15 16:17:05.053 +03:00 [DBG] Creating DbCommand for 'ExecuteScalar'.
2024-08-15 16:17:05.063 +03:00 [DBG] Created DbCommand for 'ExecuteScalar' (6ms).
2024-08-15 16:17:05.065 +03:00 [DBG] Initialized DbCommand for 'ExecuteScalar' (14ms).
2024-08-15 16:17:05.066 +03:00 [DBG] Opening connection to database 'Connection' on server 'tcp://localhost:5432'.
2024-08-15 16:17:05.175 +03:00 [DBG] Opened connection to database 'Connection' on server 'tcp://localhost:5432'.
2024-08-15 16:17:05.191 +03:00 [DBG] Executing DbCommand [Parameters=[], CommandType='"Text"', CommandTimeout='30']
SELECT CASE WHEN COUNT(*) = 0 THEN FALSE ELSE TRUE END
FROM pg_class AS cls
JOIN pg_namespace AS ns ON ns.oid = cls.relnamespace
WHERE
        cls.relkind IN ('r', 'v', 'm', 'f', 'p') AND
        ns.nspname NOT IN ('pg_catalog', 'information_schema') AND
        -- Exclude tables which are members of PG extensions
        NOT EXISTS (
            SELECT 1 FROM pg_depend WHERE
                classid=(
                    SELECT cls.oid
                    FROM pg_class AS cls
                             JOIN pg_namespace AS ns ON ns.oid = cls.relnamespace
                    WHERE relname='pg_class' AND ns.nspname='pg_catalog'
                ) AND
                objid=cls.oid AND
                deptype IN ('e', 'x')
        )
2024-08-15 16:17:05.390 +03:00 [INF] Executed DbCommand (196ms) [Parameters=[], CommandType='"Text"', CommandTimeout='30']
SELECT CASE WHEN COUNT(*) = 0 THEN FALSE ELSE TRUE END
FROM pg_class AS cls
JOIN pg_namespace AS ns ON ns.oid = cls.relnamespace
WHERE
        cls.relkind IN ('r', 'v', 'm', 'f', 'p') AND
        ns.nspname NOT IN ('pg_catalog', 'information_schema') AND
        -- Exclude tables which are members of PG extensions
        NOT EXISTS (
            SELECT 1 FROM pg_depend WHERE
                classid=(
                    SELECT cls.oid
                    FROM pg_class AS cls
                             JOIN pg_namespace AS ns ON ns.oid = cls.relnamespace
                    WHERE relname='pg_class' AND ns.nspname='pg_catalog'
                ) AND
                objid=cls.oid AND
                deptype IN ('e', 'x')
        )
2024-08-15 16:17:05.400 +03:00 [DBG] Closing connection to database 'Connection' on server 'tcp://localhost:5432'.
2024-08-15 16:17:05.403 +03:00 [DBG] Closed connection to database 'Connection' on server 'tcp://localhost:5432' (2ms).
2024-08-15 16:17:05.880 +03:00 [DBG] The property 'AlarmConnection.ConnectSettingsClientSettingsSystemId' was created in shadow state because there are no eligible CLR members with a matching name.
2024-08-15 16:17:05.881 +03:00 [DBG] The property 'AlarmDataBase.DBSettingsClientSettingsSystemId' was created in shadow state because there are no eligible CLR members with a matching name.
2024-08-15 16:17:05.881 +03:00 [DBG] The property 'ConnectSettings.ClientSettingsSystemId' was created in shadow state because there are no eligible CLR members with a matching name.
2024-08-15 16:17:05.881 +03:00 [DBG] The property 'ConsumerConnection.KafkaSettingsClientSettingsSystemId' was created in shadow state because there are no eligible CLR members with a matching name.
2024-08-15 16:17:05.881 +03:00 [DBG] The property 'DBSettings.ClientSettingsSystemId' was created in shadow state because there are no eligible CLR members with a matching name.
2024-08-15 16:17:05.881 +03:00 [DBG] The property 'KafkaSettings.ClientSettingsSystemId' was created in shadow state because there are no eligible CLR members with a matching name.
2024-08-15 16:17:05.881 +03:00 [DBG] The property 'ModeSettings.ClientSettingsSystemId' was created in shadow state because there are no eligible CLR members with a matching name.
2024-08-15 16:17:05.881 +03:00 [DBG] The property 'NotifyConnection.ConnectSettingsClientSettingsSystemId' was created in shadow state because there are no eligible CLR members with a matching name.
2024-08-15 16:17:05.881 +03:00 [DBG] The property 'NotifyDataBase.DBSettingsClientSettingsSystemId' was created in shadow state because there are no eligible CLR members with a matching name.
2024-08-15 16:17:05.881 +03:00 [DBG] The property 'ProducerConnection.KafkaSettingsClientSettingsSystemId' was created in shadow state because there are no eligible CLR members with a matching name.
2024-08-15 16:17:06.122 +03:00 [DBG] Entity Framework Core 8.0.4 initialized 'ClientConfigDbContext' using provider 'Npgsql.EntityFrameworkCore.PostgreSQL:8.0.4+51faf6e9c9c7ef99c3e98d98a96adb8fa8ae4553' with options: MigrationsAssembly=Persistance, Version=1.0.0.0, Culture=neutral, PublicKeyToken=null 
2024-08-15 16:17:06.124 +03:00 [DBG] Creating DbConnection.
2024-08-15 16:17:06.125 +03:00 [DBG] Created DbConnection. (0ms).
2024-08-15 16:17:06.125 +03:00 [DBG] Opening connection to database 'ClientConfigs' on server 'tcp://localhost:5432'.
2024-08-15 16:17:06.249 +03:00 [DBG] Opened connection to database 'ClientConfigs' on server 'tcp://localhost:5432'.
2024-08-15 16:17:06.249 +03:00 [DBG] Closing connection to database 'ClientConfigs' on server 'tcp://localhost:5432'.
2024-08-15 16:17:06.249 +03:00 [DBG] Closed connection to database 'ClientConfigs' on server 'tcp://localhost:5432' (0ms).
2024-08-15 16:17:06.250 +03:00 [DBG] Creating DbCommand for 'ExecuteScalar'.
2024-08-15 16:17:06.250 +03:00 [DBG] Created DbCommand for 'ExecuteScalar' (0ms).
2024-08-15 16:17:06.250 +03:00 [DBG] Initialized DbCommand for 'ExecuteScalar' (0ms).
2024-08-15 16:17:06.250 +03:00 [DBG] Opening connection to database 'ClientConfigs' on server 'tcp://localhost:5432'.
2024-08-15 16:17:06.469 +03:00 [DBG] Opened connection to database 'ClientConfigs' on server 'tcp://localhost:5432'.
2024-08-15 16:17:06.470 +03:00 [DBG] Executing DbCommand [Parameters=[], CommandType='"Text"', CommandTimeout='30']
SELECT CASE WHEN COUNT(*) = 0 THEN FALSE ELSE TRUE END
FROM pg_class AS cls
JOIN pg_namespace AS ns ON ns.oid = cls.relnamespace
WHERE
        cls.relkind IN ('r', 'v', 'm', 'f', 'p') AND
        ns.nspname NOT IN ('pg_catalog', 'information_schema') AND
        -- Exclude tables which are members of PG extensions
        NOT EXISTS (
            SELECT 1 FROM pg_depend WHERE
                classid=(
                    SELECT cls.oid
                    FROM pg_class AS cls
                             JOIN pg_namespace AS ns ON ns.oid = cls.relnamespace
                    WHERE relname='pg_class' AND ns.nspname='pg_catalog'
                ) AND
                objid=cls.oid AND
                deptype IN ('e', 'x')
        )
2024-08-15 16:17:06.484 +03:00 [INF] Executed DbCommand (14ms) [Parameters=[], CommandType='"Text"', CommandTimeout='30']
SELECT CASE WHEN COUNT(*) = 0 THEN FALSE ELSE TRUE END
FROM pg_class AS cls
JOIN pg_namespace AS ns ON ns.oid = cls.relnamespace
WHERE
        cls.relkind IN ('r', 'v', 'm', 'f', 'p') AND
        ns.nspname NOT IN ('pg_catalog', 'information_schema') AND
        -- Exclude tables which are members of PG extensions
        NOT EXISTS (
            SELECT 1 FROM pg_depend WHERE
                classid=(
                    SELECT cls.oid
                    FROM pg_class AS cls
                             JOIN pg_namespace AS ns ON ns.oid = cls.relnamespace
                    WHERE relname='pg_class' AND ns.nspname='pg_catalog'
                ) AND
                objid=cls.oid AND
                deptype IN ('e', 'x')
        )
2024-08-15 16:17:06.487 +03:00 [DBG] Closing connection to database 'ClientConfigs' on server 'tcp://localhost:5432'.
2024-08-15 16:17:06.487 +03:00 [DBG] Closed connection to database 'ClientConfigs' on server 'tcp://localhost:5432' (0ms).
2024-08-15 16:17:06.583 +03:00 [WRN] The foreign key {'SystemId'} on entity type 'DBSettings' targets itself. Consider removing it since it serves no purpose.
2024-08-15 16:17:06.586 +03:00 [WRN] The foreign key {'SystemId'} on entity type 'HostSettings' targets itself. Consider removing it since it serves no purpose.
2024-08-15 16:17:06.587 +03:00 [WRN] The foreign key {'SystemId'} on entity type 'HubSettings' targets itself. Consider removing it since it serves no purpose.
2024-08-15 16:17:06.589 +03:00 [WRN] The foreign key {'SystemId'} on entity type 'KafkaSettings' targets itself. Consider removing it since it serves no purpose.
2024-08-15 16:17:06.593 +03:00 [DBG] The property 'AlarmConnection.DBSettingsSystemId' was created in shadow state because there are no eligible CLR members with a matching name.
2024-08-15 16:17:06.593 +03:00 [DBG] The property 'AlarmHubSettings.HubSettingsSystemId' was created in shadow state because there are no eligible CLR members with a matching name.
2024-08-15 16:17:06.593 +03:00 [DBG] The property 'ConsumerConnection.KafkaSettingsSystemId' was created in shadow state because there are no eligible CLR members with a matching name.
2024-08-15 16:17:06.593 +03:00 [DBG] The property 'NotifyConnection.DBSettingsSystemId' was created in shadow state because there are no eligible CLR members with a matching name.
2024-08-15 16:17:06.593 +03:00 [DBG] The property 'NotifyHubSettings.HubSettingsSystemId' was created in shadow state because there are no eligible CLR members with a matching name.
2024-08-15 16:17:06.593 +03:00 [DBG] The property 'ProducerConnection.KafkaSettingsSystemId' was created in shadow state because there are no eligible CLR members with a matching name.
2024-08-15 16:17:06.657 +03:00 [DBG] Entity Framework Core 8.0.4 initialized 'ServerConfigDbContext' using provider 'Npgsql.EntityFrameworkCore.PostgreSQL:8.0.4+51faf6e9c9c7ef99c3e98d98a96adb8fa8ae4553' with options: MigrationsAssembly=Persistance, Version=1.0.0.0, Culture=neutral, PublicKeyToken=null 
2024-08-15 16:17:06.669 +03:00 [DBG] Creating DbConnection.
2024-08-15 16:17:06.670 +03:00 [DBG] Created DbConnection. (0ms).
2024-08-15 16:17:06.671 +03:00 [DBG] Opening connection to database 'ServerConfigs' on server 'tcp://localhost:5432'.
2024-08-15 16:17:06.818 +03:00 [DBG] Opened connection to database 'ServerConfigs' on server 'tcp://localhost:5432'.
2024-08-15 16:17:06.818 +03:00 [DBG] Closing connection to database 'ServerConfigs' on server 'tcp://localhost:5432'.
2024-08-15 16:17:06.819 +03:00 [DBG] Closed connection to database 'ServerConfigs' on server 'tcp://localhost:5432' (0ms).
2024-08-15 16:17:06.819 +03:00 [DBG] Creating DbCommand for 'ExecuteScalar'.
2024-08-15 16:17:06.819 +03:00 [DBG] Created DbCommand for 'ExecuteScalar' (0ms).
2024-08-15 16:17:06.819 +03:00 [DBG] Initialized DbCommand for 'ExecuteScalar' (0ms).
2024-08-15 16:17:06.819 +03:00 [DBG] Opening connection to database 'ServerConfigs' on server 'tcp://localhost:5432'.
2024-08-15 16:17:06.921 +03:00 [DBG] Opened connection to database 'ServerConfigs' on server 'tcp://localhost:5432'.
2024-08-15 16:17:06.921 +03:00 [DBG] Executing DbCommand [Parameters=[], CommandType='"Text"', CommandTimeout='30']
SELECT CASE WHEN COUNT(*) = 0 THEN FALSE ELSE TRUE END
FROM pg_class AS cls
JOIN pg_namespace AS ns ON ns.oid = cls.relnamespace
WHERE
        cls.relkind IN ('r', 'v', 'm', 'f', 'p') AND
        ns.nspname NOT IN ('pg_catalog', 'information_schema') AND
        -- Exclude tables which are members of PG extensions
        NOT EXISTS (
            SELECT 1 FROM pg_depend WHERE
                classid=(
                    SELECT cls.oid
                    FROM pg_class AS cls
                             JOIN pg_namespace AS ns ON ns.oid = cls.relnamespace
                    WHERE relname='pg_class' AND ns.nspname='pg_catalog'
                ) AND
                objid=cls.oid AND
                deptype IN ('e', 'x')
        )
2024-08-15 16:17:06.932 +03:00 [INF] Executed DbCommand (11ms) [Parameters=[], CommandType='"Text"', CommandTimeout='30']
SELECT CASE WHEN COUNT(*) = 0 THEN FALSE ELSE TRUE END
FROM pg_class AS cls
JOIN pg_namespace AS ns ON ns.oid = cls.relnamespace
WHERE
        cls.relkind IN ('r', 'v', 'm', 'f', 'p') AND
        ns.nspname NOT IN ('pg_catalog', 'information_schema') AND
        -- Exclude tables which are members of PG extensions
        NOT EXISTS (
            SELECT 1 FROM pg_depend WHERE
                classid=(
                    SELECT cls.oid
                    FROM pg_class AS cls
                             JOIN pg_namespace AS ns ON ns.oid = cls.relnamespace
                    WHERE relname='pg_class' AND ns.nspname='pg_catalog'
                ) AND
                objid=cls.oid AND
                deptype IN ('e', 'x')
        )
2024-08-15 16:17:06.940 +03:00 [DBG] Closing connection to database 'ServerConfigs' on server 'tcp://localhost:5432'.
2024-08-15 16:17:06.940 +03:00 [DBG] Closed connection to database 'ServerConfigs' on server 'tcp://localhost:5432' (0ms).
2024-08-15 16:17:06.944 +03:00 [DBG] 'ServerConfigDbContext' disposed.
2024-08-15 16:17:06.948 +03:00 [DBG] Disposing connection to database 'ServerConfigs' on server 'tcp://localhost:5432'.
2024-08-15 16:17:06.949 +03:00 [DBG] Disposed connection to database 'ServerConfigs' on server 'tcp://localhost:5432' (1ms).
2024-08-15 16:17:06.950 +03:00 [DBG] 'ClientConfigDbContext' disposed.
2024-08-15 16:17:06.950 +03:00 [DBG] Disposing connection to database 'ClientConfigs' on server 'tcp://localhost:5432'.
2024-08-15 16:17:06.950 +03:00 [DBG] Disposed connection to database 'ClientConfigs' on server 'tcp://localhost:5432' (0ms).
2024-08-15 16:17:06.950 +03:00 [DBG] 'ConnectionDbContext' disposed.
2024-08-15 16:17:06.950 +03:00 [DBG] Disposing connection to database 'Connection' on server 'tcp://localhost:5432'.
2024-08-15 16:17:06.950 +03:00 [DBG] Disposed connection to database 'Connection' on server 'tcp://localhost:5432' (0ms).
2024-08-15 16:17:07.261 +03:00 [DBG] Registered model binder providers, in the following order: ["Microsoft.AspNetCore.Mvc.ModelBinding.Binders.BinderTypeModelBinderProvider","Microsoft.AspNetCore.Mvc.ModelBinding.Binders.ServicesModelBinderProvider","Microsoft.AspNetCore.Mvc.ModelBinding.Binders.BodyModelBinderProvider","Microsoft.AspNetCore.Mvc.ModelBinding.Binders.HeaderModelBinderProvider","Microsoft.AspNetCore.Mvc.ModelBinding.Binders.FloatingPointTypeModelBinderProvider","Microsoft.AspNetCore.Mvc.ModelBinding.Binders.EnumTypeModelBinderProvider","Microsoft.AspNetCore.Mvc.ModelBinding.Binders.DateTimeModelBinderProvider","Microsoft.AspNetCore.Mvc.ModelBinding.Binders.SimpleTypeModelBinderProvider","Microsoft.AspNetCore.Mvc.ModelBinding.Binders.TryParseModelBinderProvider","Microsoft.AspNetCore.Mvc.ModelBinding.Binders.CancellationTokenModelBinderProvider","Microsoft.AspNetCore.Mvc.ModelBinding.Binders.ByteArrayModelBinderProvider","Microsoft.AspNetCore.Mvc.ModelBinding.Binders.FormFileModelBinderProvider","Microsoft.AspNetCore.Mvc.ModelBinding.Binders.FormCollectionModelBinderProvider","Microsoft.AspNetCore.Mvc.ModelBinding.Binders.KeyValuePairModelBinderProvider","Microsoft.AspNetCore.Mvc.ModelBinding.Binders.DictionaryModelBinderProvider","Microsoft.AspNetCore.Mvc.ModelBinding.Binders.ArrayModelBinderProvider","Microsoft.AspNetCore.Mvc.ModelBinding.Binders.CollectionModelBinderProvider","Microsoft.AspNetCore.Mvc.ModelBinding.Binders.ComplexObjectModelBinderProvider"]
2024-08-15 16:17:07.490 +03:00 [INF] Application Starting
2024-08-15 16:17:08.279 +03:00 [INF] Now listening on: https://localhost:7098
2024-08-15 16:17:08.312 +03:00 [INF] Now listening on: http://localhost:5139
2024-08-15 16:17:08.313 +03:00 [DBG] Loaded hosting startup assembly WebAPI
2024-08-15 16:17:08.313 +03:00 [DBG] Loaded hosting startup assembly Microsoft.AspNetCore.Watch.BrowserRefresh
2024-08-15 16:17:08.313 +03:00 [DBG] Loaded hosting startup assembly Microsoft.WebTools.BrowserLink.Net
2024-08-15 16:17:08.314 +03:00 [INF] Application started. Press Ctrl+C to shut down.
2024-08-15 16:17:08.315 +03:00 [INF] Hosting environment: Development
2024-08-15 16:17:08.316 +03:00 [INF] Content root path: D:\Develop\App\WSService-DataModules\WebAPI\WebAPI.Backend\Presentation\WebAPI
2024-08-15 16:17:08.317 +03:00 [DBG] Hosting started
2024-08-15 16:17:08.319 +03:00 [DBG] Connection id "0HN5T5I8AOL2B" received FIN.
2024-08-15 16:17:08.326 +03:00 [DBG] Connection id "0HN5T5I8AOL2B" accepted.
2024-08-15 16:17:08.327 +03:00 [DBG] Connection id "0HN5T5I8AOL2B" started.
2024-08-15 16:17:08.360 +03:00 [DBG] Failed to authenticate HTTPS connection.
System.IO.IOException: Received an unexpected EOF or 0 bytes from the transport stream.
   at async ValueTask<int> System.Net.Security.SslStream.ReceiveHandshakeFrameAsync<TIOAdapter>(CancellationToken cancellationToken)
   at async Task System.Net.Security.SslStream.ForceAuthenticationAsync<TIOAdapter>(bool receiveFirst, byte[] reAuthenticationData, CancellationToken cancellationToken)
   at async Task System.Net.Security.SslStream.ProcessAuthenticationWithTelemetryAsync(bool isAsync, CancellationToken cancellationToken)
   at async Task Microsoft.AspNetCore.Server.Kestrel.Https.Internal.HttpsConnectionMiddleware.OnConnectionAsync(ConnectionContext context)
2024-08-15 16:17:08.508 +03:00 [DBG] Connection id "0HN5T5I8AOL2B" stopped.
2024-08-15 16:17:08.513 +03:00 [DBG] Connection id "0HN5T5I8AOL2B" sending FIN because: "The Socket transport's send loop completed gracefully."
2024-08-15 16:17:08.624 +03:00 [DBG] Connection id "0HN5T5I8AOL2C" accepted.
2024-08-15 16:17:08.624 +03:00 [DBG] Connection id "0HN5T5I8AOL2C" started.
2024-08-15 16:17:08.691 +03:00 [DBG] Connection 0HN5T5I8AOL2C established using the following protocol: "Tls13"
2024-08-15 16:17:08.720 +03:00 [VRB] Connection id "0HN5T5I8AOL2C" sending "SETTINGS" frame for stream ID 0 with length 24 and flags "NONE".
2024-08-15 16:17:08.723 +03:00 [VRB] Connection id "0HN5T5I8AOL2C" sending "WINDOW_UPDATE" frame for stream ID 0 with length 4 and flags 0x0.
2024-08-15 16:17:08.724 +03:00 [VRB] Connection id "0HN5T5I8AOL2C" received "SETTINGS" frame for stream ID 0 with length 24 and flags "NONE".
2024-08-15 16:17:08.725 +03:00 [VRB] Connection id "0HN5T5I8AOL2C" sending "SETTINGS" frame for stream ID 0 with length 0 and flags "ACK".
2024-08-15 16:17:08.725 +03:00 [VRB] Connection id "0HN5T5I8AOL2C" received "WINDOW_UPDATE" frame for stream ID 0 with length 4 and flags 0x0.
2024-08-15 16:17:08.725 +03:00 [VRB] Connection id "0HN5T5I8AOL2C" received "HEADERS" frame for stream ID 1 with length 569 and flags "END_STREAM, END_HEADERS, PRIORITY".
2024-08-15 16:17:08.747 +03:00 [VRB] Connection id "0HN5T5I8AOL2C" received "SETTINGS" frame for stream ID 0 with length 0 and flags "ACK".
2024-08-15 16:17:08.806 +03:00 [INF] Request starting HTTP/2 GET https://localhost:7098/swagger/index.html - null null
2024-08-15 16:17:09.206 +03:00 [DBG] Wildcard detected, all requests with hosts will be allowed.
2024-08-15 16:17:09.207 +03:00 [VRB] All hosts are allowed.
2024-08-15 16:17:09.255 +03:00 [DBG] No candidates found for the request path '/swagger/index.html'
2024-08-15 16:17:09.256 +03:00 [DBG] Request did not match any endpoints
2024-08-15 16:17:10.464 +03:00 [DBG] AuthenticationScheme: Bearer was not authenticated.
2024-08-15 16:17:10.745 +03:00 [DBG] Response markup is scheduled to include Browser Link script injection.
2024-08-15 16:17:10.747 +03:00 [DBG] Response markup is scheduled to include browser refresh script injection.
2024-08-15 16:17:10.750 +03:00 [VRB] Connection id "0HN5T5I8AOL2C" sending "HEADERS" frame for stream ID 1 with length 66 and flags "END_HEADERS".
2024-08-15 16:17:10.762 +03:00 [VRB] Connection id "0HN5T5I8AOL2C" sending "DATA" frame for stream ID 1 with length 4096 and flags "NONE".
2024-08-15 16:17:10.777 +03:00 [VRB] Connection id "0HN5T5I8AOL2C" sending "DATA" frame for stream ID 1 with length 1010 and flags "NONE".
2024-08-15 16:17:10.777 +03:00 [VRB] Connection id "0HN5T5I8AOL2C" sending "DATA" frame for stream ID 1 with length 81 and flags "NONE".
2024-08-15 16:17:10.784 +03:00 [INF] HTTP GET /swagger/index.html responded 200 in 1569.9467 ms
2024-08-15 16:17:10.788 +03:00 [DBG] Response markup was updated to include Browser Link script injection.
2024-08-15 16:17:10.789 +03:00 [DBG] Response markup was updated to include browser refresh script injection.
2024-08-15 16:17:10.791 +03:00 [VRB] Connection id "0HN5T5I8AOL2C" sending "DATA" frame for stream ID 1 with length 0 and flags "END_STREAM".
2024-08-15 16:17:10.792 +03:00 [VRB] Connection id "0HN5T5I8AOL2C" received "HEADERS" frame for stream ID 3 with length 118 and flags "END_STREAM, END_HEADERS, PRIORITY".
2024-08-15 16:17:10.792 +03:00 [VRB] Connection id "0HN5T5I8AOL2C" received "HEADERS" frame for stream ID 5 with length 60 and flags "END_STREAM, END_HEADERS, PRIORITY".
2024-08-15 16:17:10.792 +03:00 [INF] Request finished HTTP/2 GET https://localhost:7098/swagger/index.html - 200 null text/html;charset=utf-8 1998.6601ms
2024-08-15 16:17:10.794 +03:00 [INF] Request starting HTTP/2 GET https://localhost:7098/_vs/browserLink - null null
2024-08-15 16:17:10.794 +03:00 [INF] Request starting HTTP/2 GET https://localhost:7098/_framework/aspnetcore-browser-refresh.js - null null
2024-08-15 16:17:10.812 +03:00 [VRB] Connection id "0HN5T5I8AOL2C" sending "HEADERS" frame for stream ID 5 with length 60 and flags "END_HEADERS".
2024-08-15 16:17:10.814 +03:00 [VRB] Connection id "0HN5T5I8AOL2C" sending "DATA" frame for stream ID 5 with length 13748 and flags "NONE".
2024-08-15 16:17:10.821 +03:00 [VRB] Connection id "0HN5T5I8AOL2C" sending "DATA" frame for stream ID 5 with length 0 and flags "END_STREAM".
2024-08-15 16:17:10.821 +03:00 [INF] Request finished HTTP/2 GET https://localhost:7098/_framework/aspnetcore-browser-refresh.js - 200 13748 application/javascript; charset=utf-8 26.857ms
2024-08-15 16:17:10.871 +03:00 [VRB] Connection id "0HN5T5I8AOL2C" sending "HEADERS" frame for stream ID 3 with length 149 and flags "END_HEADERS".
2024-08-15 16:17:10.871 +03:00 [VRB] Connection id "0HN5T5I8AOL2C" sending "DATA" frame for stream ID 3 with length 9986 and flags "NONE".
2024-08-15 16:17:10.877 +03:00 [VRB] Connection id "0HN5T5I8AOL2C" sending "DATA" frame for stream ID 3 with length 10240 and flags "NONE".
2024-08-15 16:17:10.880 +03:00 [VRB] Connection id "0HN5T5I8AOL2C" sending "DATA" frame for stream ID 3 with length 10240 and flags "NONE".
2024-08-15 16:17:10.884 +03:00 [VRB] Connection id "0HN5T5I8AOL2C" sending "DATA" frame for stream ID 3 with length 10240 and flags "NONE".
2024-08-15 16:17:10.886 +03:00 [VRB] Connection id "0HN5T5I8AOL2C" sending "DATA" frame for stream ID 3 with length 10240 and flags "NONE".
2024-08-15 16:17:10.889 +03:00 [VRB] Connection id "0HN5T5I8AOL2C" sending "DATA" frame for stream ID 3 with length 10240 and flags "NONE".
2024-08-15 16:17:10.890 +03:00 [VRB] Connection id "0HN5T5I8AOL2C" sending "DATA" frame for stream ID 3 with length 10240 and flags "NONE".
2024-08-15 16:17:10.893 +03:00 [VRB] Connection id "0HN5T5I8AOL2C" sending "DATA" frame for stream ID 3 with length 10240 and flags "NONE".
2024-08-15 16:17:10.894 +03:00 [VRB] Connection id "0HN5T5I8AOL2C" sending "DATA" frame for stream ID 3 with length 10240 and flags "NONE".
2024-08-15 16:17:10.895 +03:00 [VRB] Connection id "0HN5T5I8AOL2C" sending "DATA" frame for stream ID 3 with length 10240 and flags "NONE".
2024-08-15 16:17:10.895 +03:00 [VRB] Connection id "0HN5T5I8AOL2C" sending "DATA" frame for stream ID 3 with length 10240 and flags "NONE".
2024-08-15 16:17:10.897 +03:00 [VRB] Connection id "0HN5T5I8AOL2C" sending "DATA" frame for stream ID 3 with length 10240 and flags "NONE".
2024-08-15 16:17:10.899 +03:00 [VRB] Connection id "0HN5T5I8AOL2C" sending "DATA" frame for stream ID 3 with length 10240 and flags "NONE".
2024-08-15 16:17:10.901 +03:00 [VRB] Connection id "0HN5T5I8AOL2C" sending "DATA" frame for stream ID 3 with length 10240 and flags "NONE".
2024-08-15 16:17:10.901 +03:00 [VRB] Connection id "0HN5T5I8AOL2C" sending "DATA" frame for stream ID 3 with length 10240 and flags "NONE".
2024-08-15 16:17:10.902 +03:00 [VRB] Connection id "0HN5T5I8AOL2C" sending "DATA" frame for stream ID 3 with length 160 and flags "NONE".
2024-08-15 16:17:10.903 +03:00 [VRB] Connection id "0HN5T5I8AOL2C" sending "DATA" frame for stream ID 3 with length 0 and flags "END_STREAM".
2024-08-15 16:17:10.903 +03:00 [INF] Request finished HTTP/2 GET https://localhost:7098/_vs/browserLink - 200 null text/javascript; charset=UTF-8 108.862ms
2024-08-15 16:17:10.949 +03:00 [VRB] Connection id "0HN5T5I8AOL2C" received "HEADERS" frame for stream ID 7 with length 77 and flags "END_STREAM, END_HEADERS, PRIORITY".
2024-08-15 16:17:10.951 +03:00 [INF] Request starting HTTP/2 GET https://localhost:7098/swagger/v1/swagger.json - null null
2024-08-15 16:17:10.956 +03:00 [VRB] All hosts are allowed.
2024-08-15 16:17:10.957 +03:00 [DBG] No candidates found for the request path '/swagger/v1/swagger.json'
2024-08-15 16:17:10.957 +03:00 [DBG] Request did not match any endpoints
2024-08-15 16:17:10.960 +03:00 [DBG] AuthenticationScheme: Bearer was not authenticated.
2024-08-15 16:17:11.289 +03:00 [VRB] Connection id "0HN5T5I8AOL2C" sending "HEADERS" frame for stream ID 7 with length 35 and flags "END_HEADERS".
2024-08-15 16:17:11.289 +03:00 [VRB] Connection id "0HN5T5I8AOL2C" sending "DATA" frame for stream ID 7 with length 16384 and flags "NONE".
2024-08-15 16:17:11.290 +03:00 [VRB] Connection id "0HN5T5I8AOL2C" sending "DATA" frame for stream ID 7 with length 16384 and flags "NONE".
2024-08-15 16:17:11.290 +03:00 [VRB] Connection id "0HN5T5I8AOL2C" sending "DATA" frame for stream ID 7 with length 7462 and flags "NONE".
2024-08-15 16:17:11.297 +03:00 [INF] HTTP GET /swagger/v1/swagger.json responded 200 in 340.2123 ms
2024-08-15 16:17:11.305 +03:00 [VRB] Connection id "0HN5T5I8AOL2C" sending "DATA" frame for stream ID 7 with length 0 and flags "END_STREAM".
2024-08-15 16:17:11.305 +03:00 [INF] Request finished HTTP/2 GET https://localhost:7098/swagger/v1/swagger.json - 200 null application/json;charset=utf-8 354.7345ms
2024-08-15 16:17:21.882 +03:00 [VRB] Connection id "0HN5T5I8AOL2C" received "HEADERS" frame for stream ID 9 with length 45 and flags "END_STREAM, END_HEADERS, PRIORITY".
2024-08-15 16:17:21.882 +03:00 [VRB] Connection id "0HN5T5I8AOL2C" received "PING" frame for stream ID 0 with length 8 and flags "NONE".
2024-08-15 16:17:21.882 +03:00 [VRB] Connection id "0HN5T5I8AOL2C" sending "PING" frame for stream ID 0 with length 8 and flags "ACK".
2024-08-15 16:17:21.884 +03:00 [INF] Request starting HTTP/2 GET https://localhost:7098/swagger/index.html/health - null null
2024-08-15 16:17:21.897 +03:00 [VRB] All hosts are allowed.
2024-08-15 16:17:21.898 +03:00 [DBG] No candidates found for the request path '/swagger/index.html/health'
2024-08-15 16:17:21.898 +03:00 [DBG] Request did not match any endpoints
2024-08-15 16:17:21.908 +03:00 [DBG] AuthenticationScheme: Bearer was not authenticated.
2024-08-15 16:17:21.911 +03:00 [DBG] The request path /index.html/health does not match a supported file type
2024-08-15 16:17:21.914 +03:00 [INF] HTTP GET /swagger/index.html/health responded 404 in 16.9284 ms
2024-08-15 16:17:21.920 +03:00 [VRB] Connection id "0HN5T5I8AOL2C" sending "HEADERS" frame for stream ID 9 with length 37 and flags "END_STREAM, END_HEADERS".
2024-08-15 16:17:21.919 +03:00 [INF] Request finished HTTP/2 GET https://localhost:7098/swagger/index.html/health - 404 0 null 35.896ms
2024-08-15 16:17:21.929 +03:00 [INF] Request reached the end of the middleware pipeline without being handled by application code. Request path: GET https://localhost:7098/swagger/index.html/health, Response status code: 404
2024-08-15 16:17:29.550 +03:00 [VRB] Connection id "0HN5T5I8AOL2C" received "HEADERS" frame for stream ID 11 with length 31 and flags "END_STREAM, END_HEADERS, PRIORITY".
2024-08-15 16:17:29.552 +03:00 [INF] Request starting HTTP/2 GET https://localhost:7098/health - null null
2024-08-15 16:17:29.563 +03:00 [VRB] All hosts are allowed.
2024-08-15 16:17:29.563 +03:00 [DBG] No candidates found for the request path '/health'
2024-08-15 16:17:29.563 +03:00 [DBG] Request did not match any endpoints
2024-08-15 16:17:29.564 +03:00 [DBG] AuthenticationScheme: Bearer was not authenticated.
2024-08-15 16:17:29.564 +03:00 [DBG] The request path  does not match the path filter
2024-08-15 16:17:29.570 +03:00 [DBG] Running health checks
2024-08-15 16:17:29.582 +03:00 [DBG] Health check processing with combined status "Healthy" completed after 5.3555ms
2024-08-15 16:17:29.585 +03:00 [VRB] Connection id "0HN5T5I8AOL2C" sending "HEADERS" frame for stream ID 11 with length 113 and flags "END_HEADERS".
2024-08-15 16:17:29.585 +03:00 [VRB] Connection id "0HN5T5I8AOL2C" sending "DATA" frame for stream ID 11 with length 7 and flags "NONE".
2024-08-15 16:17:29.585 +03:00 [INF] HTTP GET /health responded 200 in 21.2952 ms
2024-08-15 16:17:29.591 +03:00 [VRB] Connection id "0HN5T5I8AOL2C" sending "DATA" frame for stream ID 11 with length 0 and flags "END_STREAM".
2024-08-15 16:17:29.594 +03:00 [VRB] Connection id "0HN5T5I8AOL2C" received "WINDOW_UPDATE" frame for stream ID 0 with length 4 and flags 0x0.
2024-08-15 16:17:29.591 +03:00 [INF] Request finished HTTP/2 GET https://localhost:7098/health - 200 null text/plain 39.8097ms
2024-08-15 16:17:29.665 +03:00 [VRB] Connection id "0HN5T5I8AOL2C" received "HEADERS" frame for stream ID 13 with length 112 and flags "END_STREAM, END_HEADERS, PRIORITY".
2024-08-15 16:17:29.667 +03:00 [INF] Request starting HTTP/2 GET https://localhost:7098/favicon.ico - null null
2024-08-15 16:17:29.670 +03:00 [VRB] All hosts are allowed.
2024-08-15 16:17:29.670 +03:00 [DBG] No candidates found for the request path '/favicon.ico'
2024-08-15 16:17:29.670 +03:00 [DBG] Request did not match any endpoints
2024-08-15 16:17:29.670 +03:00 [DBG] AuthenticationScheme: Bearer was not authenticated.
2024-08-15 16:17:29.670 +03:00 [DBG] The request path  does not match the path filter
2024-08-15 16:17:29.670 +03:00 [INF] HTTP GET /favicon.ico responded 404 in 0.8009 ms
2024-08-15 16:17:29.673 +03:00 [VRB] Connection id "0HN5T5I8AOL2C" sending "HEADERS" frame for stream ID 13 with length 7 and flags "END_STREAM, END_HEADERS".
2024-08-15 16:17:29.673 +03:00 [INF] Request finished HTTP/2 GET https://localhost:7098/favicon.ico - 404 0 null 6.6474ms
2024-08-15 16:17:29.676 +03:00 [INF] Request reached the end of the middleware pipeline without being handled by application code. Request path: GET https://localhost:7098/favicon.ico, Response status code: 404
2024-08-15 16:17:45.606 +03:00 [VRB] Connection id "0HN5T5I8AOL2C" received "HEADERS" frame for stream ID 15 with length 55 and flags "END_STREAM, END_HEADERS, PRIORITY".
2024-08-15 16:17:45.606 +03:00 [VRB] Connection id "0HN5T5I8AOL2C" received "PING" frame for stream ID 0 with length 8 and flags "NONE".
2024-08-15 16:17:45.606 +03:00 [VRB] Connection id "0HN5T5I8AOL2C" sending "PING" frame for stream ID 0 with length 8 and flags "ACK".
2024-08-15 16:17:45.606 +03:00 [INF] Request starting HTTP/2 GET https://localhost:7098/_framework/aspnetcore-browser-refresh.js - null null
2024-08-15 16:17:45.613 +03:00 [VRB] Connection id "0HN5T5I8AOL2C" sending "HEADERS" frame for stream ID 15 with length 43 and flags "END_HEADERS".
2024-08-15 16:17:45.614 +03:00 [VRB] Connection id "0HN5T5I8AOL2C" sending "DATA" frame for stream ID 15 with length 13748 and flags "NONE".
2024-08-15 16:17:45.615 +03:00 [VRB] Connection id "0HN5T5I8AOL2C" sending "DATA" frame for stream ID 15 with length 0 and flags "END_STREAM".
2024-08-15 16:17:45.616 +03:00 [VRB] Connection id "0HN5T5I8AOL2C" received "WINDOW_UPDATE" frame for stream ID 0 with length 4 and flags 0x0.
2024-08-15 16:17:45.615 +03:00 [INF] Request finished HTTP/2 GET https://localhost:7098/_framework/aspnetcore-browser-refresh.js - 200 13748 application/javascript; charset=utf-8 8.4206ms
