2024-07-31 13:47:39.440 +03:00 [INF] Client started. Id: 13146fac-13e9-8d0c-aa4c-cfcf5246a153
2024-07-31 13:47:39.440 +03:00 [INF] Client started. Id: 13146fac-13e9-8d0c-aa4c-cfcf5246a153
2024-07-31 13:47:39.941 +03:00 [INF] Mode working by client (Notify): Automatic
2024-07-31 13:47:39.941 +03:00 [INF] Mode working by client (Alarm): Automatic
2024-07-31 13:47:41.957 +03:00 [INF] Try to connect to the server by url: https://localhost:8080/hubs/AlarmHub/Send
2024-07-31 13:47:41.957 +03:00 [INF] Try to connect to the server by url: https://localhost:8080/hubs/NotificationHub/Send
2024-07-31 14:34:51.818 +03:00 [INF] Client started. Id: 13146fac-13e9-8d0c-aa4c-cfcf5246a153
2024-07-31 14:34:51.818 +03:00 [INF] Client started. Id: 13146fac-13e9-8d0c-aa4c-cfcf5246a153
2024-07-31 14:34:52.226 +03:00 [INF] Mode working by client (Notify): Automatic
2024-07-31 14:34:52.226 +03:00 [INF] Mode working by client (Alarm): Automatic
2024-07-31 14:34:53.875 +03:00 [INF] Try to connect to the server by url: https://localhost:8080/hubs/AlarmHub/Send
2024-07-31 14:34:53.875 +03:00 [INF] Try to connect to the server by url: https://localhost:8080/hubs/NotificationHub/Send
2024-07-31 14:35:14.960 +03:00 [INF] Client started. Id: 13146fac-13e9-8d0c-aa4c-cfcf5246a153
2024-07-31 14:35:14.960 +03:00 [INF] Client started. Id: 13146fac-13e9-8d0c-aa4c-cfcf5246a153
2024-07-31 14:35:15.448 +03:00 [INF] Mode working by client (Notify): Automatic
2024-07-31 14:35:15.448 +03:00 [INF] Mode working by client (Alarm): Automatic
2024-07-31 14:35:18.821 +03:00 [INF] Try to connect to the server by url: https://localhost:8080/hubs/NotificationHub/Send
2024-07-31 14:35:18.823 +03:00 [INF] Try to connect to the server by url: https://localhost:8080/hubs/AlarmHub/Send
2024-07-31 14:46:37.278 +03:00 [INF] Client started. Id: 13146fac-13e9-8d0c-aa4c-cfcf5246a153
2024-07-31 14:46:37.287 +03:00 [INF] Client started. Id: 13146fac-13e9-8d0c-aa4c-cfcf5246a153
2024-07-31 14:46:37.535 +03:00 [INF] Mode working by client (Notify): Automatic
2024-07-31 14:46:37.535 +03:00 [INF] Mode working by client (Alarm): Automatic
2024-07-31 14:46:38.293 +03:00 [INF] Try to connect to the server by url: https://localhost:8080/hubs/AlarmHub/Send
2024-07-31 14:46:38.293 +03:00 [INF] Try to connect to the server by url: https://localhost:8080/hubs/NotificationHub/Send
2024-07-31 14:46:39.106 +03:00 [INF] Message sent to current-client-config-topic [[0]] @0
2024-07-31 14:46:39.106 +03:00 [INF] Message sent to current-client-config-topic [[0]] @1
2024-07-31 14:50:52.680 +03:00 [INF] Client started. Id: 13146fac-13e9-8d0c-aa4c-cfcf5246a153
2024-07-31 14:50:52.680 +03:00 [INF] Client started. Id: 13146fac-13e9-8d0c-aa4c-cfcf5246a153
2024-07-31 14:50:52.838 +03:00 [INF] Mode working by client (Notify): Automatic
2024-07-31 14:50:52.839 +03:00 [INF] Mode working by client (Alarm): Automatic
2024-07-31 14:50:53.428 +03:00 [INF] Try to connect to the server by url: https://localhost:8080/hubs/AlarmHub/Send
2024-07-31 14:50:53.428 +03:00 [INF] Try to connect to the server by url: https://localhost:8080/hubs/NotificationHub/Send
2024-07-31 14:50:54.305 +03:00 [INF] Message sent to current-client-config-topic [[0]] @3
2024-07-31 14:50:54.305 +03:00 [INF] Message sent to current-client-config-topic [[0]] @2
2024-07-31 14:51:12.250 +03:00 [INF] 13146fac-13e9-8d0c-aa4c-cfcf5246a153: Changing the settings of client. Reconnect with the new configuration ... 
2024-07-31 14:51:12.264 +03:00 [INF] Client started. Id: 13246fac-13e9-8d0c-aa4c-cfcf5246a153
2024-07-31 14:51:12.270 +03:00 [INF] Client started. Id: 13246fac-13e9-8d0c-aa4c-cfcf5246a153
2024-07-31 14:51:12.270 +03:00 [INF] Mode working by client (Notify): Automatic
2024-07-31 14:51:12.271 +03:00 [INF] Mode working by client (Alarm): Automatic
2024-07-31 14:51:12.292 +03:00 [INF] Try to connect to the server by url: https://localhost:8080/hubs/NotificationHub/Send
2024-07-31 14:51:12.292 +03:00 [INF] Try to connect to the server by url: https://localhost:8080/hubs/AlarmHub/Send
2024-07-31 14:51:12.293 +03:00 [INF] Message sent to current-client-config-topic [[0]] @4
2024-07-31 14:51:12.293 +03:00 [INF] Message sent to current-client-config-topic [[0]] @5
2024-07-31 14:52:58.876 +03:00 [INF] Client started. Id: 23446fac-13e9-8d0c-aa4c-cfcf5246a153
2024-07-31 14:52:58.876 +03:00 [INF] Client started. Id: 23446fac-13e9-8d0c-aa4c-cfcf5246a153
2024-07-31 14:52:59.088 +03:00 [INF] Mode working by client (Alarm): Automatic
2024-07-31 14:52:59.088 +03:00 [INF] Mode working by client (Notify): Automatic
2024-07-31 14:52:59.977 +03:00 [INF] Try to connect to the server by url: https://localhost:8080/hubs/NotificationHub/Send
2024-07-31 14:52:59.977 +03:00 [INF] Try to connect to the server by url: https://localhost:8080/hubs/AlarmHub/Send
2024-07-31 14:53:00.780 +03:00 [INF] Message sent to current-client-config-topic [[0]] @6
2024-07-31 14:53:00.780 +03:00 [INF] Message sent to current-client-config-topic [[0]] @7
2024-07-31 14:53:13.034 +03:00 [INF] 23446fac-13e9-8d0c-aa4c-cfcf5246a153: Changing the settings of client. Reconnect with the new configuration ... 
2024-07-31 14:53:13.046 +03:00 [INF] Client started. Id: 13446fac-13e9-8d0c-aa4c-cfcf5246a153
2024-07-31 14:53:13.054 +03:00 [INF] Client started. Id: 13446fac-13e9-8d0c-aa4c-cfcf5246a153
2024-07-31 14:53:13.055 +03:00 [INF] Mode working by client (Notify): Automatic
2024-07-31 14:53:13.056 +03:00 [INF] Mode working by client (Alarm): Automatic
2024-07-31 14:53:13.080 +03:00 [INF] Try to connect to the server by url: https://localhost:8080/hubs/AlarmHub/Send
2024-07-31 14:53:13.080 +03:00 [INF] Try to connect to the server by url: https://localhost:8080/hubs/NotificationHub/Send
2024-07-31 14:53:13.083 +03:00 [INF] Message sent to current-client-config-topic [[0]] @8
2024-07-31 14:53:13.083 +03:00 [INF] Message sent to current-client-config-topic [[0]] @9
2024-07-31 14:53:44.632 +03:00 [INF] Client started. Id: 13546fac-11e9-8d0c-aa4c-cfcf5246a153
2024-07-31 14:53:44.632 +03:00 [INF] Client started. Id: 13546fac-11e9-8d0c-aa4c-cfcf5246a153
2024-07-31 14:53:45.078 +03:00 [INF] Mode working by client (Notify): Manual
2024-07-31 14:53:45.437 +03:00 [INF] Mode working by client (Alarm): Manual
2024-07-31 14:53:46.777 +03:00 [INF] Message sent to current-client-config-topic [[0]] @10
2024-07-31 14:53:46.777 +03:00 [INF] Message sent to current-client-config-topic [[0]] @11
2024-07-31 14:53:52.024 +03:00 [INF] 13546fac-11e9-8d0c-aa4c-cfcf5246a153: Changing the settings of client. Reconnect with the new configuration ... 
2024-07-31 14:53:52.034 +03:00 [INF] Client started. Id: 11546fac-11e9-8d0c-aa4c-cfcf5246a153
2024-07-31 14:53:52.038 +03:00 [INF] Client started. Id: 11546fac-11e9-8d0c-aa4c-cfcf5246a153
2024-07-31 14:53:52.039 +03:00 [INF] Mode working by client (Notify): Manual
2024-07-31 14:53:52.041 +03:00 [INF] Mode working by client (Alarm): Manual
2024-07-31 14:53:53.078 +03:00 [INF] Message sent to current-client-config-topic [[0]] @12
2024-07-31 14:53:53.078 +03:00 [INF] Message sent to current-client-config-topic [[0]] @13
2024-07-31 14:53:56.153 +03:00 [INF] 11546fac-11e9-8d0c-aa4c-cfcf5246a153: Changing the settings of client. Reconnect with the new configuration ... 
2024-07-31 14:53:56.162 +03:00 [INF] Client started. Id: 14546fac-11e9-8d0c-aa4c-cfcf5246a153
2024-07-31 14:53:56.166 +03:00 [INF] Client started. Id: 14546fac-11e9-8d0c-aa4c-cfcf5246a153
2024-07-31 14:53:56.167 +03:00 [INF] Mode working by client (Notify): Manual
2024-07-31 14:53:56.169 +03:00 [INF] Mode working by client (Alarm): Manual
2024-07-31 14:53:56.192 +03:00 [INF] Message sent to current-client-config-topic [[0]] @14
2024-07-31 14:53:56.196 +03:00 [INF] Message sent to current-client-config-topic [[0]] @15
2024-07-31 14:54:14.290 +03:00 [INF] Client started. Id: 14546fac-11e9-8d0c-aa4c-cfcf5246a111
2024-07-31 14:54:14.290 +03:00 [INF] Client started. Id: 14546fac-11e9-8d0c-aa4c-cfcf5246a111
2024-07-31 14:54:14.413 +03:00 [INF] Mode working by client (Alarm): Manual
2024-07-31 14:54:14.413 +03:00 [INF] Mode working by client (Notify): Manual
2024-07-31 14:54:15.778 +03:00 [INF] Message sent to current-client-config-topic [[0]] @17
2024-07-31 14:54:15.778 +03:00 [INF] Message sent to current-client-config-topic [[0]] @16
2024-07-31 14:54:21.780 +03:00 [INF] 14546fac-11e9-8d0c-aa4c-cfcf5246a111: Changing the settings of client. Reconnect with the new configuration ... 
2024-07-31 14:54:21.790 +03:00 [INF] Client started. Id: 14526fac-11e9-8d0c-aa4c-cfcf5246a111
2024-07-31 14:54:21.796 +03:00 [INF] Client started. Id: 14526fac-11e9-8d0c-aa4c-cfcf5246a111
2024-07-31 14:54:21.796 +03:00 [INF] Mode working by client (Notify): Manual
2024-07-31 14:54:21.799 +03:00 [INF] Mode working by client (Alarm): Manual
2024-07-31 14:54:21.835 +03:00 [INF] Message sent to current-client-config-topic [[0]] @18
2024-07-31 14:54:21.835 +03:00 [INF] Message sent to current-client-config-topic [[0]] @19
2024-07-31 14:54:26.861 +03:00 [INF] 14526fac-11e9-8d0c-aa4c-cfcf5246a111: Changing the settings of client. Reconnect with the new configuration ... 
2024-07-31 14:54:26.890 +03:00 [INF] Client started. Id: 14526fac-11e9-8d0c-aa4c-cfff5246a111
2024-07-31 14:54:26.898 +03:00 [INF] Client started. Id: 14526fac-11e9-8d0c-aa4c-cfff5246a111
2024-07-31 14:54:26.898 +03:00 [INF] Mode working by client (Notify): Manual
2024-07-31 14:54:26.900 +03:00 [INF] Mode working by client (Alarm): Manual
2024-07-31 14:54:26.923 +03:00 [INF] Message sent to current-client-config-topic [[0]] @20
2024-07-31 14:54:27.925 +03:00 [INF] Message sent to current-client-config-topic [[0]] @21
2024-07-31 15:08:15.326 +03:00 [INF] Client started. Id: 13546fac-11e9-8d0c-aa4c-cfcf5246a153
2024-07-31 15:08:15.278 +03:00 [INF] Client started. Id: 13546fac-11e9-8d0c-aa4c-cfcf5246a153
2024-07-31 15:08:15.595 +03:00 [INF] Mode working by client (Alarm): Manual
2024-07-31 15:08:15.595 +03:00 [INF] Mode working by client (Notify): Manual
2024-07-31 15:08:15.664 +03:00 [INF] Message sent to current-client-config-topic [[0]] @23
2024-07-31 15:08:26.851 +03:00 [INF] 13546fac-11e9-8d0c-aa4c-cfcf5246a153: Changing the settings of client. Reconnect with the new configuration ... 
2024-07-31 15:08:26.860 +03:00 [INF] Client started. Id: 13541fac-11e9-8d0c-aa4c-cfcf5246a153
2024-07-31 15:08:26.864 +03:00 [INF] Client started. Id: 13541fac-11e9-8d0c-aa4c-cfcf5246a153
2024-07-31 15:08:26.865 +03:00 [INF] Mode working by client (Notify): Manual
2024-07-31 15:08:26.867 +03:00 [INF] Mode working by client (Alarm): Manual
2024-07-31 15:08:26.877 +03:00 [INF] Message sent to current-client-config-topic [[0]] @24
2024-07-31 15:08:34.902 +03:00 [INF] 13541fac-11e9-8d0c-aa4c-cfcf5246a153: Changing the settings of client. Reconnect with the new configuration ... 
2024-07-31 15:08:34.909 +03:00 [INF] Client started. Id: 13541fac-11e6-8d0c-aa4c-cfcf5246a153
2024-07-31 15:08:34.913 +03:00 [INF] Client started. Id: 13541fac-11e6-8d0c-aa4c-cfcf5246a153
2024-07-31 15:08:34.914 +03:00 [INF] Mode working by client (Notify): Manual
2024-07-31 15:08:34.916 +03:00 [INF] Mode working by client (Alarm): Manual
2024-07-31 15:08:34.922 +03:00 [INF] Message sent to current-client-config-topic [[0]] @25
2024-07-31 15:31:15.772 +03:00 [INF] Client started. Id: 13541fac-11e6-8d0c-aa4c-cfcf5346a153
2024-07-31 15:31:15.772 +03:00 [INF] Client started. Id: 13541fac-11e6-8d0c-aa4c-cfcf5346a153
2024-07-31 15:31:15.948 +03:00 [INF] Message sent to current-client-config-topic [[0]] @26
2024-07-31 15:31:16.029 +03:00 [INF] Mode working by client (Alarm): Manual
2024-07-31 15:31:16.029 +03:00 [INF] Mode working by client (Notify): Manual
2024-07-31 15:31:44.112 +03:00 [INF] 13541fac-11e6-8d0c-aa4c-cfcf5346a153: Changing the settings of client. Reconnect with the new configuration ... 
2024-07-31 15:31:44.123 +03:00 [INF] Client started. Id: 12541fac-11e6-8d0c-aa4c-cfcf5346a153
2024-07-31 15:31:44.130 +03:00 [INF] Client started. Id: 12541fac-11e6-8d0c-aa4c-cfcf5346a153
2024-07-31 15:31:44.134 +03:00 [INF] Mode working by client (Notify): Manual
2024-07-31 15:31:44.135 +03:00 [INF] Mode working by client (Alarm): Manual
2024-07-31 15:31:44.141 +03:00 [INF] Message sent to current-client-config-topic [[0]] @27
2024-07-31 15:31:44.142 +03:00 [INF] 12541fac-11e6-8d0c-aa4c-cfcf5346a153: Changing the settings of client. Reconnect with the new configuration ... 
2024-07-31 15:31:44.155 +03:00 [INF] Client started. Id: 12541fac-11e6-8d0c-aa4c-cfcf5346a153
2024-07-31 15:31:44.160 +03:00 [INF] Client started. Id: 12541fac-11e6-8d0c-aa4c-cfcf5346a153
2024-07-31 15:31:44.161 +03:00 [INF] Mode working by client (Notify): Manual
2024-07-31 15:31:44.162 +03:00 [INF] Mode working by client (Alarm): Manual
2024-07-31 15:31:44.172 +03:00 [INF] Message sent to current-client-config-topic [[0]] @28
2024-07-31 15:31:58.744 +03:00 [INF] 12541fac-11e6-8d0c-aa4c-cfcf5346a153: Changing the settings of client. Reconnect with the new configuration ... 
2024-07-31 15:31:58.751 +03:00 [INF] Client started. Id: 11541fac-11e6-8d0c-aa4c-cfcf5346a153
2024-07-31 15:31:58.755 +03:00 [INF] Client started. Id: 11541fac-11e6-8d0c-aa4c-cfcf5346a153
2024-07-31 15:31:58.756 +03:00 [INF] Mode working by client (Notify): Manual
2024-07-31 15:31:58.757 +03:00 [INF] Mode working by client (Alarm): Manual
2024-07-31 15:31:58.762 +03:00 [INF] 11541fac-11e6-8d0c-aa4c-cfcf5346a153: Changing the settings of client. Reconnect with the new configuration ... 
2024-07-31 15:31:58.767 +03:00 [INF] Message sent to current-client-config-topic [[0]] @29
2024-07-31 15:31:58.773 +03:00 [INF] Client started. Id: 11541fac-11e6-8d0c-aa4c-cfcf5346a153
2024-07-31 15:31:58.777 +03:00 [INF] Client started. Id: 11541fac-11e6-8d0c-aa4c-cfcf5346a153
2024-07-31 15:31:58.778 +03:00 [INF] Mode working by client (Notify): Manual
2024-07-31 15:31:58.779 +03:00 [INF] Mode working by client (Alarm): Manual
2024-07-31 15:31:58.787 +03:00 [INF] Message sent to current-client-config-topic [[0]] @30
2024-07-31 15:32:03.025 +03:00 [INF] 11541fac-11e6-8d0c-aa4c-cfcf5346a153: Changing the settings of client. Reconnect with the new configuration ... 
2024-07-31 15:32:03.038 +03:00 [INF] Client started. Id: 11521fac-11e6-8d0c-aa4c-cfcf5346a153
2024-07-31 15:32:03.043 +03:00 [INF] Client started. Id: 11521fac-11e6-8d0c-aa4c-cfcf5346a153
2024-07-31 15:32:03.044 +03:00 [INF] Mode working by client (Notify): Manual
2024-07-31 15:32:03.046 +03:00 [INF] Mode working by client (Alarm): Manual
2024-07-31 15:32:03.054 +03:00 [INF] Message sent to current-client-config-topic [[0]] @31
2024-07-31 15:32:09.752 +03:00 [INF] 11521fac-11e6-8d0c-aa4c-cfcf5346a153: Changing the settings of client. Reconnect with the new configuration ... 
2024-07-31 15:32:09.752 +03:00 [INF] 11521fac-11e6-8d0c-aa4c-cfcf5346a153: Changing the settings of client. Reconnect with the new configuration ... 
2024-07-31 15:32:09.761 +03:00 [INF] Client started. Id: 11521fac-11e6-6d0c-aa4c-cfcf5346a153
2024-07-31 15:32:09.766 +03:00 [INF] Client started. Id: 11521fac-11e6-6d0c-aa4c-cfcf5346a153
2024-07-31 15:32:09.769 +03:00 [INF] Mode working by client (Notify): Manual
2024-07-31 15:32:09.770 +03:00 [INF] Mode working by client (Alarm): Manual
2024-07-31 15:32:09.773 +03:00 [INF] Client started. Id: 11521fac-11e6-6d0c-aa4c-cfcf5346a153
2024-07-31 15:32:09.781 +03:00 [INF] Message sent to current-client-config-topic [[0]] @32
2024-07-31 15:32:09.781 +03:00 [INF] Client started. Id: 11521fac-11e6-6d0c-aa4c-cfcf5346a153
2024-07-31 15:32:09.787 +03:00 [INF] Message sent to current-client-config-topic [[0]] @33
2024-07-31 15:32:09.787 +03:00 [INF] Mode working by client (Notify): Manual
2024-07-31 15:32:09.790 +03:00 [INF] Mode working by client (Alarm): Manual
2024-07-31 15:33:37.599 +03:00 [INF] Client started. Id: 11521fac-11e6-6d0c-aa4c-cfcf5346a153
2024-07-31 15:33:37.599 +03:00 [INF] Client started. Id: 11521fac-11e6-6d0c-aa4c-cfcf5346a153
2024-07-31 15:33:37.797 +03:00 [INF] Mode working by client (Alarm): Manual
2024-07-31 15:33:37.797 +03:00 [INF] Mode working by client (Notify): Manual
2024-07-31 15:33:38.086 +03:00 [INF] Message sent to current-client-config-topic [[0]] @34
2024-07-31 15:34:34.208 +03:00 [INF] Client started. Id: 11541fac-11e6-8d0c-aa4c-cfcf5346a153
2024-07-31 15:34:34.208 +03:00 [INF] Client started. Id: 11541fac-11e6-8d0c-aa4c-cfcf5346a153
2024-07-31 15:34:34.334 +03:00 [INF] Mode working by client (Notify): Manual
2024-07-31 15:34:34.334 +03:00 [INF] Mode working by client (Alarm): Manual
2024-07-31 15:34:35.008 +03:00 [INF] Message sent to current-client-config-topic [[0]] @36
2024-07-31 15:35:13.681 +03:00 [INF] 11541fac-11e6-8d0c-aa4c-cfcf5346a153: Changing the settings of client. Reconnect with the new configuration ... 
2024-07-31 15:35:13.681 +03:00 [INF] 11541fac-11e6-8d0c-aa4c-cfcf5346a153: Changing the settings of client. Reconnect with the new configuration ... 
2024-07-31 15:35:13.693 +03:00 [INF] Client started. Id: 22541fac-11e6-8d0c-aa4c-cfcf5346a153
2024-07-31 15:35:13.696 +03:00 [INF] Client started. Id: 22541fac-11e6-8d0c-aa4c-cfcf5346a153
2024-07-31 15:35:13.700 +03:00 [INF] Client started. Id: 22541fac-11e6-8d0c-aa4c-cfcf5346a153
2024-07-31 15:35:13.704 +03:00 [INF] Client started. Id: 22541fac-11e6-8d0c-aa4c-cfcf5346a153
2024-07-31 15:35:13.706 +03:00 [INF] Mode working by client (Notify): Manual
2024-07-31 15:35:13.707 +03:00 [INF] Mode working by client (Notify): Manual
2024-07-31 15:35:13.708 +03:00 [INF] Mode working by client (Alarm): Manual
2024-07-31 15:35:13.720 +03:00 [INF] Message sent to current-client-config-topic [[0]] @38
2024-07-31 15:35:13.721 +03:00 [INF] Message sent to current-client-config-topic [[0]] @37
2024-07-31 15:35:13.709 +03:00 [INF] Mode working by client (Alarm): Manual
2024-07-31 15:38:12.323 +03:00 [INF] Client started. Id: 22541fac-11e6-8d0c-aa4c-cfcf5346a153
2024-07-31 15:38:12.323 +03:00 [INF] Client started. Id: 22541fac-11e6-8d0c-aa4c-cfcf5346a153
2024-07-31 15:38:12.475 +03:00 [INF] Mode working by client (Alarm): Manual
2024-07-31 15:38:12.475 +03:00 [INF] Mode working by client (Notify): Manual
2024-07-31 15:38:13.034 +03:00 [INF] Message sent to current-client-config-topic [[0]] @39
2024-07-31 15:41:07.799 +03:00 [INF] Client started. Id: 12541fac-11e6-8d0c-aa4c-cfcf5346a153
2024-07-31 15:41:07.799 +03:00 [INF] Client started. Id: 12541fac-11e6-8d0c-aa4c-cfcf5346a153
2024-07-31 15:41:07.944 +03:00 [INF] Mode working by client (Alarm): Manual
2024-07-31 15:41:07.944 +03:00 [INF] Mode working by client (Notify): Manual
2024-07-31 15:41:08.548 +03:00 [INF] Message sent to current-client-config-topic [[0]] @40
2024-07-31 15:41:49.916 +03:00 [INF] Client started. Id: 12141fac-11e6-8d0c-aa4c-cfcf5346a153
2024-07-31 15:41:49.916 +03:00 [INF] Client started. Id: 12141fac-11e6-8d0c-aa4c-cfcf5346a153
2024-07-31 15:41:50.050 +03:00 [INF] Mode working by client (Alarm): Manual
2024-07-31 15:41:50.050 +03:00 [INF] Mode working by client (Notify): Manual
2024-07-31 15:41:50.754 +03:00 [INF] Message sent to current-client-config-topic [[0]] @41
2024-07-31 15:42:59.352 +03:00 [INF] Client started. Id: 11141fac-11e6-8d0c-aa4c-cfcf5346a153
2024-07-31 15:42:59.352 +03:00 [INF] Client started. Id: 11141fac-11e6-8d0c-aa4c-cfcf5346a153
2024-07-31 15:42:59.504 +03:00 [INF] Mode working by client (Alarm): Manual
2024-07-31 15:42:59.504 +03:00 [INF] Mode working by client (Notify): Manual
2024-07-31 15:43:00.004 +03:00 [INF] Message sent to current-client-config-topic [[0]] @42
2024-07-31 15:43:05.839 +03:00 [INF] 11141fac-11e6-8d0c-aa4c-cfcf5346a153: Changing the settings of client. Reconnect with the new configuration ... 
2024-07-31 15:43:05.884 +03:00 [INF] Message sent to current-client-config-topic [[0]] @43
2024-07-31 15:43:17.638 +03:00 [INF] Client started. Id: 11141fac-11e6-8d0c-aa4c-cfcf5346a153
2024-07-31 15:43:17.638 +03:00 [INF] Client started. Id: 11141fac-11e6-8d0c-aa4c-cfcf5346a153
2024-07-31 15:43:17.866 +03:00 [INF] Mode working by client (Notify): Manual
2024-07-31 15:43:17.866 +03:00 [INF] Mode working by client (Alarm): Manual
2024-07-31 15:43:18.285 +03:00 [INF] Message sent to current-client-config-topic [[0]] @44
2024-07-31 15:43:21.328 +03:00 [INF] 11141fac-11e6-8d0c-aa4c-cfcf5346a153: Changing the settings of client. Reconnect with the new configuration ... 
2024-07-31 15:43:21.340 +03:00 [INF] Client started. Id: 21141fac-11e6-8d0c-aa4c-cfcf5346a153
2024-07-31 15:43:21.346 +03:00 [INF] Client started. Id: 21141fac-11e6-8d0c-aa4c-cfcf5346a153
2024-07-31 15:43:21.347 +03:00 [INF] Mode working by client (Notify): Manual
2024-07-31 15:43:21.348 +03:00 [INF] Mode working by client (Alarm): Manual
2024-07-31 15:43:21.361 +03:00 [INF] Message sent to current-client-config-topic [[0]] @45
2024-07-31 15:43:28.203 +03:00 [INF] 21141fac-11e6-8d0c-aa4c-cfcf5346a153: Changing the settings of client. Reconnect with the new configuration ... 
2024-07-31 15:43:28.213 +03:00 [INF] Client started. Id: 21141fac-11e6-8d0c-aa4c-cfcf5346a113
2024-07-31 15:43:28.220 +03:00 [INF] Mode working by client (Notify): Manual
2024-07-31 15:43:28.218 +03:00 [INF] Client started. Id: 21141fac-11e6-8d0c-aa4c-cfcf5346a113
2024-07-31 15:43:28.226 +03:00 [INF] Mode working by client (Alarm): Manual
2024-07-31 15:43:28.229 +03:00 [INF] Message sent to current-client-config-topic [[0]] @46
2024-07-31 15:43:34.616 +03:00 [INF] 21141fac-11e6-8d0c-aa4c-cfcf5346a113: Changing the settings of client. Reconnect with the new configuration ... 
2024-07-31 15:43:34.624 +03:00 [INF] Client started. Id: 21141fac-11e6-8b0c-aa4c-cfcf5346a113
2024-07-31 15:43:34.629 +03:00 [INF] 21141fac-11e6-8b0c-aa4c-cfcf5346a113: Changing the settings of client. Reconnect with the new configuration ... 
2024-07-31 15:43:34.626 +03:00 [INF] 21141fac-11e6-8b0c-aa4c-cfcf5346a113: Changing the settings of client. Reconnect with the new configuration ... 
2024-07-31 15:43:34.630 +03:00 [INF] Mode working by client (Notify): Manual
2024-07-31 15:43:34.635 +03:00 [INF] Message sent to current-client-config-topic [[0]] @47
2024-07-31 15:43:34.630 +03:00 [INF] Client started. Id: 21141fac-11e6-8b0c-aa4c-cfcf5346a113
2024-07-31 15:43:34.655 +03:00 [INF] 21141fac-11e6-8b0c-aa4c-cfcf5346a113: Changing the settings of client. Reconnect with the new configuration ... 
2024-07-31 15:43:34.655 +03:00 [INF] 21141fac-11e6-8b0c-aa4c-cfcf5346a113: Changing the settings of client. Reconnect with the new configuration ... 
2024-07-31 15:43:34.659 +03:00 [INF] Message sent to current-client-config-topic [[0]] @48
2024-07-31 15:43:34.688 +03:00 [INF] Client started. Id: 21141fac-11e6-8b0c-aa4c-cfcf5346a113
2024-07-31 15:43:34.659 +03:00 [INF] Message sent to current-client-config-topic [[0]] @49
2024-07-31 15:43:34.684 +03:00 [INF] Message sent to current-client-config-topic [[0]] @50
2024-07-31 15:43:34.660 +03:00 [INF] Mode working by client (Alarm): Manual
2024-07-31 15:43:34.638 +03:00 [INF] Client started. Id: 21141fac-11e6-8b0c-aa4c-cfcf5346a113
2024-07-31 15:43:34.645 +03:00 [INF] Client started. Id: 21141fac-11e6-8b0c-aa4c-cfcf5346a113
2024-07-31 15:43:34.655 +03:00 [INF] Client started. Id: 21141fac-11e6-8b0c-aa4c-cfcf5346a113
2024-07-31 15:43:34.658 +03:00 [INF] Client started. Id: 21141fac-11e6-8b0c-aa4c-cfcf5346a113
2024-07-31 15:43:34.668 +03:00 [INF] Client started. Id: 21141fac-11e6-8b0c-aa4c-cfcf5346a113
2024-07-31 15:43:34.674 +03:00 [INF] Client started. Id: 21141fac-11e6-8b0c-aa4c-cfcf5346a113
2024-07-31 15:43:34.714 +03:00 [INF] Mode working by client (Alarm): Manual
2024-07-31 15:43:34.692 +03:00 [INF] Mode working by client (Alarm): Manual
2024-07-31 15:43:34.701 +03:00 [INF] Message sent to current-client-config-topic [[0]] @51
2024-07-31 15:43:34.703 +03:00 [INF] Mode working by client (Notify): Manual
2024-07-31 15:43:34.707 +03:00 [INF] Mode working by client (Alarm): Manual
2024-07-31 15:43:34.708 +03:00 [INF] Mode working by client (Notify): Manual
2024-07-31 15:43:34.710 +03:00 [INF] Mode working by client (Alarm): Manual
2024-07-31 15:43:34.712 +03:00 [INF] Mode working by client (Notify): Manual
2024-07-31 15:43:34.682 +03:00 [INF] Client started. Id: 21141fac-11e6-8b0c-aa4c-cfcf5346a113
2024-07-31 15:43:34.758 +03:00 [INF] Mode working by client (Notify): Manual
2024-07-31 15:45:27.021 +03:00 [INF] Client started. Id: 21141fac-11e6-8b0c-aa4c-cfcf5346a113
2024-07-31 15:45:27.021 +03:00 [INF] Client started. Id: 21141fac-11e6-8b0c-aa4c-cfcf5346a113
2024-07-31 15:45:27.284 +03:00 [INF] Mode working by client (Notify): Manual
2024-07-31 15:45:27.284 +03:00 [INF] Mode working by client (Alarm): Manual
2024-07-31 15:45:27.608 +03:00 [INF] Message sent to current-client-config-topic [[0]] @52
2024-07-31 15:45:33.380 +03:00 [INF] 21141fac-11e6-8b0c-aa4c-cfcf5346a113: Changing the settings of client. Reconnect with the new configuration ... 
2024-07-31 15:45:33.390 +03:00 [INF] Client started. Id: 11141fac-11e6-8b0c-aa4c-cfcf5346a113
2024-07-31 15:45:33.393 +03:00 [INF] Client started. Id: 11141fac-11e6-8b0c-aa4c-cfcf5346a113
2024-07-31 15:45:33.395 +03:00 [INF] Mode working by client (Notify): Manual
2024-07-31 15:45:33.397 +03:00 [INF] Mode working by client (Alarm): Manual
2024-07-31 15:45:33.407 +03:00 [INF] Message sent to current-client-config-topic [[0]] @53
2024-07-31 15:45:40.450 +03:00 [INF] 11141fac-11e6-8b0c-aa4c-cfcf5346a113: Changing the settings of client. Reconnect with the new configuration ... 
2024-07-31 15:45:40.458 +03:00 [INF] Client started. Id: 11341fac-11e6-8b0c-aa4c-cfcf5346a113
2024-07-31 15:45:40.461 +03:00 [INF] Client started. Id: 11341fac-11e6-8b0c-aa4c-cfcf5346a113
2024-07-31 15:45:40.462 +03:00 [INF] Mode working by client (Notify): Manual
2024-07-31 15:45:40.463 +03:00 [INF] Mode working by client (Alarm): Manual
2024-07-31 15:45:40.472 +03:00 [INF] Message sent to current-client-config-topic [[0]] @54
2024-07-31 15:45:49.802 +03:00 [INF] 11341fac-11e6-8b0c-aa4c-cfcf5346a113: Changing the settings of client. Reconnect with the new configuration ... 
2024-07-31 15:45:49.811 +03:00 [INF] Client started. Id: 11341fac-11e6-8d0c-aa4c-cfcf5346a113
2024-07-31 15:45:49.814 +03:00 [INF] Client started. Id: 11341fac-11e6-8d0c-aa4c-cfcf5346a113
2024-07-31 15:45:49.815 +03:00 [INF] Mode working by client (Notify): Manual
2024-07-31 15:45:49.816 +03:00 [INF] Mode working by client (Alarm): Manual
2024-07-31 15:45:49.828 +03:00 [INF] Message sent to current-client-config-topic [[0]] @55
2024-07-31 15:45:54.360 +03:00 [INF] 11341fac-11e6-8d0c-aa4c-cfcf5346a113: Changing the settings of client. Reconnect with the new configuration ... 
2024-07-31 15:45:54.369 +03:00 [INF] Client started. Id: 11341fac-11e6-8b0c-aa4c-cfcf5346a113
2024-07-31 15:45:54.374 +03:00 [INF] Client started. Id: 11341fac-11e6-8b0c-aa4c-cfcf5346a113
2024-07-31 15:45:54.376 +03:00 [INF] Mode working by client (Notify): Manual
2024-07-31 15:45:54.377 +03:00 [INF] Mode working by client (Alarm): Manual
2024-07-31 15:45:54.384 +03:00 [INF] Message sent to current-client-config-topic [[0]] @56
