2024-06-25 11:34:30.637 +03:00 [INF] The provided configuration is used.
2024-06-25 11:40:32.180 +03:00 [INF] The provided configuration is used.
2024-06-25 13:13:54.792 +03:00 [INF] The provided configuration is used.
2024-06-25 13:16:02.473 +03:00 [INF] The provided configuration is used.
2024-06-25 13:19:55.953 +03:00 [INF] The provided configuration is used.
2024-06-25 13:23:34.345 +03:00 [INF] The provided configuration is used.
2024-06-25 13:24:03.056 +03:00 [INF] New connection: e6kXDGP0lcpeFzN_xBXNQw
2024-06-25 13:52:46.872 +03:00 [INF] The provided configuration is used.
2024-06-25 14:48:22.150 +03:00 [INF] The provided configuration is used.
2024-06-25 14:48:31.333 +03:00 [INF] New connection: FF6rYvy3vKLsvPcSWCeyrQ
2024-06-25 14:48:31.535 +03:00 [INF] Disconnecting: FF6rYvy3vKLsvPcSWCeyrQ
2024-06-25 14:48:58.156 +03:00 [INF] New connection: 2sAaJe2wwBXXwjmPc9iTlg
2024-06-25 14:48:58.699 +03:00 [INF] Disconnecting: 2sAaJe2wwBXXwjmPc9iTlg
2024-06-25 14:49:57.241 +03:00 [INF] New connection: iyeHJ2tz4GWANO6oUhVTYg
2024-06-25 14:49:57.612 +03:00 [INF] Disconnecting: iyeHJ2tz4GWANO6oUhVTYg
2024-06-25 14:52:42.883 +03:00 [INF] The provided configuration is used.
2024-06-25 14:52:49.394 +03:00 [INF] New connection: iP9R6l6spnUWgfpE9qyukQ
2024-06-25 14:53:11.778 +03:00 [INF] Disconnecting: iP9R6l6spnUWgfpE9qyukQ
2024-06-25 15:22:07.592 +03:00 [INF] The provided configuration is used.
2024-06-25 15:33:19.640 +03:00 [INF] The provided configuration is used.
2024-06-25 15:34:27.094 +03:00 [INF] The provided configuration is used.
2024-06-25 15:40:13.921 +03:00 [INF] The provided configuration is used.
2024-06-25 15:44:21.982 +03:00 [INF] The provided configuration is used.
