2024-06-24 14:51:20.080 +03:00 [INF] Changing the configuration. Continue with the new configuration ... 
2024-06-24 14:59:10.756 +03:00 [INF] Changing the configuration. Continue with the new configuration ... 
2024-06-24 14:59:16.068 +03:00 [INF] Changing the configuration. Continue with the new configuration ... 
2024-06-24 14:59:22.786 +03:00 [INF] Changing the host configuration. Reboot ... 
2024-06-24 15:31:43.898 +03:00 [INF] New connection: C9qPWKLqJSHX_YxYbYpAvA
2024-06-24 15:33:08.677 +03:00 [INF] New connection: cK_h2dN5jELTsdIkNdgAgw
2024-06-24 15:35:54.593 +03:00 [INF] New connection: tOcu6jp8wDScbUDFsIvPbg
2024-06-24 15:36:06.111 +03:00 [INF] Changing the host configuration. Reboot ... 
2024-06-24 15:36:06.134 +03:00 [INF] Disconnecting: tOcu6jp8wDScbUDFsIvPbg
2024-06-24 16:16:25.053 +03:00 [INF] The provided configuration is used.
2024-06-24 16:16:25.300 +03:00 [INF] Changing the database. Reboot ... 
2024-06-24 16:16:25.302 +03:00 [INF] Changing the host configuration. Reboot ... 
2024-06-24 16:17:36.143 +03:00 [INF] The provided configuration is used.
2024-06-24 16:17:37.002 +03:00 [INF] Changing the configuration.
2024-06-24 16:17:37.108 +03:00 [INF] Changing the configuration.
2024-06-24 16:17:37.221 +03:00 [INF] Changing the configuration.
2024-06-24 16:17:37.339 +03:00 [INF] Changing the configuration.
2024-06-24 16:17:37.462 +03:00 [INF] Changing the configuration.
2024-06-24 16:17:37.570 +03:00 [INF] Changing the configuration.
2024-06-24 16:17:37.675 +03:00 [INF] Changing the configuration.
2024-06-24 16:17:37.783 +03:00 [INF] Changing the configuration.
2024-06-24 16:17:37.907 +03:00 [INF] Changing the configuration.
2024-06-24 16:17:38.013 +03:00 [INF] Changing the configuration.
2024-06-24 16:17:38.121 +03:00 [INF] Changing the configuration.
2024-06-24 16:17:38.228 +03:00 [INF] Changing the configuration.
2024-06-24 16:17:38.334 +03:00 [INF] Changing the configuration.
2024-06-24 16:17:38.442 +03:00 [INF] Changing the configuration.
2024-06-24 16:17:38.550 +03:00 [INF] Changing the configuration.
2024-06-24 16:17:38.657 +03:00 [INF] Changing the configuration.
2024-06-24 16:17:38.766 +03:00 [INF] Changing the configuration.
2024-06-24 16:17:38.872 +03:00 [INF] Changing the configuration.
2024-06-24 16:17:38.979 +03:00 [INF] Changing the configuration.
2024-06-24 16:17:39.087 +03:00 [INF] Changing the configuration.
2024-06-24 16:17:39.196 +03:00 [INF] Changing the configuration.
2024-06-24 16:17:39.302 +03:00 [INF] Changing the configuration.
2024-06-24 16:17:39.411 +03:00 [INF] Changing the configuration.
2024-06-24 16:17:39.519 +03:00 [INF] Changing the configuration.
2024-06-24 16:17:39.626 +03:00 [INF] Changing the configuration.
2024-06-24 16:17:39.733 +03:00 [INF] Changing the configuration.
2024-06-24 16:17:39.842 +03:00 [INF] Changing the configuration.
2024-06-24 16:17:39.950 +03:00 [INF] Changing the configuration.
2024-06-24 16:17:40.059 +03:00 [INF] Changing the configuration.
2024-06-24 16:17:40.166 +03:00 [INF] Changing the configuration.
2024-06-24 16:17:40.276 +03:00 [INF] Changing the configuration.
2024-06-24 16:17:40.383 +03:00 [INF] Changing the configuration.
2024-06-24 16:17:40.491 +03:00 [INF] Changing the configuration.
2024-06-24 16:17:40.599 +03:00 [INF] Changing the configuration.
2024-06-24 16:17:40.709 +03:00 [INF] Changing the configuration.
2024-06-24 16:17:40.816 +03:00 [INF] Changing the configuration.
2024-06-24 16:17:40.925 +03:00 [INF] Changing the configuration.
2024-06-24 16:17:41.034 +03:00 [INF] Changing the configuration.
2024-06-24 16:17:41.143 +03:00 [INF] Changing the configuration.
2024-06-24 16:17:41.251 +03:00 [INF] Changing the configuration.
2024-06-24 16:17:41.359 +03:00 [INF] Changing the configuration.
2024-06-24 16:17:41.465 +03:00 [INF] Changing the configuration.
2024-06-24 16:17:41.573 +03:00 [INF] Changing the configuration.
2024-06-24 16:17:41.680 +03:00 [INF] Changing the configuration.
2024-06-24 16:17:41.787 +03:00 [INF] Changing the configuration.
2024-06-24 16:17:41.895 +03:00 [INF] Changing the configuration.
2024-06-24 16:17:42.005 +03:00 [INF] Changing the configuration.
2024-06-24 16:17:42.112 +03:00 [INF] Changing the configuration.
2024-06-24 16:17:42.221 +03:00 [INF] Changing the configuration.
2024-06-24 16:17:42.329 +03:00 [INF] Changing the configuration.
2024-06-24 16:17:42.435 +03:00 [INF] Changing the configuration.
2024-06-24 16:17:42.543 +03:00 [INF] Changing the configuration.
2024-06-24 16:17:42.651 +03:00 [INF] Changing the configuration.
2024-06-24 16:17:42.760 +03:00 [INF] Changing the configuration.
2024-06-24 16:17:42.869 +03:00 [INF] Changing the configuration.
2024-06-24 16:17:42.978 +03:00 [INF] Changing the configuration.
2024-06-24 16:17:43.086 +03:00 [INF] Changing the configuration.
2024-06-24 16:17:43.192 +03:00 [INF] Changing the configuration.
2024-06-24 16:17:43.297 +03:00 [INF] Changing the configuration.
2024-06-24 16:17:43.405 +03:00 [INF] Changing the configuration.
2024-06-24 16:17:43.514 +03:00 [INF] Changing the configuration.
2024-06-24 16:17:43.621 +03:00 [INF] Changing the configuration.
2024-06-24 16:17:43.728 +03:00 [INF] Changing the configuration.
2024-06-24 16:17:43.836 +03:00 [INF] Changing the configuration.
2024-06-24 16:17:43.945 +03:00 [INF] Changing the configuration.
2024-06-24 16:17:44.054 +03:00 [INF] Changing the configuration.
2024-06-24 16:17:44.163 +03:00 [INF] Changing the configuration.
2024-06-24 16:17:44.272 +03:00 [INF] Changing the configuration.
2024-06-24 16:17:44.380 +03:00 [INF] Changing the configuration.
2024-06-24 16:17:44.487 +03:00 [INF] Changing the configuration.
2024-06-24 16:17:44.595 +03:00 [INF] Changing the configuration.
2024-06-24 16:17:46.447 +03:00 [INF] Changing the configuration.
2024-06-24 16:17:46.554 +03:00 [INF] Changing the configuration.
2024-06-24 16:17:46.664 +03:00 [INF] Changing the configuration.
2024-06-24 16:17:46.773 +03:00 [INF] Changing the configuration.
2024-06-24 16:17:46.881 +03:00 [INF] Changing the configuration.
2024-06-24 16:17:46.990 +03:00 [INF] Changing the configuration.
2024-06-24 16:17:47.097 +03:00 [INF] Changing the configuration.
2024-06-24 16:17:47.204 +03:00 [INF] Changing the configuration.
2024-06-24 16:17:47.312 +03:00 [INF] Changing the configuration.
2024-06-24 16:17:47.419 +03:00 [INF] Changing the configuration.
2024-06-24 16:17:47.526 +03:00 [INF] Changing the configuration.
2024-06-24 16:17:47.633 +03:00 [INF] Changing the configuration.
2024-06-24 16:17:47.742 +03:00 [INF] Changing the configuration.
2024-06-24 16:17:47.850 +03:00 [INF] Changing the configuration.
2024-06-24 16:17:47.959 +03:00 [INF] Changing the configuration.
2024-06-24 16:17:48.068 +03:00 [INF] Changing the configuration.
2024-06-24 16:17:48.176 +03:00 [INF] Changing the configuration.
2024-06-24 16:17:48.285 +03:00 [INF] Changing the configuration.
2024-06-24 16:17:48.394 +03:00 [INF] Changing the configuration.
2024-06-24 16:17:48.503 +03:00 [INF] Changing the configuration.
2024-06-24 16:17:48.610 +03:00 [INF] Changing the configuration.
2024-06-24 16:17:48.719 +03:00 [INF] Changing the configuration.
2024-06-24 16:17:48.826 +03:00 [INF] Changing the configuration.
2024-06-24 16:17:48.934 +03:00 [INF] Changing the configuration.
2024-06-24 16:17:49.042 +03:00 [INF] Changing the configuration.
2024-06-24 16:17:49.149 +03:00 [INF] Changing the configuration.
2024-06-24 16:17:49.258 +03:00 [INF] Changing the configuration.
2024-06-24 16:17:49.365 +03:00 [INF] Changing the configuration.
2024-06-24 16:17:49.472 +03:00 [INF] Changing the configuration.
2024-06-24 16:17:49.580 +03:00 [INF] Changing the configuration.
2024-06-24 16:17:49.686 +03:00 [INF] Changing the configuration.
2024-06-24 16:17:49.794 +03:00 [INF] Changing the configuration.
2024-06-24 16:17:49.903 +03:00 [INF] Changing the configuration.
2024-06-24 16:17:50.013 +03:00 [INF] Changing the configuration.
2024-06-24 16:17:50.121 +03:00 [INF] Changing the configuration.
2024-06-24 16:17:50.230 +03:00 [INF] Changing the configuration.
2024-06-24 16:17:50.338 +03:00 [INF] Changing the configuration.
2024-06-24 16:17:50.446 +03:00 [INF] Changing the configuration.
2024-06-24 16:17:50.554 +03:00 [INF] Changing the configuration.
2024-06-24 16:17:50.661 +03:00 [INF] Changing the configuration.
2024-06-24 16:17:50.769 +03:00 [INF] Changing the configuration.
2024-06-24 16:17:50.878 +03:00 [INF] Changing the configuration.
2024-06-24 16:17:50.986 +03:00 [INF] Changing the configuration.
2024-06-24 16:17:51.094 +03:00 [INF] Changing the configuration.
2024-06-24 16:17:51.203 +03:00 [INF] Changing the configuration.
2024-06-24 16:17:51.311 +03:00 [INF] Changing the configuration.
2024-06-24 16:17:51.420 +03:00 [INF] Changing the configuration.
2024-06-24 16:17:51.527 +03:00 [INF] Changing the configuration.
2024-06-24 16:17:51.635 +03:00 [INF] Changing the configuration.
2024-06-24 16:17:51.743 +03:00 [INF] Changing the configuration.
2024-06-24 16:17:51.853 +03:00 [INF] Changing the configuration.
2024-06-24 16:17:51.959 +03:00 [INF] Changing the configuration.
2024-06-24 16:17:52.069 +03:00 [INF] Changing the configuration.
2024-06-24 16:17:52.178 +03:00 [INF] Changing the configuration.
2024-06-24 16:17:52.287 +03:00 [INF] Changing the configuration.
2024-06-24 16:17:52.396 +03:00 [INF] Changing the configuration.
2024-06-24 16:17:52.503 +03:00 [INF] Changing the configuration.
2024-06-24 16:17:52.613 +03:00 [INF] Changing the configuration.
2024-06-24 16:17:52.722 +03:00 [INF] Changing the configuration.
2024-06-24 16:17:52.830 +03:00 [INF] Changing the configuration.
2024-06-24 16:17:52.938 +03:00 [INF] Changing the configuration.
2024-06-24 16:17:53.045 +03:00 [INF] Changing the configuration.
2024-06-24 16:17:53.153 +03:00 [INF] Changing the configuration.
2024-06-24 16:17:53.262 +03:00 [INF] Changing the configuration.
2024-06-24 16:17:53.369 +03:00 [INF] Changing the configuration.
2024-06-24 16:17:53.478 +03:00 [INF] Changing the configuration.
2024-06-24 16:17:53.585 +03:00 [INF] Changing the configuration.
2024-06-24 16:17:53.692 +03:00 [INF] Changing the configuration.
2024-06-24 16:17:53.800 +03:00 [INF] Changing the configuration.
2024-06-24 16:17:53.908 +03:00 [INF] Changing the configuration.
2024-06-24 16:17:54.018 +03:00 [INF] Changing the configuration.
2024-06-24 16:17:54.126 +03:00 [INF] Changing the configuration.
2024-06-24 16:17:54.234 +03:00 [INF] Changing the configuration.
2024-06-24 16:17:54.343 +03:00 [INF] Changing the configuration.
2024-06-24 16:17:54.451 +03:00 [INF] Changing the configuration.
2024-06-24 16:18:09.737 +03:00 [INF] The provided configuration is used.
2024-06-24 16:19:47.830 +03:00 [INF] The provided configuration is used.
2024-06-24 16:22:12.331 +03:00 [INF] The provided configuration is used.
2024-06-24 16:22:29.396 +03:00 [INF] New connection: svZl_AXRzGtfqOEmz_1-sA
2024-06-24 16:42:23.575 +03:00 [INF] The provided configuration is used.
2024-06-24 16:43:28.705 +03:00 [INF] The provided configuration is used.
2024-06-24 16:44:07.928 +03:00 [INF] New connection: D8x3iO1yjSOW5s6R6NycDw
2024-06-24 16:46:00.456 +03:00 [INF] The provided configuration is used.
2024-06-24 16:46:14.614 +03:00 [INF] New connection: kVsOVCPJuHi_KstvG-fW5Q
2024-06-24 16:53:18.786 +03:00 [INF] The provided configuration is used.
2024-06-24 16:53:34.166 +03:00 [INF] New connection: lqjsVteLPMhTcNt4-SPgow
2024-06-24 16:55:30.049 +03:00 [INF] The provided configuration is used.
2024-06-24 16:55:42.239 +03:00 [INF] New connection: QkngKbbhp9SIGUzaY7tRLA
2024-06-24 16:59:36.225 +03:00 [INF] The provided configuration is used.
2024-06-24 16:59:48.116 +03:00 [INF] New connection: 4_ZUeLHXOKjP7LdWh2dcdg
2024-06-24 17:00:47.934 +03:00 [INF] The provided configuration is used.
2024-06-24 17:01:01.475 +03:00 [INF] New connection: RL-dKtWsxLtAUzrSErseQA
2024-06-24 17:02:01.418 +03:00 [INF] Disconnecting: RL-dKtWsxLtAUzrSErseQA
2024-06-24 17:02:50.499 +03:00 [INF] The provided configuration is used.
2024-06-24 17:03:06.022 +03:00 [INF] New connection: EEcRn-8ssDakE3NrThW2FA
2024-06-24 17:03:54.484 +03:00 [INF] Disconnecting: EEcRn-8ssDakE3NrThW2FA
2024-06-24 17:08:01.001 +03:00 [INF] The provided configuration is used.
2024-06-24 17:08:13.719 +03:00 [INF] New connection: XEsdrsRwJLRwFdnnqwj1EA
2024-06-24 17:09:16.799 +03:00 [INF] The provided configuration is used.
2024-06-24 17:09:32.366 +03:00 [INF] New connection: Tf-zIuOBU49jRCzK8pFDFg
2024-06-24 17:09:53.415 +03:00 [INF] Disconnecting: Tf-zIuOBU49jRCzK8pFDFg
2024-06-24 17:25:16.807 +03:00 [INF] The provided configuration is used.
2024-06-24 17:25:30.334 +03:00 [INF] New connection: TIG8bUud1tOt_19Fo7RLng
2024-06-24 18:04:33.346 +03:00 [INF] The provided configuration is used.
2024-06-24 18:04:47.106 +03:00 [INF] New connection: MJj6rm6joB0Hsgj4YWOmkQ
2024-06-24 18:05:51.506 +03:00 [INF] The provided configuration is used.
2024-06-24 18:05:57.052 +03:00 [INF] New connection: 6oOcFFR8fUpxz_O8rCkdWQ
2024-06-24 18:07:38.174 +03:00 [INF] The provided configuration is used.
2024-06-24 18:07:57.477 +03:00 [INF] New connection: OW_2slsIMU18lCML2SS0aQ
2024-06-24 18:10:25.771 +03:00 [INF] The provided configuration is used.
2024-06-24 18:10:55.398 +03:00 [INF] New connection: tvDCNnTy9Bav40ZwGzl9cA
2024-06-24 18:19:34.419 +03:00 [INF] The provided configuration is used.
2024-06-24 18:20:05.349 +03:00 [INF] New connection: mtoq1d1cvrt2mHpU071U5A
2024-06-24 18:21:24.643 +03:00 [INF] The provided configuration is used.
2024-06-24 18:21:29.878 +03:00 [INF] New connection: oAEtKjfqpOhdrkQz375wBA
2024-06-24 18:21:53.975 +03:00 [INF] Disconnecting: oAEtKjfqpOhdrkQz375wBA
