2024-06-25 11:34:30.637 +03:00 [INF] The provided configuration is used.
2024-06-25 11:40:32.180 +03:00 [INF] The provided configuration is used.
2024-06-25 13:13:54.792 +03:00 [INF] The provided configuration is used.
2024-06-25 13:16:02.473 +03:00 [INF] The provided configuration is used.
2024-06-25 13:19:55.953 +03:00 [INF] The provided configuration is used.
2024-06-25 13:23:34.345 +03:00 [INF] The provided configuration is used.
2024-06-25 13:24:03.056 +03:00 [INF] New connection: e6kXDGP0lcpeFzN_xBXNQw
2024-06-25 13:52:46.872 +03:00 [INF] The provided configuration is used.
2024-06-25 14:48:22.150 +03:00 [INF] The provided configuration is used.
2024-06-25 14:48:31.333 +03:00 [INF] New connection: FF6rYvy3vKLsvPcSWCeyrQ
2024-06-25 14:48:31.535 +03:00 [INF] Disconnecting: FF6rYvy3vKLsvPcSWCeyrQ
2024-06-25 14:48:58.156 +03:00 [INF] New connection: 2sAaJe2wwBXXwjmPc9iTlg
2024-06-25 14:48:58.699 +03:00 [INF] Disconnecting: 2sAaJe2wwBXXwjmPc9iTlg
2024-06-25 14:49:57.241 +03:00 [INF] New connection: iyeHJ2tz4GWANO6oUhVTYg
2024-06-25 14:49:57.612 +03:00 [INF] Disconnecting: iyeHJ2tz4GWANO6oUhVTYg
2024-06-25 14:52:42.883 +03:00 [INF] The provided configuration is used.
2024-06-25 14:52:49.394 +03:00 [INF] New connection: iP9R6l6spnUWgfpE9qyukQ
2024-06-25 14:53:11.778 +03:00 [INF] Disconnecting: iP9R6l6spnUWgfpE9qyukQ
2024-06-25 15:22:07.592 +03:00 [INF] The provided configuration is used.
2024-06-25 15:33:19.640 +03:00 [INF] The provided configuration is used.
2024-06-25 15:34:27.094 +03:00 [INF] The provided configuration is used.
2024-06-25 15:40:13.921 +03:00 [INF] The provided configuration is used.
2024-06-25 15:44:21.982 +03:00 [INF] The provided configuration is used.
2024-06-25 16:28:09.418 +03:00 [INF] The provided configuration is used.
2024-06-25 16:30:39.710 +03:00 [INF] The provided configuration is used.
2024-06-25 16:31:07.393 +03:00 [INF] The provided configuration is used.
2024-06-25 16:33:36.964 +03:00 [INF] The provided configuration is used.
2024-06-25 16:35:12.963 +03:00 [INF] The provided configuration is used.
2024-06-25 16:36:33.520 +03:00 [INF] The provided configuration is used.
2024-06-25 16:37:35.654 +03:00 [INF] The provided configuration is used.
2024-06-25 16:40:12.110 +03:00 [INF] The provided configuration is used.
2024-06-25 16:41:29.530 +03:00 [INF] The provided configuration is used.
2024-06-25 16:41:55.390 +03:00 [INF] New connection: CGGN5uvGg5sB1Ur4Rid4Tg
2024-06-25 16:42:05.934 +03:00 [INF] Disconnecting: CGGN5uvGg5sB1Ur4Rid4Tg
2024-06-25 16:49:10.275 +03:00 [INF] The provided configuration is used.
2024-06-25 16:49:18.106 +03:00 [INF] New connection: ErVmkBMGHLzYpuu1hFnSyw
2024-06-25 16:50:01.254 +03:00 [INF] The provided configuration is used.
2024-06-25 16:50:20.518 +03:00 [INF] New connection: YcTjRDqyHAgFB4EBa84fbQ
2024-06-25 16:50:20.683 +03:00 [INF] Disconnecting: YcTjRDqyHAgFB4EBa84fbQ
2024-06-25 16:51:21.031 +03:00 [INF] The provided configuration is used.
2024-06-25 16:51:25.470 +03:00 [INF] New connection: 5Rn_wNBE61pz3U7F_Gaz4A
2024-06-25 16:51:46.086 +03:00 [INF] Disconnecting: 5Rn_wNBE61pz3U7F_Gaz4A
2024-06-25 16:53:01.637 +03:00 [INF] The provided configuration is used.
2024-06-25 17:18:03.811 +03:00 [INF] The provided configuration is used.
2024-06-25 17:19:12.366 +03:00 [INF] The provided configuration is used.
2024-06-25 17:20:36.723 +03:00 [INF] The provided configuration is used.
2024-06-25 17:23:27.524 +03:00 [INF] The provided configuration is used.
2024-06-25 17:25:10.406 +03:00 [INF] The provided configuration is used.
2024-06-25 17:27:06.109 +03:00 [INF] The provided configuration is used.
2024-06-25 17:27:53.196 +03:00 [INF] The provided configuration is used.
2024-06-25 17:31:22.550 +03:00 [INF] The provided configuration is used.
2024-06-25 17:43:13.931 +03:00 [INF] The provided configuration is used.
2024-06-25 17:45:25.331 +03:00 [INF] The provided configuration is used.
2024-06-25 17:45:49.742 +03:00 [INF] The provided configuration is used.
2024-06-25 17:48:58.326 +03:00 [INF] The provided configuration is used.
2024-06-25 17:50:18.375 +03:00 [INF] The provided configuration is used.
2024-06-25 17:50:55.665 +03:00 [INF] The provided configuration is used.
2024-06-25 17:57:01.658 +03:00 [INF] The provided configuration is used.
2024-06-25 17:57:30.203 +03:00 [INF] The provided configuration is used.
2024-06-25 17:59:31.086 +03:00 [INF] The provided configuration is used.
2024-06-25 17:59:55.963 +03:00 [INF] The provided configuration is used.
2024-06-25 18:00:32.594 +03:00 [INF] The provided configuration is used.
2024-06-25 18:00:53.301 +03:00 [INF] The provided configuration is used.
2024-06-25 18:01:25.280 +03:00 [INF] The provided configuration is used.
2024-06-25 18:03:29.043 +03:00 [INF] The provided configuration is used.
2024-06-25 18:08:39.157 +03:00 [INF] The provided configuration is used.
2024-06-25 18:08:59.062 +03:00 [INF] The provided configuration is used.
2024-06-25 18:10:30.851 +03:00 [INF] The provided configuration is used.
